<?xml version="1.0" encoding="UTF-8"?><TestSessionContainer xmlns="http://www.codecover.org/xml/testsession-container" Date="1416926693941" TestSessionContainerId="73b474ac-b467-4c22-b264-16f88afc7930" version="1.0">
<SrcFileList>
<SrcFile Content="package testing;&#13;&#10;&#13;&#10;import static org.junit.Assert.*;&#13;&#10;import static org.mockito.Mockito.mock;&#13;&#10;&#13;&#10;import java.io.ByteArrayInputStream;&#13;&#10;import java.io.ByteArrayOutputStream;&#13;&#10;import java.io.PrintStream;&#13;&#10;import java.lang.reflect.Field;&#13;&#10;import java.lang.reflect.Method;&#13;&#10;import java.util.ArrayList;&#13;&#10;import java.util.List;&#13;&#10;import java.util.Scanner;&#13;&#10;&#13;&#10;import org.junit.Assert;&#13;&#10;import org.junit.Before;&#13;&#10;import org.junit.Test;&#13;&#10;&#13;&#10;import static org.mockito.Mockito.*;&#13;&#10;import calculator.Calculator;&#13;&#10;import calculator.CalculatorManager;&#13;&#10;import calculator.SaveManager;&#13;&#10;&#13;&#10;public class TestUnitTestCase &#13;&#10;{&#13;&#10;&#9;private Calculator c;&#13;&#10;&#9;private CalculatorManager calcMngr;&#13;&#10;&#9;private ByteArrayOutputStream outContent;&#13;&#10;&#9;&#13;&#10;&#9;// Reflection&#13;&#10;&#9;private Method m;&#13;&#10;    private Class[] parameterTypes;&#13;&#10;    private Object[] parameters;&#13;&#10;&#13;&#10;&#9;@Before&#13;&#10;&#9;public void initiate() throws Exception&#13;&#10;&#9;{&#13;&#10;&#9;&#9;c = new Calculator();&#13;&#10;&#9;&#9;calcMngr = new CalculatorManager(new SaveManager(),&quot;results.benja&quot;, new Scanner(System.in));&#13;&#10;&#9;&#9;outContent = new ByteArrayOutputStream();&#13;&#10;&#9;&#9;System.setOut(new PrintStream(outContent));&#13;&#10;&#9;}&#13;&#10;&#9;&#13;&#10;&#9;// Testar Calculator-klassen&#13;&#10;&#9;// rj222dq&#13;&#10;&#9;@Test &#13;&#10;&#9;public void shouldCreateInstance()&#13;&#10;&#9;{&#13;&#10;&#9;&#9;assertTrue(c instanceof Calculator);&#13;&#10;&#9;}&#13;&#10;&#13;&#10;&#9;// rj222dq Boundry&#13;&#10;&#9;@Test (expected=Exception.class)&#13;&#10;&#9;public void overloadAdd() throws Exception&#13;&#10;&#9;{ &#13;&#10;&#9;&#9;c.add(Double.MAX_VALUE, Double.MAX_VALUE);&#13;&#10;&#9;}&#13;&#10;&#9;&#13;&#10;&#9;// rj222dq Equivalence Partitioning&#13;&#10;&#9;@Test &#13;&#10;&#9;public void addnumbers() throws Exception&#13;&#10;&#9;{&#13;&#10;&#9;&#9;assertEquals(4.50, c.add(2.25, 2.25), 0); &#13;&#10;&#9;&#9;assertEquals(10.25, c.add(5.125, 5.125), 0); &#13;&#10;&#9;&#9;assertEquals(10.5, c.add(5, 5.5), 0);&#13;&#10;&#9;&#9;assertEquals(-10, c.add(-5, -5), 0);&#13;&#10;&#9;}&#13;&#10;&#9;&#13;&#10;&#9;// rj222dq&#13;&#10;&#9;@Test (expected=Error.class)&#13;&#10;&#9;public void overloadSubtract()&#13;&#10;&#9;{&#13;&#10;&#9;&#9;Assert.assertEquals(true, c.divide(2, 9));&#13;&#10;&#9;}&#13;&#10;&#9;&#13;&#10;&#9;// rj222dq Equivalence Partitioning&#13;&#10;&#9;@Test&#13;&#10;&#9;public void DivideTest()&#13;&#10;&#9;{&#13;&#10;&#9;&#9;Assert.assertEquals(-6, -6, c.divide(-36,6));&#13;&#10;&#9;&#9;Assert.assertEquals(6, 6, c.divide(36,6));&#13;&#10;&#9;&#9;Assert.assertEquals(12, 12, c.divide(120,10));&#13;&#10;&#9;&#9;Assert.assertEquals(5, 5, c.divide(0, 5));&#13;&#10;&#9;}&#13;&#10;&#9;&#13;&#10;&#9;// rj222dq&#13;&#10;&#9;@Test (expected=Exception.class)&#13;&#10;&#9;public void divideDeminatorZero() throws Exception&#13;&#10;&#9;{&#13;&#10;&#9;&#9;c.divide(2, 0);&#13;&#10;&#9;}&#13;&#10;&#13;&#10;&#9;// rj222dq&#13;&#10;&#9;@Test&#13;&#10;&#9;public void pyth()&#13;&#10;&#9;{&#13;&#10;&#9;&#9;Assert.assertEquals(5, c.pyth(3, 4), 0);&#13;&#10;&#9;}&#13;&#10;&#9;&#13;&#10;&#9;// rj222dq&#13;&#10;&#9;@Test (expected=RuntimeException.class)&#13;&#10;&#9;public void pythExeception()&#13;&#10;&#9;{&#13;&#10;&#9;&#9;Assert.assertEquals(5, c.pyth(Double.MAX_VALUE +2, 4), 0);&#13;&#10;&#9;}&#13;&#10;&#9;&#13;&#10;&#9;//js222xt Equivalence Partitioning&#13;&#10;&#9;@Test&#13;&#10;&#9;public void shouldMultiply(){&#13;&#10;&#9;&#9;double delta = 0;&#13;&#10;&#9;&#9;assertEquals(10.0, c.multiply(2.0,5.0), delta);&#13;&#10;&#9;&#9;assertEquals(-10.0, c.multiply(2.0,-5.0), delta);&#13;&#10;&#9;&#9;assertEquals(0.0, c.multiply(-2.0,0.0), delta);&#13;&#10;&#9;}&#13;&#10;&#9;&#13;&#10;&#9;//js222xt Boundry&#13;&#10;&#9;@Test(expected = RuntimeException.class)&#13;&#10;&#9;public void shouldThrowExceptionMultiply(){&#13;&#10;&#9;&#9;c.multiply(Double.MAX_VALUE,5.0);&#13;&#10;&#9;}&#13;&#10;&#9;&#13;&#10;&#9;//js222xt&#13;&#10;&#9;@Test&#13;&#10;&#9;public void shouldSubstractPositive(){&#13;&#10;&#9;&#9;double delta = 0;&#13;&#10;&#9;&#9;assertEquals(10.0, c.sub(15.0,5.0), delta);&#13;&#10;&#9;}&#13;&#10;&#9;&#13;&#10;&#9;//js222xt&#13;&#10;&#9;@Test&#13;&#10;&#9;public void shouldSubstractNegative(){&#13;&#10;&#9;&#9;double delta = 0;&#13;&#10;&#9;&#9;assertEquals(-10.0, c.sub(0.0,10.0), delta);&#13;&#10;&#9;}&#13;&#10;&#9;&#13;&#10;&#9;//js222xt Boundry&#13;&#10;&#9;@Test(expected = RuntimeException.class)&#13;&#10;&#9;public void shouldThrowExceptionSub(){&#13;&#10;&#9;&#9;c.sub(Double.MIN_VALUE,Double.NEGATIVE_INFINITY);&#13;&#10;&#9;}&#13;&#10;&#9;&#13;&#10;&#9;&#13;&#10;&#9;// Testar CalculatorManager-klassen&#13;&#10;&#9;&#13;&#10;&#9;@Test&#13;&#10;&#9;public void testSaveResult() throws Exception&#13;&#10;&#9;{&#13;&#10;&#9;&#9;// reflection&#13;&#10;&#9;&#9;parameterTypes = new Class[1];&#13;&#10;        parameterTypes[0] = java.lang.String.class;&#13;&#10;        m = calcMngr.getClass().getDeclaredMethod(&quot;saveResult&quot;, parameterTypes);&#13;&#10;        m.setAccessible(true);&#13;&#10;        parameters = new Object[1];&#13;&#10;        &#13;&#10;&#9;&#9;parameters[0] = &quot;test&quot;;&#13;&#10;        m.invoke(calcMngr, parameters);  &#13;&#10;&#9;}&#13;&#10;&#9;&#13;&#10;&#9;@Test&#13;&#10;&#9;public void testSaveResultException() throws Exception&#13;&#10;&#9;{ &#13;&#10;        CalculatorManager calcMngrErrorObj = new CalculatorManager(new SaveManager(),&quot;Â¤%&amp;/error&quot;, new Scanner(System.in));&#13;&#10;        Field privateStringField = CalculatorManager.class.getDeclaredField(&quot;filename&quot;);&#13;&#10;        privateStringField.setAccessible(true);&#13;&#10;        String fieldValue = (String) privateStringField.get(calcMngrErrorObj);&#13;&#10;        &#13;&#10;&#9;&#9;// reflection&#13;&#10;&#9;&#9;parameterTypes = new Class[1];&#13;&#10;        parameterTypes[0] = java.lang.String.class;&#13;&#10;        m = calcMngr.getClass().getDeclaredMethod(&quot;saveResult&quot;, parameterTypes);&#13;&#10;        m.setAccessible(true);&#13;&#10;        parameters = new Object[1];&#13;&#10;        &#13;&#10;&#9;&#9;parameters[0] = &quot;test&quot;;&#13;&#10;        m.invoke(calcMngr, parameters);  &#13;&#10;&#9;}&#13;&#10;&#9;&#13;&#10;&#9;@Test&#13;&#10;&#9;public void testGetDoubleValidNumber() throws Exception&#13;&#10;&#9;{&#13;&#10;&#9;&#9;// reflection &#13;&#10;        System.setIn(new ByteArrayInputStream(&quot;5&quot;.getBytes()));&#13;&#10;&#9;&#9;calcMngr = new CalculatorManager(new SaveManager(),&quot;results.benja&quot;, new Scanner(System.in));&#13;&#10;        m = calcMngr.getClass().getDeclaredMethod(&quot;getDouble&quot;);&#13;&#10;        m.setAccessible(true); &#13;&#10;&#9;&#9;m.invoke(calcMngr);&#9;&#9;&#13;&#10;&#9;}&#13;&#10;&#9;&#13;&#10;&#9;@Test (expected=Exception.class)&#13;&#10;&#9;public void testGetDoubleInvalidNumber() throws Exception&#13;&#10;&#9;{&#13;&#10;&#9;&#9;// reflection &#13;&#10;        System.setIn(new ByteArrayInputStream(&quot;kuljul&quot;.getBytes()));&#13;&#10;&#9;&#9;calcMngr = new CalculatorManager(new SaveManager(),&quot;results.benja&quot;, new Scanner(System.in));&#13;&#10;        m = calcMngr.getClass().getDeclaredMethod(&quot;getDouble&quot;);&#13;&#10;        m.setAccessible(true); &#13;&#10;&#9;&#9;m.invoke(calcMngr);&#9;&#9;&#13;&#10;&#9;}&#13;&#10;&#9;&#13;&#10;&#9;/*&#13;&#10;&#9; * &#13;&#10;&#9; * &#13;&#10;&#9;@Test&#13;&#10;&#9;public void testStart()&#13;&#10;&#9;{&#13;&#10;        System.setIn(new ByteArrayInputStream(&quot;5&quot;.getBytes()));&#13;&#10;&#9;&#9;calcMngr = new CalculatorManager(new SaveManager(),&quot;results.benja&quot;, new Scanner(System.in));&#13;&#10;&#9;&#9;calcMngr.start();&#13;&#10;&#9;}&#13;&#10;&#9;*/&#13;&#10;&#9;&#13;&#10;&#9;@Test&#13;&#10;&#9;public void testPrintInfo() throws Exception&#13;&#10;&#9;{&#13;&#10;&#9;&#9;// reflection &#13;&#10;        m = calcMngr.getClass().getDeclaredMethod(&quot;printInfo&quot;);&#13;&#10;        m.setAccessible(true); &#13;&#10;&#9;&#9;m.invoke(calcMngr);&#9;&#9;&#13;&#10;&#9;}&#13;&#10;&#9;&#13;&#10;&#9;&#13;&#10;&#9;@Test &#13;&#10;&#9;public void testCalculateException()&#13;&#10;&#9;{&#13;&#10;&#9;&#9;calcMngr.calculate(&quot;jjkkj&quot;);&#13;&#10;&#9;}&#13;&#10;&#9;&#13;&#10;&#9;@Test &#13;&#10;&#9;public void testCalculateDivide() throws Exception&#13;&#10;&#9;{&#13;&#10;&#9;&#9;Field num1 = calcMngr.getClass().getDeclaredField(&quot;num1&quot;);&#13;&#10;&#9;&#9;num1.setAccessible(true);&#13;&#10;&#9;&#9;num1.set(calcMngr, 2);&#13;&#10;&#9;&#9;Field num2 = calcMngr.getClass().getDeclaredField(&quot;num2&quot;);&#13;&#10;&#9;&#9;num2.setAccessible(true);&#13;&#10;&#9;&#9;num2.set(calcMngr, 2);&#13;&#10;&#9;&#9;double result = (double) calcMngr.calculate(&quot;divide&quot;);&#13;&#10;&#9;&#9;assertEquals(1, result, 0);&#13;&#10;&#9;}&#13;&#10;&#9;&#13;&#10;&#9;@Test &#13;&#10;&#9;public void testCalculateMultiply() throws Exception&#13;&#10;&#9;{&#13;&#10;&#9;&#9;Field num1 = calcMngr.getClass().getDeclaredField(&quot;num1&quot;);&#13;&#10;&#9;&#9;num1.setAccessible(true);&#13;&#10;&#9;&#9;num1.set(calcMngr, 2);&#13;&#10;&#9;&#9;Field num2 = calcMngr.getClass().getDeclaredField(&quot;num2&quot;);&#13;&#10;&#9;&#9;num2.setAccessible(true);&#13;&#10;&#9;&#9;num2.set(calcMngr, 2);&#13;&#10;&#9;&#9;double result = (double) calcMngr.calculate(&quot;multiply&quot;);&#13;&#10;&#9;&#9;assertEquals(4, result, 0);&#13;&#10;&#9;}&#13;&#10;&#9;&#13;&#10;&#9;@Test &#13;&#10;&#9;public void testCalculateAdd() throws Exception&#13;&#10;&#9;{&#13;&#10;&#9;&#9;Field num1 = calcMngr.getClass().getDeclaredField(&quot;num1&quot;);&#13;&#10;&#9;&#9;num1.setAccessible(true);&#13;&#10;&#9;&#9;num1.set(calcMngr, 2);&#13;&#10;&#9;&#9;Field num2 = calcMngr.getClass().getDeclaredField(&quot;num2&quot;);&#13;&#10;&#9;&#9;num2.setAccessible(true);&#13;&#10;&#9;&#9;num2.set(calcMngr, 2);&#13;&#10;&#9;&#9;double result = (double) calcMngr.calculate(&quot;add&quot;);&#13;&#10;&#9;&#9;assertEquals(4, result, 0);&#13;&#10;&#9;}&#13;&#10;&#9;&#13;&#10;&#9;@Test &#13;&#10;&#9;public void testCalculateSub() throws Exception&#13;&#10;&#9;{&#13;&#10;&#9;&#9;Field num1 = calcMngr.getClass().getDeclaredField(&quot;num1&quot;);&#13;&#10;&#9;&#9;num1.setAccessible(true);&#13;&#10;&#9;&#9;num1.set(calcMngr, 2);&#13;&#10;&#9;&#9;Field num2 = calcMngr.getClass().getDeclaredField(&quot;num2&quot;);&#13;&#10;&#9;&#9;num2.setAccessible(true);&#13;&#10;&#9;&#9;num2.set(calcMngr, 2);&#13;&#10;&#9;&#9;double result = (double) calcMngr.calculate(&quot;sub&quot;);&#13;&#10;&#9;&#9;assertEquals(0, result, 0);&#13;&#10;&#9;}&#13;&#10;&#9;&#13;&#10;&#9;@Test &#13;&#10;&#9;public void testCalculatePyth() throws Exception&#13;&#10;&#9;{&#13;&#10;&#9;&#9;Field num1 = calcMngr.getClass().getDeclaredField(&quot;num1&quot;);&#13;&#10;&#9;&#9;num1.setAccessible(true);&#13;&#10;&#9;&#9;num1.set(calcMngr, 3);&#13;&#10;&#9;&#9;Field num2 = calcMngr.getClass().getDeclaredField(&quot;num2&quot;);&#13;&#10;&#9;&#9;num2.setAccessible(true);&#13;&#10;&#9;&#9;num2.set(calcMngr, 4);&#13;&#10;&#9;&#9;double result = (double) calcMngr.calculate(&quot;pyth&quot;);&#13;&#10;&#9;&#9;assertEquals(5, result, 0);&#13;&#10;&#9;}&#13;&#10;&#9;&#13;&#10;&#9;//js222xt, rj222dq&#13;&#10;&#9;@Test&#13;&#10;&#9;public void shouldTestMockingAdd()throws Exception{ &#13;&#10;&#9;&#9;SaveManager smMock = mock(SaveManager.class);&#13;&#10;&#9;&#9;CalculatorManager cm = new CalculatorManager(smMock, &quot;mock.mock&quot;, new Scanner(System.in));&#13;&#10;&#9;&#9;Field num1 = cm.getClass().getDeclaredField(&quot;num1&quot;);&#13;&#10;&#9;&#9;num1.setAccessible(true);&#13;&#10;&#9;&#9;num1.set(cm, 3);&#13;&#10;&#9;&#9;Field num2 = cm.getClass().getDeclaredField(&quot;num2&quot;);&#13;&#10;&#9;&#9;num2.setAccessible(true);&#13;&#10;&#9;&#9;num2.set(cm, 4);&#13;&#10;&#9;&#9;double result = (double) cm.calculate(&quot;add&quot;);&#13;&#10;&#9;&#9;List&lt;String&gt; results = new ArrayList&lt;String&gt;();&#13;&#10;&#9;&#9;when(smMock.readFromDisk(&quot;mock.mock&quot;)).thenReturn(results);&#13;&#10;&#9;&#9;verify(smMock).readFromDisk(&quot;mock.mock&quot;);&#13;&#10;&#9;&#9;String saveStr = &quot;Add: 3.0+4.0 = 7.0&quot;;&#13;&#10;&#9;&#9;results.add(saveStr);&#13;&#10;&#9;&#9;verify(smMock).saveToDisk(&quot;mock.mock&quot;, results);&#13;&#10;&#9;}&#13;&#10;&#9;&#13;&#10;&#9;@Test&#13;&#10;&#9;public void shouldTestMockingSub()throws Exception{ &#13;&#10;&#9;&#9;SaveManager smMock = mock(SaveManager.class);&#13;&#10;&#9;&#9;CalculatorManager cm = new CalculatorManager(smMock, &quot;mock.mock&quot;, new Scanner(System.in));&#13;&#10;&#9;&#9;Field num1 = cm.getClass().getDeclaredField(&quot;num1&quot;);&#13;&#10;&#9;&#9;num1.setAccessible(true);&#13;&#10;&#9;&#9;num1.set(cm, 3);&#13;&#10;&#9;&#9;Field num2 = cm.getClass().getDeclaredField(&quot;num2&quot;);&#13;&#10;&#9;&#9;num2.setAccessible(true);&#13;&#10;&#9;&#9;num2.set(cm, 4);&#13;&#10;&#9;&#9;double result = (double) cm.calculate(&quot;sub&quot;);&#13;&#10;&#9;&#9;List&lt;String&gt; results = new ArrayList&lt;String&gt;();&#13;&#10;&#9;&#9;when(smMock.readFromDisk(&quot;mock.mock&quot;)).thenReturn(results);&#13;&#10;&#9;&#9;verify(smMock).readFromDisk(&quot;mock.mock&quot;);&#13;&#10;&#9;&#9;String saveStr = &quot;Substraction: 3.0-4.0 = -1.0&quot;;&#13;&#10;&#9;&#9;results.add(saveStr);&#13;&#10;&#9;&#9;verify(smMock).saveToDisk(&quot;mock.mock&quot;, results);&#13;&#10;&#9;}&#13;&#10;&#9;&#13;&#10;&#9;@Test&#13;&#10;&#9;public void shouldTestMockingDivide()throws Exception{ &#13;&#10;&#9;&#9;SaveManager smMock = mock(SaveManager.class);&#13;&#10;&#9;&#9;CalculatorManager cm = new CalculatorManager(smMock, &quot;mock.mock&quot;, new Scanner(System.in));&#13;&#10;&#9;&#9;Field num1 = cm.getClass().getDeclaredField(&quot;num1&quot;);&#13;&#10;&#9;&#9;num1.setAccessible(true);&#13;&#10;&#9;&#9;num1.set(cm, 10);&#13;&#10;&#9;&#9;Field num2 = cm.getClass().getDeclaredField(&quot;num2&quot;);&#13;&#10;&#9;&#9;num2.setAccessible(true);&#13;&#10;&#9;&#9;num2.set(cm, 2);&#13;&#10;&#9;&#9;double result = (double) cm.calculate(&quot;divide&quot;);&#13;&#10;&#9;&#9;List&lt;String&gt; results = new ArrayList&lt;String&gt;();&#13;&#10;&#9;&#9;when(smMock.readFromDisk(&quot;mock.mock&quot;)).thenReturn(results);&#13;&#10;&#9;&#9;verify(smMock).readFromDisk(&quot;mock.mock&quot;);&#13;&#10;&#9;&#9;String saveStr = &quot;Divide: 10.0/2.0 = 5.0&quot;;&#13;&#10;&#9;&#9;results.add(saveStr);&#13;&#10;&#9;&#9;verify(smMock).saveToDisk(&quot;mock.mock&quot;, results);&#13;&#10;&#9;}&#13;&#10;&#9;&#13;&#10;&#9;@Test&#13;&#10;&#9;public void shouldTestMockingMultiply()throws Exception{ &#13;&#10;&#9;&#9;SaveManager smMock = mock(SaveManager.class);&#13;&#10;&#9;&#9;CalculatorManager cm = new CalculatorManager(smMock, &quot;mock.mock&quot;, new Scanner(System.in));&#13;&#10;&#9;&#9;Field num1 = cm.getClass().getDeclaredField(&quot;num1&quot;);&#13;&#10;&#9;&#9;num1.setAccessible(true);&#13;&#10;&#9;&#9;num1.set(cm, 10);&#13;&#10;&#9;&#9;Field num2 = cm.getClass().getDeclaredField(&quot;num2&quot;);&#13;&#10;&#9;&#9;num2.setAccessible(true);&#13;&#10;&#9;&#9;num2.set(cm, 2);&#13;&#10;&#9;&#9;double result = (double) cm.calculate(&quot;multiply&quot;);&#13;&#10;&#9;&#9;List&lt;String&gt; results = new ArrayList&lt;String&gt;();&#13;&#10;&#9;&#9;when(smMock.readFromDisk(&quot;mock.mock&quot;)).thenReturn(results);&#13;&#10;&#9;&#9;verify(smMock).readFromDisk(&quot;mock.mock&quot;);&#13;&#10;&#9;&#9;String saveStr = &quot;Multiply: 10.0*2.0 = 20.0&quot;;&#13;&#10;&#9;&#9;results.add(saveStr);&#13;&#10;&#9;&#9;verify(smMock).saveToDisk(&quot;mock.mock&quot;, results);&#13;&#10;&#9;}&#13;&#10;&#9;&#13;&#10;&#9;@Test&#13;&#10;&#9;public void shouldTestMockingPythagoras()throws Exception{ &#13;&#10;&#9;&#9;SaveManager smMock = mock(SaveManager.class);&#13;&#10;&#9;&#9;CalculatorManager cm = new CalculatorManager(smMock, &quot;mock.mock&quot;, new Scanner(System.in));&#13;&#10;&#9;&#9;Field num1 = cm.getClass().getDeclaredField(&quot;num1&quot;);&#13;&#10;&#9;&#9;num1.setAccessible(true);&#13;&#10;&#9;&#9;num1.set(cm, 3);&#13;&#10;&#9;&#9;Field num2 = cm.getClass().getDeclaredField(&quot;num2&quot;);&#13;&#10;&#9;&#9;num2.setAccessible(true);&#13;&#10;&#9;&#9;num2.set(cm, 4);&#13;&#10;&#9;&#9;double result = (double) cm.calculate(&quot;pyth&quot;);&#13;&#10;&#9;&#9;List&lt;String&gt; results = new ArrayList&lt;String&gt;();&#13;&#10;&#9;&#9;when(smMock.readFromDisk(&quot;mock.mock&quot;)).thenReturn(results);&#13;&#10;&#9;&#9;verify(smMock).readFromDisk(&quot;mock.mock&quot;);&#13;&#10;&#9;&#9;String saveStr = &quot;Pythagoras: 3.0 4.0 = 5.0&quot;;&#13;&#10;&#9;&#9;results.add(saveStr);&#13;&#10;&#9;&#9;verify(smMock).saveToDisk(&quot;mock.mock&quot;, results);&#13;&#10;&#9;}&#13;&#10;&#9;&#13;&#10;&#13;&#10;&#9; @Test&#13;&#10;&#9; public void shouldThrowSaveManagerError(){&#13;&#10;&#9;  SaveManager sm = new SaveManager();&#13;&#10;&#9;  CalculatorManager cm = new CalculatorManager(sm, &quot;&quot;, new Scanner(System.in));&#13;&#10;&#9;  cm.calculate(&quot;add&quot;);&#13;&#10;&#9;  assertTrue(outContent.toString().contains(&quot;Error: &quot;));&#13;&#10;&#9; }&#13;&#10;&#9;&#13;&#10;&#9; @Test&#13;&#10;&#9; public void testChoices() throws Exception&#13;&#10;&#9; {&#13;&#10;&#9;&#9;&#9;// reflection&#13;&#10;&#9;&#9;&#9;parameterTypes = new Class[1];&#13;&#10;&#9;        parameterTypes[0] = java.lang.integer.class;&#13;&#10;&#9;        m = calcMngr.getClass().getDeclaredMethod(&quot;choice&quot;, parameterTypes);&#13;&#10;&#9;        m.setAccessible(true);&#13;&#10;&#9;        parameters = new Object[1];&#13;&#10;&#9;&#9;&#9;parameters[0] = 1;&#13;&#10;&#9;&#9;&#9;m.invoke(calcMngr, parameters);&#9;&#9;&#13;&#10;&#9; }&#13;&#10;&#9; &#13;&#10;&#9;&#13;&#10;}&#13;&#10;" Filename="TestUnitTestCase.java" Intrnl_Id="1"/>
<SrcFile Content="package calculator;&#13;&#10;&#13;&#10;import java.io.FileInputStream;&#13;&#10;import java.io.FileOutputStream;&#13;&#10;import java.io.ObjectInputStream;&#13;&#10;import java.io.ObjectOutputStream;&#13;&#10;import java.util.ArrayList;&#13;&#10;import java.util.List;&#13;&#10;&#13;&#10;public class SaveManager {&#13;&#10;&#13;&#10;&#9;private List&lt;String&gt; results;&#13;&#10;&#9;&#13;&#10;&#9;public SaveManager(){&#13;&#10;&#9;&#9;results = new ArrayList&lt;String&gt;();&#13;&#10;&#9;}&#13;&#10;&#9;&#13;&#10;&#9;/**&#13;&#10;&#9; * LÃ¤s sparad data frÃ¥n fil.&#13;&#10;&#9; */&#13;&#10;&#9;public List&lt;String&gt; readFromDisk(String filename)&#13;&#10;&#9;{&#13;&#10;&#9;&#9;try &#13;&#10;&#9;&#9;{&#13;&#10;&#9;&#9;&#9;ObjectInputStream in = new ObjectInputStream(new FileInputStream(filename));&#13;&#10;&#9;&#9;&#9;results = (List&lt;String&gt;) in.readObject();&#13;&#10;&#9;&#9;    in.close();&#13;&#10;&#9;&#9;    return results;&#13;&#10;&#9;&#9;}&#13;&#10;&#9;    catch (Exception ex) &#13;&#10;&#9;    {&#13;&#10;&#9;&#9;&#9;System.out.println(&quot;Error: &quot; + ex.toString());&#13;&#10;&#9;&#9;}&#13;&#10;&#9;&#9;return results;&#13;&#10;&#9;}&#13;&#10;&#9;&#13;&#10;&#9;/**&#13;&#10;&#9; * Spara listan med information till fil.&#13;&#10;&#9; */&#13;&#10;&#9;public void saveToDisk(String filename, List&lt;String&gt; results)&#13;&#10;&#9;{&#13;&#10;&#9;&#9;try &#13;&#10;&#9;&#9;{&#13;&#10;&#9;&#9;&#9;ObjectOutputStream out = new ObjectOutputStream(new FileOutputStream(filename));&#13;&#10;&#9;&#9;    out.writeObject(results);&#13;&#10;&#9;&#9;    out.close();&#13;&#10;&#9;&#9;} &#13;&#10;&#9;&#9;catch (Exception ex) &#13;&#10;&#9;&#9;{&#13;&#10;&#9;&#9;&#9;System.out.println(&quot;Error: &quot; + ex.toString());&#13;&#10;&#9;&#9;}&#13;&#10;&#9;}&#13;&#10;&#9;&#13;&#10;}&#13;&#10;" Filename="SaveManager.java" Intrnl_Id="2"/>
<SrcFile Content="package calculator;&#13;&#10;&#13;&#10;import java.io.FileInputStream; &#13;&#10;import java.io.FileOutputStream;&#13;&#10;import java.io.ObjectInputStream;&#13;&#10;import java.io.ObjectOutputStream;&#13;&#10;import java.util.ArrayList;&#13;&#10;import java.util.List;&#13;&#10;import java.util.Scanner;&#13;&#10;&#13;&#10;import calculator.*;&#13;&#10;&#13;&#10;/**&#13;&#10; * Syftet med klassen Ã¤r att hantera &quot;Calculator&quot;-klassen.&#13;&#10; * @author rj222dq&#13;&#10; *&#13;&#10; */&#13;&#10;public class CalculatorManager &#13;&#10;{&#13;&#10;&#9;private Calculator calc;&#13;&#10;&#9;private double num1, num2;&#13;&#10;&#9;private List&lt;String&gt; results;&#13;&#10;&#9;private SaveManager sm;&#13;&#10;&#9;private String filename;&#13;&#10;&#9;private Scanner scanner;&#13;&#10;&#9;&#13;&#10;&#9;/**&#13;&#10;&#9; * Konstruktor&#13;&#10;&#9; */&#13;&#10;&#9;public CalculatorManager(SaveManager sm, String filename, Scanner scanner)&#13;&#10;&#9;{&#13;&#10;&#9;&#9;this.scanner = scanner;&#13;&#10;&#9;&#9;this.sm = sm;&#13;&#10;&#9;&#9;this.filename = filename;&#13;&#10;&#9;&#9;calc = new Calculator();&#13;&#10;&#9;&#9;num1 = 0;&#13;&#10;&#9;&#9;num2 = 0;&#13;&#10;&#9;&#9;results = this.sm.readFromDisk(this.filename);&#13;&#10;&#9;}&#13;&#10;&#9;&#13;&#10;&#9;/**&#13;&#10;&#9; * Spara resultatet&#13;&#10;&#9; * @param saveStr Resultat att spara i form av en strÃ¤ng&#13;&#10;&#9; */&#13;&#10;&#9;private void saveResult(String saveStr)&#13;&#10;&#9;{&#13;&#10;&#9;&#9;// Skriver ut till anvÃ¤ndaren&#13;&#10;&#9;&#9;System.out.println(saveStr);&#13;&#10;&#9;&#9;// LÃ¤gger till strÃ¤ngen till listan&#13;&#10;&#9;&#9;results.add(saveStr);&#13;&#10;&#9;&#9;// Sparar strÃ¤ngen till fil&#13;&#10;&#9;&#9;this.sm.saveToDisk(this.filename, results);&#13;&#10;&#9;}&#13;&#10;&#9;&#13;&#10;&#13;&#10;&#9;&#13;&#10;&#9;&#13;&#10;&#9;/**&#13;&#10;&#9; * RÃ¤knar ut det anvÃ¤ndaren vill.&#13;&#10;&#9; * @param method StrÃ¤ng som innehÃ¥ller metodval.&#13;&#10;&#9; * @param num1 Nummer 1.&#13;&#10;&#9; * @param num2 Nummer 2.&#13;&#10;&#9; * @return Resultatet.&#13;&#10;&#9; */&#13;&#10;&#9;public double calculate(String method)&#13;&#10;&#9;{&#13;&#10;&#9;&#9;double result = 0;&#13;&#10;&#9;&#9;try&#13;&#10;&#9;&#9;{ &#13;&#10;&#9;&#9;&#9;if (method.equals(&quot;divide&quot;))&#13;&#10;&#9;&#9;&#9;{&#13;&#10;&#9;&#9;&#9;&#9;result = calc.divide(num1, num2);&#13;&#10;&#9;&#9;&#9;&#9;saveResult(&quot;Divide: &quot; + num1 + &quot;/&quot; + num2 +&quot; = &quot; + result);&#13;&#10;&#9;&#9;&#9;}&#13;&#10;&#9;&#9;&#9;else if (method.equals(&quot;multiply&quot;))&#13;&#10;&#9;&#9;&#9;{&#13;&#10;&#9;&#9;&#9;&#9;result = calc.multiply(num1, num2);&#13;&#10;&#9;&#9;&#9;&#9;saveResult(&quot;Multiply: &quot; + num1 + &quot;*&quot; + num2 +&quot; = &quot; + result);&#13;&#10;&#9;&#9;&#9;}&#13;&#10;&#9;&#9;&#9;else if (method.equals(&quot;add&quot;))&#13;&#10;&#9;&#9;&#9;{&#13;&#10;&#9;&#9;&#9;&#9;result = calc.add(num1, num2);&#13;&#10;&#9;&#9;&#9;&#9;saveResult(&quot;Add: &quot; + num1 + &quot;+&quot; + num2 +&quot; = &quot; + result);&#13;&#10;&#9;&#9;&#9;}&#13;&#10;&#9;&#9;&#9;else if (method.equals(&quot;sub&quot;))&#13;&#10;&#9;&#9;&#9;{&#13;&#10;&#9;&#9;&#9;&#9;result = calc.sub(num1, num2);&#13;&#10;&#9;&#9;&#9;&#9;saveResult(&quot;Substraction: &quot; + num1 + &quot;-&quot; + num2 +&quot; = &quot; + result);&#13;&#10;&#9;&#9;&#9;}&#13;&#10;&#9;&#9;&#9;else if (method.equals(&quot;pyth&quot;))&#13;&#10;&#9;&#9;&#9;{&#13;&#10;&#9;&#9;&#9;&#9;result = calc.pyth(num1, num2);&#13;&#10;&#9;&#9;&#9;&#9;saveResult(&quot;Pythagoras: &quot; + num1 + &quot; &quot; + num2 +&quot; = &quot; + result);&#13;&#10;&#9;&#9;&#9;}&#13;&#10;&#9;&#9;&#9;else&#13;&#10;&#9;&#9;&#9;{&#13;&#10;&#9;&#9;&#9;&#9;throw new RuntimeException(&quot;Error. No such method for calculate.&quot;);&#13;&#10;&#9;&#9;&#9;}&#13;&#10;&#9;&#9;}&#13;&#10;&#9;&#9;catch (Exception ex) &#13;&#10;&#9;&#9;{&#13;&#10;&#9;&#9;&#9;System.out.println(&quot;Error: &quot; + ex.toString());&#13;&#10;&#9;&#9;}&#13;&#10;&#9;&#9;return result;&#13;&#10;&#9;}&#13;&#10;&#9;&#13;&#10;&#9;/**&#13;&#10;&#9; * Skriver ut informationen till anvÃ¤ndaren&#13;&#10;&#9; */&#13;&#10;&#9;private void printInfo()&#13;&#10;&#9;{&#13;&#10;&#9;&#9;System.out.println(&quot;Calculator&quot;);&#13;&#10;&#9;&#9;System.out.println(&quot;1. Divide&quot;);&#13;&#10;&#9;&#9;System.out.println(&quot;2. Add&quot;);&#13;&#10;&#9;&#9;System.out.println(&quot;3. Substract&quot;);&#13;&#10;&#9;&#9;System.out.println(&quot;4. Multiply&quot;);&#13;&#10;&#9;&#9;System.out.println(&quot;5. Pythagoras quest&quot;);&#13;&#10;&#9;&#9;System.out.println(&quot;To quit press: Q&quot;);&#13;&#10;&#9;&#9;System.out.println(&quot;Previous results press: P&quot;);&#13;&#10;&#9;}&#13;&#10;&#9;&#13;&#10;&#9;&#13;&#10;&#9;public void start()&#13;&#10;&#9;{&#13;&#10;&#9;&#9;int choosen = 0;&#13;&#10;&#9;&#9;printInfo();&#13;&#10;&#9;&#9;String str = this.scanner.nextLine();&#13;&#10;&#9;&#9;&#13;&#10;&#9;&#9;if (str.toLowerCase().matches(&quot;p&quot;))&#13;&#10;&#9;&#9;{&#13;&#10;&#9;&#9;&#9;System.out.println(&quot;\nPrevious results:&quot;);&#13;&#10;&#9;&#9;&#9;for (String string : results) &#13;&#10;&#9;&#9;&#9;{&#13;&#10;&#9;&#9;&#9;&#9;System.out.println(string);&#13;&#10;&#9;&#9;&#9;}&#13;&#10;&#9;&#9;}&#13;&#10;&#9;&#9;else if (str.toLowerCase().matches(&quot;q&quot;))&#13;&#10;&#9;&#9;{&#13;&#10;&#9;&#9;&#9;return;&#13;&#10;&#9;&#9;}&#13;&#10;&#9;&#9;else &#13;&#10;&#9;&#9;{&#13;&#10;&#9;&#9;&#9;choosen = Integer.parseInt(str);&#13;&#10;&#9;&#9;&#9;&#9;&#13;&#10;&#9;&#9;}&#13;&#10;&#9;&#9;// LÃ¤ser in nummer frÃ¥n anvÃ¤ndaren&#13;&#10;&#9;&#9;System.out.print(&quot;\n&quot;+&quot;Enter first number:&quot;);&#13;&#10;&#9;&#9;num1 = getDouble();&#13;&#10;&#9;&#9;&#13;&#10;&#9;&#9;System.out.print(&quot;Enter second number:&quot;);&#13;&#10;&#9;&#9;num2 = getDouble(); &#13;&#10;&#9;&#9;// BestÃ¤mmer och aktiverar valet&#13;&#10;&#9;&#9;choice(choosen);&#13;&#10;&#9;}&#13;&#10;&#13;&#10;&#9;&#13;&#10;&#9;private double getDouble() {&#13;&#10;&#9;&#9;double p1 = 0;&#13;&#10;&#9;&#9;boolean isDouble = false;&#13;&#10;&#9;&#9;while(!isDouble){&#13;&#10;&#9;&#9;&#9;try{&#13;&#10;&#9;&#9;&#9;&#9;p1 = Double.valueOf(this.scanner.nextLine());&#13;&#10;&#9;&#9;&#9;&#9;isDouble = true;&#13;&#10;&#9;&#9;&#9;}&#13;&#10;&#9;&#9;&#9;catch(Exception e){&#13;&#10;&#9;&#9;&#9;&#9;p1 = 0;&#13;&#10;&#9;&#9;&#9;&#9;System.out.println(&quot;Not double, try again\n:&quot;);&#13;&#10;&#9;&#9;&#9;&#9;System.out.println(&quot;Error: &quot; + e.toString());&#13;&#10;&#9;&#9;&#9;}&#13;&#10;&#9;&#9;}&#13;&#10;&#9;&#9;return p1;&#13;&#10;&#9;}&#13;&#10;&#13;&#10;&#9;&#13;&#10;&#9;private void choice(Integer choice)&#13;&#10;&#9;{&#9;&#9;&#13;&#10;&#9;&#9;switch (choice) {&#13;&#10;&#9;&#9;case 1:&#13;&#10;&#9;&#9;&#9;calculate(&quot;divide&quot;);&#13;&#10;&#9;&#9;&#9;break;&#13;&#10;&#9;&#9;case 2:&#13;&#10;&#9;&#9;&#9;calculate(&quot;add&quot;);&#13;&#10;&#9;&#9;&#9;break;&#13;&#10;&#9;&#9;case 3:&#13;&#10;&#9;&#9;&#9;calculate(&quot;sub&quot;);&#13;&#10;&#9;&#9;&#9;break;&#13;&#10;&#9;&#9;case 4:&#9;&#9;&#9;&#13;&#10;&#9;&#9;&#9;calculate(&quot;multiply&quot;);&#13;&#10;&#9;&#9;&#9;break;&#13;&#10;&#9;&#9;case 5:&#9;&#13;&#10;&#9;&#9;&#9;calculate(&quot;pyth&quot;);&#13;&#10;&#9;&#9;&#9;break;&#13;&#10;&#9;&#9;}&#13;&#10;&#9;}&#13;&#10;&#9;&#13;&#10;&#9;/*&#13;&#10;&#9;public void start()&#13;&#10;&#9;{&#13;&#10;&#9;&#9;Scanner scanner = new Scanner(System.in);&#13;&#10;&#9;&#9;String quitS = &quot;Q&quot;;&#13;&#10;&#9;&#9;String preresult = &quot;P&quot;;&#13;&#10;&#9;&#9;boolean quit = false;&#13;&#10;&#9;&#9;while(!quit){&#13;&#10;&#9;&#9;&#9;System.out.print(&quot;\nCalculator. Choose\n1 = divide\n2 = add\n3 = substract\n4 = multiply\n&quot;&#13;&#10;&#9;&#9;&#9;&#9;&#9;+ &quot;5 = Pythagoras Guy Load \n'&quot;+ quitS+&quot;'to quit\n'&quot;+preresult+&quot;' &quot;&#13;&#10;&#9;&#9;&#9;&#9;&#9;&#9;&#9;+ &quot;to see previous results: &quot;);&#13;&#10;&#9;&#9;&#9;// LÃ¤ser in frÃ¥n anvÃ¤ndaren&#13;&#10;&#9;&#9;&#9;&#13;&#10;&#9;&#9;&#9;boolean isInt = false;&#13;&#10;&#9;&#9;&#9;int type = 0;&#13;&#10;&#9;&#9;&#9;while(!isInt){&#13;&#10;&#9;&#9;&#9;&#9;try{&#13;&#10;&#9;&#9;&#9;&#9;&#9;String s = scanner.nextLine();&#13;&#10;&#9;&#9;&#9;&#9;&#9;if(s.toUpperCase().matches(quitS)){&#13;&#10;&#9;&#9;&#9;&#9;&#9;&#9;quit = true;&#13;&#10;&#9;&#9;&#9;&#9;&#9;&#9;return;&#13;&#10;&#9;&#9;&#9;&#9;&#9;}&#13;&#10;&#9;&#9;&#9;&#9;&#9;else if(s.toUpperCase().matches(preresult)){&#13;&#10;&#9;&#9;&#9;&#9;&#9;&#9;System.out.println(&quot;\nPrevious results:&quot;);&#13;&#10;&#9;&#9;&#9;&#9;&#9;&#9;for (String string : results) {&#13;&#10;&#9;&#9;&#9;&#9;&#9;&#9;&#9;System.out.println(string);&#13;&#10;&#9;&#9;&#9;&#9;&#9;&#9;}&#13;&#10;&#9;&#9;&#9;&#9;&#9;&#9;System.out.println(&quot;Enter Choise\n:&quot;);&#13;&#10;&#9;&#9;&#9;&#9;&#9;}&#13;&#10;&#9;&#9;&#9;&#9;&#9;else{&#13;&#10;&#9;&#9;&#9;&#9;&#9;&#9;int chose = Integer.valueOf(s); &#13;&#10;&#9;&#9;&#9;&#9;&#9;&#9;if(chose == 1 || chose == 2 || chose == 3 || chose == 4 || chose == 5){&#13;&#10;&#9;&#9;&#9;&#9;&#9;&#9;&#9;type = chose;&#13;&#10;&#9;&#9;&#9;&#9;&#9;&#9;&#9;isInt = true;&#13;&#10;&#9;&#9;&#9;&#9;&#9;&#9;}&#13;&#10;&#9;&#9;&#9;&#9;&#9;&#9;else{&#13;&#10;&#9;&#9;&#9;&#9;&#9;&#9;&#9;throw new Exception();&#13;&#10;&#9;&#9;&#9;&#9;&#9;&#9;}&#13;&#10;&#9;&#9;&#9;&#9;&#9;}&#9;&#9;&#9;&#9;&#9;&#13;&#10;&#9;&#9;&#9;&#9;}&#13;&#10;&#9;&#9;&#9;&#9;catch(Exception e){&#13;&#10;&#9;&#9;&#9;&#9;&#9;System.out.println(&quot;Not in range, try again\n:&quot;);&#13;&#10;&#9;&#9;&#9;&#9;&#9;System.out.println(&quot;Error: &quot; + e.toString());&#13;&#10;&#9;&#9;&#9;&#9;}&#13;&#10;&#9;&#9;&#9;}&#13;&#10;&#9;&#9;&#9;// LÃ¤ser in nummer frÃ¥n anvÃ¤ndaren&#13;&#10;&#9;&#9;&#9;readNumbers(scanner); &#13;&#10;&#9;&#9;&#9;&#13;&#10;&#9;&#9;&#9;switch (type) {&#13;&#10;&#9;&#9;&#9;case 1:&#13;&#10;&#9;&#9;&#9;&#9;calculate(&quot;divide&quot;);&#13;&#10;&#9;&#9;&#9;&#9;break;&#13;&#10;&#9;&#9;&#9;case 2:&#13;&#10;&#9;&#9;&#9;&#9;calculate(&quot;add&quot;);&#13;&#10;&#9;&#9;&#9;&#9;break;&#13;&#10;&#9;&#9;&#9;case 3:&#13;&#10;&#9;&#9;&#9;&#9;calculate(&quot;sub&quot;);&#13;&#10;&#9;&#9;&#9;&#9;break;&#13;&#10;&#9;&#9;&#9;case 4:&#9;&#9;&#9;&#13;&#10;&#9;&#9;&#9;&#9;calculate(&quot;multiply&quot;);&#13;&#10;&#9;&#9;&#9;&#9;break;&#13;&#10;&#9;&#9;&#9;case 5:&#9;&#13;&#10;&#9;&#9;&#9;&#9;calculate(&quot;pyth&quot;);&#13;&#10;&#9;&#9;&#9;&#9;break;&#13;&#10;&#9;&#9;&#9;}&#13;&#10;&#9;&#9;}&#13;&#10;&#9;}&#13;&#10;&#9;*/&#13;&#10;&#13;&#10;&#9;&#13;&#10;&#13;&#10;&#13;&#10;}&#13;&#10;" Filename="CalculatorManager.java" Intrnl_Id="3"/>
<SrcFile Content="package calculator;&#13;&#10;&#13;&#10;import java.io.FileInputStream;&#13;&#10;import java.io.FileNotFoundException;&#13;&#10;import java.io.FileOutputStream;&#13;&#10;import java.io.IOException;&#13;&#10;import java.io.ObjectInputStream;&#13;&#10;import java.io.ObjectOutputStream;&#13;&#10;import java.util.ArrayList;&#13;&#10;import java.util.List;&#13;&#10;&#13;&#10;public class Calculator &#13;&#10;{ &#13;&#10;&#9;/**&#13;&#10;&#9; * Adds two numbers - rj222dq&#13;&#10;&#9; * @param num1 number 1&#13;&#10;&#9; * @param num2 number 2&#13;&#10;&#9; * @return result of adding the two numbers&#13;&#10;&#9; * @throws Exception &#13;&#10;&#9; */&#13;&#10;&#9;public double add(double num1, double num2) throws Exception&#13;&#10;&#9;{&#13;&#10;&#9;&#9;if (!Double.isInfinite(num1 + num2))&#13;&#10;&#9;&#9;{ &#13;&#10;&#9;&#9;&#9;return num1 + num2;&#13;&#10;&#9;&#9;}&#13;&#10;&#9;&#9;throw new Exception(&quot;Error.&quot;);&#13;&#10;&#9;}&#13;&#10;&#9;&#13;&#10;&#9;/**&#13;&#10;&#9; * Divide to numbers - rj222dq&#13;&#10;&#9; * @param numerator&#13;&#10;&#9; * @param denominator&#13;&#10;&#9; * @return result&#13;&#10;&#9; */&#13;&#10;&#9;public double divide(double numerator, double denominator)&#13;&#10;&#9;{&#13;&#10;&#9;&#9;try&#13;&#10;&#9;&#9;{ &#13;&#10;&#9;&#9;&#9;if (denominator == 0)&#13;&#10;&#9;&#9;&#9;{&#13;&#10;&#9;&#9;&#9;&#9;throw new RuntimeException(&quot;Denominator is zero!&quot;);&#13;&#10;&#9;&#9;&#9;}&#13;&#10;&#9;&#9;&#9;return numerator/denominator;&#13;&#10;&#9;&#9;}&#13;&#10;&#9;&#9;catch (Exception ex)&#13;&#10;&#9;&#9;{&#13;&#10;&#9;&#9;&#9;throw new RuntimeException(&quot;Error: &quot; + ex.toString());&#13;&#10;&#9;&#9;}&#13;&#10;&#9;}&#13;&#10;&#9;&#13;&#10;&#9;&#13;&#10;&#9;//js222xt&#13;&#10;&#9;public double multiply(double a, double b){&#13;&#10;&#9;&#9;try{ &#13;&#10;&#9;&#9;&#9;if(!Double.isInfinite(a * b)){&#13;&#10;&#9;&#9;&#9;&#9;return a * b;&#13;&#10;&#9;&#9;&#9;}&#13;&#10;&#9;&#9;&#9;else{&#13;&#10;&#9;&#9;&#9;&#9;throw new RuntimeException(&quot;Double is Infinite&quot;);&#13;&#10;&#9;&#9;&#9;}&#9;&#9;&#9;&#13;&#10;&#9;&#9;}&#13;&#10;&#9;&#9;catch(Exception e){&#13;&#10;&#9;&#9;&#9;throw new RuntimeException(e.getMessage());&#13;&#10;&#9;&#9;}&#9;&#9;&#13;&#10;&#9;}&#13;&#10;&#13;&#10;&#9;//js222xt&#13;&#10;&#9;public double sub(double a, double b) {&#13;&#10;&#9;&#9;if(!Double.isInfinite(a - b)){&#13;&#10;&#9;&#9;&#9;return a - b;&#13;&#10;&#9;&#9;}&#13;&#10;&#9;&#9;else{&#13;&#10;&#9;&#9;&#9;throw new RuntimeException(&quot;Double is Infinite&quot;);&#13;&#10;&#9;&#9;}&#13;&#10;&#9;}&#13;&#10;&#9;&#13;&#10;&#9;//js222xt&#13;&#10;&#9;public double pyth(double a, double b) {&#13;&#10;&#9;&#9;double res = Math.sqrt( Math.pow(a, 2) + Math.pow(b, 2) );&#13;&#10;&#9;&#9;if(!Double.isInfinite(res)){&#13;&#10;&#9;&#9;&#9;return res;&#13;&#10;&#9;&#9;}&#13;&#10;&#9;&#9;else{&#13;&#10;&#9;&#9;&#9;throw new RuntimeException(&quot;Double is Infinite&quot;);&#13;&#10;&#9;&#9;}&#13;&#10;&#9;}&#13;&#10;}&#13;&#10;" Filename="Calculator.java" Intrnl_Id="4"/>
</SrcFileList>
<CritList>
<CritListEntry Name="org.codecover.model.utils.criteria.LoopCoverage" PluginName="org.codecover"/>
<CritListEntry Name="org.codecover.model.utils.criteria.QMOCoverage" PluginName="org.codecover"/>
<CritListEntry Name="org.codecover.model.utils.criteria.ConditionCoverage" PluginName="org.codecover"/>
<CritListEntry Name="org.codecover.model.utils.criteria.BranchCoverage" PluginName="org.codecover"/>
<CritListEntry Name="org.codecover.model.utils.criteria.SynchronizedStatementCoverage" PluginName="org.codecover"/>
<CritListEntry Name="org.codecover.model.utils.criteria.StatementCoverage" PluginName="org.codecover"/>
</CritList>
<BoolOpList>
<BoolOp Arity="1" Intrnl_Id="5" Name="not (!)">
<BoolAssgnmntBoolMapList>
<MapEntry BoolAssgnmnt="1" Value="false"/>
<MapEntry BoolAssgnmnt="0" Value="true"/>
</BoolAssgnmntBoolMapList>
</BoolOp>
</BoolOpList>
<HierarchyLvlTypeList>
<HierarchyLvlType EnglishName="package" IntrnlName="package" Intrnl_Id="6"/>
<HierarchyLvlType EnglishName="method" IntrnlName="method" Intrnl_Id="7"/>
<HierarchyLvlType EnglishName="class" IntrnlName="class" Intrnl_Id="8"/>
<HierarchyLvlType EnglishName="default package" IntrnlName="default package" Intrnl_Id="9"/>
</HierarchyLvlTypeList>
<MASTRoot>
<HierarchyLvl HierarchyLvlId="4232" HierarchyLvlTypeId="9" Intrnl_Id="10" Name="default package">
<Header/>
<LocList/>
<HierarchyLvl HierarchyLvlId="4230" HierarchyLvlTypeId="6" Intrnl_Id="11" Name="testing">
<Header/>
<LocList/>
<HierarchyLvl HierarchyLvlId="4211" HierarchyLvlTypeId="8" Intrnl_Id="12" Name="TestUnitTestCase">
<Header>
<Loc EndOffset="601" SrcFileId="1" StartOffset="572"/>
</Header>
<LocList>
<Loc EndOffset="12332" SrcFileId="1" StartOffset="572"/>
</LocList>
<HierarchyLvl HierarchyLvlId="4179" HierarchyLvlTypeId="7" Intrnl_Id="13" Name="initiate">
<Header>
<Loc EndOffset="875" SrcFileId="1" StartOffset="826"/>
</Header>
<LocList>
<Loc EndOffset="1096" SrcFileId="1" StartOffset="826"/>
</LocList>
<StmntSeq Intrnl_Id="14">
<LocList>
<Loc EndOffset="904" SrcFileId="1" StartOffset="883"/>
<Loc EndOffset="1000" SrcFileId="1" StartOffset="908"/>
<Loc EndOffset="1045" SrcFileId="1" StartOffset="1004"/>
<Loc EndOffset="1092" SrcFileId="1" StartOffset="1049"/>
</LocList>
<BasicStmnt CovItemId="S1" CovItemPrefix="testing.TestUnitTestCase.java" Intrnl_Id="15">
<LocList>
<Loc EndOffset="904" SrcFileId="1" StartOffset="883"/>
</LocList>
</BasicStmnt>
<BasicStmnt CovItemId="S2" CovItemPrefix="testing.TestUnitTestCase.java" Intrnl_Id="16">
<LocList>
<Loc EndOffset="1000" SrcFileId="1" StartOffset="908"/>
</LocList>
</BasicStmnt>
<BasicStmnt CovItemId="S3" CovItemPrefix="testing.TestUnitTestCase.java" Intrnl_Id="17">
<LocList>
<Loc EndOffset="1045" SrcFileId="1" StartOffset="1004"/>
</LocList>
</BasicStmnt>
<BasicStmnt CovItemId="S4" CovItemPrefix="testing.TestUnitTestCase.java" Intrnl_Id="18">
<LocList>
<Loc EndOffset="1092" SrcFileId="1" StartOffset="1049"/>
</LocList>
</BasicStmnt>
</StmntSeq>
</HierarchyLvl>
<HierarchyLvl HierarchyLvlId="4180" HierarchyLvlTypeId="7" Intrnl_Id="19" Name="shouldCreateInstance">
<Header>
<Loc EndOffset="1189" SrcFileId="1" StartOffset="1146"/>
</Header>
<LocList>
<Loc EndOffset="1237" SrcFileId="1" StartOffset="1146"/>
</LocList>
<StmntSeq Intrnl_Id="20">
<LocList>
<Loc EndOffset="1233" SrcFileId="1" StartOffset="1197"/>
</LocList>
<BasicStmnt CovItemId="S5" CovItemPrefix="testing.TestUnitTestCase.java" Intrnl_Id="21">
<LocList>
<Loc EndOffset="1233" SrcFileId="1" StartOffset="1197"/>
</LocList>
</BasicStmnt>
</StmntSeq>
</HierarchyLvl>
<HierarchyLvl HierarchyLvlId="4181" HierarchyLvlTypeId="7" Intrnl_Id="22" Name="overloadAdd">
<Header>
<Loc EndOffset="1340" SrcFileId="1" StartOffset="1263"/>
</Header>
<LocList>
<Loc EndOffset="1395" SrcFileId="1" StartOffset="1263"/>
</LocList>
<StmntSeq Intrnl_Id="23">
<LocList>
<Loc EndOffset="1391" SrcFileId="1" StartOffset="1349"/>
</LocList>
<BasicStmnt CovItemId="S6" CovItemPrefix="testing.TestUnitTestCase.java" Intrnl_Id="24">
<LocList>
<Loc EndOffset="1391" SrcFileId="1" StartOffset="1349"/>
</LocList>
</BasicStmnt>
</StmntSeq>
</HierarchyLvl>
<HierarchyLvl HierarchyLvlId="4182" HierarchyLvlTypeId="7" Intrnl_Id="25" Name="addnumbers">
<Header>
<Loc EndOffset="1489" SrcFileId="1" StartOffset="1439"/>
</Header>
<LocList>
<Loc EndOffset="1673" SrcFileId="1" StartOffset="1439"/>
</LocList>
<StmntSeq Intrnl_Id="26">
<LocList>
<Loc EndOffset="1538" SrcFileId="1" StartOffset="1497"/>
<Loc EndOffset="1587" SrcFileId="1" StartOffset="1543"/>
<Loc EndOffset="1629" SrcFileId="1" StartOffset="1592"/>
<Loc EndOffset="1669" SrcFileId="1" StartOffset="1633"/>
</LocList>
<BasicStmnt CovItemId="S7" CovItemPrefix="testing.TestUnitTestCase.java" Intrnl_Id="27">
<LocList>
<Loc EndOffset="1538" SrcFileId="1" StartOffset="1497"/>
</LocList>
</BasicStmnt>
<BasicStmnt CovItemId="S8" CovItemPrefix="testing.TestUnitTestCase.java" Intrnl_Id="28">
<LocList>
<Loc EndOffset="1587" SrcFileId="1" StartOffset="1543"/>
</LocList>
</BasicStmnt>
<BasicStmnt CovItemId="S9" CovItemPrefix="testing.TestUnitTestCase.java" Intrnl_Id="29">
<LocList>
<Loc EndOffset="1629" SrcFileId="1" StartOffset="1592"/>
</LocList>
</BasicStmnt>
<BasicStmnt CovItemId="S10" CovItemPrefix="testing.TestUnitTestCase.java" Intrnl_Id="30">
<LocList>
<Loc EndOffset="1669" SrcFileId="1" StartOffset="1633"/>
</LocList>
</BasicStmnt>
</StmntSeq>
</HierarchyLvl>
<HierarchyLvl HierarchyLvlId="4183" HierarchyLvlTypeId="7" Intrnl_Id="31" Name="overloadSubtract">
<Header>
<Loc EndOffset="1753" SrcFileId="1" StartOffset="1692"/>
</Header>
<LocList>
<Loc EndOffset="1807" SrcFileId="1" StartOffset="1692"/>
</LocList>
<StmntSeq Intrnl_Id="32">
<LocList>
<Loc EndOffset="1803" SrcFileId="1" StartOffset="1761"/>
</LocList>
<BasicStmnt CovItemId="S11" CovItemPrefix="testing.TestUnitTestCase.java" Intrnl_Id="33">
<LocList>
<Loc EndOffset="1803" SrcFileId="1" StartOffset="1761"/>
</LocList>
</BasicStmnt>
</StmntSeq>
</HierarchyLvl>
<HierarchyLvl HierarchyLvlId="4184" HierarchyLvlTypeId="7" Intrnl_Id="34" Name="DivideTest">
<Header>
<Loc EndOffset="1883" SrcFileId="1" StartOffset="1851"/>
</Header>
<LocList>
<Loc EndOffset="2082" SrcFileId="1" StartOffset="1851"/>
</LocList>
<StmntSeq Intrnl_Id="35">
<LocList>
<Loc EndOffset="1936" SrcFileId="1" StartOffset="1891"/>
<Loc EndOffset="1982" SrcFileId="1" StartOffset="1940"/>
<Loc EndOffset="2032" SrcFileId="1" StartOffset="1986"/>
<Loc EndOffset="2078" SrcFileId="1" StartOffset="2036"/>
</LocList>
<BasicStmnt CovItemId="S12" CovItemPrefix="testing.TestUnitTestCase.java" Intrnl_Id="36">
<LocList>
<Loc EndOffset="1936" SrcFileId="1" StartOffset="1891"/>
</LocList>
</BasicStmnt>
<BasicStmnt CovItemId="S13" CovItemPrefix="testing.TestUnitTestCase.java" Intrnl_Id="37">
<LocList>
<Loc EndOffset="1982" SrcFileId="1" StartOffset="1940"/>
</LocList>
</BasicStmnt>
<BasicStmnt CovItemId="S14" CovItemPrefix="testing.TestUnitTestCase.java" Intrnl_Id="38">
<LocList>
<Loc EndOffset="2032" SrcFileId="1" StartOffset="1986"/>
</LocList>
</BasicStmnt>
<BasicStmnt CovItemId="S15" CovItemPrefix="testing.TestUnitTestCase.java" Intrnl_Id="39">
<LocList>
<Loc EndOffset="2078" SrcFileId="1" StartOffset="2036"/>
</LocList>
</BasicStmnt>
</StmntSeq>
</HierarchyLvl>
<HierarchyLvl HierarchyLvlId="4185" HierarchyLvlTypeId="7" Intrnl_Id="40" Name="divideDeminatorZero">
<Header>
<Loc EndOffset="2186" SrcFileId="1" StartOffset="2101"/>
</Header>
<LocList>
<Loc EndOffset="2213" SrcFileId="1" StartOffset="2101"/>
</LocList>
<StmntSeq Intrnl_Id="41">
<LocList>
<Loc EndOffset="2209" SrcFileId="1" StartOffset="2194"/>
</LocList>
<BasicStmnt CovItemId="S16" CovItemPrefix="testing.TestUnitTestCase.java" Intrnl_Id="42">
<LocList>
<Loc EndOffset="2209" SrcFileId="1" StartOffset="2194"/>
</LocList>
</BasicStmnt>
</StmntSeq>
</HierarchyLvl>
<HierarchyLvl HierarchyLvlId="4186" HierarchyLvlTypeId="7" Intrnl_Id="43" Name="pyth">
<Header>
<Loc EndOffset="2257" SrcFileId="1" StartOffset="2231"/>
</Header>
<LocList>
<Loc EndOffset="2309" SrcFileId="1" StartOffset="2231"/>
</LocList>
<StmntSeq Intrnl_Id="44">
<LocList>
<Loc EndOffset="2305" SrcFileId="1" StartOffset="2265"/>
</LocList>
<BasicStmnt CovItemId="S17" CovItemPrefix="testing.TestUnitTestCase.java" Intrnl_Id="45">
<LocList>
<Loc EndOffset="2305" SrcFileId="1" StartOffset="2265"/>
</LocList>
</BasicStmnt>
</StmntSeq>
</HierarchyLvl>
<HierarchyLvl HierarchyLvlId="4187" HierarchyLvlTypeId="7" Intrnl_Id="46" Name="pythExeception">
<Header>
<Loc EndOffset="2398" SrcFileId="1" StartOffset="2328"/>
</Header>
<LocList>
<Loc EndOffset="2468" SrcFileId="1" StartOffset="2328"/>
</LocList>
<StmntSeq Intrnl_Id="47">
<LocList>
<Loc EndOffset="2464" SrcFileId="1" StartOffset="2406"/>
</LocList>
<BasicStmnt CovItemId="S18" CovItemPrefix="testing.TestUnitTestCase.java" Intrnl_Id="48">
<LocList>
<Loc EndOffset="2464" SrcFileId="1" StartOffset="2406"/>
</LocList>
</BasicStmnt>
</StmntSeq>
</HierarchyLvl>
<HierarchyLvl HierarchyLvlId="4188" HierarchyLvlTypeId="7" Intrnl_Id="49" Name="shouldMultiply">
<Header>
<Loc EndOffset="2547" SrcFileId="1" StartOffset="2511"/>
</Header>
<LocList>
<Loc EndOffset="2728" SrcFileId="1" StartOffset="2511"/>
</LocList>
<StmntSeq Intrnl_Id="50">
<LocList>
<Loc EndOffset="2569" SrcFileId="1" StartOffset="2552"/>
<Loc EndOffset="2620" SrcFileId="1" StartOffset="2573"/>
<Loc EndOffset="2673" SrcFileId="1" StartOffset="2624"/>
<Loc EndOffset="2724" SrcFileId="1" StartOffset="2677"/>
</LocList>
<BasicStmnt CovItemId="S19" CovItemPrefix="testing.TestUnitTestCase.java" Intrnl_Id="51">
<LocList>
<Loc EndOffset="2569" SrcFileId="1" StartOffset="2552"/>
</LocList>
</BasicStmnt>
<BasicStmnt CovItemId="S20" CovItemPrefix="testing.TestUnitTestCase.java" Intrnl_Id="52">
<LocList>
<Loc EndOffset="2620" SrcFileId="1" StartOffset="2573"/>
</LocList>
</BasicStmnt>
<BasicStmnt CovItemId="S21" CovItemPrefix="testing.TestUnitTestCase.java" Intrnl_Id="53">
<LocList>
<Loc EndOffset="2673" SrcFileId="1" StartOffset="2624"/>
</LocList>
</BasicStmnt>
<BasicStmnt CovItemId="S22" CovItemPrefix="testing.TestUnitTestCase.java" Intrnl_Id="54">
<LocList>
<Loc EndOffset="2724" SrcFileId="1" StartOffset="2677"/>
</LocList>
</BasicStmnt>
</StmntSeq>
</HierarchyLvl>
<HierarchyLvl HierarchyLvlId="4189" HierarchyLvlTypeId="7" Intrnl_Id="55" Name="shouldThrowExceptionMultiply">
<Header>
<Loc EndOffset="2839" SrcFileId="1" StartOffset="2754"/>
</Header>
<LocList>
<Loc EndOffset="2881" SrcFileId="1" StartOffset="2754"/>
</LocList>
<StmntSeq Intrnl_Id="56">
<LocList>
<Loc EndOffset="2877" SrcFileId="1" StartOffset="2844"/>
</LocList>
<BasicStmnt CovItemId="S23" CovItemPrefix="testing.TestUnitTestCase.java" Intrnl_Id="57">
<LocList>
<Loc EndOffset="2877" SrcFileId="1" StartOffset="2844"/>
</LocList>
</BasicStmnt>
</StmntSeq>
</HierarchyLvl>
<HierarchyLvl HierarchyLvlId="4190" HierarchyLvlTypeId="7" Intrnl_Id="58" Name="shouldSubstractPositive">
<Header>
<Loc EndOffset="2944" SrcFileId="1" StartOffset="2899"/>
</Header>
<LocList>
<Loc EndOffset="3017" SrcFileId="1" StartOffset="2899"/>
</LocList>
<StmntSeq Intrnl_Id="59">
<LocList>
<Loc EndOffset="2966" SrcFileId="1" StartOffset="2949"/>
<Loc EndOffset="3013" SrcFileId="1" StartOffset="2970"/>
</LocList>
<BasicStmnt CovItemId="S24" CovItemPrefix="testing.TestUnitTestCase.java" Intrnl_Id="60">
<LocList>
<Loc EndOffset="2966" SrcFileId="1" StartOffset="2949"/>
</LocList>
</BasicStmnt>
<BasicStmnt CovItemId="S25" CovItemPrefix="testing.TestUnitTestCase.java" Intrnl_Id="61">
<LocList>
<Loc EndOffset="3013" SrcFileId="1" StartOffset="2970"/>
</LocList>
</BasicStmnt>
</StmntSeq>
</HierarchyLvl>
<HierarchyLvl HierarchyLvlId="4191" HierarchyLvlTypeId="7" Intrnl_Id="62" Name="shouldSubstractNegative">
<Header>
<Loc EndOffset="3080" SrcFileId="1" StartOffset="3035"/>
</Header>
<LocList>
<Loc EndOffset="3154" SrcFileId="1" StartOffset="3035"/>
</LocList>
<StmntSeq Intrnl_Id="63">
<LocList>
<Loc EndOffset="3102" SrcFileId="1" StartOffset="3085"/>
<Loc EndOffset="3150" SrcFileId="1" StartOffset="3106"/>
</LocList>
<BasicStmnt CovItemId="S26" CovItemPrefix="testing.TestUnitTestCase.java" Intrnl_Id="64">
<LocList>
<Loc EndOffset="3102" SrcFileId="1" StartOffset="3085"/>
</LocList>
</BasicStmnt>
<BasicStmnt CovItemId="S27" CovItemPrefix="testing.TestUnitTestCase.java" Intrnl_Id="65">
<LocList>
<Loc EndOffset="3150" SrcFileId="1" StartOffset="3106"/>
</LocList>
</BasicStmnt>
</StmntSeq>
</HierarchyLvl>
<HierarchyLvl HierarchyLvlId="4192" HierarchyLvlTypeId="7" Intrnl_Id="66" Name="shouldThrowExceptionSub">
<Header>
<Loc EndOffset="3260" SrcFileId="1" StartOffset="3180"/>
</Header>
<LocList>
<Loc EndOffset="3318" SrcFileId="1" StartOffset="3180"/>
</LocList>
<StmntSeq Intrnl_Id="67">
<LocList>
<Loc EndOffset="3314" SrcFileId="1" StartOffset="3265"/>
</LocList>
<BasicStmnt CovItemId="S28" CovItemPrefix="testing.TestUnitTestCase.java" Intrnl_Id="68">
<LocList>
<Loc EndOffset="3314" SrcFileId="1" StartOffset="3265"/>
</LocList>
</BasicStmnt>
</StmntSeq>
</HierarchyLvl>
<HierarchyLvl HierarchyLvlId="4193" HierarchyLvlTypeId="7" Intrnl_Id="69" Name="testSaveResult">
<Header>
<Loc EndOffset="3421" SrcFileId="1" StartOffset="3368"/>
</Header>
<LocList>
<Loc EndOffset="3764" SrcFileId="1" StartOffset="3368"/>
</LocList>
<StmntSeq Intrnl_Id="70">
<LocList>
<Loc EndOffset="3476" SrcFileId="1" StartOffset="3446"/>
<Loc EndOffset="3529" SrcFileId="1" StartOffset="3486"/>
<Loc EndOffset="3611" SrcFileId="1" StartOffset="3539"/>
<Loc EndOffset="3643" SrcFileId="1" StartOffset="3621"/>
<Loc EndOffset="3680" SrcFileId="1" StartOffset="3653"/>
<Loc EndOffset="3717" SrcFileId="1" StartOffset="3694"/>
<Loc EndOffset="3758" SrcFileId="1" StartOffset="3727"/>
</LocList>
<BasicStmnt CovItemId="S29" CovItemPrefix="testing.TestUnitTestCase.java" Intrnl_Id="71">
<LocList>
<Loc EndOffset="3476" SrcFileId="1" StartOffset="3446"/>
</LocList>
</BasicStmnt>
<BasicStmnt CovItemId="S30" CovItemPrefix="testing.TestUnitTestCase.java" Intrnl_Id="72">
<LocList>
<Loc EndOffset="3529" SrcFileId="1" StartOffset="3486"/>
</LocList>
</BasicStmnt>
<BasicStmnt CovItemId="S31" CovItemPrefix="testing.TestUnitTestCase.java" Intrnl_Id="73">
<LocList>
<Loc EndOffset="3611" SrcFileId="1" StartOffset="3539"/>
</LocList>
</BasicStmnt>
<BasicStmnt CovItemId="S32" CovItemPrefix="testing.TestUnitTestCase.java" Intrnl_Id="74">
<LocList>
<Loc EndOffset="3643" SrcFileId="1" StartOffset="3621"/>
</LocList>
</BasicStmnt>
<BasicStmnt CovItemId="S33" CovItemPrefix="testing.TestUnitTestCase.java" Intrnl_Id="75">
<LocList>
<Loc EndOffset="3680" SrcFileId="1" StartOffset="3653"/>
</LocList>
</BasicStmnt>
<BasicStmnt CovItemId="S34" CovItemPrefix="testing.TestUnitTestCase.java" Intrnl_Id="76">
<LocList>
<Loc EndOffset="3717" SrcFileId="1" StartOffset="3694"/>
</LocList>
</BasicStmnt>
<BasicStmnt CovItemId="S35" CovItemPrefix="testing.TestUnitTestCase.java" Intrnl_Id="77">
<LocList>
<Loc EndOffset="3758" SrcFileId="1" StartOffset="3727"/>
</LocList>
</BasicStmnt>
</StmntSeq>
</HierarchyLvl>
<HierarchyLvl HierarchyLvlId="4194" HierarchyLvlTypeId="7" Intrnl_Id="78" Name="testSaveResultException">
<Header>
<Loc EndOffset="3832" SrcFileId="1" StartOffset="3770"/>
</Header>
<LocList>
<Loc EndOffset="4529" SrcFileId="1" StartOffset="3770"/>
</LocList>
<StmntSeq Intrnl_Id="79">
<LocList>
<Loc EndOffset="3961" SrcFileId="1" StartOffset="3847"/>
<Loc EndOffset="4051" SrcFileId="1" StartOffset="3971"/>
<Loc EndOffset="4100" SrcFileId="1" StartOffset="4061"/>
<Loc EndOffset="4180" SrcFileId="1" StartOffset="4110"/>
<Loc EndOffset="4241" SrcFileId="1" StartOffset="4211"/>
<Loc EndOffset="4294" SrcFileId="1" StartOffset="4251"/>
<Loc EndOffset="4376" SrcFileId="1" StartOffset="4304"/>
<Loc EndOffset="4408" SrcFileId="1" StartOffset="4386"/>
<Loc EndOffset="4445" SrcFileId="1" StartOffset="4418"/>
<Loc EndOffset="4482" SrcFileId="1" StartOffset="4459"/>
<Loc EndOffset="4523" SrcFileId="1" StartOffset="4492"/>
</LocList>
<BasicStmnt CovItemId="S36" CovItemPrefix="testing.TestUnitTestCase.java" Intrnl_Id="80">
<LocList>
<Loc EndOffset="3961" SrcFileId="1" StartOffset="3847"/>
</LocList>
</BasicStmnt>
<BasicStmnt CovItemId="S37" CovItemPrefix="testing.TestUnitTestCase.java" Intrnl_Id="81">
<LocList>
<Loc EndOffset="4051" SrcFileId="1" StartOffset="3971"/>
</LocList>
</BasicStmnt>
<BasicStmnt CovItemId="S38" CovItemPrefix="testing.TestUnitTestCase.java" Intrnl_Id="82">
<LocList>
<Loc EndOffset="4100" SrcFileId="1" StartOffset="4061"/>
</LocList>
</BasicStmnt>
<BasicStmnt CovItemId="S39" CovItemPrefix="testing.TestUnitTestCase.java" Intrnl_Id="83">
<LocList>
<Loc EndOffset="4180" SrcFileId="1" StartOffset="4110"/>
</LocList>
</BasicStmnt>
<BasicStmnt CovItemId="S40" CovItemPrefix="testing.TestUnitTestCase.java" Intrnl_Id="84">
<LocList>
<Loc EndOffset="4241" SrcFileId="1" StartOffset="4211"/>
</LocList>
</BasicStmnt>
<BasicStmnt CovItemId="S41" CovItemPrefix="testing.TestUnitTestCase.java" Intrnl_Id="85">
<LocList>
<Loc EndOffset="4294" SrcFileId="1" StartOffset="4251"/>
</LocList>
</BasicStmnt>
<BasicStmnt CovItemId="S42" CovItemPrefix="testing.TestUnitTestCase.java" Intrnl_Id="86">
<LocList>
<Loc EndOffset="4376" SrcFileId="1" StartOffset="4304"/>
</LocList>
</BasicStmnt>
<BasicStmnt CovItemId="S43" CovItemPrefix="testing.TestUnitTestCase.java" Intrnl_Id="87">
<LocList>
<Loc EndOffset="4408" SrcFileId="1" StartOffset="4386"/>
</LocList>
</BasicStmnt>
<BasicStmnt CovItemId="S44" CovItemPrefix="testing.TestUnitTestCase.java" Intrnl_Id="88">
<LocList>
<Loc EndOffset="4445" SrcFileId="1" StartOffset="4418"/>
</LocList>
</BasicStmnt>
<BasicStmnt CovItemId="S45" CovItemPrefix="testing.TestUnitTestCase.java" Intrnl_Id="89">
<LocList>
<Loc EndOffset="4482" SrcFileId="1" StartOffset="4459"/>
</LocList>
</BasicStmnt>
<BasicStmnt CovItemId="S46" CovItemPrefix="testing.TestUnitTestCase.java" Intrnl_Id="90">
<LocList>
<Loc EndOffset="4523" SrcFileId="1" StartOffset="4492"/>
</LocList>
</BasicStmnt>
</StmntSeq>
</HierarchyLvl>
<HierarchyLvl HierarchyLvlId="4195" HierarchyLvlTypeId="7" Intrnl_Id="91" Name="testGetDoubleValidNumber">
<Header>
<Loc EndOffset="4598" SrcFileId="1" StartOffset="4535"/>
</Header>
<LocList>
<Loc EndOffset="4908" SrcFileId="1" StartOffset="4535"/>
</LocList>
<StmntSeq Intrnl_Id="92">
<LocList>
<Loc EndOffset="4685" SrcFileId="1" StartOffset="4630"/>
<Loc EndOffset="4781" SrcFileId="1" StartOffset="4689"/>
<Loc EndOffset="4846" SrcFileId="1" StartOffset="4791"/>
<Loc EndOffset="4878" SrcFileId="1" StartOffset="4856"/>
<Loc EndOffset="4902" SrcFileId="1" StartOffset="4883"/>
</LocList>
<BasicStmnt CovItemId="S47" CovItemPrefix="testing.TestUnitTestCase.java" Intrnl_Id="93">
<LocList>
<Loc EndOffset="4685" SrcFileId="1" StartOffset="4630"/>
</LocList>
</BasicStmnt>
<BasicStmnt CovItemId="S48" CovItemPrefix="testing.TestUnitTestCase.java" Intrnl_Id="94">
<LocList>
<Loc EndOffset="4781" SrcFileId="1" StartOffset="4689"/>
</LocList>
</BasicStmnt>
<BasicStmnt CovItemId="S49" CovItemPrefix="testing.TestUnitTestCase.java" Intrnl_Id="95">
<LocList>
<Loc EndOffset="4846" SrcFileId="1" StartOffset="4791"/>
</LocList>
</BasicStmnt>
<BasicStmnt CovItemId="S50" CovItemPrefix="testing.TestUnitTestCase.java" Intrnl_Id="96">
<LocList>
<Loc EndOffset="4878" SrcFileId="1" StartOffset="4856"/>
</LocList>
</BasicStmnt>
<BasicStmnt CovItemId="S51" CovItemPrefix="testing.TestUnitTestCase.java" Intrnl_Id="97">
<LocList>
<Loc EndOffset="4902" SrcFileId="1" StartOffset="4883"/>
</LocList>
</BasicStmnt>
</StmntSeq>
</HierarchyLvl>
<HierarchyLvl HierarchyLvlId="4196" HierarchyLvlTypeId="7" Intrnl_Id="98" Name="testGetDoubleInvalidNumber">
<Header>
<Loc EndOffset="5006" SrcFileId="1" StartOffset="4914"/>
</Header>
<LocList>
<Loc EndOffset="5321" SrcFileId="1" StartOffset="4914"/>
</LocList>
<StmntSeq Intrnl_Id="99">
<LocList>
<Loc EndOffset="5098" SrcFileId="1" StartOffset="5038"/>
<Loc EndOffset="5194" SrcFileId="1" StartOffset="5102"/>
<Loc EndOffset="5259" SrcFileId="1" StartOffset="5204"/>
<Loc EndOffset="5291" SrcFileId="1" StartOffset="5269"/>
<Loc EndOffset="5315" SrcFileId="1" StartOffset="5296"/>
</LocList>
<BasicStmnt CovItemId="S52" CovItemPrefix="testing.TestUnitTestCase.java" Intrnl_Id="100">
<LocList>
<Loc EndOffset="5098" SrcFileId="1" StartOffset="5038"/>
</LocList>
</BasicStmnt>
<BasicStmnt CovItemId="S53" CovItemPrefix="testing.TestUnitTestCase.java" Intrnl_Id="101">
<LocList>
<Loc EndOffset="5194" SrcFileId="1" StartOffset="5102"/>
</LocList>
</BasicStmnt>
<BasicStmnt CovItemId="S54" CovItemPrefix="testing.TestUnitTestCase.java" Intrnl_Id="102">
<LocList>
<Loc EndOffset="5259" SrcFileId="1" StartOffset="5204"/>
</LocList>
</BasicStmnt>
<BasicStmnt CovItemId="S55" CovItemPrefix="testing.TestUnitTestCase.java" Intrnl_Id="103">
<LocList>
<Loc EndOffset="5291" SrcFileId="1" StartOffset="5269"/>
</LocList>
</BasicStmnt>
<BasicStmnt CovItemId="S56" CovItemPrefix="testing.TestUnitTestCase.java" Intrnl_Id="104">
<LocList>
<Loc EndOffset="5315" SrcFileId="1" StartOffset="5296"/>
</LocList>
</BasicStmnt>
</StmntSeq>
</HierarchyLvl>
<HierarchyLvl HierarchyLvlId="4197" HierarchyLvlTypeId="7" Intrnl_Id="105" Name="testPrintInfo">
<Header>
<Loc EndOffset="5628" SrcFileId="1" StartOffset="5576"/>
</Header>
<LocList>
<Loc EndOffset="5777" SrcFileId="1" StartOffset="5576"/>
</LocList>
<StmntSeq Intrnl_Id="106">
<LocList>
<Loc EndOffset="5715" SrcFileId="1" StartOffset="5660"/>
<Loc EndOffset="5747" SrcFileId="1" StartOffset="5725"/>
<Loc EndOffset="5771" SrcFileId="1" StartOffset="5752"/>
</LocList>
<BasicStmnt CovItemId="S57" CovItemPrefix="testing.TestUnitTestCase.java" Intrnl_Id="107">
<LocList>
<Loc EndOffset="5715" SrcFileId="1" StartOffset="5660"/>
</LocList>
</BasicStmnt>
<BasicStmnt CovItemId="S58" CovItemPrefix="testing.TestUnitTestCase.java" Intrnl_Id="108">
<LocList>
<Loc EndOffset="5747" SrcFileId="1" StartOffset="5725"/>
</LocList>
</BasicStmnt>
<BasicStmnt CovItemId="S59" CovItemPrefix="testing.TestUnitTestCase.java" Intrnl_Id="109">
<LocList>
<Loc EndOffset="5771" SrcFileId="1" StartOffset="5752"/>
</LocList>
</BasicStmnt>
</StmntSeq>
</HierarchyLvl>
<HierarchyLvl HierarchyLvlId="4198" HierarchyLvlTypeId="7" Intrnl_Id="110" Name="testCalculateException">
<Header>
<Loc EndOffset="5831" SrcFileId="1" StartOffset="5786"/>
</Header>
<LocList>
<Loc EndOffset="5871" SrcFileId="1" StartOffset="5786"/>
</LocList>
<StmntSeq Intrnl_Id="111">
<LocList>
<Loc EndOffset="5867" SrcFileId="1" StartOffset="5839"/>
</LocList>
<BasicStmnt CovItemId="S60" CovItemPrefix="testing.TestUnitTestCase.java" Intrnl_Id="112">
<LocList>
<Loc EndOffset="5867" SrcFileId="1" StartOffset="5839"/>
</LocList>
</BasicStmnt>
</StmntSeq>
</HierarchyLvl>
<HierarchyLvl HierarchyLvlId="4199" HierarchyLvlTypeId="7" Intrnl_Id="113" Name="testCalculateDivide">
<Header>
<Loc EndOffset="5936" SrcFileId="1" StartOffset="5877"/>
</Header>
<LocList>
<Loc EndOffset="6267" SrcFileId="1" StartOffset="5877"/>
</LocList>
<StmntSeq Intrnl_Id="114">
<LocList>
<Loc EndOffset="6002" SrcFileId="1" StartOffset="5944"/>
<Loc EndOffset="6031" SrcFileId="1" StartOffset="6006"/>
<Loc EndOffset="6057" SrcFileId="1" StartOffset="6035"/>
<Loc EndOffset="6119" SrcFileId="1" StartOffset="6061"/>
<Loc EndOffset="6148" SrcFileId="1" StartOffset="6123"/>
<Loc EndOffset="6174" SrcFileId="1" StartOffset="6152"/>
<Loc EndOffset="6232" SrcFileId="1" StartOffset="6178"/>
<Loc EndOffset="6263" SrcFileId="1" StartOffset="6236"/>
</LocList>
<BasicStmnt CovItemId="S61" CovItemPrefix="testing.TestUnitTestCase.java" Intrnl_Id="115">
<LocList>
<Loc EndOffset="6002" SrcFileId="1" StartOffset="5944"/>
</LocList>
</BasicStmnt>
<BasicStmnt CovItemId="S62" CovItemPrefix="testing.TestUnitTestCase.java" Intrnl_Id="116">
<LocList>
<Loc EndOffset="6031" SrcFileId="1" StartOffset="6006"/>
</LocList>
</BasicStmnt>
<BasicStmnt CovItemId="S63" CovItemPrefix="testing.TestUnitTestCase.java" Intrnl_Id="117">
<LocList>
<Loc EndOffset="6057" SrcFileId="1" StartOffset="6035"/>
</LocList>
</BasicStmnt>
<BasicStmnt CovItemId="S64" CovItemPrefix="testing.TestUnitTestCase.java" Intrnl_Id="118">
<LocList>
<Loc EndOffset="6119" SrcFileId="1" StartOffset="6061"/>
</LocList>
</BasicStmnt>
<BasicStmnt CovItemId="S65" CovItemPrefix="testing.TestUnitTestCase.java" Intrnl_Id="119">
<LocList>
<Loc EndOffset="6148" SrcFileId="1" StartOffset="6123"/>
</LocList>
</BasicStmnt>
<BasicStmnt CovItemId="S66" CovItemPrefix="testing.TestUnitTestCase.java" Intrnl_Id="120">
<LocList>
<Loc EndOffset="6174" SrcFileId="1" StartOffset="6152"/>
</LocList>
</BasicStmnt>
<BasicStmnt CovItemId="S67" CovItemPrefix="testing.TestUnitTestCase.java" Intrnl_Id="121">
<LocList>
<Loc EndOffset="6232" SrcFileId="1" StartOffset="6178"/>
</LocList>
</BasicStmnt>
<BasicStmnt CovItemId="S68" CovItemPrefix="testing.TestUnitTestCase.java" Intrnl_Id="122">
<LocList>
<Loc EndOffset="6263" SrcFileId="1" StartOffset="6236"/>
</LocList>
</BasicStmnt>
</StmntSeq>
</HierarchyLvl>
<HierarchyLvl HierarchyLvlId="4200" HierarchyLvlTypeId="7" Intrnl_Id="123" Name="testCalculateMultiply">
<Header>
<Loc EndOffset="6334" SrcFileId="1" StartOffset="6273"/>
</Header>
<LocList>
<Loc EndOffset="6667" SrcFileId="1" StartOffset="6273"/>
</LocList>
<StmntSeq Intrnl_Id="124">
<LocList>
<Loc EndOffset="6400" SrcFileId="1" StartOffset="6342"/>
<Loc EndOffset="6429" SrcFileId="1" StartOffset="6404"/>
<Loc EndOffset="6455" SrcFileId="1" StartOffset="6433"/>
<Loc EndOffset="6517" SrcFileId="1" StartOffset="6459"/>
<Loc EndOffset="6546" SrcFileId="1" StartOffset="6521"/>
<Loc EndOffset="6572" SrcFileId="1" StartOffset="6550"/>
<Loc EndOffset="6632" SrcFileId="1" StartOffset="6576"/>
<Loc EndOffset="6663" SrcFileId="1" StartOffset="6636"/>
</LocList>
<BasicStmnt CovItemId="S69" CovItemPrefix="testing.TestUnitTestCase.java" Intrnl_Id="125">
<LocList>
<Loc EndOffset="6400" SrcFileId="1" StartOffset="6342"/>
</LocList>
</BasicStmnt>
<BasicStmnt CovItemId="S70" CovItemPrefix="testing.TestUnitTestCase.java" Intrnl_Id="126">
<LocList>
<Loc EndOffset="6429" SrcFileId="1" StartOffset="6404"/>
</LocList>
</BasicStmnt>
<BasicStmnt CovItemId="S71" CovItemPrefix="testing.TestUnitTestCase.java" Intrnl_Id="127">
<LocList>
<Loc EndOffset="6455" SrcFileId="1" StartOffset="6433"/>
</LocList>
</BasicStmnt>
<BasicStmnt CovItemId="S72" CovItemPrefix="testing.TestUnitTestCase.java" Intrnl_Id="128">
<LocList>
<Loc EndOffset="6517" SrcFileId="1" StartOffset="6459"/>
</LocList>
</BasicStmnt>
<BasicStmnt CovItemId="S73" CovItemPrefix="testing.TestUnitTestCase.java" Intrnl_Id="129">
<LocList>
<Loc EndOffset="6546" SrcFileId="1" StartOffset="6521"/>
</LocList>
</BasicStmnt>
<BasicStmnt CovItemId="S74" CovItemPrefix="testing.TestUnitTestCase.java" Intrnl_Id="130">
<LocList>
<Loc EndOffset="6572" SrcFileId="1" StartOffset="6550"/>
</LocList>
</BasicStmnt>
<BasicStmnt CovItemId="S75" CovItemPrefix="testing.TestUnitTestCase.java" Intrnl_Id="131">
<LocList>
<Loc EndOffset="6632" SrcFileId="1" StartOffset="6576"/>
</LocList>
</BasicStmnt>
<BasicStmnt CovItemId="S76" CovItemPrefix="testing.TestUnitTestCase.java" Intrnl_Id="132">
<LocList>
<Loc EndOffset="6663" SrcFileId="1" StartOffset="6636"/>
</LocList>
</BasicStmnt>
</StmntSeq>
</HierarchyLvl>
<HierarchyLvl HierarchyLvlId="4201" HierarchyLvlTypeId="7" Intrnl_Id="133" Name="testCalculateAdd">
<Header>
<Loc EndOffset="6729" SrcFileId="1" StartOffset="6673"/>
</Header>
<LocList>
<Loc EndOffset="7057" SrcFileId="1" StartOffset="6673"/>
</LocList>
<StmntSeq Intrnl_Id="134">
<LocList>
<Loc EndOffset="6795" SrcFileId="1" StartOffset="6737"/>
<Loc EndOffset="6824" SrcFileId="1" StartOffset="6799"/>
<Loc EndOffset="6850" SrcFileId="1" StartOffset="6828"/>
<Loc EndOffset="6912" SrcFileId="1" StartOffset="6854"/>
<Loc EndOffset="6941" SrcFileId="1" StartOffset="6916"/>
<Loc EndOffset="6967" SrcFileId="1" StartOffset="6945"/>
<Loc EndOffset="7022" SrcFileId="1" StartOffset="6971"/>
<Loc EndOffset="7053" SrcFileId="1" StartOffset="7026"/>
</LocList>
<BasicStmnt CovItemId="S77" CovItemPrefix="testing.TestUnitTestCase.java" Intrnl_Id="135">
<LocList>
<Loc EndOffset="6795" SrcFileId="1" StartOffset="6737"/>
</LocList>
</BasicStmnt>
<BasicStmnt CovItemId="S78" CovItemPrefix="testing.TestUnitTestCase.java" Intrnl_Id="136">
<LocList>
<Loc EndOffset="6824" SrcFileId="1" StartOffset="6799"/>
</LocList>
</BasicStmnt>
<BasicStmnt CovItemId="S79" CovItemPrefix="testing.TestUnitTestCase.java" Intrnl_Id="137">
<LocList>
<Loc EndOffset="6850" SrcFileId="1" StartOffset="6828"/>
</LocList>
</BasicStmnt>
<BasicStmnt CovItemId="S80" CovItemPrefix="testing.TestUnitTestCase.java" Intrnl_Id="138">
<LocList>
<Loc EndOffset="6912" SrcFileId="1" StartOffset="6854"/>
</LocList>
</BasicStmnt>
<BasicStmnt CovItemId="S81" CovItemPrefix="testing.TestUnitTestCase.java" Intrnl_Id="139">
<LocList>
<Loc EndOffset="6941" SrcFileId="1" StartOffset="6916"/>
</LocList>
</BasicStmnt>
<BasicStmnt CovItemId="S82" CovItemPrefix="testing.TestUnitTestCase.java" Intrnl_Id="140">
<LocList>
<Loc EndOffset="6967" SrcFileId="1" StartOffset="6945"/>
</LocList>
</BasicStmnt>
<BasicStmnt CovItemId="S83" CovItemPrefix="testing.TestUnitTestCase.java" Intrnl_Id="141">
<LocList>
<Loc EndOffset="7022" SrcFileId="1" StartOffset="6971"/>
</LocList>
</BasicStmnt>
<BasicStmnt CovItemId="S84" CovItemPrefix="testing.TestUnitTestCase.java" Intrnl_Id="142">
<LocList>
<Loc EndOffset="7053" SrcFileId="1" StartOffset="7026"/>
</LocList>
</BasicStmnt>
</StmntSeq>
</HierarchyLvl>
<HierarchyLvl HierarchyLvlId="4202" HierarchyLvlTypeId="7" Intrnl_Id="143" Name="testCalculateSub">
<Header>
<Loc EndOffset="7119" SrcFileId="1" StartOffset="7063"/>
</Header>
<LocList>
<Loc EndOffset="7447" SrcFileId="1" StartOffset="7063"/>
</LocList>
<StmntSeq Intrnl_Id="144">
<LocList>
<Loc EndOffset="7185" SrcFileId="1" StartOffset="7127"/>
<Loc EndOffset="7214" SrcFileId="1" StartOffset="7189"/>
<Loc EndOffset="7240" SrcFileId="1" StartOffset="7218"/>
<Loc EndOffset="7302" SrcFileId="1" StartOffset="7244"/>
<Loc EndOffset="7331" SrcFileId="1" StartOffset="7306"/>
<Loc EndOffset="7357" SrcFileId="1" StartOffset="7335"/>
<Loc EndOffset="7412" SrcFileId="1" StartOffset="7361"/>
<Loc EndOffset="7443" SrcFileId="1" StartOffset="7416"/>
</LocList>
<BasicStmnt CovItemId="S85" CovItemPrefix="testing.TestUnitTestCase.java" Intrnl_Id="145">
<LocList>
<Loc EndOffset="7185" SrcFileId="1" StartOffset="7127"/>
</LocList>
</BasicStmnt>
<BasicStmnt CovItemId="S86" CovItemPrefix="testing.TestUnitTestCase.java" Intrnl_Id="146">
<LocList>
<Loc EndOffset="7214" SrcFileId="1" StartOffset="7189"/>
</LocList>
</BasicStmnt>
<BasicStmnt CovItemId="S87" CovItemPrefix="testing.TestUnitTestCase.java" Intrnl_Id="147">
<LocList>
<Loc EndOffset="7240" SrcFileId="1" StartOffset="7218"/>
</LocList>
</BasicStmnt>
<BasicStmnt CovItemId="S88" CovItemPrefix="testing.TestUnitTestCase.java" Intrnl_Id="148">
<LocList>
<Loc EndOffset="7302" SrcFileId="1" StartOffset="7244"/>
</LocList>
</BasicStmnt>
<BasicStmnt CovItemId="S89" CovItemPrefix="testing.TestUnitTestCase.java" Intrnl_Id="149">
<LocList>
<Loc EndOffset="7331" SrcFileId="1" StartOffset="7306"/>
</LocList>
</BasicStmnt>
<BasicStmnt CovItemId="S90" CovItemPrefix="testing.TestUnitTestCase.java" Intrnl_Id="150">
<LocList>
<Loc EndOffset="7357" SrcFileId="1" StartOffset="7335"/>
</LocList>
</BasicStmnt>
<BasicStmnt CovItemId="S91" CovItemPrefix="testing.TestUnitTestCase.java" Intrnl_Id="151">
<LocList>
<Loc EndOffset="7412" SrcFileId="1" StartOffset="7361"/>
</LocList>
</BasicStmnt>
<BasicStmnt CovItemId="S92" CovItemPrefix="testing.TestUnitTestCase.java" Intrnl_Id="152">
<LocList>
<Loc EndOffset="7443" SrcFileId="1" StartOffset="7416"/>
</LocList>
</BasicStmnt>
</StmntSeq>
</HierarchyLvl>
<HierarchyLvl HierarchyLvlId="4203" HierarchyLvlTypeId="7" Intrnl_Id="153" Name="testCalculatePyth">
<Header>
<Loc EndOffset="7510" SrcFileId="1" StartOffset="7453"/>
</Header>
<LocList>
<Loc EndOffset="7839" SrcFileId="1" StartOffset="7453"/>
</LocList>
<StmntSeq Intrnl_Id="154">
<LocList>
<Loc EndOffset="7576" SrcFileId="1" StartOffset="7518"/>
<Loc EndOffset="7605" SrcFileId="1" StartOffset="7580"/>
<Loc EndOffset="7631" SrcFileId="1" StartOffset="7609"/>
<Loc EndOffset="7693" SrcFileId="1" StartOffset="7635"/>
<Loc EndOffset="7722" SrcFileId="1" StartOffset="7697"/>
<Loc EndOffset="7748" SrcFileId="1" StartOffset="7726"/>
<Loc EndOffset="7804" SrcFileId="1" StartOffset="7752"/>
<Loc EndOffset="7835" SrcFileId="1" StartOffset="7808"/>
</LocList>
<BasicStmnt CovItemId="S93" CovItemPrefix="testing.TestUnitTestCase.java" Intrnl_Id="155">
<LocList>
<Loc EndOffset="7576" SrcFileId="1" StartOffset="7518"/>
</LocList>
</BasicStmnt>
<BasicStmnt CovItemId="S94" CovItemPrefix="testing.TestUnitTestCase.java" Intrnl_Id="156">
<LocList>
<Loc EndOffset="7605" SrcFileId="1" StartOffset="7580"/>
</LocList>
</BasicStmnt>
<BasicStmnt CovItemId="S95" CovItemPrefix="testing.TestUnitTestCase.java" Intrnl_Id="157">
<LocList>
<Loc EndOffset="7631" SrcFileId="1" StartOffset="7609"/>
</LocList>
</BasicStmnt>
<BasicStmnt CovItemId="S96" CovItemPrefix="testing.TestUnitTestCase.java" Intrnl_Id="158">
<LocList>
<Loc EndOffset="7693" SrcFileId="1" StartOffset="7635"/>
</LocList>
</BasicStmnt>
<BasicStmnt CovItemId="S97" CovItemPrefix="testing.TestUnitTestCase.java" Intrnl_Id="159">
<LocList>
<Loc EndOffset="7722" SrcFileId="1" StartOffset="7697"/>
</LocList>
</BasicStmnt>
<BasicStmnt CovItemId="S98" CovItemPrefix="testing.TestUnitTestCase.java" Intrnl_Id="160">
<LocList>
<Loc EndOffset="7748" SrcFileId="1" StartOffset="7726"/>
</LocList>
</BasicStmnt>
<BasicStmnt CovItemId="S99" CovItemPrefix="testing.TestUnitTestCase.java" Intrnl_Id="161">
<LocList>
<Loc EndOffset="7804" SrcFileId="1" StartOffset="7752"/>
</LocList>
</BasicStmnt>
<BasicStmnt CovItemId="S100" CovItemPrefix="testing.TestUnitTestCase.java" Intrnl_Id="162">
<LocList>
<Loc EndOffset="7835" SrcFileId="1" StartOffset="7808"/>
</LocList>
</BasicStmnt>
</StmntSeq>
</HierarchyLvl>
<HierarchyLvl HierarchyLvlId="4204" HierarchyLvlTypeId="7" Intrnl_Id="163" Name="shouldTestMockingAdd">
<Header>
<Loc EndOffset="7924" SrcFileId="1" StartOffset="7866"/>
</Header>
<LocList>
<Loc EndOffset="8610" SrcFileId="1" StartOffset="7866"/>
</LocList>
<StmntSeq Intrnl_Id="164">
<LocList>
<Loc EndOffset="7975" SrcFileId="1" StartOffset="7930"/>
<Loc EndOffset="8069" SrcFileId="1" StartOffset="7979"/>
<Loc EndOffset="8125" SrcFileId="1" StartOffset="8073"/>
<Loc EndOffset="8154" SrcFileId="1" StartOffset="8129"/>
<Loc EndOffset="8174" SrcFileId="1" StartOffset="8158"/>
<Loc EndOffset="8230" SrcFileId="1" StartOffset="8178"/>
<Loc EndOffset="8259" SrcFileId="1" StartOffset="8234"/>
<Loc EndOffset="8279" SrcFileId="1" StartOffset="8263"/>
<Loc EndOffset="8328" SrcFileId="1" StartOffset="8283"/>
<Loc EndOffset="8379" SrcFileId="1" StartOffset="8332"/>
<Loc EndOffset="8442" SrcFileId="1" StartOffset="8383"/>
<Loc EndOffset="8487" SrcFileId="1" StartOffset="8446"/>
<Loc EndOffset="8529" SrcFileId="1" StartOffset="8491"/>
<Loc EndOffset="8554" SrcFileId="1" StartOffset="8533"/>
<Loc EndOffset="8606" SrcFileId="1" StartOffset="8558"/>
</LocList>
<BasicStmnt CovItemId="S101" CovItemPrefix="testing.TestUnitTestCase.java" Intrnl_Id="165">
<LocList>
<Loc EndOffset="7975" SrcFileId="1" StartOffset="7930"/>
</LocList>
</BasicStmnt>
<BasicStmnt CovItemId="S102" CovItemPrefix="testing.TestUnitTestCase.java" Intrnl_Id="166">
<LocList>
<Loc EndOffset="8069" SrcFileId="1" StartOffset="7979"/>
</LocList>
</BasicStmnt>
<BasicStmnt CovItemId="S103" CovItemPrefix="testing.TestUnitTestCase.java" Intrnl_Id="167">
<LocList>
<Loc EndOffset="8125" SrcFileId="1" StartOffset="8073"/>
</LocList>
</BasicStmnt>
<BasicStmnt CovItemId="S104" CovItemPrefix="testing.TestUnitTestCase.java" Intrnl_Id="168">
<LocList>
<Loc EndOffset="8154" SrcFileId="1" StartOffset="8129"/>
</LocList>
</BasicStmnt>
<BasicStmnt CovItemId="S105" CovItemPrefix="testing.TestUnitTestCase.java" Intrnl_Id="169">
<LocList>
<Loc EndOffset="8174" SrcFileId="1" StartOffset="8158"/>
</LocList>
</BasicStmnt>
<BasicStmnt CovItemId="S106" CovItemPrefix="testing.TestUnitTestCase.java" Intrnl_Id="170">
<LocList>
<Loc EndOffset="8230" SrcFileId="1" StartOffset="8178"/>
</LocList>
</BasicStmnt>
<BasicStmnt CovItemId="S107" CovItemPrefix="testing.TestUnitTestCase.java" Intrnl_Id="171">
<LocList>
<Loc EndOffset="8259" SrcFileId="1" StartOffset="8234"/>
</LocList>
</BasicStmnt>
<BasicStmnt CovItemId="S108" CovItemPrefix="testing.TestUnitTestCase.java" Intrnl_Id="172">
<LocList>
<Loc EndOffset="8279" SrcFileId="1" StartOffset="8263"/>
</LocList>
</BasicStmnt>
<BasicStmnt CovItemId="S109" CovItemPrefix="testing.TestUnitTestCase.java" Intrnl_Id="173">
<LocList>
<Loc EndOffset="8328" SrcFileId="1" StartOffset="8283"/>
</LocList>
</BasicStmnt>
<BasicStmnt CovItemId="S110" CovItemPrefix="testing.TestUnitTestCase.java" Intrnl_Id="174">
<LocList>
<Loc EndOffset="8379" SrcFileId="1" StartOffset="8332"/>
</LocList>
</BasicStmnt>
<BasicStmnt CovItemId="S111" CovItemPrefix="testing.TestUnitTestCase.java" Intrnl_Id="175">
<LocList>
<Loc EndOffset="8442" SrcFileId="1" StartOffset="8383"/>
</LocList>
</BasicStmnt>
<BasicStmnt CovItemId="S112" CovItemPrefix="testing.TestUnitTestCase.java" Intrnl_Id="176">
<LocList>
<Loc EndOffset="8487" SrcFileId="1" StartOffset="8446"/>
</LocList>
</BasicStmnt>
<BasicStmnt CovItemId="S113" CovItemPrefix="testing.TestUnitTestCase.java" Intrnl_Id="177">
<LocList>
<Loc EndOffset="8529" SrcFileId="1" StartOffset="8491"/>
</LocList>
</BasicStmnt>
<BasicStmnt CovItemId="S114" CovItemPrefix="testing.TestUnitTestCase.java" Intrnl_Id="178">
<LocList>
<Loc EndOffset="8554" SrcFileId="1" StartOffset="8533"/>
</LocList>
</BasicStmnt>
<BasicStmnt CovItemId="S115" CovItemPrefix="testing.TestUnitTestCase.java" Intrnl_Id="179">
<LocList>
<Loc EndOffset="8606" SrcFileId="1" StartOffset="8558"/>
</LocList>
</BasicStmnt>
</StmntSeq>
</HierarchyLvl>
<HierarchyLvl HierarchyLvlId="4205" HierarchyLvlTypeId="7" Intrnl_Id="180" Name="shouldTestMockingSub">
<Header>
<Loc EndOffset="8674" SrcFileId="1" StartOffset="8616"/>
</Header>
<LocList>
<Loc EndOffset="9370" SrcFileId="1" StartOffset="8616"/>
</LocList>
<StmntSeq Intrnl_Id="181">
<LocList>
<Loc EndOffset="8725" SrcFileId="1" StartOffset="8680"/>
<Loc EndOffset="8819" SrcFileId="1" StartOffset="8729"/>
<Loc EndOffset="8875" SrcFileId="1" StartOffset="8823"/>
<Loc EndOffset="8904" SrcFileId="1" StartOffset="8879"/>
<Loc EndOffset="8924" SrcFileId="1" StartOffset="8908"/>
<Loc EndOffset="8980" SrcFileId="1" StartOffset="8928"/>
<Loc EndOffset="9009" SrcFileId="1" StartOffset="8984"/>
<Loc EndOffset="9029" SrcFileId="1" StartOffset="9013"/>
<Loc EndOffset="9078" SrcFileId="1" StartOffset="9033"/>
<Loc EndOffset="9129" SrcFileId="1" StartOffset="9082"/>
<Loc EndOffset="9192" SrcFileId="1" StartOffset="9133"/>
<Loc EndOffset="9237" SrcFileId="1" StartOffset="9196"/>
<Loc EndOffset="9289" SrcFileId="1" StartOffset="9241"/>
<Loc EndOffset="9314" SrcFileId="1" StartOffset="9293"/>
<Loc EndOffset="9366" SrcFileId="1" StartOffset="9318"/>
</LocList>
<BasicStmnt CovItemId="S116" CovItemPrefix="testing.TestUnitTestCase.java" Intrnl_Id="182">
<LocList>
<Loc EndOffset="8725" SrcFileId="1" StartOffset="8680"/>
</LocList>
</BasicStmnt>
<BasicStmnt CovItemId="S117" CovItemPrefix="testing.TestUnitTestCase.java" Intrnl_Id="183">
<LocList>
<Loc EndOffset="8819" SrcFileId="1" StartOffset="8729"/>
</LocList>
</BasicStmnt>
<BasicStmnt CovItemId="S118" CovItemPrefix="testing.TestUnitTestCase.java" Intrnl_Id="184">
<LocList>
<Loc EndOffset="8875" SrcFileId="1" StartOffset="8823"/>
</LocList>
</BasicStmnt>
<BasicStmnt CovItemId="S119" CovItemPrefix="testing.TestUnitTestCase.java" Intrnl_Id="185">
<LocList>
<Loc EndOffset="8904" SrcFileId="1" StartOffset="8879"/>
</LocList>
</BasicStmnt>
<BasicStmnt CovItemId="S120" CovItemPrefix="testing.TestUnitTestCase.java" Intrnl_Id="186">
<LocList>
<Loc EndOffset="8924" SrcFileId="1" StartOffset="8908"/>
</LocList>
</BasicStmnt>
<BasicStmnt CovItemId="S121" CovItemPrefix="testing.TestUnitTestCase.java" Intrnl_Id="187">
<LocList>
<Loc EndOffset="8980" SrcFileId="1" StartOffset="8928"/>
</LocList>
</BasicStmnt>
<BasicStmnt CovItemId="S122" CovItemPrefix="testing.TestUnitTestCase.java" Intrnl_Id="188">
<LocList>
<Loc EndOffset="9009" SrcFileId="1" StartOffset="8984"/>
</LocList>
</BasicStmnt>
<BasicStmnt CovItemId="S123" CovItemPrefix="testing.TestUnitTestCase.java" Intrnl_Id="189">
<LocList>
<Loc EndOffset="9029" SrcFileId="1" StartOffset="9013"/>
</LocList>
</BasicStmnt>
<BasicStmnt CovItemId="S124" CovItemPrefix="testing.TestUnitTestCase.java" Intrnl_Id="190">
<LocList>
<Loc EndOffset="9078" SrcFileId="1" StartOffset="9033"/>
</LocList>
</BasicStmnt>
<BasicStmnt CovItemId="S125" CovItemPrefix="testing.TestUnitTestCase.java" Intrnl_Id="191">
<LocList>
<Loc EndOffset="9129" SrcFileId="1" StartOffset="9082"/>
</LocList>
</BasicStmnt>
<BasicStmnt CovItemId="S126" CovItemPrefix="testing.TestUnitTestCase.java" Intrnl_Id="192">
<LocList>
<Loc EndOffset="9192" SrcFileId="1" StartOffset="9133"/>
</LocList>
</BasicStmnt>
<BasicStmnt CovItemId="S127" CovItemPrefix="testing.TestUnitTestCase.java" Intrnl_Id="193">
<LocList>
<Loc EndOffset="9237" SrcFileId="1" StartOffset="9196"/>
</LocList>
</BasicStmnt>
<BasicStmnt CovItemId="S128" CovItemPrefix="testing.TestUnitTestCase.java" Intrnl_Id="194">
<LocList>
<Loc EndOffset="9289" SrcFileId="1" StartOffset="9241"/>
</LocList>
</BasicStmnt>
<BasicStmnt CovItemId="S129" CovItemPrefix="testing.TestUnitTestCase.java" Intrnl_Id="195">
<LocList>
<Loc EndOffset="9314" SrcFileId="1" StartOffset="9293"/>
</LocList>
</BasicStmnt>
<BasicStmnt CovItemId="S130" CovItemPrefix="testing.TestUnitTestCase.java" Intrnl_Id="196">
<LocList>
<Loc EndOffset="9366" SrcFileId="1" StartOffset="9318"/>
</LocList>
</BasicStmnt>
</StmntSeq>
</HierarchyLvl>
<HierarchyLvl HierarchyLvlId="4206" HierarchyLvlTypeId="7" Intrnl_Id="197" Name="shouldTestMockingDivide">
<Header>
<Loc EndOffset="9437" SrcFileId="1" StartOffset="9376"/>
</Header>
<LocList>
<Loc EndOffset="10131" SrcFileId="1" StartOffset="9376"/>
</LocList>
<StmntSeq Intrnl_Id="198">
<LocList>
<Loc EndOffset="9488" SrcFileId="1" StartOffset="9443"/>
<Loc EndOffset="9582" SrcFileId="1" StartOffset="9492"/>
<Loc EndOffset="9638" SrcFileId="1" StartOffset="9586"/>
<Loc EndOffset="9667" SrcFileId="1" StartOffset="9642"/>
<Loc EndOffset="9688" SrcFileId="1" StartOffset="9671"/>
<Loc EndOffset="9744" SrcFileId="1" StartOffset="9692"/>
<Loc EndOffset="9773" SrcFileId="1" StartOffset="9748"/>
<Loc EndOffset="9793" SrcFileId="1" StartOffset="9777"/>
<Loc EndOffset="9845" SrcFileId="1" StartOffset="9797"/>
<Loc EndOffset="9896" SrcFileId="1" StartOffset="9849"/>
<Loc EndOffset="9959" SrcFileId="1" StartOffset="9900"/>
<Loc EndOffset="10004" SrcFileId="1" StartOffset="9963"/>
<Loc EndOffset="10050" SrcFileId="1" StartOffset="10008"/>
<Loc EndOffset="10075" SrcFileId="1" StartOffset="10054"/>
<Loc EndOffset="10127" SrcFileId="1" StartOffset="10079"/>
</LocList>
<BasicStmnt CovItemId="S131" CovItemPrefix="testing.TestUnitTestCase.java" Intrnl_Id="199">
<LocList>
<Loc EndOffset="9488" SrcFileId="1" StartOffset="9443"/>
</LocList>
</BasicStmnt>
<BasicStmnt CovItemId="S132" CovItemPrefix="testing.TestUnitTestCase.java" Intrnl_Id="200">
<LocList>
<Loc EndOffset="9582" SrcFileId="1" StartOffset="9492"/>
</LocList>
</BasicStmnt>
<BasicStmnt CovItemId="S133" CovItemPrefix="testing.TestUnitTestCase.java" Intrnl_Id="201">
<LocList>
<Loc EndOffset="9638" SrcFileId="1" StartOffset="9586"/>
</LocList>
</BasicStmnt>
<BasicStmnt CovItemId="S134" CovItemPrefix="testing.TestUnitTestCase.java" Intrnl_Id="202">
<LocList>
<Loc EndOffset="9667" SrcFileId="1" StartOffset="9642"/>
</LocList>
</BasicStmnt>
<BasicStmnt CovItemId="S135" CovItemPrefix="testing.TestUnitTestCase.java" Intrnl_Id="203">
<LocList>
<Loc EndOffset="9688" SrcFileId="1" StartOffset="9671"/>
</LocList>
</BasicStmnt>
<BasicStmnt CovItemId="S136" CovItemPrefix="testing.TestUnitTestCase.java" Intrnl_Id="204">
<LocList>
<Loc EndOffset="9744" SrcFileId="1" StartOffset="9692"/>
</LocList>
</BasicStmnt>
<BasicStmnt CovItemId="S137" CovItemPrefix="testing.TestUnitTestCase.java" Intrnl_Id="205">
<LocList>
<Loc EndOffset="9773" SrcFileId="1" StartOffset="9748"/>
</LocList>
</BasicStmnt>
<BasicStmnt CovItemId="S138" CovItemPrefix="testing.TestUnitTestCase.java" Intrnl_Id="206">
<LocList>
<Loc EndOffset="9793" SrcFileId="1" StartOffset="9777"/>
</LocList>
</BasicStmnt>
<BasicStmnt CovItemId="S139" CovItemPrefix="testing.TestUnitTestCase.java" Intrnl_Id="207">
<LocList>
<Loc EndOffset="9845" SrcFileId="1" StartOffset="9797"/>
</LocList>
</BasicStmnt>
<BasicStmnt CovItemId="S140" CovItemPrefix="testing.TestUnitTestCase.java" Intrnl_Id="208">
<LocList>
<Loc EndOffset="9896" SrcFileId="1" StartOffset="9849"/>
</LocList>
</BasicStmnt>
<BasicStmnt CovItemId="S141" CovItemPrefix="testing.TestUnitTestCase.java" Intrnl_Id="209">
<LocList>
<Loc EndOffset="9959" SrcFileId="1" StartOffset="9900"/>
</LocList>
</BasicStmnt>
<BasicStmnt CovItemId="S142" CovItemPrefix="testing.TestUnitTestCase.java" Intrnl_Id="210">
<LocList>
<Loc EndOffset="10004" SrcFileId="1" StartOffset="9963"/>
</LocList>
</BasicStmnt>
<BasicStmnt CovItemId="S143" CovItemPrefix="testing.TestUnitTestCase.java" Intrnl_Id="211">
<LocList>
<Loc EndOffset="10050" SrcFileId="1" StartOffset="10008"/>
</LocList>
</BasicStmnt>
<BasicStmnt CovItemId="S144" CovItemPrefix="testing.TestUnitTestCase.java" Intrnl_Id="212">
<LocList>
<Loc EndOffset="10075" SrcFileId="1" StartOffset="10054"/>
</LocList>
</BasicStmnt>
<BasicStmnt CovItemId="S145" CovItemPrefix="testing.TestUnitTestCase.java" Intrnl_Id="213">
<LocList>
<Loc EndOffset="10127" SrcFileId="1" StartOffset="10079"/>
</LocList>
</BasicStmnt>
</StmntSeq>
</HierarchyLvl>
<HierarchyLvl HierarchyLvlId="4207" HierarchyLvlTypeId="7" Intrnl_Id="214" Name="shouldTestMockingMultiply">
<Header>
<Loc EndOffset="10200" SrcFileId="1" StartOffset="10137"/>
</Header>
<LocList>
<Loc EndOffset="10899" SrcFileId="1" StartOffset="10137"/>
</LocList>
<StmntSeq Intrnl_Id="215">
<LocList>
<Loc EndOffset="10251" SrcFileId="1" StartOffset="10206"/>
<Loc EndOffset="10345" SrcFileId="1" StartOffset="10255"/>
<Loc EndOffset="10401" SrcFileId="1" StartOffset="10349"/>
<Loc EndOffset="10430" SrcFileId="1" StartOffset="10405"/>
<Loc EndOffset="10451" SrcFileId="1" StartOffset="10434"/>
<Loc EndOffset="10507" SrcFileId="1" StartOffset="10455"/>
<Loc EndOffset="10536" SrcFileId="1" StartOffset="10511"/>
<Loc EndOffset="10556" SrcFileId="1" StartOffset="10540"/>
<Loc EndOffset="10610" SrcFileId="1" StartOffset="10560"/>
<Loc EndOffset="10661" SrcFileId="1" StartOffset="10614"/>
<Loc EndOffset="10724" SrcFileId="1" StartOffset="10665"/>
<Loc EndOffset="10769" SrcFileId="1" StartOffset="10728"/>
<Loc EndOffset="10818" SrcFileId="1" StartOffset="10773"/>
<Loc EndOffset="10843" SrcFileId="1" StartOffset="10822"/>
<Loc EndOffset="10895" SrcFileId="1" StartOffset="10847"/>
</LocList>
<BasicStmnt CovItemId="S146" CovItemPrefix="testing.TestUnitTestCase.java" Intrnl_Id="216">
<LocList>
<Loc EndOffset="10251" SrcFileId="1" StartOffset="10206"/>
</LocList>
</BasicStmnt>
<BasicStmnt CovItemId="S147" CovItemPrefix="testing.TestUnitTestCase.java" Intrnl_Id="217">
<LocList>
<Loc EndOffset="10345" SrcFileId="1" StartOffset="10255"/>
</LocList>
</BasicStmnt>
<BasicStmnt CovItemId="S148" CovItemPrefix="testing.TestUnitTestCase.java" Intrnl_Id="218">
<LocList>
<Loc EndOffset="10401" SrcFileId="1" StartOffset="10349"/>
</LocList>
</BasicStmnt>
<BasicStmnt CovItemId="S149" CovItemPrefix="testing.TestUnitTestCase.java" Intrnl_Id="219">
<LocList>
<Loc EndOffset="10430" SrcFileId="1" StartOffset="10405"/>
</LocList>
</BasicStmnt>
<BasicStmnt CovItemId="S150" CovItemPrefix="testing.TestUnitTestCase.java" Intrnl_Id="220">
<LocList>
<Loc EndOffset="10451" SrcFileId="1" StartOffset="10434"/>
</LocList>
</BasicStmnt>
<BasicStmnt CovItemId="S151" CovItemPrefix="testing.TestUnitTestCase.java" Intrnl_Id="221">
<LocList>
<Loc EndOffset="10507" SrcFileId="1" StartOffset="10455"/>
</LocList>
</BasicStmnt>
<BasicStmnt CovItemId="S152" CovItemPrefix="testing.TestUnitTestCase.java" Intrnl_Id="222">
<LocList>
<Loc EndOffset="10536" SrcFileId="1" StartOffset="10511"/>
</LocList>
</BasicStmnt>
<BasicStmnt CovItemId="S153" CovItemPrefix="testing.TestUnitTestCase.java" Intrnl_Id="223">
<LocList>
<Loc EndOffset="10556" SrcFileId="1" StartOffset="10540"/>
</LocList>
</BasicStmnt>
<BasicStmnt CovItemId="S154" CovItemPrefix="testing.TestUnitTestCase.java" Intrnl_Id="224">
<LocList>
<Loc EndOffset="10610" SrcFileId="1" StartOffset="10560"/>
</LocList>
</BasicStmnt>
<BasicStmnt CovItemId="S155" CovItemPrefix="testing.TestUnitTestCase.java" Intrnl_Id="225">
<LocList>
<Loc EndOffset="10661" SrcFileId="1" StartOffset="10614"/>
</LocList>
</BasicStmnt>
<BasicStmnt CovItemId="S156" CovItemPrefix="testing.TestUnitTestCase.java" Intrnl_Id="226">
<LocList>
<Loc EndOffset="10724" SrcFileId="1" StartOffset="10665"/>
</LocList>
</BasicStmnt>
<BasicStmnt CovItemId="S157" CovItemPrefix="testing.TestUnitTestCase.java" Intrnl_Id="227">
<LocList>
<Loc EndOffset="10769" SrcFileId="1" StartOffset="10728"/>
</LocList>
</BasicStmnt>
<BasicStmnt CovItemId="S158" CovItemPrefix="testing.TestUnitTestCase.java" Intrnl_Id="228">
<LocList>
<Loc EndOffset="10818" SrcFileId="1" StartOffset="10773"/>
</LocList>
</BasicStmnt>
<BasicStmnt CovItemId="S159" CovItemPrefix="testing.TestUnitTestCase.java" Intrnl_Id="229">
<LocList>
<Loc EndOffset="10843" SrcFileId="1" StartOffset="10822"/>
</LocList>
</BasicStmnt>
<BasicStmnt CovItemId="S160" CovItemPrefix="testing.TestUnitTestCase.java" Intrnl_Id="230">
<LocList>
<Loc EndOffset="10895" SrcFileId="1" StartOffset="10847"/>
</LocList>
</BasicStmnt>
</StmntSeq>
</HierarchyLvl>
<HierarchyLvl HierarchyLvlId="4208" HierarchyLvlTypeId="7" Intrnl_Id="231" Name="shouldTestMockingPythagoras">
<Header>
<Loc EndOffset="10970" SrcFileId="1" StartOffset="10905"/>
</Header>
<LocList>
<Loc EndOffset="11664" SrcFileId="1" StartOffset="10905"/>
</LocList>
<StmntSeq Intrnl_Id="232">
<LocList>
<Loc EndOffset="11021" SrcFileId="1" StartOffset="10976"/>
<Loc EndOffset="11115" SrcFileId="1" StartOffset="11025"/>
<Loc EndOffset="11171" SrcFileId="1" StartOffset="11119"/>
<Loc EndOffset="11200" SrcFileId="1" StartOffset="11175"/>
<Loc EndOffset="11220" SrcFileId="1" StartOffset="11204"/>
<Loc EndOffset="11276" SrcFileId="1" StartOffset="11224"/>
<Loc EndOffset="11305" SrcFileId="1" StartOffset="11280"/>
<Loc EndOffset="11325" SrcFileId="1" StartOffset="11309"/>
<Loc EndOffset="11375" SrcFileId="1" StartOffset="11329"/>
<Loc EndOffset="11426" SrcFileId="1" StartOffset="11379"/>
<Loc EndOffset="11489" SrcFileId="1" StartOffset="11430"/>
<Loc EndOffset="11534" SrcFileId="1" StartOffset="11493"/>
<Loc EndOffset="11583" SrcFileId="1" StartOffset="11538"/>
<Loc EndOffset="11608" SrcFileId="1" StartOffset="11587"/>
<Loc EndOffset="11660" SrcFileId="1" StartOffset="11612"/>
</LocList>
<BasicStmnt CovItemId="S161" CovItemPrefix="testing.TestUnitTestCase.java" Intrnl_Id="233">
<LocList>
<Loc EndOffset="11021" SrcFileId="1" StartOffset="10976"/>
</LocList>
</BasicStmnt>
<BasicStmnt CovItemId="S162" CovItemPrefix="testing.TestUnitTestCase.java" Intrnl_Id="234">
<LocList>
<Loc EndOffset="11115" SrcFileId="1" StartOffset="11025"/>
</LocList>
</BasicStmnt>
<BasicStmnt CovItemId="S163" CovItemPrefix="testing.TestUnitTestCase.java" Intrnl_Id="235">
<LocList>
<Loc EndOffset="11171" SrcFileId="1" StartOffset="11119"/>
</LocList>
</BasicStmnt>
<BasicStmnt CovItemId="S164" CovItemPrefix="testing.TestUnitTestCase.java" Intrnl_Id="236">
<LocList>
<Loc EndOffset="11200" SrcFileId="1" StartOffset="11175"/>
</LocList>
</BasicStmnt>
<BasicStmnt CovItemId="S165" CovItemPrefix="testing.TestUnitTestCase.java" Intrnl_Id="237">
<LocList>
<Loc EndOffset="11220" SrcFileId="1" StartOffset="11204"/>
</LocList>
</BasicStmnt>
<BasicStmnt CovItemId="S166" CovItemPrefix="testing.TestUnitTestCase.java" Intrnl_Id="238">
<LocList>
<Loc EndOffset="11276" SrcFileId="1" StartOffset="11224"/>
</LocList>
</BasicStmnt>
<BasicStmnt CovItemId="S167" CovItemPrefix="testing.TestUnitTestCase.java" Intrnl_Id="239">
<LocList>
<Loc EndOffset="11305" SrcFileId="1" StartOffset="11280"/>
</LocList>
</BasicStmnt>
<BasicStmnt CovItemId="S168" CovItemPrefix="testing.TestUnitTestCase.java" Intrnl_Id="240">
<LocList>
<Loc EndOffset="11325" SrcFileId="1" StartOffset="11309"/>
</LocList>
</BasicStmnt>
<BasicStmnt CovItemId="S169" CovItemPrefix="testing.TestUnitTestCase.java" Intrnl_Id="241">
<LocList>
<Loc EndOffset="11375" SrcFileId="1" StartOffset="11329"/>
</LocList>
</BasicStmnt>
<BasicStmnt CovItemId="S170" CovItemPrefix="testing.TestUnitTestCase.java" Intrnl_Id="242">
<LocList>
<Loc EndOffset="11426" SrcFileId="1" StartOffset="11379"/>
</LocList>
</BasicStmnt>
<BasicStmnt CovItemId="S171" CovItemPrefix="testing.TestUnitTestCase.java" Intrnl_Id="243">
<LocList>
<Loc EndOffset="11489" SrcFileId="1" StartOffset="11430"/>
</LocList>
</BasicStmnt>
<BasicStmnt CovItemId="S172" CovItemPrefix="testing.TestUnitTestCase.java" Intrnl_Id="244">
<LocList>
<Loc EndOffset="11534" SrcFileId="1" StartOffset="11493"/>
</LocList>
</BasicStmnt>
<BasicStmnt CovItemId="S173" CovItemPrefix="testing.TestUnitTestCase.java" Intrnl_Id="245">
<LocList>
<Loc EndOffset="11583" SrcFileId="1" StartOffset="11538"/>
</LocList>
</BasicStmnt>
<BasicStmnt CovItemId="S174" CovItemPrefix="testing.TestUnitTestCase.java" Intrnl_Id="246">
<LocList>
<Loc EndOffset="11608" SrcFileId="1" StartOffset="11587"/>
</LocList>
</BasicStmnt>
<BasicStmnt CovItemId="S175" CovItemPrefix="testing.TestUnitTestCase.java" Intrnl_Id="247">
<LocList>
<Loc EndOffset="11660" SrcFileId="1" StartOffset="11612"/>
</LocList>
</BasicStmnt>
</StmntSeq>
</HierarchyLvl>
<HierarchyLvl HierarchyLvlId="4209" HierarchyLvlTypeId="7" Intrnl_Id="248" Name="shouldThrowSaveManagerError">
<Header>
<Loc EndOffset="11723" SrcFileId="1" StartOffset="11673"/>
</Header>
<LocList>
<Loc EndOffset="11935" SrcFileId="1" StartOffset="11673"/>
</LocList>
<StmntSeq Intrnl_Id="249">
<LocList>
<Loc EndOffset="11764" SrcFileId="1" StartOffset="11729"/>
<Loc EndOffset="11846" SrcFileId="1" StartOffset="11769"/>
<Loc EndOffset="11871" SrcFileId="1" StartOffset="11851"/>
<Loc EndOffset="11930" SrcFileId="1" StartOffset="11876"/>
</LocList>
<BasicStmnt CovItemId="S176" CovItemPrefix="testing.TestUnitTestCase.java" Intrnl_Id="250">
<LocList>
<Loc EndOffset="11764" SrcFileId="1" StartOffset="11729"/>
</LocList>
</BasicStmnt>
<BasicStmnt CovItemId="S177" CovItemPrefix="testing.TestUnitTestCase.java" Intrnl_Id="251">
<LocList>
<Loc EndOffset="11846" SrcFileId="1" StartOffset="11769"/>
</LocList>
</BasicStmnt>
<BasicStmnt CovItemId="S178" CovItemPrefix="testing.TestUnitTestCase.java" Intrnl_Id="252">
<LocList>
<Loc EndOffset="11871" SrcFileId="1" StartOffset="11851"/>
</LocList>
</BasicStmnt>
<BasicStmnt CovItemId="S179" CovItemPrefix="testing.TestUnitTestCase.java" Intrnl_Id="253">
<LocList>
<Loc EndOffset="11930" SrcFileId="1" StartOffset="11876"/>
</LocList>
</BasicStmnt>
</StmntSeq>
</HierarchyLvl>
<HierarchyLvl HierarchyLvlId="4210" HierarchyLvlTypeId="7" Intrnl_Id="254" Name="testChoices">
<Header>
<Loc EndOffset="11993" SrcFileId="1" StartOffset="11942"/>
</Header>
<LocList>
<Loc EndOffset="12322" SrcFileId="1" StartOffset="11942"/>
</LocList>
<StmntSeq Intrnl_Id="255">
<LocList>
<Loc EndOffset="12051" SrcFileId="1" StartOffset="12021"/>
<Loc EndOffset="12106" SrcFileId="1" StartOffset="12062"/>
<Loc EndOffset="12185" SrcFileId="1" StartOffset="12117"/>
<Loc EndOffset="12218" SrcFileId="1" StartOffset="12196"/>
<Loc EndOffset="12256" SrcFileId="1" StartOffset="12229"/>
<Loc EndOffset="12279" SrcFileId="1" StartOffset="12261"/>
<Loc EndOffset="12315" SrcFileId="1" StartOffset="12284"/>
</LocList>
<BasicStmnt CovItemId="S180" CovItemPrefix="testing.TestUnitTestCase.java" Intrnl_Id="256">
<LocList>
<Loc EndOffset="12051" SrcFileId="1" StartOffset="12021"/>
</LocList>
</BasicStmnt>
<BasicStmnt CovItemId="S181" CovItemPrefix="testing.TestUnitTestCase.java" Intrnl_Id="257">
<LocList>
<Loc EndOffset="12106" SrcFileId="1" StartOffset="12062"/>
</LocList>
</BasicStmnt>
<BasicStmnt CovItemId="S182" CovItemPrefix="testing.TestUnitTestCase.java" Intrnl_Id="258">
<LocList>
<Loc EndOffset="12185" SrcFileId="1" StartOffset="12117"/>
</LocList>
</BasicStmnt>
<BasicStmnt CovItemId="S183" CovItemPrefix="testing.TestUnitTestCase.java" Intrnl_Id="259">
<LocList>
<Loc EndOffset="12218" SrcFileId="1" StartOffset="12196"/>
</LocList>
</BasicStmnt>
<BasicStmnt CovItemId="S184" CovItemPrefix="testing.TestUnitTestCase.java" Intrnl_Id="260">
<LocList>
<Loc EndOffset="12256" SrcFileId="1" StartOffset="12229"/>
</LocList>
</BasicStmnt>
<BasicStmnt CovItemId="S185" CovItemPrefix="testing.TestUnitTestCase.java" Intrnl_Id="261">
<LocList>
<Loc EndOffset="12279" SrcFileId="1" StartOffset="12261"/>
</LocList>
</BasicStmnt>
<BasicStmnt CovItemId="S186" CovItemPrefix="testing.TestUnitTestCase.java" Intrnl_Id="262">
<LocList>
<Loc EndOffset="12315" SrcFileId="1" StartOffset="12284"/>
</LocList>
</BasicStmnt>
</StmntSeq>
</HierarchyLvl>
</HierarchyLvl>
</HierarchyLvl>
<HierarchyLvl HierarchyLvlId="4231" HierarchyLvlTypeId="6" Intrnl_Id="263" Name="calculator">
<Header/>
<LocList/>
<HierarchyLvl HierarchyLvlId="4215" HierarchyLvlTypeId="8" Intrnl_Id="264" Name="SaveManager">
<Header>
<Loc EndOffset="240" SrcFileId="2" StartOffset="216"/>
</Header>
<LocList>
<Loc EndOffset="1129" SrcFileId="2" StartOffset="216"/>
</LocList>
<HierarchyLvl HierarchyLvlId="4212" HierarchyLvlTypeId="7" Intrnl_Id="265" Name="SaveManager">
<Header>
<Loc EndOffset="302" SrcFileId="2" StartOffset="282"/>
</Header>
<LocList>
<Loc EndOffset="345" SrcFileId="2" StartOffset="282"/>
</LocList>
<StmntSeq Intrnl_Id="266">
<LocList>
<Loc EndOffset="341" SrcFileId="2" StartOffset="307"/>
</LocList>
<BasicStmnt CovItemId="S1" CovItemPrefix="calculator.SaveManager.java" Intrnl_Id="267">
<LocList>
<Loc EndOffset="341" SrcFileId="2" StartOffset="307"/>
</LocList>
</BasicStmnt>
</StmntSeq>
</HierarchyLvl>
<HierarchyLvl HierarchyLvlId="4213" HierarchyLvlTypeId="7" Intrnl_Id="268" Name="readFromDisk">
<Header>
<Loc EndOffset="443" SrcFileId="2" StartOffset="394"/>
</Header>
<LocList>
<Loc EndOffset="749" SrcFileId="2" StartOffset="394"/>
</LocList>
<StmntSeq Intrnl_Id="269">
<LocList>
<Loc EndOffset="541" SrcFileId="2" StartOffset="465"/>
<Loc EndOffset="587" SrcFileId="2" StartOffset="546"/>
<Loc EndOffset="606" SrcFileId="2" StartOffset="595"/>
<Loc EndOffset="629" SrcFileId="2" StartOffset="614"/>
<Loc EndOffset="726" SrcFileId="2" StartOffset="451"/>
<Loc EndOffset="745" SrcFileId="2" StartOffset="730"/>
</LocList>
<BasicStmnt CovItemId="S3" CovItemPrefix="calculator.SaveManager.java" Intrnl_Id="270">
<LocList>
<Loc EndOffset="541" SrcFileId="2" StartOffset="465"/>
</LocList>
</BasicStmnt>
<BasicStmnt CovItemId="S4" CovItemPrefix="calculator.SaveManager.java" Intrnl_Id="271">
<LocList>
<Loc EndOffset="587" SrcFileId="2" StartOffset="546"/>
</LocList>
</BasicStmnt>
<BasicStmnt CovItemId="S5" CovItemPrefix="calculator.SaveManager.java" Intrnl_Id="272">
<LocList>
<Loc EndOffset="606" SrcFileId="2" StartOffset="595"/>
</LocList>
</BasicStmnt>
<BasicStmnt CovItemId="S6" CovItemPrefix="calculator.SaveManager.java" Intrnl_Id="273">
<LocList>
<Loc EndOffset="629" SrcFileId="2" StartOffset="614"/>
</LocList>
</BasicStmnt>
<CondStmnt CovItemId="S2" CovItemPrefix="calculator.SaveManager.java" Intrnl_Id="274">
<Branch CovItemId="B1" CovItemPrefix="calculator.SaveManager.java" Implct="true" Intrnl_Id="275">
<Cond/>
<LocList/>
<StmntSeq Intrnl_Id="276">
<LocList/>
</StmntSeq>
</Branch>
<Branch CovItemId="B2" CovItemPrefix="calculator.SaveManager.java" Implct="false" Intrnl_Id="277">
<Cond>
<Loc EndOffset="661" SrcFileId="2" StartOffset="641"/>
</Cond>
<LocList>
<Loc EndOffset="726" SrcFileId="2" StartOffset="669"/>
</LocList>
<StmntSeq Intrnl_Id="278">
<LocList>
<Loc EndOffset="721" SrcFileId="2" StartOffset="675"/>
</LocList>
<BasicStmnt CovItemId="S7" CovItemPrefix="calculator.SaveManager.java" Intrnl_Id="279">
<LocList>
<Loc EndOffset="721" SrcFileId="2" StartOffset="675"/>
</LocList>
</BasicStmnt>
</StmntSeq>
</Branch>
<Keyword EndOffset="454" SrcFileId="2" StartOffset="451"/>
<LocList>
<Loc EndOffset="726" SrcFileId="2" StartOffset="451"/>
</LocList>
</CondStmnt>
<BasicStmnt CovItemId="S8" CovItemPrefix="calculator.SaveManager.java" Intrnl_Id="280">
<LocList>
<Loc EndOffset="745" SrcFileId="2" StartOffset="730"/>
</LocList>
</BasicStmnt>
</StmntSeq>
</HierarchyLvl>
<HierarchyLvl HierarchyLvlId="4214" HierarchyLvlTypeId="7" Intrnl_Id="281" Name="saveToDisk">
<Header>
<Loc EndOffset="872" SrcFileId="2" StartOffset="811"/>
</Header>
<LocList>
<Loc EndOffset="1123" SrcFileId="2" StartOffset="811"/>
</LocList>
<StmntSeq Intrnl_Id="282">
<LocList>
<Loc EndOffset="974" SrcFileId="2" StartOffset="894"/>
<Loc EndOffset="1007" SrcFileId="2" StartOffset="982"/>
<Loc EndOffset="1027" SrcFileId="2" StartOffset="1015"/>
<Loc EndOffset="1119" SrcFileId="2" StartOffset="880"/>
</LocList>
<BasicStmnt CovItemId="S10" CovItemPrefix="calculator.SaveManager.java" Intrnl_Id="283">
<LocList>
<Loc EndOffset="974" SrcFileId="2" StartOffset="894"/>
</LocList>
</BasicStmnt>
<BasicStmnt CovItemId="S11" CovItemPrefix="calculator.SaveManager.java" Intrnl_Id="284">
<LocList>
<Loc EndOffset="1007" SrcFileId="2" StartOffset="982"/>
</LocList>
</BasicStmnt>
<BasicStmnt CovItemId="S12" CovItemPrefix="calculator.SaveManager.java" Intrnl_Id="285">
<LocList>
<Loc EndOffset="1027" SrcFileId="2" StartOffset="1015"/>
</LocList>
</BasicStmnt>
<CondStmnt CovItemId="S9" CovItemPrefix="calculator.SaveManager.java" Intrnl_Id="286">
<Branch CovItemId="B3" CovItemPrefix="calculator.SaveManager.java" Implct="true" Intrnl_Id="287">
<Cond/>
<LocList/>
<StmntSeq Intrnl_Id="288">
<LocList/>
</StmntSeq>
</Branch>
<Branch CovItemId="B4" CovItemPrefix="calculator.SaveManager.java" Implct="false" Intrnl_Id="289">
<Cond>
<Loc EndOffset="1057" SrcFileId="2" StartOffset="1037"/>
</Cond>
<LocList>
<Loc EndOffset="1119" SrcFileId="2" StartOffset="1062"/>
</LocList>
<StmntSeq Intrnl_Id="290">
<LocList>
<Loc EndOffset="1114" SrcFileId="2" StartOffset="1068"/>
</LocList>
<BasicStmnt CovItemId="S13" CovItemPrefix="calculator.SaveManager.java" Intrnl_Id="291">
<LocList>
<Loc EndOffset="1114" SrcFileId="2" StartOffset="1068"/>
</LocList>
</BasicStmnt>
</StmntSeq>
</Branch>
<Keyword EndOffset="883" SrcFileId="2" StartOffset="880"/>
<LocList>
<Loc EndOffset="1119" SrcFileId="2" StartOffset="880"/>
</LocList>
</CondStmnt>
</StmntSeq>
</HierarchyLvl>
</HierarchyLvl>
<HierarchyLvl HierarchyLvlId="4223" HierarchyLvlTypeId="8" Intrnl_Id="292" Name="CalculatorManager">
<Header>
<Loc EndOffset="392" SrcFileId="3" StartOffset="362"/>
</Header>
<LocList>
<Loc EndOffset="5830" SrcFileId="3" StartOffset="362"/>
</LocList>
<HierarchyLvl HierarchyLvlId="4216" HierarchyLvlTypeId="7" Intrnl_Id="293" Name="CalculatorManager">
<Header>
<Loc EndOffset="673" SrcFileId="3" StartOffset="599"/>
</Header>
<LocList>
<Loc EndOffset="858" SrcFileId="3" StartOffset="599"/>
</LocList>
<StmntSeq Intrnl_Id="294">
<LocList>
<Loc EndOffset="704" SrcFileId="3" StartOffset="681"/>
<Loc EndOffset="721" SrcFileId="3" StartOffset="708"/>
<Loc EndOffset="750" SrcFileId="3" StartOffset="725"/>
<Loc EndOffset="778" SrcFileId="3" StartOffset="754"/>
<Loc EndOffset="791" SrcFileId="3" StartOffset="782"/>
<Loc EndOffset="804" SrcFileId="3" StartOffset="795"/>
<Loc EndOffset="854" SrcFileId="3" StartOffset="808"/>
</LocList>
<BasicStmnt CovItemId="S1" CovItemPrefix="calculator.CalculatorManager.java" Intrnl_Id="295">
<LocList>
<Loc EndOffset="704" SrcFileId="3" StartOffset="681"/>
</LocList>
</BasicStmnt>
<BasicStmnt CovItemId="S2" CovItemPrefix="calculator.CalculatorManager.java" Intrnl_Id="296">
<LocList>
<Loc EndOffset="721" SrcFileId="3" StartOffset="708"/>
</LocList>
</BasicStmnt>
<BasicStmnt CovItemId="S3" CovItemPrefix="calculator.CalculatorManager.java" Intrnl_Id="297">
<LocList>
<Loc EndOffset="750" SrcFileId="3" StartOffset="725"/>
</LocList>
</BasicStmnt>
<BasicStmnt CovItemId="S4" CovItemPrefix="calculator.CalculatorManager.java" Intrnl_Id="298">
<LocList>
<Loc EndOffset="778" SrcFileId="3" StartOffset="754"/>
</LocList>
</BasicStmnt>
<BasicStmnt CovItemId="S5" CovItemPrefix="calculator.CalculatorManager.java" Intrnl_Id="299">
<LocList>
<Loc EndOffset="791" SrcFileId="3" StartOffset="782"/>
</LocList>
</BasicStmnt>
<BasicStmnt CovItemId="S6" CovItemPrefix="calculator.CalculatorManager.java" Intrnl_Id="300">
<LocList>
<Loc EndOffset="804" SrcFileId="3" StartOffset="795"/>
</LocList>
</BasicStmnt>
<BasicStmnt CovItemId="S7" CovItemPrefix="calculator.CalculatorManager.java" Intrnl_Id="301">
<LocList>
<Loc EndOffset="854" SrcFileId="3" StartOffset="808"/>
</LocList>
</BasicStmnt>
</StmntSeq>
</HierarchyLvl>
<HierarchyLvl HierarchyLvlId="4217" HierarchyLvlTypeId="7" Intrnl_Id="302" Name="saveResult">
<Header>
<Loc EndOffset="996" SrcFileId="3" StartOffset="957"/>
</Header>
<LocList>
<Loc EndOffset="1211" SrcFileId="3" StartOffset="957"/>
</LocList>
<StmntSeq Intrnl_Id="303">
<LocList>
<Loc EndOffset="1065" SrcFileId="3" StartOffset="1037"/>
<Loc EndOffset="1129" SrcFileId="3" StartOffset="1108"/>
<Loc EndOffset="1207" SrcFileId="3" StartOffset="1164"/>
</LocList>
<BasicStmnt CovItemId="S8" CovItemPrefix="calculator.CalculatorManager.java" Intrnl_Id="304">
<LocList>
<Loc EndOffset="1065" SrcFileId="3" StartOffset="1037"/>
</LocList>
</BasicStmnt>
<BasicStmnt CovItemId="S9" CovItemPrefix="calculator.CalculatorManager.java" Intrnl_Id="305">
<LocList>
<Loc EndOffset="1129" SrcFileId="3" StartOffset="1108"/>
</LocList>
</BasicStmnt>
<BasicStmnt CovItemId="S10" CovItemPrefix="calculator.CalculatorManager.java" Intrnl_Id="306">
<LocList>
<Loc EndOffset="1207" SrcFileId="3" StartOffset="1164"/>
</LocList>
</BasicStmnt>
</StmntSeq>
</HierarchyLvl>
<HierarchyLvl HierarchyLvlId="4218" HierarchyLvlTypeId="7" Intrnl_Id="307" Name="calculate">
<Header>
<Loc EndOffset="1441" SrcFileId="3" StartOffset="1403"/>
</Header>
<LocList>
<Loc EndOffset="2449" SrcFileId="3" StartOffset="1403"/>
</LocList>
<StmntSeq Intrnl_Id="308">
<LocList>
<Loc EndOffset="1467" SrcFileId="3" StartOffset="1449"/>
<Loc EndOffset="2336" SrcFileId="3" StartOffset="1485"/>
<Loc EndOffset="2427" SrcFileId="3" StartOffset="1471"/>
<Loc EndOffset="2445" SrcFileId="3" StartOffset="2431"/>
</LocList>
<BasicStmnt CovItemId="S11" CovItemPrefix="calculator.CalculatorManager.java" Intrnl_Id="309">
<LocList>
<Loc EndOffset="1467" SrcFileId="3" StartOffset="1449"/>
</LocList>
</BasicStmnt>
<CondStmnt CovItemId="S13" CovItemPrefix="calculator.CalculatorManager.java" Intrnl_Id="310">
<Branch CovItemId="B2" CovItemPrefix="calculator.CalculatorManager.java" Implct="false" Intrnl_Id="311">
<Cond/>
<LocList>
<Loc EndOffset="1629" SrcFileId="3" StartOffset="1518"/>
</LocList>
<StmntSeq Intrnl_Id="312">
<LocList>
<Loc EndOffset="1558" SrcFileId="3" StartOffset="1525"/>
<Loc EndOffset="1623" SrcFileId="3" StartOffset="1564"/>
</LocList>
<BasicStmnt CovItemId="S14" CovItemPrefix="calculator.CalculatorManager.java" Intrnl_Id="313">
<LocList>
<Loc EndOffset="1558" SrcFileId="3" StartOffset="1525"/>
</LocList>
</BasicStmnt>
<BasicStmnt CovItemId="S15" CovItemPrefix="calculator.CalculatorManager.java" Intrnl_Id="314">
<LocList>
<Loc EndOffset="1623" SrcFileId="3" StartOffset="1564"/>
</LocList>
</BasicStmnt>
</StmntSeq>
</Branch>
<Branch CovItemId="B3" CovItemPrefix="calculator.CalculatorManager.java" Implct="false" Intrnl_Id="315">
<Cond>
<Loc EndOffset="1638" SrcFileId="3" StartOffset="1634"/>
</Cond>
<LocList>
<Loc EndOffset="2336" SrcFileId="3" StartOffset="1639"/>
</LocList>
<StmntSeq Intrnl_Id="316">
<LocList>
<Loc EndOffset="2336" SrcFileId="3" StartOffset="1639"/>
</LocList>
<CondStmnt CovItemId="S16" CovItemPrefix="calculator.CalculatorManager.java" Intrnl_Id="317">
<Branch CovItemId="B4" CovItemPrefix="calculator.CalculatorManager.java" Implct="false" Intrnl_Id="318">
<Cond/>
<LocList>
<Loc EndOffset="1789" SrcFileId="3" StartOffset="1674"/>
</LocList>
<StmntSeq Intrnl_Id="319">
<LocList>
<Loc EndOffset="1716" SrcFileId="3" StartOffset="1681"/>
<Loc EndOffset="1783" SrcFileId="3" StartOffset="1722"/>
</LocList>
<BasicStmnt CovItemId="S17" CovItemPrefix="calculator.CalculatorManager.java" Intrnl_Id="320">
<LocList>
<Loc EndOffset="1716" SrcFileId="3" StartOffset="1681"/>
</LocList>
</BasicStmnt>
<BasicStmnt CovItemId="S18" CovItemPrefix="calculator.CalculatorManager.java" Intrnl_Id="321">
<LocList>
<Loc EndOffset="1783" SrcFileId="3" StartOffset="1722"/>
</LocList>
</BasicStmnt>
</StmntSeq>
</Branch>
<Branch CovItemId="B5" CovItemPrefix="calculator.CalculatorManager.java" Implct="false" Intrnl_Id="322">
<Cond>
<Loc EndOffset="1798" SrcFileId="3" StartOffset="1794"/>
</Cond>
<LocList>
<Loc EndOffset="2336" SrcFileId="3" StartOffset="1799"/>
</LocList>
<StmntSeq Intrnl_Id="323">
<LocList>
<Loc EndOffset="2336" SrcFileId="3" StartOffset="1799"/>
</LocList>
<CondStmnt CovItemId="S19" CovItemPrefix="calculator.CalculatorManager.java" Intrnl_Id="324">
<Branch CovItemId="B6" CovItemPrefix="calculator.CalculatorManager.java" Implct="false" Intrnl_Id="325">
<Cond/>
<LocList>
<Loc EndOffset="1934" SrcFileId="3" StartOffset="1829"/>
</LocList>
<StmntSeq Intrnl_Id="326">
<LocList>
<Loc EndOffset="1866" SrcFileId="3" StartOffset="1836"/>
<Loc EndOffset="1928" SrcFileId="3" StartOffset="1872"/>
</LocList>
<BasicStmnt CovItemId="S20" CovItemPrefix="calculator.CalculatorManager.java" Intrnl_Id="327">
<LocList>
<Loc EndOffset="1866" SrcFileId="3" StartOffset="1836"/>
</LocList>
</BasicStmnt>
<BasicStmnt CovItemId="S21" CovItemPrefix="calculator.CalculatorManager.java" Intrnl_Id="328">
<LocList>
<Loc EndOffset="1928" SrcFileId="3" StartOffset="1872"/>
</LocList>
</BasicStmnt>
</StmntSeq>
</Branch>
<Branch CovItemId="B7" CovItemPrefix="calculator.CalculatorManager.java" Implct="false" Intrnl_Id="329">
<Cond>
<Loc EndOffset="1943" SrcFileId="3" StartOffset="1939"/>
</Cond>
<LocList>
<Loc EndOffset="2336" SrcFileId="3" StartOffset="1944"/>
</LocList>
<StmntSeq Intrnl_Id="330">
<LocList>
<Loc EndOffset="2336" SrcFileId="3" StartOffset="1944"/>
</LocList>
<CondStmnt CovItemId="S22" CovItemPrefix="calculator.CalculatorManager.java" Intrnl_Id="331">
<Branch CovItemId="B8" CovItemPrefix="calculator.CalculatorManager.java" Implct="false" Intrnl_Id="332">
<Cond/>
<LocList>
<Loc EndOffset="2088" SrcFileId="3" StartOffset="1974"/>
</LocList>
<StmntSeq Intrnl_Id="333">
<LocList>
<Loc EndOffset="2011" SrcFileId="3" StartOffset="1981"/>
<Loc EndOffset="2082" SrcFileId="3" StartOffset="2017"/>
</LocList>
<BasicStmnt CovItemId="S23" CovItemPrefix="calculator.CalculatorManager.java" Intrnl_Id="334">
<LocList>
<Loc EndOffset="2011" SrcFileId="3" StartOffset="1981"/>
</LocList>
</BasicStmnt>
<BasicStmnt CovItemId="S24" CovItemPrefix="calculator.CalculatorManager.java" Intrnl_Id="335">
<LocList>
<Loc EndOffset="2082" SrcFileId="3" StartOffset="2017"/>
</LocList>
</BasicStmnt>
</StmntSeq>
</Branch>
<Branch CovItemId="B9" CovItemPrefix="calculator.CalculatorManager.java" Implct="false" Intrnl_Id="336">
<Cond>
<Loc EndOffset="2097" SrcFileId="3" StartOffset="2093"/>
</Cond>
<LocList>
<Loc EndOffset="2336" SrcFileId="3" StartOffset="2098"/>
</LocList>
<StmntSeq Intrnl_Id="337">
<LocList>
<Loc EndOffset="2336" SrcFileId="3" StartOffset="2098"/>
</LocList>
<CondStmnt CovItemId="S25" CovItemPrefix="calculator.CalculatorManager.java" Intrnl_Id="338">
<Branch CovItemId="B10" CovItemPrefix="calculator.CalculatorManager.java" Implct="false" Intrnl_Id="339">
<Cond/>
<LocList>
<Loc EndOffset="2242" SrcFileId="3" StartOffset="2129"/>
</LocList>
<StmntSeq Intrnl_Id="340">
<LocList>
<Loc EndOffset="2167" SrcFileId="3" StartOffset="2136"/>
<Loc EndOffset="2236" SrcFileId="3" StartOffset="2173"/>
</LocList>
<BasicStmnt CovItemId="S26" CovItemPrefix="calculator.CalculatorManager.java" Intrnl_Id="341">
<LocList>
<Loc EndOffset="2167" SrcFileId="3" StartOffset="2136"/>
</LocList>
</BasicStmnt>
<BasicStmnt CovItemId="S27" CovItemPrefix="calculator.CalculatorManager.java" Intrnl_Id="342">
<LocList>
<Loc EndOffset="2236" SrcFileId="3" StartOffset="2173"/>
</LocList>
</BasicStmnt>
</StmntSeq>
</Branch>
<Branch CovItemId="B11" CovItemPrefix="calculator.CalculatorManager.java" Implct="false" Intrnl_Id="343">
<Cond>
<Loc EndOffset="2251" SrcFileId="3" StartOffset="2247"/>
</Cond>
<LocList>
<Loc EndOffset="2336" SrcFileId="3" StartOffset="2256"/>
</LocList>
<StmntSeq Intrnl_Id="344">
<LocList>
<Loc EndOffset="2330" SrcFileId="3" StartOffset="2263"/>
</LocList>
<BasicStmnt CovItemId="S28" CovItemPrefix="calculator.CalculatorManager.java" Intrnl_Id="345">
<LocList>
<Loc EndOffset="2330" SrcFileId="3" StartOffset="2263"/>
</LocList>
</BasicStmnt>
</StmntSeq>
</Branch>
<Keyword EndOffset="2100" SrcFileId="3" StartOffset="2098"/>
<LocList>
<Loc EndOffset="2336" SrcFileId="3" StartOffset="2098"/>
</LocList>
<RootTerm CovItemId="C5" CovItemPrefix="calculator.CalculatorManager.java" Intrnl_Id="346">
<BasicBoolTerm Intrnl_Id="347">
<LocList>
<Loc EndOffset="2123" SrcFileId="3" StartOffset="2102"/>
</LocList>
</BasicBoolTerm>
</RootTerm>
</CondStmnt>
</StmntSeq>
</Branch>
<Keyword EndOffset="1946" SrcFileId="3" StartOffset="1944"/>
<LocList>
<Loc EndOffset="2336" SrcFileId="3" StartOffset="1944"/>
</LocList>
<RootTerm CovItemId="C4" CovItemPrefix="calculator.CalculatorManager.java" Intrnl_Id="348">
<BasicBoolTerm Intrnl_Id="349">
<LocList>
<Loc EndOffset="1968" SrcFileId="3" StartOffset="1948"/>
</LocList>
</BasicBoolTerm>
</RootTerm>
</CondStmnt>
</StmntSeq>
</Branch>
<Keyword EndOffset="1801" SrcFileId="3" StartOffset="1799"/>
<LocList>
<Loc EndOffset="2336" SrcFileId="3" StartOffset="1799"/>
</LocList>
<RootTerm CovItemId="C3" CovItemPrefix="calculator.CalculatorManager.java" Intrnl_Id="350">
<BasicBoolTerm Intrnl_Id="351">
<LocList>
<Loc EndOffset="1823" SrcFileId="3" StartOffset="1803"/>
</LocList>
</BasicBoolTerm>
</RootTerm>
</CondStmnt>
</StmntSeq>
</Branch>
<Keyword EndOffset="1641" SrcFileId="3" StartOffset="1639"/>
<LocList>
<Loc EndOffset="2336" SrcFileId="3" StartOffset="1639"/>
</LocList>
<RootTerm CovItemId="C2" CovItemPrefix="calculator.CalculatorManager.java" Intrnl_Id="352">
<BasicBoolTerm Intrnl_Id="353">
<LocList>
<Loc EndOffset="1668" SrcFileId="3" StartOffset="1643"/>
</LocList>
</BasicBoolTerm>
</RootTerm>
</CondStmnt>
</StmntSeq>
</Branch>
<Keyword EndOffset="1487" SrcFileId="3" StartOffset="1485"/>
<LocList>
<Loc EndOffset="2336" SrcFileId="3" StartOffset="1485"/>
</LocList>
<RootTerm CovItemId="C1" CovItemPrefix="calculator.CalculatorManager.java" Intrnl_Id="354">
<BasicBoolTerm Intrnl_Id="355">
<LocList>
<Loc EndOffset="1512" SrcFileId="3" StartOffset="1489"/>
</LocList>
</BasicBoolTerm>
</RootTerm>
</CondStmnt>
<CondStmnt CovItemId="S12" CovItemPrefix="calculator.CalculatorManager.java" Intrnl_Id="356">
<Branch CovItemId="B1" CovItemPrefix="calculator.CalculatorManager.java" Implct="true" Intrnl_Id="357">
<Cond/>
<LocList/>
<StmntSeq Intrnl_Id="358">
<LocList/>
</StmntSeq>
</Branch>
<Branch CovItemId="B12" CovItemPrefix="calculator.CalculatorManager.java" Implct="false" Intrnl_Id="359">
<Cond>
<Loc EndOffset="2365" SrcFileId="3" StartOffset="2345"/>
</Cond>
<LocList>
<Loc EndOffset="2427" SrcFileId="3" StartOffset="2370"/>
</LocList>
<StmntSeq Intrnl_Id="360">
<LocList>
<Loc EndOffset="2422" SrcFileId="3" StartOffset="2376"/>
</LocList>
<BasicStmnt CovItemId="S29" CovItemPrefix="calculator.CalculatorManager.java" Intrnl_Id="361">
<LocList>
<Loc EndOffset="2422" SrcFileId="3" StartOffset="2376"/>
</LocList>
</BasicStmnt>
</StmntSeq>
</Branch>
<Keyword EndOffset="1474" SrcFileId="3" StartOffset="1471"/>
<LocList>
<Loc EndOffset="2427" SrcFileId="3" StartOffset="1471"/>
</LocList>
</CondStmnt>
<BasicStmnt CovItemId="S30" CovItemPrefix="calculator.CalculatorManager.java" Intrnl_Id="362">
<LocList>
<Loc EndOffset="2445" SrcFileId="3" StartOffset="2431"/>
</LocList>
</BasicStmnt>
</StmntSeq>
</HierarchyLvl>
<HierarchyLvl HierarchyLvlId="4219" HierarchyLvlTypeId="7" Intrnl_Id="363" Name="printInfo">
<Header>
<Loc EndOffset="2537" SrcFileId="3" StartOffset="2513"/>
</Header>
<LocList>
<Loc EndOffset="2869" SrcFileId="3" StartOffset="2513"/>
</LocList>
<StmntSeq Intrnl_Id="364">
<LocList>
<Loc EndOffset="2578" SrcFileId="3" StartOffset="2545"/>
<Loc EndOffset="2614" SrcFileId="3" StartOffset="2582"/>
<Loc EndOffset="2647" SrcFileId="3" StartOffset="2618"/>
<Loc EndOffset="2686" SrcFileId="3" StartOffset="2651"/>
<Loc EndOffset="2724" SrcFileId="3" StartOffset="2690"/>
<Loc EndOffset="2770" SrcFileId="3" StartOffset="2728"/>
<Loc EndOffset="2813" SrcFileId="3" StartOffset="2774"/>
<Loc EndOffset="2865" SrcFileId="3" StartOffset="2817"/>
</LocList>
<BasicStmnt CovItemId="S31" CovItemPrefix="calculator.CalculatorManager.java" Intrnl_Id="365">
<LocList>
<Loc EndOffset="2578" SrcFileId="3" StartOffset="2545"/>
</LocList>
</BasicStmnt>
<BasicStmnt CovItemId="S32" CovItemPrefix="calculator.CalculatorManager.java" Intrnl_Id="366">
<LocList>
<Loc EndOffset="2614" SrcFileId="3" StartOffset="2582"/>
</LocList>
</BasicStmnt>
<BasicStmnt CovItemId="S33" CovItemPrefix="calculator.CalculatorManager.java" Intrnl_Id="367">
<LocList>
<Loc EndOffset="2647" SrcFileId="3" StartOffset="2618"/>
</LocList>
</BasicStmnt>
<BasicStmnt CovItemId="S34" CovItemPrefix="calculator.CalculatorManager.java" Intrnl_Id="368">
<LocList>
<Loc EndOffset="2686" SrcFileId="3" StartOffset="2651"/>
</LocList>
</BasicStmnt>
<BasicStmnt CovItemId="S35" CovItemPrefix="calculator.CalculatorManager.java" Intrnl_Id="369">
<LocList>
<Loc EndOffset="2724" SrcFileId="3" StartOffset="2690"/>
</LocList>
</BasicStmnt>
<BasicStmnt CovItemId="S36" CovItemPrefix="calculator.CalculatorManager.java" Intrnl_Id="370">
<LocList>
<Loc EndOffset="2770" SrcFileId="3" StartOffset="2728"/>
</LocList>
</BasicStmnt>
<BasicStmnt CovItemId="S37" CovItemPrefix="calculator.CalculatorManager.java" Intrnl_Id="371">
<LocList>
<Loc EndOffset="2813" SrcFileId="3" StartOffset="2774"/>
</LocList>
</BasicStmnt>
<BasicStmnt CovItemId="S38" CovItemPrefix="calculator.CalculatorManager.java" Intrnl_Id="372">
<LocList>
<Loc EndOffset="2865" SrcFileId="3" StartOffset="2817"/>
</LocList>
</BasicStmnt>
</StmntSeq>
</HierarchyLvl>
<HierarchyLvl HierarchyLvlId="4220" HierarchyLvlTypeId="7" Intrnl_Id="373" Name="start">
<Header>
<Loc EndOffset="2897" SrcFileId="3" StartOffset="2878"/>
</Header>
<LocList>
<Loc EndOffset="3529" SrcFileId="3" StartOffset="2878"/>
</LocList>
<StmntSeq Intrnl_Id="374">
<LocList>
<Loc EndOffset="2921" SrcFileId="3" StartOffset="2905"/>
<Loc EndOffset="2937" SrcFileId="3" StartOffset="2925"/>
<Loc EndOffset="2978" SrcFileId="3" StartOffset="2941"/>
<Loc EndOffset="3286" SrcFileId="3" StartOffset="2986"/>
<Loc EndOffset="3373" SrcFileId="3" StartOffset="3328"/>
<Loc EndOffset="3396" SrcFileId="3" StartOffset="3377"/>
<Loc EndOffset="3445" SrcFileId="3" StartOffset="3404"/>
<Loc EndOffset="3468" SrcFileId="3" StartOffset="3449"/>
<Loc EndOffset="3525" SrcFileId="3" StartOffset="3509"/>
</LocList>
<BasicStmnt CovItemId="S39" CovItemPrefix="calculator.CalculatorManager.java" Intrnl_Id="375">
<LocList>
<Loc EndOffset="2921" SrcFileId="3" StartOffset="2905"/>
</LocList>
</BasicStmnt>
<BasicStmnt CovItemId="S40" CovItemPrefix="calculator.CalculatorManager.java" Intrnl_Id="376">
<LocList>
<Loc EndOffset="2937" SrcFileId="3" StartOffset="2925"/>
</LocList>
</BasicStmnt>
<BasicStmnt CovItemId="S41" CovItemPrefix="calculator.CalculatorManager.java" Intrnl_Id="377">
<LocList>
<Loc EndOffset="2978" SrcFileId="3" StartOffset="2941"/>
</LocList>
</BasicStmnt>
<CondStmnt CovItemId="S42" CovItemPrefix="calculator.CalculatorManager.java" Intrnl_Id="378">
<Branch CovItemId="B13" CovItemPrefix="calculator.CalculatorManager.java" Implct="false" Intrnl_Id="379">
<Cond/>
<LocList>
<Loc EndOffset="3158" SrcFileId="3" StartOffset="3025"/>
</LocList>
<StmntSeq Intrnl_Id="380">
<LocList>
<Loc EndOffset="3073" SrcFileId="3" StartOffset="3031"/>
<Loc EndOffset="3153" SrcFileId="3" StartOffset="3078"/>
</LocList>
<BasicStmnt CovItemId="S43" CovItemPrefix="calculator.CalculatorManager.java" Intrnl_Id="381">
<LocList>
<Loc EndOffset="3073" SrcFileId="3" StartOffset="3031"/>
</LocList>
</BasicStmnt>
<LoopStmnt CovItemId="S44" CovItemPrefix="calculator.CalculatorManager.java" Intrnl_Id="382" MltplExecId="L1-2" MltplExecPrefix="calculator.CalculatorManager.java" NvrExecId="L1-0" NvrExecPrefix="calculator.CalculatorManager.java" OnceExecutedId="L1-1" OnceExecutedPrefix="calculator.CalculatorManager.java" OptBodyExec="true">
<StmntSeq Intrnl_Id="383">
<LocList>
<Loc EndOffset="3147" SrcFileId="3" StartOffset="3120"/>
</LocList>
<BasicStmnt CovItemId="S45" CovItemPrefix="calculator.CalculatorManager.java" Intrnl_Id="384">
<LocList>
<Loc EndOffset="3147" SrcFileId="3" StartOffset="3120"/>
</LocList>
</BasicStmnt>
</StmntSeq>
<Keyword EndOffset="3081" SrcFileId="3" StartOffset="3078"/>
<LocList>
<Loc EndOffset="3153" SrcFileId="3" StartOffset="3078"/>
</LocList>
</LoopStmnt>
</StmntSeq>
</Branch>
<Branch CovItemId="B14" CovItemPrefix="calculator.CalculatorManager.java" Implct="false" Intrnl_Id="385">
<Cond>
<Loc EndOffset="3166" SrcFileId="3" StartOffset="3162"/>
</Cond>
<LocList>
<Loc EndOffset="3286" SrcFileId="3" StartOffset="3167"/>
</LocList>
<StmntSeq Intrnl_Id="386">
<LocList>
<Loc EndOffset="3286" SrcFileId="3" StartOffset="3167"/>
</LocList>
<CondStmnt CovItemId="S46" CovItemPrefix="calculator.CalculatorManager.java" Intrnl_Id="387">
<Branch CovItemId="B15" CovItemPrefix="calculator.CalculatorManager.java" Implct="false" Intrnl_Id="388">
<Cond/>
<LocList>
<Loc EndOffset="3224" SrcFileId="3" StartOffset="3206"/>
</LocList>
<StmntSeq Intrnl_Id="389">
<LocList>
<Loc EndOffset="3219" SrcFileId="3" StartOffset="3212"/>
</LocList>
<BasicStmnt CovItemId="S47" CovItemPrefix="calculator.CalculatorManager.java" Intrnl_Id="390">
<LocList>
<Loc EndOffset="3219" SrcFileId="3" StartOffset="3212"/>
</LocList>
</BasicStmnt>
</StmntSeq>
</Branch>
<Branch CovItemId="B16" CovItemPrefix="calculator.CalculatorManager.java" Implct="false" Intrnl_Id="391">
<Cond>
<Loc EndOffset="3232" SrcFileId="3" StartOffset="3228"/>
</Cond>
<LocList>
<Loc EndOffset="3286" SrcFileId="3" StartOffset="3237"/>
</LocList>
<StmntSeq Intrnl_Id="392">
<LocList>
<Loc EndOffset="3275" SrcFileId="3" StartOffset="3243"/>
</LocList>
<BasicStmnt CovItemId="S48" CovItemPrefix="calculator.CalculatorManager.java" Intrnl_Id="393">
<LocList>
<Loc EndOffset="3275" SrcFileId="3" StartOffset="3243"/>
</LocList>
</BasicStmnt>
</StmntSeq>
</Branch>
<Keyword EndOffset="3169" SrcFileId="3" StartOffset="3167"/>
<LocList>
<Loc EndOffset="3286" SrcFileId="3" StartOffset="3167"/>
</LocList>
<RootTerm CovItemId="C7" CovItemPrefix="calculator.CalculatorManager.java" Intrnl_Id="394">
<BasicBoolTerm Intrnl_Id="395">
<LocList>
<Loc EndOffset="3201" SrcFileId="3" StartOffset="3171"/>
</LocList>
</BasicBoolTerm>
</RootTerm>
</CondStmnt>
</StmntSeq>
</Branch>
<Keyword EndOffset="2988" SrcFileId="3" StartOffset="2986"/>
<LocList>
<Loc EndOffset="3286" SrcFileId="3" StartOffset="2986"/>
</LocList>
<RootTerm CovItemId="C6" CovItemPrefix="calculator.CalculatorManager.java" Intrnl_Id="396">
<BasicBoolTerm Intrnl_Id="397">
<LocList>
<Loc EndOffset="3020" SrcFileId="3" StartOffset="2990"/>
</LocList>
</BasicBoolTerm>
</RootTerm>
</CondStmnt>
<BasicStmnt CovItemId="S49" CovItemPrefix="calculator.CalculatorManager.java" Intrnl_Id="398">
<LocList>
<Loc EndOffset="3373" SrcFileId="3" StartOffset="3328"/>
</LocList>
</BasicStmnt>
<BasicStmnt CovItemId="S50" CovItemPrefix="calculator.CalculatorManager.java" Intrnl_Id="399">
<LocList>
<Loc EndOffset="3396" SrcFileId="3" StartOffset="3377"/>
</LocList>
</BasicStmnt>
<BasicStmnt CovItemId="S51" CovItemPrefix="calculator.CalculatorManager.java" Intrnl_Id="400">
<LocList>
<Loc EndOffset="3445" SrcFileId="3" StartOffset="3404"/>
</LocList>
</BasicStmnt>
<BasicStmnt CovItemId="S52" CovItemPrefix="calculator.CalculatorManager.java" Intrnl_Id="401">
<LocList>
<Loc EndOffset="3468" SrcFileId="3" StartOffset="3449"/>
</LocList>
</BasicStmnt>
<BasicStmnt CovItemId="S53" CovItemPrefix="calculator.CalculatorManager.java" Intrnl_Id="402">
<LocList>
<Loc EndOffset="3525" SrcFileId="3" StartOffset="3509"/>
</LocList>
</BasicStmnt>
</StmntSeq>
</HierarchyLvl>
<HierarchyLvl HierarchyLvlId="4221" HierarchyLvlTypeId="7" Intrnl_Id="403" Name="getDouble">
<Header>
<Loc EndOffset="3563" SrcFileId="3" StartOffset="3537"/>
</Header>
<LocList>
<Loc EndOffset="3891" SrcFileId="3" StartOffset="3537"/>
</LocList>
<StmntSeq Intrnl_Id="404">
<LocList>
<Loc EndOffset="3583" SrcFileId="3" StartOffset="3569"/>
<Loc EndOffset="3612" SrcFileId="3" StartOffset="3587"/>
<Loc EndOffset="3873" SrcFileId="3" StartOffset="3616"/>
<Loc EndOffset="3887" SrcFileId="3" StartOffset="3877"/>
</LocList>
<BasicStmnt CovItemId="S54" CovItemPrefix="calculator.CalculatorManager.java" Intrnl_Id="405">
<LocList>
<Loc EndOffset="3583" SrcFileId="3" StartOffset="3569"/>
</LocList>
</BasicStmnt>
<BasicStmnt CovItemId="S55" CovItemPrefix="calculator.CalculatorManager.java" Intrnl_Id="406">
<LocList>
<Loc EndOffset="3612" SrcFileId="3" StartOffset="3587"/>
</LocList>
</BasicStmnt>
<LoopStmnt CovItemId="S56" CovItemPrefix="calculator.CalculatorManager.java" Intrnl_Id="407" MltplExecId="L2-2" MltplExecPrefix="calculator.CalculatorManager.java" NvrExecId="L2-0" NvrExecPrefix="calculator.CalculatorManager.java" OnceExecutedId="L2-1" OnceExecutedPrefix="calculator.CalculatorManager.java" OptBodyExec="true">
<StmntSeq Intrnl_Id="408">
<LocList>
<Loc EndOffset="3693" SrcFileId="3" StartOffset="3648"/>
<Loc EndOffset="3715" SrcFileId="3" StartOffset="3699"/>
<Loc EndOffset="3868" SrcFileId="3" StartOffset="3638"/>
</LocList>
<BasicStmnt CovItemId="S58" CovItemPrefix="calculator.CalculatorManager.java" Intrnl_Id="409">
<LocList>
<Loc EndOffset="3693" SrcFileId="3" StartOffset="3648"/>
</LocList>
</BasicStmnt>
<BasicStmnt CovItemId="S59" CovItemPrefix="calculator.CalculatorManager.java" Intrnl_Id="410">
<LocList>
<Loc EndOffset="3715" SrcFileId="3" StartOffset="3699"/>
</LocList>
</BasicStmnt>
<CondStmnt CovItemId="S57" CovItemPrefix="calculator.CalculatorManager.java" Intrnl_Id="411">
<Branch CovItemId="B17" CovItemPrefix="calculator.CalculatorManager.java" Implct="true" Intrnl_Id="412">
<Cond/>
<LocList/>
<StmntSeq Intrnl_Id="413">
<LocList/>
</StmntSeq>
</Branch>
<Branch CovItemId="B18" CovItemPrefix="calculator.CalculatorManager.java" Implct="false" Intrnl_Id="414">
<Cond>
<Loc EndOffset="3744" SrcFileId="3" StartOffset="3726"/>
</Cond>
<LocList>
<Loc EndOffset="3868" SrcFileId="3" StartOffset="3744"/>
</LocList>
<StmntSeq Intrnl_Id="415">
<LocList>
<Loc EndOffset="3758" SrcFileId="3" StartOffset="3751"/>
<Loc EndOffset="3811" SrcFileId="3" StartOffset="3764"/>
<Loc EndOffset="3862" SrcFileId="3" StartOffset="3817"/>
</LocList>
<BasicStmnt CovItemId="S60" CovItemPrefix="calculator.CalculatorManager.java" Intrnl_Id="416">
<LocList>
<Loc EndOffset="3758" SrcFileId="3" StartOffset="3751"/>
</LocList>
</BasicStmnt>
<BasicStmnt CovItemId="S61" CovItemPrefix="calculator.CalculatorManager.java" Intrnl_Id="417">
<LocList>
<Loc EndOffset="3811" SrcFileId="3" StartOffset="3764"/>
</LocList>
</BasicStmnt>
<BasicStmnt CovItemId="S62" CovItemPrefix="calculator.CalculatorManager.java" Intrnl_Id="418">
<LocList>
<Loc EndOffset="3862" SrcFileId="3" StartOffset="3817"/>
</LocList>
</BasicStmnt>
</StmntSeq>
</Branch>
<Keyword EndOffset="3641" SrcFileId="3" StartOffset="3638"/>
<LocList>
<Loc EndOffset="3868" SrcFileId="3" StartOffset="3638"/>
</LocList>
</CondStmnt>
</StmntSeq>
<Keyword EndOffset="3621" SrcFileId="3" StartOffset="3616"/>
<LocList>
<Loc EndOffset="3873" SrcFileId="3" StartOffset="3616"/>
</LocList>
<RootTerm CovItemId="C8" CovItemPrefix="calculator.CalculatorManager.java" Intrnl_Id="419">
<OpTerm BooleanOpId="5" Intrnl_Id="420">
<BasicBoolTerm Intrnl_Id="421">
<LocList>
<Loc EndOffset="3631" SrcFileId="3" StartOffset="3623"/>
</LocList>
</BasicBoolTerm>
<LocList>
<Loc EndOffset="3623" SrcFileId="3" StartOffset="3622"/>
</LocList>
</OpTerm>
</RootTerm>
</LoopStmnt>
<BasicStmnt CovItemId="S63" CovItemPrefix="calculator.CalculatorManager.java" Intrnl_Id="422">
<LocList>
<Loc EndOffset="3887" SrcFileId="3" StartOffset="3877"/>
</LocList>
</BasicStmnt>
</StmntSeq>
</HierarchyLvl>
<HierarchyLvl HierarchyLvlId="4222" HierarchyLvlTypeId="7" Intrnl_Id="423" Name="choice">
<Header>
<Loc EndOffset="3934" SrcFileId="3" StartOffset="3899"/>
</Header>
<LocList>
<Loc EndOffset="4203" SrcFileId="3" StartOffset="3899"/>
</LocList>
<StmntSeq Intrnl_Id="424">
<LocList>
<Loc EndOffset="4199" SrcFileId="3" StartOffset="3944"/>
</LocList>
<CondStmnt CovItemId="S64" CovItemPrefix="calculator.CalculatorManager.java" Intrnl_Id="425">
<Branch CovItemId="B19" CovItemPrefix="calculator.CalculatorManager.java" Implct="false" Intrnl_Id="426">
<Cond>
<Loc EndOffset="3971" SrcFileId="3" StartOffset="3965"/>
</Cond>
<LocList>
<Loc EndOffset="4008" SrcFileId="3" StartOffset="3977"/>
</LocList>
<StmntSeq Intrnl_Id="427">
<LocList>
<Loc EndOffset="3997" SrcFileId="3" StartOffset="3977"/>
<Loc EndOffset="4008" SrcFileId="3" StartOffset="4002"/>
</LocList>
<BasicStmnt CovItemId="S65" CovItemPrefix="calculator.CalculatorManager.java" Intrnl_Id="428">
<LocList>
<Loc EndOffset="3997" SrcFileId="3" StartOffset="3977"/>
</LocList>
</BasicStmnt>
<BasicStmnt CovItemId="S66" CovItemPrefix="calculator.CalculatorManager.java" Intrnl_Id="429">
<LocList>
<Loc EndOffset="4008" SrcFileId="3" StartOffset="4002"/>
</LocList>
</BasicStmnt>
</StmntSeq>
</Branch>
<Branch CovItemId="B20" CovItemPrefix="calculator.CalculatorManager.java" Implct="false" Intrnl_Id="430">
<Cond>
<Loc EndOffset="4018" SrcFileId="3" StartOffset="4012"/>
</Cond>
<LocList>
<Loc EndOffset="4052" SrcFileId="3" StartOffset="4024"/>
</LocList>
<StmntSeq Intrnl_Id="431">
<LocList>
<Loc EndOffset="4041" SrcFileId="3" StartOffset="4024"/>
<Loc EndOffset="4052" SrcFileId="3" StartOffset="4046"/>
</LocList>
<BasicStmnt CovItemId="S67" CovItemPrefix="calculator.CalculatorManager.java" Intrnl_Id="432">
<LocList>
<Loc EndOffset="4041" SrcFileId="3" StartOffset="4024"/>
</LocList>
</BasicStmnt>
<BasicStmnt CovItemId="S68" CovItemPrefix="calculator.CalculatorManager.java" Intrnl_Id="433">
<LocList>
<Loc EndOffset="4052" SrcFileId="3" StartOffset="4046"/>
</LocList>
</BasicStmnt>
</StmntSeq>
</Branch>
<Branch CovItemId="B21" CovItemPrefix="calculator.CalculatorManager.java" Implct="false" Intrnl_Id="434">
<Cond>
<Loc EndOffset="4062" SrcFileId="3" StartOffset="4056"/>
</Cond>
<LocList>
<Loc EndOffset="4096" SrcFileId="3" StartOffset="4068"/>
</LocList>
<StmntSeq Intrnl_Id="435">
<LocList>
<Loc EndOffset="4085" SrcFileId="3" StartOffset="4068"/>
<Loc EndOffset="4096" SrcFileId="3" StartOffset="4090"/>
</LocList>
<BasicStmnt CovItemId="S69" CovItemPrefix="calculator.CalculatorManager.java" Intrnl_Id="436">
<LocList>
<Loc EndOffset="4085" SrcFileId="3" StartOffset="4068"/>
</LocList>
</BasicStmnt>
<BasicStmnt CovItemId="S70" CovItemPrefix="calculator.CalculatorManager.java" Intrnl_Id="437">
<LocList>
<Loc EndOffset="4096" SrcFileId="3" StartOffset="4090"/>
</LocList>
</BasicStmnt>
</StmntSeq>
</Branch>
<Branch CovItemId="B22" CovItemPrefix="calculator.CalculatorManager.java" Implct="false" Intrnl_Id="438">
<Cond>
<Loc EndOffset="4106" SrcFileId="3" StartOffset="4100"/>
</Cond>
<LocList>
<Loc EndOffset="4148" SrcFileId="3" StartOffset="4115"/>
</LocList>
<StmntSeq Intrnl_Id="439">
<LocList>
<Loc EndOffset="4137" SrcFileId="3" StartOffset="4115"/>
<Loc EndOffset="4148" SrcFileId="3" StartOffset="4142"/>
</LocList>
<BasicStmnt CovItemId="S71" CovItemPrefix="calculator.CalculatorManager.java" Intrnl_Id="440">
<LocList>
<Loc EndOffset="4137" SrcFileId="3" StartOffset="4115"/>
</LocList>
</BasicStmnt>
<BasicStmnt CovItemId="S72" CovItemPrefix="calculator.CalculatorManager.java" Intrnl_Id="441">
<LocList>
<Loc EndOffset="4148" SrcFileId="3" StartOffset="4142"/>
</LocList>
</BasicStmnt>
</StmntSeq>
</Branch>
<Branch CovItemId="B23" CovItemPrefix="calculator.CalculatorManager.java" Implct="false" Intrnl_Id="442">
<Cond>
<Loc EndOffset="4158" SrcFileId="3" StartOffset="4152"/>
</Cond>
<LocList>
<Loc EndOffset="4194" SrcFileId="3" StartOffset="4165"/>
</LocList>
<StmntSeq Intrnl_Id="443">
<LocList>
<Loc EndOffset="4183" SrcFileId="3" StartOffset="4165"/>
<Loc EndOffset="4194" SrcFileId="3" StartOffset="4188"/>
</LocList>
<BasicStmnt CovItemId="S73" CovItemPrefix="calculator.CalculatorManager.java" Intrnl_Id="444">
<LocList>
<Loc EndOffset="4183" SrcFileId="3" StartOffset="4165"/>
</LocList>
</BasicStmnt>
<BasicStmnt CovItemId="S74" CovItemPrefix="calculator.CalculatorManager.java" Intrnl_Id="445">
<LocList>
<Loc EndOffset="4194" SrcFileId="3" StartOffset="4188"/>
</LocList>
</BasicStmnt>
</StmntSeq>
</Branch>
<Branch CovItemId="B24" CovItemPrefix="calculator.CalculatorManager.java" Implct="true" Intrnl_Id="446">
<Cond/>
<LocList/>
<StmntSeq Intrnl_Id="447">
<LocList/>
</StmntSeq>
</Branch>
<Keyword EndOffset="3950" SrcFileId="3" StartOffset="3944"/>
<LocList>
<Loc EndOffset="4199" SrcFileId="3" StartOffset="3944"/>
</LocList>
</CondStmnt>
</StmntSeq>
</HierarchyLvl>
</HierarchyLvl>
<HierarchyLvl HierarchyLvlId="4229" HierarchyLvlTypeId="8" Intrnl_Id="448" Name="Calculator">
<Header>
<Loc EndOffset="307" SrcFileId="4" StartOffset="284"/>
</Header>
<LocList>
<Loc EndOffset="1808" SrcFileId="4" StartOffset="284"/>
</LocList>
<HierarchyLvl HierarchyLvlId="4224" HierarchyLvlTypeId="7" Intrnl_Id="449" Name="add">
<Header>
<Loc EndOffset="541" SrcFileId="4" StartOffset="481"/>
</Header>
<LocList>
<Loc EndOffset="658" SrcFileId="4" StartOffset="481"/>
</LocList>
<StmntSeq Intrnl_Id="450">
<LocList>
<Loc EndOffset="620" SrcFileId="4" StartOffset="549"/>
<Loc EndOffset="654" SrcFileId="4" StartOffset="624"/>
</LocList>
<CondStmnt CovItemId="S1" CovItemPrefix="calculator.Calculator.java" Intrnl_Id="451">
<Branch CovItemId="B1" CovItemPrefix="calculator.Calculator.java" Implct="false" Intrnl_Id="452">
<Cond/>
<LocList>
<Loc EndOffset="620" SrcFileId="4" StartOffset="589"/>
</LocList>
<StmntSeq Intrnl_Id="453">
<LocList>
<Loc EndOffset="615" SrcFileId="4" StartOffset="596"/>
</LocList>
<BasicStmnt CovItemId="S2" CovItemPrefix="calculator.Calculator.java" Intrnl_Id="454">
<LocList>
<Loc EndOffset="615" SrcFileId="4" StartOffset="596"/>
</LocList>
</BasicStmnt>
</StmntSeq>
</Branch>
<Branch CovItemId="B2" CovItemPrefix="calculator.Calculator.java" Implct="true" Intrnl_Id="455">
<Cond/>
<LocList/>
<StmntSeq Intrnl_Id="456">
<LocList/>
</StmntSeq>
</Branch>
<Keyword EndOffset="551" SrcFileId="4" StartOffset="549"/>
<LocList>
<Loc EndOffset="620" SrcFileId="4" StartOffset="549"/>
</LocList>
<RootTerm CovItemId="C1" CovItemPrefix="calculator.Calculator.java" Intrnl_Id="457">
<OpTerm BooleanOpId="5" Intrnl_Id="458">
<BasicBoolTerm Intrnl_Id="459">
<LocList>
<Loc EndOffset="584" SrcFileId="4" StartOffset="554"/>
</LocList>
</BasicBoolTerm>
<LocList>
<Loc EndOffset="554" SrcFileId="4" StartOffset="553"/>
</LocList>
</OpTerm>
</RootTerm>
</CondStmnt>
<BasicStmnt CovItemId="S3" CovItemPrefix="calculator.Calculator.java" Intrnl_Id="460">
<LocList>
<Loc EndOffset="654" SrcFileId="4" StartOffset="624"/>
</LocList>
</BasicStmnt>
</StmntSeq>
</HierarchyLvl>
<HierarchyLvl HierarchyLvlId="4225" HierarchyLvlTypeId="7" Intrnl_Id="461" Name="divide">
<Header>
<Loc EndOffset="833" SrcFileId="4" StartOffset="775"/>
</Header>
<LocList>
<Loc EndOffset="1081" SrcFileId="4" StartOffset="775"/>
</LocList>
<StmntSeq Intrnl_Id="462">
<LocList>
<Loc EndOffset="945" SrcFileId="4" StartOffset="855"/>
<Loc EndOffset="979" SrcFileId="4" StartOffset="950"/>
<Loc EndOffset="1077" SrcFileId="4" StartOffset="841"/>
</LocList>
<CondStmnt CovItemId="S5" CovItemPrefix="calculator.Calculator.java" Intrnl_Id="463">
<Branch CovItemId="B4" CovItemPrefix="calculator.Calculator.java" Implct="false" Intrnl_Id="464">
<Cond/>
<LocList>
<Loc EndOffset="945" SrcFileId="4" StartOffset="881"/>
</LocList>
<StmntSeq Intrnl_Id="465">
<LocList>
<Loc EndOffset="939" SrcFileId="4" StartOffset="888"/>
</LocList>
<BasicStmnt CovItemId="S6" CovItemPrefix="calculator.Calculator.java" Intrnl_Id="466">
<LocList>
<Loc EndOffset="939" SrcFileId="4" StartOffset="888"/>
</LocList>
</BasicStmnt>
</StmntSeq>
</Branch>
<Branch CovItemId="B5" CovItemPrefix="calculator.Calculator.java" Implct="true" Intrnl_Id="467">
<Cond/>
<LocList/>
<StmntSeq Intrnl_Id="468">
<LocList/>
</StmntSeq>
</Branch>
<Keyword EndOffset="857" SrcFileId="4" StartOffset="855"/>
<LocList>
<Loc EndOffset="945" SrcFileId="4" StartOffset="855"/>
</LocList>
<RootTerm CovItemId="C2" CovItemPrefix="calculator.Calculator.java" Intrnl_Id="469">
<BasicBoolTerm Intrnl_Id="470">
<LocList>
<Loc EndOffset="875" SrcFileId="4" StartOffset="859"/>
</LocList>
</BasicBoolTerm>
</RootTerm>
</CondStmnt>
<BasicStmnt CovItemId="S7" CovItemPrefix="calculator.Calculator.java" Intrnl_Id="471">
<LocList>
<Loc EndOffset="979" SrcFileId="4" StartOffset="950"/>
</LocList>
</BasicStmnt>
<CondStmnt CovItemId="S4" CovItemPrefix="calculator.Calculator.java" Intrnl_Id="472">
<Branch CovItemId="B3" CovItemPrefix="calculator.Calculator.java" Implct="true" Intrnl_Id="473">
<Cond/>
<LocList/>
<StmntSeq Intrnl_Id="474">
<LocList/>
</StmntSeq>
</Branch>
<Branch CovItemId="B6" CovItemPrefix="calculator.Calculator.java" Implct="false" Intrnl_Id="475">
<Cond>
<Loc EndOffset="1008" SrcFileId="4" StartOffset="988"/>
</Cond>
<LocList>
<Loc EndOffset="1077" SrcFileId="4" StartOffset="1012"/>
</LocList>
<StmntSeq Intrnl_Id="476">
<LocList>
<Loc EndOffset="1072" SrcFileId="4" StartOffset="1018"/>
</LocList>
<BasicStmnt CovItemId="S8" CovItemPrefix="calculator.Calculator.java" Intrnl_Id="477">
<LocList>
<Loc EndOffset="1072" SrcFileId="4" StartOffset="1018"/>
</LocList>
</BasicStmnt>
</StmntSeq>
</Branch>
<Keyword EndOffset="844" SrcFileId="4" StartOffset="841"/>
<LocList>
<Loc EndOffset="1077" SrcFileId="4" StartOffset="841"/>
</LocList>
</CondStmnt>
</StmntSeq>
</HierarchyLvl>
<HierarchyLvl HierarchyLvlId="4226" HierarchyLvlTypeId="7" Intrnl_Id="478" Name="multiply">
<Header>
<Loc EndOffset="1144" SrcFileId="4" StartOffset="1102"/>
</Header>
<LocList>
<Loc EndOffset="1375" SrcFileId="4" StartOffset="1102"/>
</LocList>
<StmntSeq Intrnl_Id="479">
<LocList>
<Loc EndOffset="1285" SrcFileId="4" StartOffset="1159"/>
<Loc EndOffset="1369" SrcFileId="4" StartOffset="1149"/>
</LocList>
<CondStmnt CovItemId="S10" CovItemPrefix="calculator.Calculator.java" Intrnl_Id="480">
<Branch CovItemId="B8" CovItemPrefix="calculator.Calculator.java" Implct="false" Intrnl_Id="481">
<Cond/>
<LocList>
<Loc EndOffset="1214" SrcFileId="4" StartOffset="1188"/>
</LocList>
<StmntSeq Intrnl_Id="482">
<LocList>
<Loc EndOffset="1208" SrcFileId="4" StartOffset="1195"/>
</LocList>
<BasicStmnt CovItemId="S11" CovItemPrefix="calculator.Calculator.java" Intrnl_Id="483">
<LocList>
<Loc EndOffset="1208" SrcFileId="4" StartOffset="1195"/>
</LocList>
</BasicStmnt>
</StmntSeq>
</Branch>
<Branch CovItemId="B9" CovItemPrefix="calculator.Calculator.java" Implct="false" Intrnl_Id="484">
<Cond>
<Loc EndOffset="1223" SrcFileId="4" StartOffset="1219"/>
</Cond>
<LocList>
<Loc EndOffset="1285" SrcFileId="4" StartOffset="1223"/>
</LocList>
<StmntSeq Intrnl_Id="485">
<LocList>
<Loc EndOffset="1279" SrcFileId="4" StartOffset="1230"/>
</LocList>
<BasicStmnt CovItemId="S12" CovItemPrefix="calculator.Calculator.java" Intrnl_Id="486">
<LocList>
<Loc EndOffset="1279" SrcFileId="4" StartOffset="1230"/>
</LocList>
</BasicStmnt>
</StmntSeq>
</Branch>
<Keyword EndOffset="1161" SrcFileId="4" StartOffset="1159"/>
<LocList>
<Loc EndOffset="1285" SrcFileId="4" StartOffset="1159"/>
</LocList>
<RootTerm CovItemId="C3" CovItemPrefix="calculator.Calculator.java" Intrnl_Id="487">
<OpTerm BooleanOpId="5" Intrnl_Id="488">
<BasicBoolTerm Intrnl_Id="489">
<LocList>
<Loc EndOffset="1187" SrcFileId="4" StartOffset="1163"/>
</LocList>
</BasicBoolTerm>
<LocList>
<Loc EndOffset="1163" SrcFileId="4" StartOffset="1162"/>
</LocList>
</OpTerm>
</RootTerm>
</CondStmnt>
<CondStmnt CovItemId="S9" CovItemPrefix="calculator.Calculator.java" Intrnl_Id="490">
<Branch CovItemId="B7" CovItemPrefix="calculator.Calculator.java" Implct="true" Intrnl_Id="491">
<Cond/>
<LocList/>
<StmntSeq Intrnl_Id="492">
<LocList/>
</StmntSeq>
</Branch>
<Branch CovItemId="B10" CovItemPrefix="calculator.Calculator.java" Implct="false" Intrnl_Id="493">
<Cond>
<Loc EndOffset="1315" SrcFileId="4" StartOffset="1297"/>
</Cond>
<LocList>
<Loc EndOffset="1369" SrcFileId="4" StartOffset="1315"/>
</LocList>
<StmntSeq Intrnl_Id="494">
<LocList>
<Loc EndOffset="1364" SrcFileId="4" StartOffset="1321"/>
</LocList>
<BasicStmnt CovItemId="S13" CovItemPrefix="calculator.Calculator.java" Intrnl_Id="495">
<LocList>
<Loc EndOffset="1364" SrcFileId="4" StartOffset="1321"/>
</LocList>
</BasicStmnt>
</StmntSeq>
</Branch>
<Keyword EndOffset="1152" SrcFileId="4" StartOffset="1149"/>
<LocList>
<Loc EndOffset="1369" SrcFileId="4" StartOffset="1149"/>
</LocList>
</CondStmnt>
</StmntSeq>
</HierarchyLvl>
<HierarchyLvl HierarchyLvlId="4227" HierarchyLvlTypeId="7" Intrnl_Id="496" Name="sub">
<Header>
<Loc EndOffset="1429" SrcFileId="4" StartOffset="1392"/>
</Header>
<LocList>
<Loc EndOffset="1560" SrcFileId="4" StartOffset="1392"/>
</LocList>
<StmntSeq Intrnl_Id="497">
<LocList>
<Loc EndOffset="1556" SrcFileId="4" StartOffset="1435"/>
</LocList>
<CondStmnt CovItemId="S14" CovItemPrefix="calculator.Calculator.java" Intrnl_Id="498">
<Branch CovItemId="B11" CovItemPrefix="calculator.Calculator.java" Implct="false" Intrnl_Id="499">
<Cond/>
<LocList>
<Loc EndOffset="1488" SrcFileId="4" StartOffset="1464"/>
</LocList>
<StmntSeq Intrnl_Id="500">
<LocList>
<Loc EndOffset="1483" SrcFileId="4" StartOffset="1470"/>
</LocList>
<BasicStmnt CovItemId="S15" CovItemPrefix="calculator.Calculator.java" Intrnl_Id="501">
<LocList>
<Loc EndOffset="1483" SrcFileId="4" StartOffset="1470"/>
</LocList>
</BasicStmnt>
</StmntSeq>
</Branch>
<Branch CovItemId="B12" CovItemPrefix="calculator.Calculator.java" Implct="false" Intrnl_Id="502">
<Cond>
<Loc EndOffset="1496" SrcFileId="4" StartOffset="1492"/>
</Cond>
<LocList>
<Loc EndOffset="1556" SrcFileId="4" StartOffset="1496"/>
</LocList>
<StmntSeq Intrnl_Id="503">
<LocList>
<Loc EndOffset="1551" SrcFileId="4" StartOffset="1502"/>
</LocList>
<BasicStmnt CovItemId="S16" CovItemPrefix="calculator.Calculator.java" Intrnl_Id="504">
<LocList>
<Loc EndOffset="1551" SrcFileId="4" StartOffset="1502"/>
</LocList>
</BasicStmnt>
</StmntSeq>
</Branch>
<Keyword EndOffset="1437" SrcFileId="4" StartOffset="1435"/>
<LocList>
<Loc EndOffset="1556" SrcFileId="4" StartOffset="1435"/>
</LocList>
<RootTerm CovItemId="C4" CovItemPrefix="calculator.Calculator.java" Intrnl_Id="505">
<OpTerm BooleanOpId="5" Intrnl_Id="506">
<BasicBoolTerm Intrnl_Id="507">
<LocList>
<Loc EndOffset="1463" SrcFileId="4" StartOffset="1439"/>
</LocList>
</BasicBoolTerm>
<LocList>
<Loc EndOffset="1439" SrcFileId="4" StartOffset="1438"/>
</LocList>
</OpTerm>
</RootTerm>
</CondStmnt>
</StmntSeq>
</HierarchyLvl>
<HierarchyLvl HierarchyLvlId="4228" HierarchyLvlTypeId="7" Intrnl_Id="508" Name="pyth">
<Header>
<Loc EndOffset="1616" SrcFileId="4" StartOffset="1578"/>
</Header>
<LocList>
<Loc EndOffset="1805" SrcFileId="4" StartOffset="1578"/>
</LocList>
<StmntSeq Intrnl_Id="509">
<LocList>
<Loc EndOffset="1680" SrcFileId="4" StartOffset="1622"/>
<Loc EndOffset="1801" SrcFileId="4" StartOffset="1684"/>
</LocList>
<BasicStmnt CovItemId="S17" CovItemPrefix="calculator.Calculator.java" Intrnl_Id="510">
<LocList>
<Loc EndOffset="1680" SrcFileId="4" StartOffset="1622"/>
</LocList>
</BasicStmnt>
<CondStmnt CovItemId="S18" CovItemPrefix="calculator.Calculator.java" Intrnl_Id="511">
<Branch CovItemId="B13" CovItemPrefix="calculator.Calculator.java" Implct="false" Intrnl_Id="512">
<Cond/>
<LocList>
<Loc EndOffset="1733" SrcFileId="4" StartOffset="1711"/>
</LocList>
<StmntSeq Intrnl_Id="513">
<LocList>
<Loc EndOffset="1728" SrcFileId="4" StartOffset="1717"/>
</LocList>
<BasicStmnt CovItemId="S19" CovItemPrefix="calculator.Calculator.java" Intrnl_Id="514">
<LocList>
<Loc EndOffset="1728" SrcFileId="4" StartOffset="1717"/>
</LocList>
</BasicStmnt>
</StmntSeq>
</Branch>
<Branch CovItemId="B14" CovItemPrefix="calculator.Calculator.java" Implct="false" Intrnl_Id="515">
<Cond>
<Loc EndOffset="1741" SrcFileId="4" StartOffset="1737"/>
</Cond>
<LocList>
<Loc EndOffset="1801" SrcFileId="4" StartOffset="1741"/>
</LocList>
<StmntSeq Intrnl_Id="516">
<LocList>
<Loc EndOffset="1796" SrcFileId="4" StartOffset="1747"/>
</LocList>
<BasicStmnt CovItemId="S20" CovItemPrefix="calculator.Calculator.java" Intrnl_Id="517">
<LocList>
<Loc EndOffset="1796" SrcFileId="4" StartOffset="1747"/>
</LocList>
</BasicStmnt>
</StmntSeq>
</Branch>
<Keyword EndOffset="1686" SrcFileId="4" StartOffset="1684"/>
<LocList>
<Loc EndOffset="1801" SrcFileId="4" StartOffset="1684"/>
</LocList>
<RootTerm CovItemId="C5" CovItemPrefix="calculator.Calculator.java" Intrnl_Id="518">
<OpTerm BooleanOpId="5" Intrnl_Id="519">
<BasicBoolTerm Intrnl_Id="520">
<LocList>
<Loc EndOffset="1710" SrcFileId="4" StartOffset="1688"/>
</LocList>
</BasicBoolTerm>
<LocList>
<Loc EndOffset="1688" SrcFileId="4" StartOffset="1687"/>
</LocList>
</OpTerm>
</RootTerm>
</CondStmnt>
</StmntSeq>
</HierarchyLvl>
</HierarchyLvl>
</HierarchyLvl>
</HierarchyLvl>
</MASTRoot>
</TestSessionContainer>
