<?xml version="1.0" encoding="UTF-8"?><TestSessionContainer xmlns="http://www.codecover.org/xml/testsession-container" Date="1416494449620" TestSessionContainerId="fdd54562-86e4-472e-8337-08f33c3635e7" version="1.0">
<SrcFileList>
<SrcFile Content="package testing;&#13;&#10;&#13;&#10;import static org.junit.Assert.*;&#13;&#10;import static org.mockito.Mockito.mock;&#13;&#10;&#13;&#10;import org.junit.Assert;&#13;&#10;import org.junit.Before;&#13;&#10;import org.junit.Test;&#13;&#10;&#13;&#10;import calculator.Calculator;&#13;&#10;import calculator.CalculatorManager;&#13;&#10;&#13;&#10;public class TestUnitTestCase &#13;&#10;{&#13;&#10;&#13;&#10;&#9;private Calculator c;&#13;&#10;&#9;private CalculatorManager calcMngr;&#13;&#10;&#13;&#10;&#9;@Before&#13;&#10;&#9;public void initiate()&#13;&#10;&#9;{&#13;&#10;&#9;&#9;c = new Calculator();&#13;&#10;&#9;}&#13;&#10;&#9;&#13;&#10;&#9;@Test &#13;&#10;&#9;public void shouldCreateInstance()&#13;&#10;&#9;{&#13;&#10;&#9;&#9;assertTrue(c instanceof Calculator);&#13;&#10;&#9;}&#13;&#10;&#13;&#10;&#9;@Test (expected=Exception.class)&#13;&#10;&#9;public void overloadAdd() throws Exception&#13;&#10;&#9;{ &#13;&#10;&#9;&#9;c.add(Double.MAX_VALUE, Double.MAX_VALUE);&#13;&#10;&#9;}&#13;&#10;&#9;&#13;&#10;&#9;@Test &#13;&#10;&#9;public void addnumbers() throws Exception&#13;&#10;&#9;{&#13;&#10;&#9;&#9;assertEquals(4.50, c.add(2.25, 2.25), 0); &#13;&#10;&#9;&#9;assertEquals(10.25, c.add(5.125, 5.125), 0); &#13;&#10;&#9;&#9;assertEquals(10.5, c.add(5, 5.5), 0);&#13;&#10;&#9;&#9;assertEquals(-10, c.add(-5, -5), 0);&#13;&#10;&#9;}&#13;&#10;&#9;&#13;&#10;&#13;&#10;&#9;&#13;&#10;&#9;@Test (expected=Error.class)&#13;&#10;&#9;public void overloadSubtract()&#13;&#10;&#9;{&#13;&#10;&#9;&#9;Assert.assertEquals(true, c.divide(2, 9));&#13;&#10;&#9;}&#13;&#10;&#9;&#13;&#10;&#9;@Test&#13;&#10;&#9;public void DivideTest()&#13;&#10;&#9;{&#13;&#10;&#9;&#9;Assert.assertEquals(-6, -6, c.divide(-36,6));&#13;&#10;&#9;&#9;Assert.assertEquals(6, 6, c.divide(36,6));&#13;&#10;&#9;&#9;Assert.assertEquals(12, 12, c.divide(120,10));&#13;&#10;&#9;&#9;Assert.assertEquals(5, 5, c.divide(0, 5));&#13;&#10;&#9;}&#13;&#10;&#9;&#13;&#10;&#9;@Test (expected=Exception.class)&#13;&#10;&#9;public void divideDeminatorZero() throws Exception&#13;&#10;&#9;{&#13;&#10;&#9;&#9;c.divide(2, 0);&#13;&#10;&#9;}&#13;&#10;&#9;&#13;&#10;&#9;@Test&#13;&#10;&#9;public void pyth()&#13;&#10;&#9;{&#13;&#10;&#9;&#9;&#13;&#10;&#9;}&#13;&#10;&#9;&#13;&#10;&#13;&#10;&#9;&#13;&#10;&#9;&#13;&#10;&#9;&#13;&#10;&#9;&#13;&#10;&#9;//js222xt&#13;&#10;&#9;@Test&#13;&#10;&#9;public void shouldMultiply(){&#13;&#10;&#9;&#9;double delta = 0;&#13;&#10;&#9;&#9;assertEquals(10.0, c.multiply(2.0,5.0), delta);&#13;&#10;&#9;&#9;assertEquals(-10.0, c.multiply(2.0,-5.0), delta);&#13;&#10;&#9;&#9;assertEquals(0.0, c.multiply(-2.0,0.0), delta);&#13;&#10;&#9;}&#13;&#10;&#9;&#13;&#10;&#9;//js222xt&#13;&#10;&#9;@Test(expected = RuntimeException.class)&#13;&#10;&#9;public void shouldThrowExceptionMultiply(){&#13;&#10;&#9;&#9;c.multiply(Double.MAX_VALUE,5.0);&#13;&#10;&#9;}&#13;&#10;&#9;&#13;&#10;&#9;//js222xt&#13;&#10;&#9;@Test&#13;&#10;&#9;public void shouldSubstractPositive(){&#13;&#10;&#9;&#9;double delta = 0;&#13;&#10;&#9;&#9;assertEquals(10.0, c.sub(15.0,5.0), delta);&#13;&#10;&#9;}&#13;&#10;&#9;&#13;&#10;&#9;//js222xt&#13;&#10;&#9;@Test&#13;&#10;&#9;public void shouldSubstractNegative(){&#13;&#10;&#9;&#9;double delta = 0;&#13;&#10;&#9;&#9;assertEquals(-10.0, c.sub(0.0,10.0), delta);&#13;&#10;&#9;}&#13;&#10;&#9;&#13;&#10;&#9;//js222xt&#13;&#10;&#9;@Test(expected = RuntimeException.class)&#13;&#10;&#9;public void shouldThrowExceptionSub(){&#13;&#10;&#9;&#9;c.sub(Double.MIN_VALUE,Double.NEGATIVE_INFINITY);&#13;&#10;&#9;}&#13;&#10;&#9;&#13;&#10;&#13;&#10;&#9;&#13;&#10;}&#13;&#10;" Filename="TestUnitTestCase.java" Intrnl_Id="1"/>
<SrcFile Content="package calculator;&#13;&#10;&#13;&#10;import java.io.FileInputStream;&#13;&#10;import java.io.FileNotFoundException;&#13;&#10;import java.io.FileOutputStream;&#13;&#10;import java.io.IOException;&#13;&#10;import java.io.ObjectInputStream;&#13;&#10;import java.io.ObjectOutputStream;&#13;&#10;import java.util.ArrayList;&#13;&#10;import java.util.List;&#13;&#10;&#13;&#10;public class Calculator &#13;&#10;{ &#13;&#10;&#9;/**&#13;&#10;&#9; * Adds two numbers - rj222dq&#13;&#10;&#9; * @param num1 number 1&#13;&#10;&#9; * @param num2 number 2&#13;&#10;&#9; * @return result of adding the two numbers&#13;&#10;&#9; * @throws Exception &#13;&#10;&#9; */&#13;&#10;&#9;public double add(double num1, double num2) throws Exception&#13;&#10;&#9;{&#13;&#10;&#9;&#9;try&#13;&#10;&#9;&#9;{&#13;&#10;&#9;&#9;&#9;double result = num1 + num2;&#13;&#10;&#9;&#9;&#9;if (!Double.isInfinite(result))&#13;&#10;&#9;&#9;&#9;{ &#13;&#10;&#9;&#9;&#9;&#9;return num1 + num2;&#13;&#10;&#9;&#9;&#9;}&#13;&#10;&#9;&#9;}&#13;&#10;&#9;&#9;catch (Exception ex)&#13;&#10;&#9;&#9;{&#13;&#10;&#9;&#9;&#9;System.out.println(&quot;Error: &quot; + ex.toString());&#13;&#10;&#9;&#9;}&#13;&#10;&#9;&#9;throw new Exception(&quot;Error.&quot;);&#13;&#10;&#9;}&#13;&#10;&#9;&#13;&#10;&#9;/**&#13;&#10;&#9; * Divide to numbers - rj222dq&#13;&#10;&#9; * @param numerator&#13;&#10;&#9; * @param denominator&#13;&#10;&#9; * @return result&#13;&#10;&#9; */&#13;&#10;&#9;public double divide(double numerator, double denominator)&#13;&#10;&#9;{&#13;&#10;&#9;&#9;try&#13;&#10;&#9;&#9;{ &#13;&#10;&#9;&#9;&#9;if (denominator == 0)&#13;&#10;&#9;&#9;&#9;{&#13;&#10;&#9;&#9;&#9;&#9;throw new RuntimeException(&quot;Denominator is zero!&quot;);&#13;&#10;&#9;&#9;&#9;}&#13;&#10;&#9;&#9;&#9;return numerator/denominator;&#13;&#10;&#9;&#9;}&#13;&#10;&#9;&#9;catch (Exception ex)&#13;&#10;&#9;&#9;{&#13;&#10;&#9;&#9;&#9;throw new RuntimeException(&quot;Error: &quot; + ex.toString());&#13;&#10;&#9;&#9;}&#13;&#10;&#9;}&#13;&#10;&#9;&#13;&#10;&#9;&#13;&#10;&#9;//js222xt&#13;&#10;&#9;public double multiply(double a, double b){&#13;&#10;&#9;&#9;try{ &#13;&#10;&#9;&#9;&#9;if(!Double.isInfinite(a * b)){&#13;&#10;&#9;&#9;&#9;&#9;return a * b;&#13;&#10;&#9;&#9;&#9;}&#13;&#10;&#9;&#9;&#9;else{&#13;&#10;&#9;&#9;&#9;&#9;throw new RuntimeException(&quot;Double is Infinite&quot;);&#13;&#10;&#9;&#9;&#9;}&#9;&#9;&#9;&#13;&#10;&#9;&#9;}&#13;&#10;&#9;&#9;catch(Exception e){&#13;&#10;&#9;&#9;&#9;throw new RuntimeException(e.getMessage());&#13;&#10;&#9;&#9;}&#9;&#9;&#13;&#10;&#9;}&#13;&#10;&#13;&#10;&#9;//js222xt&#13;&#10;&#9;public double sub(double a, double b) {&#13;&#10;&#9;&#9;if(!Double.isInfinite(a - b)){&#13;&#10;&#9;&#9;&#9;return a - b;&#13;&#10;&#9;&#9;}&#13;&#10;&#9;&#9;else{&#13;&#10;&#9;&#9;&#9;throw new RuntimeException(&quot;Double is Infinite&quot;);&#13;&#10;&#9;&#9;}&#13;&#10;&#9;}&#13;&#10;&#9;&#13;&#10;&#9;//js222xt&#13;&#10;&#9;public double pyth(double a, double b) {&#13;&#10;&#9;&#9;double res = Math.sqrt( Math.pow(a, 2) + Math.pow(b, 2) );&#13;&#10;&#9;&#9;if(!Double.isInfinite(res)){&#13;&#10;&#9;&#9;&#9;return res;&#13;&#10;&#9;&#9;}&#13;&#10;&#9;&#9;else{&#13;&#10;&#9;&#9;&#9;throw new RuntimeException(&quot;Double is Infinite&quot;);&#13;&#10;&#9;&#9;}&#13;&#10;&#9;}&#13;&#10;}&#13;&#10;" Filename="Calculator.java" Intrnl_Id="2"/>
</SrcFileList>
<CritList>
<CritListEntry Name="org.codecover.model.utils.criteria.LoopCoverage" PluginName="org.codecover"/>
<CritListEntry Name="org.codecover.model.utils.criteria.QMOCoverage" PluginName="org.codecover"/>
<CritListEntry Name="org.codecover.model.utils.criteria.ConditionCoverage" PluginName="org.codecover"/>
<CritListEntry Name="org.codecover.model.utils.criteria.BranchCoverage" PluginName="org.codecover"/>
<CritListEntry Name="org.codecover.model.utils.criteria.SynchronizedStatementCoverage" PluginName="org.codecover"/>
<CritListEntry Name="org.codecover.model.utils.criteria.StatementCoverage" PluginName="org.codecover"/>
</CritList>
<BoolOpList>
<BoolOp Arity="1" Intrnl_Id="3" Name="not (!)">
<BoolAssgnmntBoolMapList>
<MapEntry BoolAssgnmnt="1" Value="false"/>
<MapEntry BoolAssgnmnt="0" Value="true"/>
</BoolAssgnmntBoolMapList>
</BoolOp>
</BoolOpList>
<HierarchyLvlTypeList>
<HierarchyLvlType EnglishName="package" IntrnlName="package" Intrnl_Id="4"/>
<HierarchyLvlType EnglishName="method" IntrnlName="method" Intrnl_Id="5"/>
<HierarchyLvlType EnglishName="class" IntrnlName="class" Intrnl_Id="6"/>
<HierarchyLvlType EnglishName="default package" IntrnlName="default package" Intrnl_Id="7"/>
</HierarchyLvlTypeList>
<MASTRoot>
<HierarchyLvl HierarchyLvlId="254" HierarchyLvlTypeId="7" Intrnl_Id="8" Name="default package">
<Header/>
<LocList/>
<HierarchyLvl HierarchyLvlId="252" HierarchyLvlTypeId="4" Intrnl_Id="9" Name="testing">
<Header/>
<LocList/>
<HierarchyLvl HierarchyLvlId="245" HierarchyLvlTypeId="6" Intrnl_Id="10" Name="TestUnitTestCase">
<Header>
<Loc EndOffset="276" SrcFileId="1" StartOffset="247"/>
</Header>
<LocList>
<Loc EndOffset="2247" SrcFileId="1" StartOffset="247"/>
</LocList>
<HierarchyLvl HierarchyLvlId="232" HierarchyLvlTypeId="5" Intrnl_Id="11" Name="initiate">
<Header>
<Loc EndOffset="381" SrcFileId="1" StartOffset="349"/>
</Header>
<LocList>
<Loc EndOffset="414" SrcFileId="1" StartOffset="349"/>
</LocList>
<StmntSeq Intrnl_Id="12">
<LocList>
<Loc EndOffset="410" SrcFileId="1" StartOffset="389"/>
</LocList>
<BasicStmnt CovItemId="S1" CovItemPrefix="testing.TestUnitTestCase.java" Intrnl_Id="13">
<LocList>
<Loc EndOffset="410" SrcFileId="1" StartOffset="389"/>
</LocList>
</BasicStmnt>
</StmntSeq>
</HierarchyLvl>
<HierarchyLvl HierarchyLvlId="233" HierarchyLvlTypeId="5" Intrnl_Id="14" Name="shouldCreateInstance">
<Header>
<Loc EndOffset="463" SrcFileId="1" StartOffset="420"/>
</Header>
<LocList>
<Loc EndOffset="511" SrcFileId="1" StartOffset="420"/>
</LocList>
<StmntSeq Intrnl_Id="15">
<LocList>
<Loc EndOffset="507" SrcFileId="1" StartOffset="471"/>
</LocList>
<BasicStmnt CovItemId="S2" CovItemPrefix="testing.TestUnitTestCase.java" Intrnl_Id="16">
<LocList>
<Loc EndOffset="507" SrcFileId="1" StartOffset="471"/>
</LocList>
</BasicStmnt>
</StmntSeq>
</HierarchyLvl>
<HierarchyLvl HierarchyLvlId="234" HierarchyLvlTypeId="5" Intrnl_Id="17" Name="overloadAdd">
<Header>
<Loc EndOffset="593" SrcFileId="1" StartOffset="516"/>
</Header>
<LocList>
<Loc EndOffset="648" SrcFileId="1" StartOffset="516"/>
</LocList>
<StmntSeq Intrnl_Id="18">
<LocList>
<Loc EndOffset="644" SrcFileId="1" StartOffset="602"/>
</LocList>
<BasicStmnt CovItemId="S3" CovItemPrefix="testing.TestUnitTestCase.java" Intrnl_Id="19">
<LocList>
<Loc EndOffset="644" SrcFileId="1" StartOffset="602"/>
</LocList>
</BasicStmnt>
</StmntSeq>
</HierarchyLvl>
<HierarchyLvl HierarchyLvlId="235" HierarchyLvlTypeId="5" Intrnl_Id="20" Name="addnumbers">
<Header>
<Loc EndOffset="704" SrcFileId="1" StartOffset="654"/>
</Header>
<LocList>
<Loc EndOffset="888" SrcFileId="1" StartOffset="654"/>
</LocList>
<StmntSeq Intrnl_Id="21">
<LocList>
<Loc EndOffset="753" SrcFileId="1" StartOffset="712"/>
<Loc EndOffset="802" SrcFileId="1" StartOffset="758"/>
<Loc EndOffset="844" SrcFileId="1" StartOffset="807"/>
<Loc EndOffset="884" SrcFileId="1" StartOffset="848"/>
</LocList>
<BasicStmnt CovItemId="S4" CovItemPrefix="testing.TestUnitTestCase.java" Intrnl_Id="22">
<LocList>
<Loc EndOffset="753" SrcFileId="1" StartOffset="712"/>
</LocList>
</BasicStmnt>
<BasicStmnt CovItemId="S5" CovItemPrefix="testing.TestUnitTestCase.java" Intrnl_Id="23">
<LocList>
<Loc EndOffset="802" SrcFileId="1" StartOffset="758"/>
</LocList>
</BasicStmnt>
<BasicStmnt CovItemId="S6" CovItemPrefix="testing.TestUnitTestCase.java" Intrnl_Id="24">
<LocList>
<Loc EndOffset="844" SrcFileId="1" StartOffset="807"/>
</LocList>
</BasicStmnt>
<BasicStmnt CovItemId="S7" CovItemPrefix="testing.TestUnitTestCase.java" Intrnl_Id="25">
<LocList>
<Loc EndOffset="884" SrcFileId="1" StartOffset="848"/>
</LocList>
</BasicStmnt>
</StmntSeq>
</HierarchyLvl>
<HierarchyLvl HierarchyLvlId="236" HierarchyLvlTypeId="5" Intrnl_Id="26" Name="overloadSubtract">
<Header>
<Loc EndOffset="960" SrcFileId="1" StartOffset="899"/>
</Header>
<LocList>
<Loc EndOffset="1014" SrcFileId="1" StartOffset="899"/>
</LocList>
<StmntSeq Intrnl_Id="27">
<LocList>
<Loc EndOffset="1010" SrcFileId="1" StartOffset="968"/>
</LocList>
<BasicStmnt CovItemId="S8" CovItemPrefix="testing.TestUnitTestCase.java" Intrnl_Id="28">
<LocList>
<Loc EndOffset="1010" SrcFileId="1" StartOffset="968"/>
</LocList>
</BasicStmnt>
</StmntSeq>
</HierarchyLvl>
<HierarchyLvl HierarchyLvlId="237" HierarchyLvlTypeId="5" Intrnl_Id="29" Name="DivideTest">
<Header>
<Loc EndOffset="1052" SrcFileId="1" StartOffset="1020"/>
</Header>
<LocList>
<Loc EndOffset="1251" SrcFileId="1" StartOffset="1020"/>
</LocList>
<StmntSeq Intrnl_Id="30">
<LocList>
<Loc EndOffset="1105" SrcFileId="1" StartOffset="1060"/>
<Loc EndOffset="1151" SrcFileId="1" StartOffset="1109"/>
<Loc EndOffset="1201" SrcFileId="1" StartOffset="1155"/>
<Loc EndOffset="1247" SrcFileId="1" StartOffset="1205"/>
</LocList>
<BasicStmnt CovItemId="S9" CovItemPrefix="testing.TestUnitTestCase.java" Intrnl_Id="31">
<LocList>
<Loc EndOffset="1105" SrcFileId="1" StartOffset="1060"/>
</LocList>
</BasicStmnt>
<BasicStmnt CovItemId="S10" CovItemPrefix="testing.TestUnitTestCase.java" Intrnl_Id="32">
<LocList>
<Loc EndOffset="1151" SrcFileId="1" StartOffset="1109"/>
</LocList>
</BasicStmnt>
<BasicStmnt CovItemId="S11" CovItemPrefix="testing.TestUnitTestCase.java" Intrnl_Id="33">
<LocList>
<Loc EndOffset="1201" SrcFileId="1" StartOffset="1155"/>
</LocList>
</BasicStmnt>
<BasicStmnt CovItemId="S12" CovItemPrefix="testing.TestUnitTestCase.java" Intrnl_Id="34">
<LocList>
<Loc EndOffset="1247" SrcFileId="1" StartOffset="1205"/>
</LocList>
</BasicStmnt>
</StmntSeq>
</HierarchyLvl>
<HierarchyLvl HierarchyLvlId="238" HierarchyLvlTypeId="5" Intrnl_Id="35" Name="divideDeminatorZero">
<Header>
<Loc EndOffset="1342" SrcFileId="1" StartOffset="1257"/>
</Header>
<LocList>
<Loc EndOffset="1369" SrcFileId="1" StartOffset="1257"/>
</LocList>
<StmntSeq Intrnl_Id="36">
<LocList>
<Loc EndOffset="1365" SrcFileId="1" StartOffset="1350"/>
</LocList>
<BasicStmnt CovItemId="S13" CovItemPrefix="testing.TestUnitTestCase.java" Intrnl_Id="37">
<LocList>
<Loc EndOffset="1365" SrcFileId="1" StartOffset="1350"/>
</LocList>
</BasicStmnt>
</StmntSeq>
</HierarchyLvl>
<HierarchyLvl HierarchyLvlId="239" HierarchyLvlTypeId="5" Intrnl_Id="38" Name="pyth">
<Header>
<Loc EndOffset="1401" SrcFileId="1" StartOffset="1375"/>
</Header>
<LocList>
<Loc EndOffset="1413" SrcFileId="1" StartOffset="1375"/>
</LocList>
</HierarchyLvl>
<HierarchyLvl HierarchyLvlId="240" HierarchyLvlTypeId="5" Intrnl_Id="39" Name="shouldMultiply">
<Header>
<Loc EndOffset="1481" SrcFileId="1" StartOffset="1445"/>
</Header>
<LocList>
<Loc EndOffset="1662" SrcFileId="1" StartOffset="1445"/>
</LocList>
<StmntSeq Intrnl_Id="40">
<LocList>
<Loc EndOffset="1503" SrcFileId="1" StartOffset="1486"/>
<Loc EndOffset="1554" SrcFileId="1" StartOffset="1507"/>
<Loc EndOffset="1607" SrcFileId="1" StartOffset="1558"/>
<Loc EndOffset="1658" SrcFileId="1" StartOffset="1611"/>
</LocList>
<BasicStmnt CovItemId="S14" CovItemPrefix="testing.TestUnitTestCase.java" Intrnl_Id="41">
<LocList>
<Loc EndOffset="1503" SrcFileId="1" StartOffset="1486"/>
</LocList>
</BasicStmnt>
<BasicStmnt CovItemId="S15" CovItemPrefix="testing.TestUnitTestCase.java" Intrnl_Id="42">
<LocList>
<Loc EndOffset="1554" SrcFileId="1" StartOffset="1507"/>
</LocList>
</BasicStmnt>
<BasicStmnt CovItemId="S16" CovItemPrefix="testing.TestUnitTestCase.java" Intrnl_Id="43">
<LocList>
<Loc EndOffset="1607" SrcFileId="1" StartOffset="1558"/>
</LocList>
</BasicStmnt>
<BasicStmnt CovItemId="S17" CovItemPrefix="testing.TestUnitTestCase.java" Intrnl_Id="44">
<LocList>
<Loc EndOffset="1658" SrcFileId="1" StartOffset="1611"/>
</LocList>
</BasicStmnt>
</StmntSeq>
</HierarchyLvl>
<HierarchyLvl HierarchyLvlId="241" HierarchyLvlTypeId="5" Intrnl_Id="45" Name="shouldThrowExceptionMultiply">
<Header>
<Loc EndOffset="1765" SrcFileId="1" StartOffset="1680"/>
</Header>
<LocList>
<Loc EndOffset="1807" SrcFileId="1" StartOffset="1680"/>
</LocList>
<StmntSeq Intrnl_Id="46">
<LocList>
<Loc EndOffset="1803" SrcFileId="1" StartOffset="1770"/>
</LocList>
<BasicStmnt CovItemId="S18" CovItemPrefix="testing.TestUnitTestCase.java" Intrnl_Id="47">
<LocList>
<Loc EndOffset="1803" SrcFileId="1" StartOffset="1770"/>
</LocList>
</BasicStmnt>
</StmntSeq>
</HierarchyLvl>
<HierarchyLvl HierarchyLvlId="242" HierarchyLvlTypeId="5" Intrnl_Id="48" Name="shouldSubstractPositive">
<Header>
<Loc EndOffset="1870" SrcFileId="1" StartOffset="1825"/>
</Header>
<LocList>
<Loc EndOffset="1943" SrcFileId="1" StartOffset="1825"/>
</LocList>
<StmntSeq Intrnl_Id="49">
<LocList>
<Loc EndOffset="1892" SrcFileId="1" StartOffset="1875"/>
<Loc EndOffset="1939" SrcFileId="1" StartOffset="1896"/>
</LocList>
<BasicStmnt CovItemId="S19" CovItemPrefix="testing.TestUnitTestCase.java" Intrnl_Id="50">
<LocList>
<Loc EndOffset="1892" SrcFileId="1" StartOffset="1875"/>
</LocList>
</BasicStmnt>
<BasicStmnt CovItemId="S20" CovItemPrefix="testing.TestUnitTestCase.java" Intrnl_Id="51">
<LocList>
<Loc EndOffset="1939" SrcFileId="1" StartOffset="1896"/>
</LocList>
</BasicStmnt>
</StmntSeq>
</HierarchyLvl>
<HierarchyLvl HierarchyLvlId="243" HierarchyLvlTypeId="5" Intrnl_Id="52" Name="shouldSubstractNegative">
<Header>
<Loc EndOffset="2006" SrcFileId="1" StartOffset="1961"/>
</Header>
<LocList>
<Loc EndOffset="2080" SrcFileId="1" StartOffset="1961"/>
</LocList>
<StmntSeq Intrnl_Id="53">
<LocList>
<Loc EndOffset="2028" SrcFileId="1" StartOffset="2011"/>
<Loc EndOffset="2076" SrcFileId="1" StartOffset="2032"/>
</LocList>
<BasicStmnt CovItemId="S21" CovItemPrefix="testing.TestUnitTestCase.java" Intrnl_Id="54">
<LocList>
<Loc EndOffset="2028" SrcFileId="1" StartOffset="2011"/>
</LocList>
</BasicStmnt>
<BasicStmnt CovItemId="S22" CovItemPrefix="testing.TestUnitTestCase.java" Intrnl_Id="55">
<LocList>
<Loc EndOffset="2076" SrcFileId="1" StartOffset="2032"/>
</LocList>
</BasicStmnt>
</StmntSeq>
</HierarchyLvl>
<HierarchyLvl HierarchyLvlId="244" HierarchyLvlTypeId="5" Intrnl_Id="56" Name="shouldThrowExceptionSub">
<Header>
<Loc EndOffset="2178" SrcFileId="1" StartOffset="2098"/>
</Header>
<LocList>
<Loc EndOffset="2236" SrcFileId="1" StartOffset="2098"/>
</LocList>
<StmntSeq Intrnl_Id="57">
<LocList>
<Loc EndOffset="2232" SrcFileId="1" StartOffset="2183"/>
</LocList>
<BasicStmnt CovItemId="S23" CovItemPrefix="testing.TestUnitTestCase.java" Intrnl_Id="58">
<LocList>
<Loc EndOffset="2232" SrcFileId="1" StartOffset="2183"/>
</LocList>
</BasicStmnt>
</StmntSeq>
</HierarchyLvl>
</HierarchyLvl>
</HierarchyLvl>
<HierarchyLvl HierarchyLvlId="253" HierarchyLvlTypeId="4" Intrnl_Id="59" Name="calculator">
<Header/>
<LocList/>
<HierarchyLvl HierarchyLvlId="251" HierarchyLvlTypeId="6" Intrnl_Id="60" Name="Calculator">
<Header>
<Loc EndOffset="307" SrcFileId="2" StartOffset="284"/>
</Header>
<LocList>
<Loc EndOffset="1942" SrcFileId="2" StartOffset="284"/>
</LocList>
<HierarchyLvl HierarchyLvlId="246" HierarchyLvlTypeId="5" Intrnl_Id="61" Name="add">
<Header>
<Loc EndOffset="541" SrcFileId="2" StartOffset="481"/>
</Header>
<LocList>
<Loc EndOffset="792" SrcFileId="2" StartOffset="481"/>
</LocList>
<StmntSeq Intrnl_Id="62">
<LocList>
<Loc EndOffset="590" SrcFileId="2" StartOffset="562"/>
<Loc EndOffset="664" SrcFileId="2" StartOffset="595"/>
<Loc EndOffset="754" SrcFileId="2" StartOffset="549"/>
<Loc EndOffset="788" SrcFileId="2" StartOffset="758"/>
</LocList>
<BasicStmnt CovItemId="S2" CovItemPrefix="calculator.Calculator.java" Intrnl_Id="63">
<LocList>
<Loc EndOffset="590" SrcFileId="2" StartOffset="562"/>
</LocList>
</BasicStmnt>
<CondStmnt CovItemId="S3" CovItemPrefix="calculator.Calculator.java" Intrnl_Id="64">
<Branch CovItemId="B2" CovItemPrefix="calculator.Calculator.java" Implct="false" Intrnl_Id="65">
<Cond/>
<LocList>
<Loc EndOffset="664" SrcFileId="2" StartOffset="631"/>
</LocList>
<StmntSeq Intrnl_Id="66">
<LocList>
<Loc EndOffset="658" SrcFileId="2" StartOffset="639"/>
</LocList>
<BasicStmnt CovItemId="S4" CovItemPrefix="calculator.Calculator.java" Intrnl_Id="67">
<LocList>
<Loc EndOffset="658" SrcFileId="2" StartOffset="639"/>
</LocList>
</BasicStmnt>
</StmntSeq>
</Branch>
<Branch CovItemId="B3" CovItemPrefix="calculator.Calculator.java" Implct="true" Intrnl_Id="68">
<Cond/>
<LocList/>
<StmntSeq Intrnl_Id="69">
<LocList/>
</StmntSeq>
</Branch>
<Keyword EndOffset="597" SrcFileId="2" StartOffset="595"/>
<LocList>
<Loc EndOffset="664" SrcFileId="2" StartOffset="595"/>
</LocList>
<RootTerm CovItemId="C1" CovItemPrefix="calculator.Calculator.java" Intrnl_Id="70">
<OpTerm BooleanOpId="3" Intrnl_Id="71">
<BasicBoolTerm Intrnl_Id="72">
<LocList>
<Loc EndOffset="625" SrcFileId="2" StartOffset="600"/>
</LocList>
</BasicBoolTerm>
<LocList>
<Loc EndOffset="600" SrcFileId="2" StartOffset="599"/>
</LocList>
</OpTerm>
</RootTerm>
</CondStmnt>
<CondStmnt CovItemId="S1" CovItemPrefix="calculator.Calculator.java" Intrnl_Id="73">
<Branch CovItemId="B1" CovItemPrefix="calculator.Calculator.java" Implct="true" Intrnl_Id="74">
<Cond/>
<LocList/>
<StmntSeq Intrnl_Id="75">
<LocList/>
</StmntSeq>
</Branch>
<Branch CovItemId="B4" CovItemPrefix="calculator.Calculator.java" Implct="false" Intrnl_Id="76">
<Cond>
<Loc EndOffset="693" SrcFileId="2" StartOffset="673"/>
</Cond>
<LocList>
<Loc EndOffset="754" SrcFileId="2" StartOffset="697"/>
</LocList>
<StmntSeq Intrnl_Id="77">
<LocList>
<Loc EndOffset="749" SrcFileId="2" StartOffset="703"/>
</LocList>
<BasicStmnt CovItemId="S5" CovItemPrefix="calculator.Calculator.java" Intrnl_Id="78">
<LocList>
<Loc EndOffset="749" SrcFileId="2" StartOffset="703"/>
</LocList>
</BasicStmnt>
</StmntSeq>
</Branch>
<Keyword EndOffset="552" SrcFileId="2" StartOffset="549"/>
<LocList>
<Loc EndOffset="754" SrcFileId="2" StartOffset="549"/>
</LocList>
</CondStmnt>
<BasicStmnt CovItemId="S6" CovItemPrefix="calculator.Calculator.java" Intrnl_Id="79">
<LocList>
<Loc EndOffset="788" SrcFileId="2" StartOffset="758"/>
</LocList>
</BasicStmnt>
</StmntSeq>
</HierarchyLvl>
<HierarchyLvl HierarchyLvlId="247" HierarchyLvlTypeId="5" Intrnl_Id="80" Name="divide">
<Header>
<Loc EndOffset="967" SrcFileId="2" StartOffset="909"/>
</Header>
<LocList>
<Loc EndOffset="1215" SrcFileId="2" StartOffset="909"/>
</LocList>
<StmntSeq Intrnl_Id="81">
<LocList>
<Loc EndOffset="1079" SrcFileId="2" StartOffset="989"/>
<Loc EndOffset="1113" SrcFileId="2" StartOffset="1084"/>
<Loc EndOffset="1211" SrcFileId="2" StartOffset="975"/>
</LocList>
<CondStmnt CovItemId="S8" CovItemPrefix="calculator.Calculator.java" Intrnl_Id="82">
<Branch CovItemId="B6" CovItemPrefix="calculator.Calculator.java" Implct="false" Intrnl_Id="83">
<Cond/>
<LocList>
<Loc EndOffset="1079" SrcFileId="2" StartOffset="1015"/>
</LocList>
<StmntSeq Intrnl_Id="84">
<LocList>
<Loc EndOffset="1073" SrcFileId="2" StartOffset="1022"/>
</LocList>
<BasicStmnt CovItemId="S9" CovItemPrefix="calculator.Calculator.java" Intrnl_Id="85">
<LocList>
<Loc EndOffset="1073" SrcFileId="2" StartOffset="1022"/>
</LocList>
</BasicStmnt>
</StmntSeq>
</Branch>
<Branch CovItemId="B7" CovItemPrefix="calculator.Calculator.java" Implct="true" Intrnl_Id="86">
<Cond/>
<LocList/>
<StmntSeq Intrnl_Id="87">
<LocList/>
</StmntSeq>
</Branch>
<Keyword EndOffset="991" SrcFileId="2" StartOffset="989"/>
<LocList>
<Loc EndOffset="1079" SrcFileId="2" StartOffset="989"/>
</LocList>
<RootTerm CovItemId="C2" CovItemPrefix="calculator.Calculator.java" Intrnl_Id="88">
<BasicBoolTerm Intrnl_Id="89">
<LocList>
<Loc EndOffset="1009" SrcFileId="2" StartOffset="993"/>
</LocList>
</BasicBoolTerm>
</RootTerm>
</CondStmnt>
<BasicStmnt CovItemId="S10" CovItemPrefix="calculator.Calculator.java" Intrnl_Id="90">
<LocList>
<Loc EndOffset="1113" SrcFileId="2" StartOffset="1084"/>
</LocList>
</BasicStmnt>
<CondStmnt CovItemId="S7" CovItemPrefix="calculator.Calculator.java" Intrnl_Id="91">
<Branch CovItemId="B5" CovItemPrefix="calculator.Calculator.java" Implct="true" Intrnl_Id="92">
<Cond/>
<LocList/>
<StmntSeq Intrnl_Id="93">
<LocList/>
</StmntSeq>
</Branch>
<Branch CovItemId="B8" CovItemPrefix="calculator.Calculator.java" Implct="false" Intrnl_Id="94">
<Cond>
<Loc EndOffset="1142" SrcFileId="2" StartOffset="1122"/>
</Cond>
<LocList>
<Loc EndOffset="1211" SrcFileId="2" StartOffset="1146"/>
</LocList>
<StmntSeq Intrnl_Id="95">
<LocList>
<Loc EndOffset="1206" SrcFileId="2" StartOffset="1152"/>
</LocList>
<BasicStmnt CovItemId="S11" CovItemPrefix="calculator.Calculator.java" Intrnl_Id="96">
<LocList>
<Loc EndOffset="1206" SrcFileId="2" StartOffset="1152"/>
</LocList>
</BasicStmnt>
</StmntSeq>
</Branch>
<Keyword EndOffset="978" SrcFileId="2" StartOffset="975"/>
<LocList>
<Loc EndOffset="1211" SrcFileId="2" StartOffset="975"/>
</LocList>
</CondStmnt>
</StmntSeq>
</HierarchyLvl>
<HierarchyLvl HierarchyLvlId="248" HierarchyLvlTypeId="5" Intrnl_Id="97" Name="multiply">
<Header>
<Loc EndOffset="1278" SrcFileId="2" StartOffset="1236"/>
</Header>
<LocList>
<Loc EndOffset="1509" SrcFileId="2" StartOffset="1236"/>
</LocList>
<StmntSeq Intrnl_Id="98">
<LocList>
<Loc EndOffset="1419" SrcFileId="2" StartOffset="1293"/>
<Loc EndOffset="1503" SrcFileId="2" StartOffset="1283"/>
</LocList>
<CondStmnt CovItemId="S13" CovItemPrefix="calculator.Calculator.java" Intrnl_Id="99">
<Branch CovItemId="B10" CovItemPrefix="calculator.Calculator.java" Implct="false" Intrnl_Id="100">
<Cond/>
<LocList>
<Loc EndOffset="1348" SrcFileId="2" StartOffset="1322"/>
</LocList>
<StmntSeq Intrnl_Id="101">
<LocList>
<Loc EndOffset="1342" SrcFileId="2" StartOffset="1329"/>
</LocList>
<BasicStmnt CovItemId="S14" CovItemPrefix="calculator.Calculator.java" Intrnl_Id="102">
<LocList>
<Loc EndOffset="1342" SrcFileId="2" StartOffset="1329"/>
</LocList>
</BasicStmnt>
</StmntSeq>
</Branch>
<Branch CovItemId="B11" CovItemPrefix="calculator.Calculator.java" Implct="false" Intrnl_Id="103">
<Cond>
<Loc EndOffset="1357" SrcFileId="2" StartOffset="1353"/>
</Cond>
<LocList>
<Loc EndOffset="1419" SrcFileId="2" StartOffset="1357"/>
</LocList>
<StmntSeq Intrnl_Id="104">
<LocList>
<Loc EndOffset="1413" SrcFileId="2" StartOffset="1364"/>
</LocList>
<BasicStmnt CovItemId="S15" CovItemPrefix="calculator.Calculator.java" Intrnl_Id="105">
<LocList>
<Loc EndOffset="1413" SrcFileId="2" StartOffset="1364"/>
</LocList>
</BasicStmnt>
</StmntSeq>
</Branch>
<Keyword EndOffset="1295" SrcFileId="2" StartOffset="1293"/>
<LocList>
<Loc EndOffset="1419" SrcFileId="2" StartOffset="1293"/>
</LocList>
<RootTerm CovItemId="C3" CovItemPrefix="calculator.Calculator.java" Intrnl_Id="106">
<OpTerm BooleanOpId="3" Intrnl_Id="107">
<BasicBoolTerm Intrnl_Id="108">
<LocList>
<Loc EndOffset="1321" SrcFileId="2" StartOffset="1297"/>
</LocList>
</BasicBoolTerm>
<LocList>
<Loc EndOffset="1297" SrcFileId="2" StartOffset="1296"/>
</LocList>
</OpTerm>
</RootTerm>
</CondStmnt>
<CondStmnt CovItemId="S12" CovItemPrefix="calculator.Calculator.java" Intrnl_Id="109">
<Branch CovItemId="B9" CovItemPrefix="calculator.Calculator.java" Implct="true" Intrnl_Id="110">
<Cond/>
<LocList/>
<StmntSeq Intrnl_Id="111">
<LocList/>
</StmntSeq>
</Branch>
<Branch CovItemId="B12" CovItemPrefix="calculator.Calculator.java" Implct="false" Intrnl_Id="112">
<Cond>
<Loc EndOffset="1449" SrcFileId="2" StartOffset="1431"/>
</Cond>
<LocList>
<Loc EndOffset="1503" SrcFileId="2" StartOffset="1449"/>
</LocList>
<StmntSeq Intrnl_Id="113">
<LocList>
<Loc EndOffset="1498" SrcFileId="2" StartOffset="1455"/>
</LocList>
<BasicStmnt CovItemId="S16" CovItemPrefix="calculator.Calculator.java" Intrnl_Id="114">
<LocList>
<Loc EndOffset="1498" SrcFileId="2" StartOffset="1455"/>
</LocList>
</BasicStmnt>
</StmntSeq>
</Branch>
<Keyword EndOffset="1286" SrcFileId="2" StartOffset="1283"/>
<LocList>
<Loc EndOffset="1503" SrcFileId="2" StartOffset="1283"/>
</LocList>
</CondStmnt>
</StmntSeq>
</HierarchyLvl>
<HierarchyLvl HierarchyLvlId="249" HierarchyLvlTypeId="5" Intrnl_Id="115" Name="sub">
<Header>
<Loc EndOffset="1563" SrcFileId="2" StartOffset="1526"/>
</Header>
<LocList>
<Loc EndOffset="1694" SrcFileId="2" StartOffset="1526"/>
</LocList>
<StmntSeq Intrnl_Id="116">
<LocList>
<Loc EndOffset="1690" SrcFileId="2" StartOffset="1569"/>
</LocList>
<CondStmnt CovItemId="S17" CovItemPrefix="calculator.Calculator.java" Intrnl_Id="117">
<Branch CovItemId="B13" CovItemPrefix="calculator.Calculator.java" Implct="false" Intrnl_Id="118">
<Cond/>
<LocList>
<Loc EndOffset="1622" SrcFileId="2" StartOffset="1598"/>
</LocList>
<StmntSeq Intrnl_Id="119">
<LocList>
<Loc EndOffset="1617" SrcFileId="2" StartOffset="1604"/>
</LocList>
<BasicStmnt CovItemId="S18" CovItemPrefix="calculator.Calculator.java" Intrnl_Id="120">
<LocList>
<Loc EndOffset="1617" SrcFileId="2" StartOffset="1604"/>
</LocList>
</BasicStmnt>
</StmntSeq>
</Branch>
<Branch CovItemId="B14" CovItemPrefix="calculator.Calculator.java" Implct="false" Intrnl_Id="121">
<Cond>
<Loc EndOffset="1630" SrcFileId="2" StartOffset="1626"/>
</Cond>
<LocList>
<Loc EndOffset="1690" SrcFileId="2" StartOffset="1630"/>
</LocList>
<StmntSeq Intrnl_Id="122">
<LocList>
<Loc EndOffset="1685" SrcFileId="2" StartOffset="1636"/>
</LocList>
<BasicStmnt CovItemId="S19" CovItemPrefix="calculator.Calculator.java" Intrnl_Id="123">
<LocList>
<Loc EndOffset="1685" SrcFileId="2" StartOffset="1636"/>
</LocList>
</BasicStmnt>
</StmntSeq>
</Branch>
<Keyword EndOffset="1571" SrcFileId="2" StartOffset="1569"/>
<LocList>
<Loc EndOffset="1690" SrcFileId="2" StartOffset="1569"/>
</LocList>
<RootTerm CovItemId="C4" CovItemPrefix="calculator.Calculator.java" Intrnl_Id="124">
<OpTerm BooleanOpId="3" Intrnl_Id="125">
<BasicBoolTerm Intrnl_Id="126">
<LocList>
<Loc EndOffset="1597" SrcFileId="2" StartOffset="1573"/>
</LocList>
</BasicBoolTerm>
<LocList>
<Loc EndOffset="1573" SrcFileId="2" StartOffset="1572"/>
</LocList>
</OpTerm>
</RootTerm>
</CondStmnt>
</StmntSeq>
</HierarchyLvl>
<HierarchyLvl HierarchyLvlId="250" HierarchyLvlTypeId="5" Intrnl_Id="127" Name="pyth">
<Header>
<Loc EndOffset="1750" SrcFileId="2" StartOffset="1712"/>
</Header>
<LocList>
<Loc EndOffset="1939" SrcFileId="2" StartOffset="1712"/>
</LocList>
<StmntSeq Intrnl_Id="128">
<LocList>
<Loc EndOffset="1814" SrcFileId="2" StartOffset="1756"/>
<Loc EndOffset="1935" SrcFileId="2" StartOffset="1818"/>
</LocList>
<BasicStmnt CovItemId="S20" CovItemPrefix="calculator.Calculator.java" Intrnl_Id="129">
<LocList>
<Loc EndOffset="1814" SrcFileId="2" StartOffset="1756"/>
</LocList>
</BasicStmnt>
<CondStmnt CovItemId="S21" CovItemPrefix="calculator.Calculator.java" Intrnl_Id="130">
<Branch CovItemId="B15" CovItemPrefix="calculator.Calculator.java" Implct="false" Intrnl_Id="131">
<Cond/>
<LocList>
<Loc EndOffset="1867" SrcFileId="2" StartOffset="1845"/>
</LocList>
<StmntSeq Intrnl_Id="132">
<LocList>
<Loc EndOffset="1862" SrcFileId="2" StartOffset="1851"/>
</LocList>
<BasicStmnt CovItemId="S22" CovItemPrefix="calculator.Calculator.java" Intrnl_Id="133">
<LocList>
<Loc EndOffset="1862" SrcFileId="2" StartOffset="1851"/>
</LocList>
</BasicStmnt>
</StmntSeq>
</Branch>
<Branch CovItemId="B16" CovItemPrefix="calculator.Calculator.java" Implct="false" Intrnl_Id="134">
<Cond>
<Loc EndOffset="1875" SrcFileId="2" StartOffset="1871"/>
</Cond>
<LocList>
<Loc EndOffset="1935" SrcFileId="2" StartOffset="1875"/>
</LocList>
<StmntSeq Intrnl_Id="135">
<LocList>
<Loc EndOffset="1930" SrcFileId="2" StartOffset="1881"/>
</LocList>
<BasicStmnt CovItemId="S23" CovItemPrefix="calculator.Calculator.java" Intrnl_Id="136">
<LocList>
<Loc EndOffset="1930" SrcFileId="2" StartOffset="1881"/>
</LocList>
</BasicStmnt>
</StmntSeq>
</Branch>
<Keyword EndOffset="1820" SrcFileId="2" StartOffset="1818"/>
<LocList>
<Loc EndOffset="1935" SrcFileId="2" StartOffset="1818"/>
</LocList>
<RootTerm CovItemId="C5" CovItemPrefix="calculator.Calculator.java" Intrnl_Id="137">
<OpTerm BooleanOpId="3" Intrnl_Id="138">
<BasicBoolTerm Intrnl_Id="139">
<LocList>
<Loc EndOffset="1844" SrcFileId="2" StartOffset="1822"/>
</LocList>
</BasicBoolTerm>
<LocList>
<Loc EndOffset="1822" SrcFileId="2" StartOffset="1821"/>
</LocList>
</OpTerm>
</RootTerm>
</CondStmnt>
</StmntSeq>
</HierarchyLvl>
</HierarchyLvl>
</HierarchyLvl>
</HierarchyLvl>
</MASTRoot>
</TestSessionContainer>
