<?xml version="1.0" encoding="UTF-8"?><TestSessionContainer xmlns="http://www.codecover.org/xml/testsession-container" Date="1416924019990" TestSessionContainerId="b9a31331-9b3b-49c4-a092-50d9688b93e5" version="1.0">
<SrcFileList>
<SrcFile Content="package testing;&#13;&#10;&#13;&#10;import static org.junit.Assert.*;&#13;&#10;import static org.mockito.Mockito.mock;&#13;&#10;&#13;&#10;import java.io.ByteArrayInputStream;&#13;&#10;import java.io.ByteArrayOutputStream;&#13;&#10;import java.io.PrintStream;&#13;&#10;import java.lang.reflect.Field;&#13;&#10;import java.lang.reflect.Method;&#13;&#10;import java.util.ArrayList;&#13;&#10;import java.util.List;&#13;&#10;import java.util.Scanner;&#13;&#10;&#13;&#10;import org.junit.Assert;&#13;&#10;import org.junit.Before;&#13;&#10;import org.junit.Test;&#13;&#10;&#13;&#10;import static org.mockito.Mockito.*;&#13;&#10;import calculator.Calculator;&#13;&#10;import calculator.CalculatorManager;&#13;&#10;import calculator.SaveManager;&#13;&#10;&#13;&#10;public class TestUnitTestCase &#13;&#10;{&#13;&#10;&#9;private Calculator c;&#13;&#10;&#9;private CalculatorManager calcMngr;&#13;&#10;&#9;private ByteArrayOutputStream outContent;&#13;&#10;&#9;&#13;&#10;&#9;// Reflection&#13;&#10;&#9;private Method m;&#13;&#10;    private Class[] parameterTypes;&#13;&#10;    private Object[] parameters;&#13;&#10;&#13;&#10;&#9;@Before&#13;&#10;&#9;public void initiate() throws Exception&#13;&#10;&#9;{&#13;&#10;&#9;&#9;c = new Calculator();&#13;&#10;&#9;&#9;calcMngr = new CalculatorManager(new SaveManager(),&quot;results.benja&quot;);&#13;&#10;&#9;&#9;outContent = new ByteArrayOutputStream();&#13;&#10;&#9;&#9;System.setOut(new PrintStream(outContent));&#13;&#10;&#9;}&#13;&#10;&#9;&#13;&#10;&#9;// Testar Calculator-klassen&#13;&#10;&#9;// rj222dq&#13;&#10;&#9;@Test &#13;&#10;&#9;public void shouldCreateInstance()&#13;&#10;&#9;{&#13;&#10;&#9;&#9;assertTrue(c instanceof Calculator);&#13;&#10;&#9;}&#13;&#10;&#13;&#10;&#9;// rj222dq Boundry&#13;&#10;&#9;@Test (expected=Exception.class)&#13;&#10;&#9;public void overloadAdd() throws Exception&#13;&#10;&#9;{ &#13;&#10;&#9;&#9;c.add(Double.MAX_VALUE, Double.MAX_VALUE);&#13;&#10;&#9;}&#13;&#10;&#9;&#13;&#10;&#9;// rj222dq Equivalence Partitioning&#13;&#10;&#9;@Test &#13;&#10;&#9;public void addnumbers() throws Exception&#13;&#10;&#9;{&#13;&#10;&#9;&#9;assertEquals(4.50, c.add(2.25, 2.25), 0); &#13;&#10;&#9;&#9;assertEquals(10.25, c.add(5.125, 5.125), 0); &#13;&#10;&#9;&#9;assertEquals(10.5, c.add(5, 5.5), 0);&#13;&#10;&#9;&#9;assertEquals(-10, c.add(-5, -5), 0);&#13;&#10;&#9;}&#13;&#10;&#9;&#13;&#10;&#9;// rj222dq&#13;&#10;&#9;@Test (expected=Error.class)&#13;&#10;&#9;public void overloadSubtract()&#13;&#10;&#9;{&#13;&#10;&#9;&#9;Assert.assertEquals(true, c.divide(2, 9));&#13;&#10;&#9;}&#13;&#10;&#9;&#13;&#10;&#9;// rj222dq Equivalence Partitioning&#13;&#10;&#9;@Test&#13;&#10;&#9;public void DivideTest()&#13;&#10;&#9;{&#13;&#10;&#9;&#9;Assert.assertEquals(-6, -6, c.divide(-36,6));&#13;&#10;&#9;&#9;Assert.assertEquals(6, 6, c.divide(36,6));&#13;&#10;&#9;&#9;Assert.assertEquals(12, 12, c.divide(120,10));&#13;&#10;&#9;&#9;Assert.assertEquals(5, 5, c.divide(0, 5));&#13;&#10;&#9;}&#13;&#10;&#9;&#13;&#10;&#9;// rj222dq&#13;&#10;&#9;@Test (expected=Exception.class)&#13;&#10;&#9;public void divideDeminatorZero() throws Exception&#13;&#10;&#9;{&#13;&#10;&#9;&#9;c.divide(2, 0);&#13;&#10;&#9;}&#13;&#10;&#13;&#10;&#9;// rj222dq&#13;&#10;&#9;@Test&#13;&#10;&#9;public void pyth()&#13;&#10;&#9;{&#13;&#10;&#9;&#9;Assert.assertEquals(5, c.pyth(3, 4), 0);&#13;&#10;&#9;}&#13;&#10;&#9;&#13;&#10;&#9;// rj222dq&#13;&#10;&#9;@Test (expected=RuntimeException.class)&#13;&#10;&#9;public void pythExeception()&#13;&#10;&#9;{&#13;&#10;&#9;&#9;Assert.assertEquals(5, c.pyth(Double.MAX_VALUE +2, 4), 0);&#13;&#10;&#9;}&#13;&#10;&#9;&#13;&#10;&#9;//js222xt Equivalence Partitioning&#13;&#10;&#9;@Test&#13;&#10;&#9;public void shouldMultiply(){&#13;&#10;&#9;&#9;double delta = 0;&#13;&#10;&#9;&#9;assertEquals(10.0, c.multiply(2.0,5.0), delta);&#13;&#10;&#9;&#9;assertEquals(-10.0, c.multiply(2.0,-5.0), delta);&#13;&#10;&#9;&#9;assertEquals(0.0, c.multiply(-2.0,0.0), delta);&#13;&#10;&#9;}&#13;&#10;&#9;&#13;&#10;&#9;//js222xt Boundry&#13;&#10;&#9;@Test(expected = RuntimeException.class)&#13;&#10;&#9;public void shouldThrowExceptionMultiply(){&#13;&#10;&#9;&#9;c.multiply(Double.MAX_VALUE,5.0);&#13;&#10;&#9;}&#13;&#10;&#9;&#13;&#10;&#9;//js222xt&#13;&#10;&#9;@Test&#13;&#10;&#9;public void shouldSubstractPositive(){&#13;&#10;&#9;&#9;double delta = 0;&#13;&#10;&#9;&#9;assertEquals(10.0, c.sub(15.0,5.0), delta);&#13;&#10;&#9;}&#13;&#10;&#9;&#13;&#10;&#9;//js222xt&#13;&#10;&#9;@Test&#13;&#10;&#9;public void shouldSubstractNegative(){&#13;&#10;&#9;&#9;double delta = 0;&#13;&#10;&#9;&#9;assertEquals(-10.0, c.sub(0.0,10.0), delta);&#13;&#10;&#9;}&#13;&#10;&#9;&#13;&#10;&#9;//js222xt Boundry&#13;&#10;&#9;@Test(expected = RuntimeException.class)&#13;&#10;&#9;public void shouldThrowExceptionSub(){&#13;&#10;&#9;&#9;c.sub(Double.MIN_VALUE,Double.NEGATIVE_INFINITY);&#13;&#10;&#9;}&#13;&#10;&#9;&#13;&#10;&#9;&#13;&#10;&#9;// Testar CalculatorManager-klassen&#13;&#10;&#9;&#13;&#10;&#9;@Test&#13;&#10;&#9;public void testSaveResult() throws Exception&#13;&#10;&#9;{&#13;&#10;&#9;&#9;// reflection&#13;&#10;&#9;&#9;parameterTypes = new Class[1];&#13;&#10;        parameterTypes[0] = java.lang.String.class;&#13;&#10;        m = calcMngr.getClass().getDeclaredMethod(&quot;saveResult&quot;, parameterTypes);&#13;&#10;        m.setAccessible(true);&#13;&#10;        parameters = new Object[1];&#13;&#10;        &#13;&#10;&#9;&#9;parameters[0] = &quot;test&quot;;&#13;&#10;        m.invoke(calcMngr, parameters);  &#13;&#10;&#9;}&#13;&#10;&#9;&#13;&#10;&#9;@Test&#13;&#10;&#9;public void testSaveResultException() throws Exception&#13;&#10;&#9;{ &#13;&#10;        CalculatorManager calcMngrErrorObj = new CalculatorManager(new SaveManager(),&quot;Â¤%&amp;/error&quot;);&#13;&#10;        Field privateStringField = CalculatorManager.class.getDeclaredField(&quot;filename&quot;);&#13;&#10;        privateStringField.setAccessible(true);&#13;&#10;        String fieldValue = (String) privateStringField.get(calcMngrErrorObj);&#13;&#10;        &#13;&#10;&#9;&#9;// reflection&#13;&#10;&#9;&#9;parameterTypes = new Class[1];&#13;&#10;        parameterTypes[0] = java.lang.String.class;&#13;&#10;        m = calcMngr.getClass().getDeclaredMethod(&quot;saveResult&quot;, parameterTypes);&#13;&#10;        m.setAccessible(true);&#13;&#10;        parameters = new Object[1];&#13;&#10;        &#13;&#10;&#9;&#9;parameters[0] = &quot;test&quot;;&#13;&#10;        m.invoke(calcMngr, parameters);  &#13;&#10;&#9;}&#13;&#10;&#9;/*&#13;&#10;&#9;@Test&#13;&#10;&#9;public void testReadNumbersAndGetDouble() throws Exception&#13;&#10;&#9;{&#13;&#10;&#9;&#9;// reflection&#13;&#10;&#9;&#9;parameterTypes = new Class[1];&#13;&#10;        parameterTypes[0] = java.util.Scanner.class;&#13;&#10;        // calculator.CalculatorManager.getDouble(java.util.Scanner, java.lang.Boolean)&#13;&#10;        m = calcMngr.getClass().getDeclaredMethod(&quot;readNumbers&quot;, parameterTypes);&#13;&#10;        m.setAccessible(true);&#13;&#10;        parameters = new Object[1];&#13;&#10;        ByteArrayInputStream in = new ByteArrayInputStream(&quot;5&quot;.getBytes());&#13;&#10;        //System.setIn(in);&#13;&#10;&#9;&#9;parameters[0] = new Scanner(in);&#13;&#10;&#9;&#9;m.invoke(calcMngr, parameters);&#9;&#9;&#13;&#10;&#9;}&#13;&#10;&#9;*/&#13;&#10;&#9;&#13;&#10;&#9;@Test &#13;&#10;&#9;public void testCalculateException()&#13;&#10;&#9;{&#13;&#10;&#9;&#9;calcMngr.calculate(&quot;jjkkj&quot;);&#13;&#10;&#9;}&#13;&#10;&#9;&#13;&#10;&#9;@Test &#13;&#10;&#9;public void testCalculateDivide() throws Exception&#13;&#10;&#9;{&#13;&#10;&#9;&#9;Field num1 = calcMngr.getClass().getDeclaredField(&quot;num1&quot;);&#13;&#10;&#9;&#9;num1.setAccessible(true);&#13;&#10;&#9;&#9;num1.set(calcMngr, 2);&#13;&#10;&#9;&#9;Field num2 = calcMngr.getClass().getDeclaredField(&quot;num2&quot;);&#13;&#10;&#9;&#9;num2.setAccessible(true);&#13;&#10;&#9;&#9;num2.set(calcMngr, 2);&#13;&#10;&#9;&#9;double result = (double) calcMngr.calculate(&quot;divide&quot;);&#13;&#10;&#9;&#9;assertEquals(1, result, 0);&#13;&#10;&#9;}&#13;&#10;&#9;&#13;&#10;&#9;@Test &#13;&#10;&#9;public void testCalculateMultiply() throws Exception&#13;&#10;&#9;{&#13;&#10;&#9;&#9;Field num1 = calcMngr.getClass().getDeclaredField(&quot;num1&quot;);&#13;&#10;&#9;&#9;num1.setAccessible(true);&#13;&#10;&#9;&#9;num1.set(calcMngr, 2);&#13;&#10;&#9;&#9;Field num2 = calcMngr.getClass().getDeclaredField(&quot;num2&quot;);&#13;&#10;&#9;&#9;num2.setAccessible(true);&#13;&#10;&#9;&#9;num2.set(calcMngr, 2);&#13;&#10;&#9;&#9;double result = (double) calcMngr.calculate(&quot;multiply&quot;);&#13;&#10;&#9;&#9;assertEquals(4, result, 0);&#13;&#10;&#9;}&#13;&#10;&#9;&#13;&#10;&#9;@Test &#13;&#10;&#9;public void testCalculateAdd() throws Exception&#13;&#10;&#9;{&#13;&#10;&#9;&#9;Field num1 = calcMngr.getClass().getDeclaredField(&quot;num1&quot;);&#13;&#10;&#9;&#9;num1.setAccessible(true);&#13;&#10;&#9;&#9;num1.set(calcMngr, 2);&#13;&#10;&#9;&#9;Field num2 = calcMngr.getClass().getDeclaredField(&quot;num2&quot;);&#13;&#10;&#9;&#9;num2.setAccessible(true);&#13;&#10;&#9;&#9;num2.set(calcMngr, 2);&#13;&#10;&#9;&#9;double result = (double) calcMngr.calculate(&quot;add&quot;);&#13;&#10;&#9;&#9;assertEquals(4, result, 0);&#13;&#10;&#9;}&#13;&#10;&#9;&#13;&#10;&#9;@Test &#13;&#10;&#9;public void testCalculateSub() throws Exception&#13;&#10;&#9;{&#13;&#10;&#9;&#9;Field num1 = calcMngr.getClass().getDeclaredField(&quot;num1&quot;);&#13;&#10;&#9;&#9;num1.setAccessible(true);&#13;&#10;&#9;&#9;num1.set(calcMngr, 2);&#13;&#10;&#9;&#9;Field num2 = calcMngr.getClass().getDeclaredField(&quot;num2&quot;);&#13;&#10;&#9;&#9;num2.setAccessible(true);&#13;&#10;&#9;&#9;num2.set(calcMngr, 2);&#13;&#10;&#9;&#9;double result = (double) calcMngr.calculate(&quot;sub&quot;);&#13;&#10;&#9;&#9;assertEquals(0, result, 0);&#13;&#10;&#9;}&#13;&#10;&#9;&#13;&#10;&#9;@Test &#13;&#10;&#9;public void testCalculatePyth() throws Exception&#13;&#10;&#9;{&#13;&#10;&#9;&#9;Field num1 = calcMngr.getClass().getDeclaredField(&quot;num1&quot;);&#13;&#10;&#9;&#9;num1.setAccessible(true);&#13;&#10;&#9;&#9;num1.set(calcMngr, 3);&#13;&#10;&#9;&#9;Field num2 = calcMngr.getClass().getDeclaredField(&quot;num2&quot;);&#13;&#10;&#9;&#9;num2.setAccessible(true);&#13;&#10;&#9;&#9;num2.set(calcMngr, 4);&#13;&#10;&#9;&#9;double result = (double) calcMngr.calculate(&quot;pyth&quot;);&#13;&#10;&#9;&#9;assertEquals(5, result, 0);&#13;&#10;&#9;}&#13;&#10;&#9;&#13;&#10;&#9;//js222xt, rj222dq&#13;&#10;&#9;@Test&#13;&#10;&#9;public void shouldTestMockingAdd()throws Exception{ &#13;&#10;&#9;&#9;SaveManager smMock = mock(SaveManager.class);&#13;&#10;&#9;&#9;CalculatorManager cm = new CalculatorManager(smMock, &quot;mock.mock&quot;);&#13;&#10;&#9;&#9;Field num1 = cm.getClass().getDeclaredField(&quot;num1&quot;);&#13;&#10;&#9;&#9;num1.setAccessible(true);&#13;&#10;&#9;&#9;num1.set(cm, 3);&#13;&#10;&#9;&#9;Field num2 = cm.getClass().getDeclaredField(&quot;num2&quot;);&#13;&#10;&#9;&#9;num2.setAccessible(true);&#13;&#10;&#9;&#9;num2.set(cm, 4);&#13;&#10;&#9;&#9;double result = (double) cm.calculate(&quot;add&quot;);&#13;&#10;&#9;&#9;List&lt;String&gt; results = new ArrayList&lt;String&gt;();&#13;&#10;&#9;&#9;when(smMock.readFromDisk(&quot;mock.mock&quot;)).thenReturn(results);&#13;&#10;&#9;&#9;verify(smMock).readFromDisk(&quot;mock.mock&quot;);&#13;&#10;&#9;&#9;String saveStr = &quot;Add: 3.0+4.0 = 7.0&quot;;&#13;&#10;&#9;&#9;results.add(saveStr);&#13;&#10;&#9;&#9;verify(smMock).saveToDisk(&quot;mock.mock&quot;, results);&#13;&#10;&#9;}&#13;&#10;&#9;&#13;&#10;&#9;@Test&#13;&#10;&#9;public void shouldTestMockingSub()throws Exception{ &#13;&#10;&#9;&#9;SaveManager smMock = mock(SaveManager.class);&#13;&#10;&#9;&#9;CalculatorManager cm = new CalculatorManager(smMock, &quot;mock.mock&quot;);&#13;&#10;&#9;&#9;Field num1 = cm.getClass().getDeclaredField(&quot;num1&quot;);&#13;&#10;&#9;&#9;num1.setAccessible(true);&#13;&#10;&#9;&#9;num1.set(cm, 3);&#13;&#10;&#9;&#9;Field num2 = cm.getClass().getDeclaredField(&quot;num2&quot;);&#13;&#10;&#9;&#9;num2.setAccessible(true);&#13;&#10;&#9;&#9;num2.set(cm, 4);&#13;&#10;&#9;&#9;double result = (double) cm.calculate(&quot;sub&quot;);&#13;&#10;&#9;&#9;List&lt;String&gt; results = new ArrayList&lt;String&gt;();&#13;&#10;&#9;&#9;when(smMock.readFromDisk(&quot;mock.mock&quot;)).thenReturn(results);&#13;&#10;&#9;&#9;verify(smMock).readFromDisk(&quot;mock.mock&quot;);&#13;&#10;&#9;&#9;String saveStr = &quot;Substraction: 3.0-4.0 = -1.0&quot;;&#13;&#10;&#9;&#9;results.add(saveStr);&#13;&#10;&#9;&#9;verify(smMock).saveToDisk(&quot;mock.mock&quot;, results);&#13;&#10;&#9;}&#13;&#10;&#9;&#13;&#10;&#9;@Test&#13;&#10;&#9;public void shouldTestMockingDivide()throws Exception{ &#13;&#10;&#9;&#9;SaveManager smMock = mock(SaveManager.class);&#13;&#10;&#9;&#9;CalculatorManager cm = new CalculatorManager(smMock, &quot;mock.mock&quot;);&#13;&#10;&#9;&#9;Field num1 = cm.getClass().getDeclaredField(&quot;num1&quot;);&#13;&#10;&#9;&#9;num1.setAccessible(true);&#13;&#10;&#9;&#9;num1.set(cm, 10);&#13;&#10;&#9;&#9;Field num2 = cm.getClass().getDeclaredField(&quot;num2&quot;);&#13;&#10;&#9;&#9;num2.setAccessible(true);&#13;&#10;&#9;&#9;num2.set(cm, 2);&#13;&#10;&#9;&#9;double result = (double) cm.calculate(&quot;divide&quot;);&#13;&#10;&#9;&#9;List&lt;String&gt; results = new ArrayList&lt;String&gt;();&#13;&#10;&#9;&#9;when(smMock.readFromDisk(&quot;mock.mock&quot;)).thenReturn(results);&#13;&#10;&#9;&#9;verify(smMock).readFromDisk(&quot;mock.mock&quot;);&#13;&#10;&#9;&#9;String saveStr = &quot;Divide: 10.0/2.0 = 5.0&quot;;&#13;&#10;&#9;&#9;results.add(saveStr);&#13;&#10;&#9;&#9;verify(smMock).saveToDisk(&quot;mock.mock&quot;, results);&#13;&#10;&#9;}&#13;&#10;&#9;&#13;&#10;&#9;@Test&#13;&#10;&#9;public void shouldTestMockingMultiply()throws Exception{ &#13;&#10;&#9;&#9;SaveManager smMock = mock(SaveManager.class);&#13;&#10;&#9;&#9;CalculatorManager cm = new CalculatorManager(smMock, &quot;mock.mock&quot;);&#13;&#10;&#9;&#9;Field num1 = cm.getClass().getDeclaredField(&quot;num1&quot;);&#13;&#10;&#9;&#9;num1.setAccessible(true);&#13;&#10;&#9;&#9;num1.set(cm, 10);&#13;&#10;&#9;&#9;Field num2 = cm.getClass().getDeclaredField(&quot;num2&quot;);&#13;&#10;&#9;&#9;num2.setAccessible(true);&#13;&#10;&#9;&#9;num2.set(cm, 2);&#13;&#10;&#9;&#9;double result = (double) cm.calculate(&quot;multiply&quot;);&#13;&#10;&#9;&#9;List&lt;String&gt; results = new ArrayList&lt;String&gt;();&#13;&#10;&#9;&#9;when(smMock.readFromDisk(&quot;mock.mock&quot;)).thenReturn(results);&#13;&#10;&#9;&#9;verify(smMock).readFromDisk(&quot;mock.mock&quot;);&#13;&#10;&#9;&#9;String saveStr = &quot;Multiply: 10.0*2.0 = 20.0&quot;;&#13;&#10;&#9;&#9;results.add(saveStr);&#13;&#10;&#9;&#9;verify(smMock).saveToDisk(&quot;mock.mock&quot;, results);&#13;&#10;&#9;}&#13;&#10;&#9;&#13;&#10;&#9;@Test&#13;&#10;&#9;public void shouldTestMockingPythagoras()throws Exception{ &#13;&#10;&#9;&#9;SaveManager smMock = mock(SaveManager.class);&#13;&#10;&#9;&#9;CalculatorManager cm = new CalculatorManager(smMock, &quot;mock.mock&quot;);&#13;&#10;&#9;&#9;Field num1 = cm.getClass().getDeclaredField(&quot;num1&quot;);&#13;&#10;&#9;&#9;num1.setAccessible(true);&#13;&#10;&#9;&#9;num1.set(cm, 3);&#13;&#10;&#9;&#9;Field num2 = cm.getClass().getDeclaredField(&quot;num2&quot;);&#13;&#10;&#9;&#9;num2.setAccessible(true);&#13;&#10;&#9;&#9;num2.set(cm, 4);&#13;&#10;&#9;&#9;double result = (double) cm.calculate(&quot;pyth&quot;);&#13;&#10;&#9;&#9;List&lt;String&gt; results = new ArrayList&lt;String&gt;();&#13;&#10;&#9;&#9;when(smMock.readFromDisk(&quot;mock.mock&quot;)).thenReturn(results);&#13;&#10;&#9;&#9;verify(smMock).readFromDisk(&quot;mock.mock&quot;);&#13;&#10;&#9;&#9;String saveStr = &quot;Pythagoras: 3.0 4.0 = 5.0&quot;;&#13;&#10;&#9;&#9;results.add(saveStr);&#13;&#10;&#9;&#9;verify(smMock).saveToDisk(&quot;mock.mock&quot;, results);&#13;&#10;&#9;}&#13;&#10;&#9;&#13;&#10;&#13;&#10;&#9; @Test&#13;&#10;&#9; public void shouldThrowSaveManagerError(){&#13;&#10;&#9;  SaveManager sm = new SaveManager();&#13;&#10;&#9;  CalculatorManager cm = new CalculatorManager(sm, &quot;&quot;);&#13;&#10;&#9;  cm.calculate(&quot;add&quot;);&#13;&#10;&#9;  assertTrue(outContent.toString().contains(&quot;Error: &quot;));&#13;&#10;&#9; }&#13;&#10;&#9;&#13;&#10;&#9; @Test&#13;&#10;&#9; public void testChoices() throws Exception&#13;&#10;&#9; {&#13;&#10;&#9;&#9;&#9;// reflection&#13;&#10;&#9;&#9;&#9;parameterTypes = new Class[1];&#13;&#10;&#9;        parameterTypes[0] = java.lang.Integer.class;&#13;&#10;&#9;        m = calcMngr.getClass().getDeclaredMethod(&quot;choice&quot;, parameterTypes);&#13;&#10;&#9;        m.setAccessible(true);&#13;&#10;&#9;        parameters = new Object[1];&#13;&#10;&#9;&#9;&#9;parameters[0] = 1;&#13;&#10;&#9;&#9;&#9;m.invoke(calcMngr, parameters);&#9;&#9;&#13;&#10;&#9; }&#13;&#10;&#9;&#13;&#10;}&#13;&#10;" Filename="TestUnitTestCase.java" Intrnl_Id="1"/>
<SrcFile Content="package calculator;&#13;&#10;&#13;&#10;import java.io.FileInputStream;&#13;&#10;import java.io.FileOutputStream;&#13;&#10;import java.io.ObjectInputStream;&#13;&#10;import java.io.ObjectOutputStream;&#13;&#10;import java.util.ArrayList;&#13;&#10;import java.util.List;&#13;&#10;&#13;&#10;public class SaveManager {&#13;&#10;&#13;&#10;&#9;private List&lt;String&gt; results;&#13;&#10;&#9;&#13;&#10;&#9;public SaveManager(){&#13;&#10;&#9;&#9;results = new ArrayList&lt;String&gt;();&#13;&#10;&#9;}&#13;&#10;&#9;&#13;&#10;&#9;/**&#13;&#10;&#9; * LÃ¤s sparad data frÃ¥n fil.&#13;&#10;&#9; */&#13;&#10;&#9;public List&lt;String&gt; readFromDisk(String filename)&#13;&#10;&#9;{&#13;&#10;&#9;&#9;try &#13;&#10;&#9;&#9;{&#13;&#10;&#9;&#9;&#9;ObjectInputStream in = new ObjectInputStream(new FileInputStream(filename));&#13;&#10;&#9;&#9;&#9;results = (List&lt;String&gt;) in.readObject();&#13;&#10;&#9;&#9;    in.close();&#13;&#10;&#9;&#9;    return results;&#13;&#10;&#9;&#9;}&#13;&#10;&#9;    catch (Exception ex) &#13;&#10;&#9;    {&#13;&#10;&#9;&#9;&#9;System.out.println(&quot;Error: &quot; + ex.toString());&#13;&#10;&#9;&#9;}&#13;&#10;&#9;&#9;return results;&#13;&#10;&#9;}&#13;&#10;&#9;&#13;&#10;&#9;/**&#13;&#10;&#9; * Spara listan med information till fil.&#13;&#10;&#9; */&#13;&#10;&#9;public void saveToDisk(String filename, List&lt;String&gt; results)&#13;&#10;&#9;{&#13;&#10;&#9;&#9;try &#13;&#10;&#9;&#9;{&#13;&#10;&#9;&#9;&#9;ObjectOutputStream out = new ObjectOutputStream(new FileOutputStream(filename));&#13;&#10;&#9;&#9;    out.writeObject(results);&#13;&#10;&#9;&#9;    out.close();&#13;&#10;&#9;&#9;} &#13;&#10;&#9;&#9;catch (Exception ex) &#13;&#10;&#9;&#9;{&#13;&#10;&#9;&#9;&#9;System.out.println(&quot;Error: &quot; + ex.toString());&#13;&#10;&#9;&#9;}&#13;&#10;&#9;}&#13;&#10;&#9;&#13;&#10;}&#13;&#10;" Filename="SaveManager.java" Intrnl_Id="2"/>
<SrcFile Content="package calculator;&#13;&#10;&#13;&#10;import java.io.FileInputStream; &#13;&#10;import java.io.FileOutputStream;&#13;&#10;import java.io.ObjectInputStream;&#13;&#10;import java.io.ObjectOutputStream;&#13;&#10;import java.util.ArrayList;&#13;&#10;import java.util.List;&#13;&#10;import java.util.Scanner;&#13;&#10;&#13;&#10;import calculator.*;&#13;&#10;&#13;&#10;/**&#13;&#10; * Syftet med klassen Ã¤r att hantera &quot;Calculator&quot;-klassen.&#13;&#10; * @author rj222dq&#13;&#10; *&#13;&#10; */&#13;&#10;public class CalculatorManager &#13;&#10;{&#13;&#10;&#9;private Calculator calc;&#13;&#10;&#9;private double num1, num2;&#13;&#10;&#9;private List&lt;String&gt; results;&#13;&#10;&#9;private SaveManager sm;&#13;&#10;&#9;private String filename;&#13;&#10;&#9;&#13;&#10;&#9;/**&#13;&#10;&#9; * Konstruktor&#13;&#10;&#9; */&#13;&#10;&#9;public CalculatorManager(SaveManager sm, String filename)&#13;&#10;&#9;{&#13;&#10;&#9;&#9;this.sm = sm;&#13;&#10;&#9;&#9;this.filename = filename;&#13;&#10;&#9;&#9;calc = new Calculator();&#13;&#10;&#9;&#9;num1 = 0;&#13;&#10;&#9;&#9;num2 = 0;&#13;&#10;&#9;&#9;results = this.sm.readFromDisk(this.filename);&#13;&#10;&#9;}&#13;&#10;&#9;&#13;&#10;&#9;/**&#13;&#10;&#9; * Spara resultatet&#13;&#10;&#9; * @param saveStr Resultat att spara i form av en strÃ¤ng&#13;&#10;&#9; */&#13;&#10;&#9;private void saveResult(String saveStr)&#13;&#10;&#9;{&#13;&#10;&#9;&#9;// Skriver ut till anvÃ¤ndaren&#13;&#10;&#9;&#9;System.out.println(saveStr);&#13;&#10;&#9;&#9;// LÃ¤gger till strÃ¤ngen till listan&#13;&#10;&#9;&#9;results.add(saveStr);&#13;&#10;&#9;&#9;// Sparar strÃ¤ngen till fil&#13;&#10;&#9;&#9;this.sm.saveToDisk(this.filename, results);&#13;&#10;&#9;}&#13;&#10;&#9;&#13;&#10;&#13;&#10;&#9;&#13;&#10;&#9;&#13;&#10;&#9;/**&#13;&#10;&#9; * RÃ¤knar ut det anvÃ¤ndaren vill.&#13;&#10;&#9; * @param method StrÃ¤ng som innehÃ¥ller metodval.&#13;&#10;&#9; * @param num1 Nummer 1.&#13;&#10;&#9; * @param num2 Nummer 2.&#13;&#10;&#9; * @return Resultatet.&#13;&#10;&#9; */&#13;&#10;&#9;public double calculate(String method)&#13;&#10;&#9;{&#13;&#10;&#9;&#9;double result = 0;&#13;&#10;&#9;&#9;try&#13;&#10;&#9;&#9;{ &#13;&#10;&#9;&#9;&#9;if (method.equals(&quot;divide&quot;))&#13;&#10;&#9;&#9;&#9;{&#13;&#10;&#9;&#9;&#9;&#9;result = calc.divide(num1, num2);&#13;&#10;&#9;&#9;&#9;&#9;saveResult(&quot;Divide: &quot; + num1 + &quot;/&quot; + num2 +&quot; = &quot; + result);&#13;&#10;&#9;&#9;&#9;}&#13;&#10;&#9;&#9;&#9;else if (method.equals(&quot;multiply&quot;))&#13;&#10;&#9;&#9;&#9;{&#13;&#10;&#9;&#9;&#9;&#9;result = calc.multiply(num1, num2);&#13;&#10;&#9;&#9;&#9;&#9;saveResult(&quot;Multiply: &quot; + num1 + &quot;*&quot; + num2 +&quot; = &quot; + result);&#13;&#10;&#9;&#9;&#9;}&#13;&#10;&#9;&#9;&#9;else if (method.equals(&quot;add&quot;))&#13;&#10;&#9;&#9;&#9;{&#13;&#10;&#9;&#9;&#9;&#9;result = calc.add(num1, num2);&#13;&#10;&#9;&#9;&#9;&#9;saveResult(&quot;Add: &quot; + num1 + &quot;+&quot; + num2 +&quot; = &quot; + result);&#13;&#10;&#9;&#9;&#9;}&#13;&#10;&#9;&#9;&#9;else if (method.equals(&quot;sub&quot;))&#13;&#10;&#9;&#9;&#9;{&#13;&#10;&#9;&#9;&#9;&#9;result = calc.sub(num1, num2);&#13;&#10;&#9;&#9;&#9;&#9;saveResult(&quot;Substraction: &quot; + num1 + &quot;-&quot; + num2 +&quot; = &quot; + result);&#13;&#10;&#9;&#9;&#9;}&#13;&#10;&#9;&#9;&#9;else if (method.equals(&quot;pyth&quot;))&#13;&#10;&#9;&#9;&#9;{&#13;&#10;&#9;&#9;&#9;&#9;result = calc.pyth(num1, num2);&#13;&#10;&#9;&#9;&#9;&#9;saveResult(&quot;Pythagoras: &quot; + num1 + &quot; &quot; + num2 +&quot; = &quot; + result);&#13;&#10;&#9;&#9;&#9;}&#13;&#10;&#9;&#9;&#9;else&#13;&#10;&#9;&#9;&#9;{&#13;&#10;&#9;&#9;&#9;&#9;throw new RuntimeException(&quot;Error. No such method for calculate.&quot;);&#13;&#10;&#9;&#9;&#9;}&#13;&#10;&#9;&#9;}&#13;&#10;&#9;&#9;catch (Exception ex) &#13;&#10;&#9;&#9;{&#13;&#10;&#9;&#9;&#9;System.out.println(&quot;Error: &quot; + ex.toString());&#13;&#10;&#9;&#9;}&#13;&#10;&#9;&#9;return result;&#13;&#10;&#9;}&#13;&#10;&#9;&#13;&#10;&#9;/**&#13;&#10;&#9; * Skriver ut informationen till anvÃ¤ndaren&#13;&#10;&#9; */&#13;&#10;&#9;private void printInfo()&#13;&#10;&#9;{&#13;&#10;&#9;&#9;System.out.println(&quot;Calculator&quot;);&#13;&#10;&#9;&#9;System.out.println(&quot;1. Divide&quot;);&#13;&#10;&#9;&#9;System.out.println(&quot;2. Add&quot;);&#13;&#10;&#9;&#9;System.out.println(&quot;3. Substract&quot;);&#13;&#10;&#9;&#9;System.out.println(&quot;4. Multiply&quot;);&#13;&#10;&#9;&#9;System.out.println(&quot;5. Pythagoras quest&quot;);&#13;&#10;&#9;&#9;System.out.println(&quot;To quit press: Q&quot;);&#13;&#10;&#9;&#9;System.out.println(&quot;Previous results press: P&quot;);&#13;&#10;&#9;}&#13;&#10;&#9;&#13;&#10;&#9;&#13;&#10;&#9;public void start(Scanner scanner)&#13;&#10;&#9;{&#13;&#10;&#9;&#9;int choosen = 0;&#13;&#10;&#9;&#9;printInfo();&#13;&#10;&#9;&#9;String str = scanner.nextLine();&#13;&#10;&#9;&#9;&#13;&#10;&#9;&#9;if (str.toLowerCase().matches(&quot;p&quot;))&#13;&#10;&#9;&#9;{&#13;&#10;&#9;&#9;&#9;System.out.println(&quot;\nPrevious results:&quot;);&#13;&#10;&#9;&#9;&#9;for (String string : results) &#13;&#10;&#9;&#9;&#9;{&#13;&#10;&#9;&#9;&#9;&#9;System.out.println(string);&#13;&#10;&#9;&#9;&#9;}&#13;&#10;&#9;&#9;}&#13;&#10;&#9;&#9;else if (str.toLowerCase().matches(&quot;q&quot;))&#13;&#10;&#9;&#9;{&#13;&#10;&#9;&#9;&#9;return;&#13;&#10;&#9;&#9;}&#13;&#10;&#9;&#9;else &#13;&#10;&#9;&#9;{&#13;&#10;&#9;&#9;&#9;choosen = Integer.parseInt(str);&#13;&#10;&#9;&#9;&#9;&#9;&#13;&#10;&#9;&#9;}&#13;&#10;&#9;&#9;// LÃ¤ser in nummer frÃ¥n anvÃ¤ndaren&#13;&#10;&#9;&#9;readNumbers(scanner); &#13;&#10;&#9;&#9;&#13;&#10;&#9;&#9;// BestÃ¤mmer och aktiverar valet&#13;&#10;&#9;&#9;choice(choosen);&#13;&#10;&#9;}&#13;&#10;&#9;&#13;&#10;&#9;private void choice(int choice)&#13;&#10;&#9;{&#9;&#9;&#13;&#10;&#9;&#9;switch (choice) {&#13;&#10;&#9;&#9;case 1:&#13;&#10;&#9;&#9;&#9;calculate(&quot;divide&quot;);&#13;&#10;&#9;&#9;&#9;break;&#13;&#10;&#9;&#9;case 2:&#13;&#10;&#9;&#9;&#9;calculate(&quot;add&quot;);&#13;&#10;&#9;&#9;&#9;break;&#13;&#10;&#9;&#9;case 3:&#13;&#10;&#9;&#9;&#9;calculate(&quot;sub&quot;);&#13;&#10;&#9;&#9;&#9;break;&#13;&#10;&#9;&#9;case 4:&#9;&#9;&#9;&#13;&#10;&#9;&#9;&#9;calculate(&quot;multiply&quot;);&#13;&#10;&#9;&#9;&#9;break;&#13;&#10;&#9;&#9;case 5:&#9;&#13;&#10;&#9;&#9;&#9;calculate(&quot;pyth&quot;);&#13;&#10;&#9;&#9;&#9;break;&#13;&#10;&#9;&#9;}&#13;&#10;&#9;}&#13;&#10;&#9;&#13;&#10;&#9;/*&#13;&#10;&#9;public void start()&#13;&#10;&#9;{&#13;&#10;&#9;&#9;Scanner scanner = new Scanner(System.in);&#13;&#10;&#9;&#9;String quitS = &quot;Q&quot;;&#13;&#10;&#9;&#9;String preresult = &quot;P&quot;;&#13;&#10;&#9;&#9;boolean quit = false;&#13;&#10;&#9;&#9;while(!quit){&#13;&#10;&#9;&#9;&#9;System.out.print(&quot;\nCalculator. Choose\n1 = divide\n2 = add\n3 = substract\n4 = multiply\n&quot;&#13;&#10;&#9;&#9;&#9;&#9;&#9;+ &quot;5 = Pythagoras Guy Load \n'&quot;+ quitS+&quot;'to quit\n'&quot;+preresult+&quot;' &quot;&#13;&#10;&#9;&#9;&#9;&#9;&#9;&#9;&#9;+ &quot;to see previous results: &quot;);&#13;&#10;&#9;&#9;&#9;// LÃ¤ser in frÃ¥n anvÃ¤ndaren&#13;&#10;&#9;&#9;&#9;&#13;&#10;&#9;&#9;&#9;boolean isInt = false;&#13;&#10;&#9;&#9;&#9;int type = 0;&#13;&#10;&#9;&#9;&#9;while(!isInt){&#13;&#10;&#9;&#9;&#9;&#9;try{&#13;&#10;&#9;&#9;&#9;&#9;&#9;String s = scanner.nextLine();&#13;&#10;&#9;&#9;&#9;&#9;&#9;if(s.toUpperCase().matches(quitS)){&#13;&#10;&#9;&#9;&#9;&#9;&#9;&#9;quit = true;&#13;&#10;&#9;&#9;&#9;&#9;&#9;&#9;return;&#13;&#10;&#9;&#9;&#9;&#9;&#9;}&#13;&#10;&#9;&#9;&#9;&#9;&#9;else if(s.toUpperCase().matches(preresult)){&#13;&#10;&#9;&#9;&#9;&#9;&#9;&#9;System.out.println(&quot;\nPrevious results:&quot;);&#13;&#10;&#9;&#9;&#9;&#9;&#9;&#9;for (String string : results) {&#13;&#10;&#9;&#9;&#9;&#9;&#9;&#9;&#9;System.out.println(string);&#13;&#10;&#9;&#9;&#9;&#9;&#9;&#9;}&#13;&#10;&#9;&#9;&#9;&#9;&#9;&#9;System.out.println(&quot;Enter Choise\n:&quot;);&#13;&#10;&#9;&#9;&#9;&#9;&#9;}&#13;&#10;&#9;&#9;&#9;&#9;&#9;else{&#13;&#10;&#9;&#9;&#9;&#9;&#9;&#9;int chose = Integer.valueOf(s); &#13;&#10;&#9;&#9;&#9;&#9;&#9;&#9;if(chose == 1 || chose == 2 || chose == 3 || chose == 4 || chose == 5){&#13;&#10;&#9;&#9;&#9;&#9;&#9;&#9;&#9;type = chose;&#13;&#10;&#9;&#9;&#9;&#9;&#9;&#9;&#9;isInt = true;&#13;&#10;&#9;&#9;&#9;&#9;&#9;&#9;}&#13;&#10;&#9;&#9;&#9;&#9;&#9;&#9;else{&#13;&#10;&#9;&#9;&#9;&#9;&#9;&#9;&#9;throw new Exception();&#13;&#10;&#9;&#9;&#9;&#9;&#9;&#9;}&#13;&#10;&#9;&#9;&#9;&#9;&#9;}&#9;&#9;&#9;&#9;&#9;&#13;&#10;&#9;&#9;&#9;&#9;}&#13;&#10;&#9;&#9;&#9;&#9;catch(Exception e){&#13;&#10;&#9;&#9;&#9;&#9;&#9;System.out.println(&quot;Not in range, try again\n:&quot;);&#13;&#10;&#9;&#9;&#9;&#9;&#9;System.out.println(&quot;Error: &quot; + e.toString());&#13;&#10;&#9;&#9;&#9;&#9;}&#13;&#10;&#9;&#9;&#9;}&#13;&#10;&#9;&#9;&#9;// LÃ¤ser in nummer frÃ¥n anvÃ¤ndaren&#13;&#10;&#9;&#9;&#9;readNumbers(scanner); &#13;&#10;&#9;&#9;&#9;&#13;&#10;&#9;&#9;&#9;switch (type) {&#13;&#10;&#9;&#9;&#9;case 1:&#13;&#10;&#9;&#9;&#9;&#9;calculate(&quot;divide&quot;);&#13;&#10;&#9;&#9;&#9;&#9;break;&#13;&#10;&#9;&#9;&#9;case 2:&#13;&#10;&#9;&#9;&#9;&#9;calculate(&quot;add&quot;);&#13;&#10;&#9;&#9;&#9;&#9;break;&#13;&#10;&#9;&#9;&#9;case 3:&#13;&#10;&#9;&#9;&#9;&#9;calculate(&quot;sub&quot;);&#13;&#10;&#9;&#9;&#9;&#9;break;&#13;&#10;&#9;&#9;&#9;case 4:&#9;&#9;&#9;&#13;&#10;&#9;&#9;&#9;&#9;calculate(&quot;multiply&quot;);&#13;&#10;&#9;&#9;&#9;&#9;break;&#13;&#10;&#9;&#9;&#9;case 5:&#9;&#13;&#10;&#9;&#9;&#9;&#9;calculate(&quot;pyth&quot;);&#13;&#10;&#9;&#9;&#9;&#9;break;&#13;&#10;&#9;&#9;&#9;}&#13;&#10;&#9;&#9;}&#13;&#10;&#9;}&#13;&#10;&#9;*/&#13;&#10;&#13;&#10;&#9;/**&#13;&#10;&#9; * LÃ¤ser in nummer frÃ¥n anvÃ¤ndaren.&#13;&#10;&#9; * @param scanner Scannerobjekt&#13;&#10;&#9; */&#13;&#10;&#9;private void readNumbers(Scanner scanner) &#13;&#10;&#9;{&#13;&#10;&#9;&#9;System.out.print(&quot;\n&quot;+&quot;Enter first number:&quot;);&#13;&#10;&#9;&#9;num1 = getDouble(scanner);&#13;&#10;&#9;&#9;&#13;&#10;&#9;&#9;System.out.print(&quot;Enter second number:&quot;);&#13;&#10;&#9;&#9;num2 = getDouble(scanner); &#13;&#10;&#9;}&#13;&#10;&#9;&#13;&#10;&#9;private double getDouble(Scanner scanner) {&#13;&#10;&#9;&#9;double p1 = 0;&#13;&#10;&#9;&#9;boolean isDouble = false;&#13;&#10;&#9;&#9;while(!isDouble){&#13;&#10;&#9;&#9;&#9;try{&#13;&#10;&#9;&#9;&#9;&#9;p1 = Double.valueOf(scanner.nextLine());&#13;&#10;&#9;&#9;&#9;&#9;isDouble = true;&#13;&#10;&#9;&#9;&#9;}&#13;&#10;&#9;&#9;&#9;catch(Exception e){&#13;&#10;&#9;&#9;&#9;&#9;p1 = 0;&#13;&#10;&#9;&#9;&#9;&#9;System.out.println(&quot;Not double, try again\n:&quot;);&#13;&#10;&#9;&#9;&#9;&#9;System.out.println(&quot;Error: &quot; + e.toString());&#13;&#10;&#9;&#9;&#9;}&#13;&#10;&#9;&#9;}&#13;&#10;&#9;&#9;return p1;&#13;&#10;&#9;}&#13;&#10;&#13;&#10;&#9;&#13;&#10;&#13;&#10;&#13;&#10;}&#13;&#10;" Filename="CalculatorManager.java" Intrnl_Id="3"/>
<SrcFile Content="package calculator;&#13;&#10;&#13;&#10;import java.io.FileInputStream;&#13;&#10;import java.io.FileNotFoundException;&#13;&#10;import java.io.FileOutputStream;&#13;&#10;import java.io.IOException;&#13;&#10;import java.io.ObjectInputStream;&#13;&#10;import java.io.ObjectOutputStream;&#13;&#10;import java.util.ArrayList;&#13;&#10;import java.util.List;&#13;&#10;&#13;&#10;public class Calculator &#13;&#10;{ &#13;&#10;&#9;/**&#13;&#10;&#9; * Adds two numbers - rj222dq&#13;&#10;&#9; * @param num1 number 1&#13;&#10;&#9; * @param num2 number 2&#13;&#10;&#9; * @return result of adding the two numbers&#13;&#10;&#9; * @throws Exception &#13;&#10;&#9; */&#13;&#10;&#9;public double add(double num1, double num2) throws Exception&#13;&#10;&#9;{&#13;&#10;&#9;&#9;if (!Double.isInfinite(num1 + num2))&#13;&#10;&#9;&#9;{ &#13;&#10;&#9;&#9;&#9;return num1 + num2;&#13;&#10;&#9;&#9;}&#13;&#10;&#9;&#9;throw new Exception(&quot;Error.&quot;);&#13;&#10;&#9;}&#13;&#10;&#9;&#13;&#10;&#9;/**&#13;&#10;&#9; * Divide to numbers - rj222dq&#13;&#10;&#9; * @param numerator&#13;&#10;&#9; * @param denominator&#13;&#10;&#9; * @return result&#13;&#10;&#9; */&#13;&#10;&#9;public double divide(double numerator, double denominator)&#13;&#10;&#9;{&#13;&#10;&#9;&#9;try&#13;&#10;&#9;&#9;{ &#13;&#10;&#9;&#9;&#9;if (denominator == 0)&#13;&#10;&#9;&#9;&#9;{&#13;&#10;&#9;&#9;&#9;&#9;throw new RuntimeException(&quot;Denominator is zero!&quot;);&#13;&#10;&#9;&#9;&#9;}&#13;&#10;&#9;&#9;&#9;return numerator/denominator;&#13;&#10;&#9;&#9;}&#13;&#10;&#9;&#9;catch (Exception ex)&#13;&#10;&#9;&#9;{&#13;&#10;&#9;&#9;&#9;throw new RuntimeException(&quot;Error: &quot; + ex.toString());&#13;&#10;&#9;&#9;}&#13;&#10;&#9;}&#13;&#10;&#9;&#13;&#10;&#9;&#13;&#10;&#9;//js222xt&#13;&#10;&#9;public double multiply(double a, double b){&#13;&#10;&#9;&#9;try{ &#13;&#10;&#9;&#9;&#9;if(!Double.isInfinite(a * b)){&#13;&#10;&#9;&#9;&#9;&#9;return a * b;&#13;&#10;&#9;&#9;&#9;}&#13;&#10;&#9;&#9;&#9;else{&#13;&#10;&#9;&#9;&#9;&#9;throw new RuntimeException(&quot;Double is Infinite&quot;);&#13;&#10;&#9;&#9;&#9;}&#9;&#9;&#9;&#13;&#10;&#9;&#9;}&#13;&#10;&#9;&#9;catch(Exception e){&#13;&#10;&#9;&#9;&#9;throw new RuntimeException(e.getMessage());&#13;&#10;&#9;&#9;}&#9;&#9;&#13;&#10;&#9;}&#13;&#10;&#13;&#10;&#9;//js222xt&#13;&#10;&#9;public double sub(double a, double b) {&#13;&#10;&#9;&#9;if(!Double.isInfinite(a - b)){&#13;&#10;&#9;&#9;&#9;return a - b;&#13;&#10;&#9;&#9;}&#13;&#10;&#9;&#9;else{&#13;&#10;&#9;&#9;&#9;throw new RuntimeException(&quot;Double is Infinite&quot;);&#13;&#10;&#9;&#9;}&#13;&#10;&#9;}&#13;&#10;&#9;&#13;&#10;&#9;//js222xt&#13;&#10;&#9;public double pyth(double a, double b) {&#13;&#10;&#9;&#9;double res = Math.sqrt( Math.pow(a, 2) + Math.pow(b, 2) );&#13;&#10;&#9;&#9;if(!Double.isInfinite(res)){&#13;&#10;&#9;&#9;&#9;return res;&#13;&#10;&#9;&#9;}&#13;&#10;&#9;&#9;else{&#13;&#10;&#9;&#9;&#9;throw new RuntimeException(&quot;Double is Infinite&quot;);&#13;&#10;&#9;&#9;}&#13;&#10;&#9;}&#13;&#10;}&#13;&#10;" Filename="Calculator.java" Intrnl_Id="4"/>
</SrcFileList>
<CritList>
<CritListEntry Name="org.codecover.model.utils.criteria.LoopCoverage" PluginName="org.codecover"/>
<CritListEntry Name="org.codecover.model.utils.criteria.QMOCoverage" PluginName="org.codecover"/>
<CritListEntry Name="org.codecover.model.utils.criteria.ConditionCoverage" PluginName="org.codecover"/>
<CritListEntry Name="org.codecover.model.utils.criteria.BranchCoverage" PluginName="org.codecover"/>
<CritListEntry Name="org.codecover.model.utils.criteria.SynchronizedStatementCoverage" PluginName="org.codecover"/>
<CritListEntry Name="org.codecover.model.utils.criteria.StatementCoverage" PluginName="org.codecover"/>
</CritList>
<BoolOpList>
<BoolOp Arity="1" Intrnl_Id="5" Name="not (!)">
<BoolAssgnmntBoolMapList>
<MapEntry BoolAssgnmnt="1" Value="false"/>
<MapEntry BoolAssgnmnt="0" Value="true"/>
</BoolAssgnmntBoolMapList>
</BoolOp>
</BoolOpList>
<HierarchyLvlTypeList>
<HierarchyLvlType EnglishName="package" IntrnlName="package" Intrnl_Id="6"/>
<HierarchyLvlType EnglishName="method" IntrnlName="method" Intrnl_Id="7"/>
<HierarchyLvlType EnglishName="class" IntrnlName="class" Intrnl_Id="8"/>
<HierarchyLvlType EnglishName="default package" IntrnlName="default package" Intrnl_Id="9"/>
</HierarchyLvlTypeList>
<MASTRoot>
<HierarchyLvl HierarchyLvlId="1076" HierarchyLvlTypeId="9" Intrnl_Id="10" Name="default package">
<Header/>
<LocList/>
<HierarchyLvl HierarchyLvlId="1074" HierarchyLvlTypeId="6" Intrnl_Id="11" Name="testing">
<Header/>
<LocList/>
<HierarchyLvl HierarchyLvlId="1054" HierarchyLvlTypeId="8" Intrnl_Id="12" Name="TestUnitTestCase">
<Header>
<Loc EndOffset="601" SrcFileId="1" StartOffset="572"/>
</Header>
<LocList>
<Loc EndOffset="11497" SrcFileId="1" StartOffset="572"/>
</LocList>
<HierarchyLvl HierarchyLvlId="1025" HierarchyLvlTypeId="7" Intrnl_Id="13" Name="initiate">
<Header>
<Loc EndOffset="875" SrcFileId="1" StartOffset="826"/>
</Header>
<LocList>
<Loc EndOffset="1072" SrcFileId="1" StartOffset="826"/>
</LocList>
<StmntSeq Intrnl_Id="14">
<LocList>
<Loc EndOffset="904" SrcFileId="1" StartOffset="883"/>
<Loc EndOffset="976" SrcFileId="1" StartOffset="908"/>
<Loc EndOffset="1021" SrcFileId="1" StartOffset="980"/>
<Loc EndOffset="1068" SrcFileId="1" StartOffset="1025"/>
</LocList>
<BasicStmnt CovItemId="S1" CovItemPrefix="testing.TestUnitTestCase.java" Intrnl_Id="15">
<LocList>
<Loc EndOffset="904" SrcFileId="1" StartOffset="883"/>
</LocList>
</BasicStmnt>
<BasicStmnt CovItemId="S2" CovItemPrefix="testing.TestUnitTestCase.java" Intrnl_Id="16">
<LocList>
<Loc EndOffset="976" SrcFileId="1" StartOffset="908"/>
</LocList>
</BasicStmnt>
<BasicStmnt CovItemId="S3" CovItemPrefix="testing.TestUnitTestCase.java" Intrnl_Id="17">
<LocList>
<Loc EndOffset="1021" SrcFileId="1" StartOffset="980"/>
</LocList>
</BasicStmnt>
<BasicStmnt CovItemId="S4" CovItemPrefix="testing.TestUnitTestCase.java" Intrnl_Id="18">
<LocList>
<Loc EndOffset="1068" SrcFileId="1" StartOffset="1025"/>
</LocList>
</BasicStmnt>
</StmntSeq>
</HierarchyLvl>
<HierarchyLvl HierarchyLvlId="1026" HierarchyLvlTypeId="7" Intrnl_Id="19" Name="shouldCreateInstance">
<Header>
<Loc EndOffset="1165" SrcFileId="1" StartOffset="1122"/>
</Header>
<LocList>
<Loc EndOffset="1213" SrcFileId="1" StartOffset="1122"/>
</LocList>
<StmntSeq Intrnl_Id="20">
<LocList>
<Loc EndOffset="1209" SrcFileId="1" StartOffset="1173"/>
</LocList>
<BasicStmnt CovItemId="S5" CovItemPrefix="testing.TestUnitTestCase.java" Intrnl_Id="21">
<LocList>
<Loc EndOffset="1209" SrcFileId="1" StartOffset="1173"/>
</LocList>
</BasicStmnt>
</StmntSeq>
</HierarchyLvl>
<HierarchyLvl HierarchyLvlId="1027" HierarchyLvlTypeId="7" Intrnl_Id="22" Name="overloadAdd">
<Header>
<Loc EndOffset="1316" SrcFileId="1" StartOffset="1239"/>
</Header>
<LocList>
<Loc EndOffset="1371" SrcFileId="1" StartOffset="1239"/>
</LocList>
<StmntSeq Intrnl_Id="23">
<LocList>
<Loc EndOffset="1367" SrcFileId="1" StartOffset="1325"/>
</LocList>
<BasicStmnt CovItemId="S6" CovItemPrefix="testing.TestUnitTestCase.java" Intrnl_Id="24">
<LocList>
<Loc EndOffset="1367" SrcFileId="1" StartOffset="1325"/>
</LocList>
</BasicStmnt>
</StmntSeq>
</HierarchyLvl>
<HierarchyLvl HierarchyLvlId="1028" HierarchyLvlTypeId="7" Intrnl_Id="25" Name="addnumbers">
<Header>
<Loc EndOffset="1465" SrcFileId="1" StartOffset="1415"/>
</Header>
<LocList>
<Loc EndOffset="1649" SrcFileId="1" StartOffset="1415"/>
</LocList>
<StmntSeq Intrnl_Id="26">
<LocList>
<Loc EndOffset="1514" SrcFileId="1" StartOffset="1473"/>
<Loc EndOffset="1563" SrcFileId="1" StartOffset="1519"/>
<Loc EndOffset="1605" SrcFileId="1" StartOffset="1568"/>
<Loc EndOffset="1645" SrcFileId="1" StartOffset="1609"/>
</LocList>
<BasicStmnt CovItemId="S7" CovItemPrefix="testing.TestUnitTestCase.java" Intrnl_Id="27">
<LocList>
<Loc EndOffset="1514" SrcFileId="1" StartOffset="1473"/>
</LocList>
</BasicStmnt>
<BasicStmnt CovItemId="S8" CovItemPrefix="testing.TestUnitTestCase.java" Intrnl_Id="28">
<LocList>
<Loc EndOffset="1563" SrcFileId="1" StartOffset="1519"/>
</LocList>
</BasicStmnt>
<BasicStmnt CovItemId="S9" CovItemPrefix="testing.TestUnitTestCase.java" Intrnl_Id="29">
<LocList>
<Loc EndOffset="1605" SrcFileId="1" StartOffset="1568"/>
</LocList>
</BasicStmnt>
<BasicStmnt CovItemId="S10" CovItemPrefix="testing.TestUnitTestCase.java" Intrnl_Id="30">
<LocList>
<Loc EndOffset="1645" SrcFileId="1" StartOffset="1609"/>
</LocList>
</BasicStmnt>
</StmntSeq>
</HierarchyLvl>
<HierarchyLvl HierarchyLvlId="1029" HierarchyLvlTypeId="7" Intrnl_Id="31" Name="overloadSubtract">
<Header>
<Loc EndOffset="1729" SrcFileId="1" StartOffset="1668"/>
</Header>
<LocList>
<Loc EndOffset="1783" SrcFileId="1" StartOffset="1668"/>
</LocList>
<StmntSeq Intrnl_Id="32">
<LocList>
<Loc EndOffset="1779" SrcFileId="1" StartOffset="1737"/>
</LocList>
<BasicStmnt CovItemId="S11" CovItemPrefix="testing.TestUnitTestCase.java" Intrnl_Id="33">
<LocList>
<Loc EndOffset="1779" SrcFileId="1" StartOffset="1737"/>
</LocList>
</BasicStmnt>
</StmntSeq>
</HierarchyLvl>
<HierarchyLvl HierarchyLvlId="1030" HierarchyLvlTypeId="7" Intrnl_Id="34" Name="DivideTest">
<Header>
<Loc EndOffset="1859" SrcFileId="1" StartOffset="1827"/>
</Header>
<LocList>
<Loc EndOffset="2058" SrcFileId="1" StartOffset="1827"/>
</LocList>
<StmntSeq Intrnl_Id="35">
<LocList>
<Loc EndOffset="1912" SrcFileId="1" StartOffset="1867"/>
<Loc EndOffset="1958" SrcFileId="1" StartOffset="1916"/>
<Loc EndOffset="2008" SrcFileId="1" StartOffset="1962"/>
<Loc EndOffset="2054" SrcFileId="1" StartOffset="2012"/>
</LocList>
<BasicStmnt CovItemId="S12" CovItemPrefix="testing.TestUnitTestCase.java" Intrnl_Id="36">
<LocList>
<Loc EndOffset="1912" SrcFileId="1" StartOffset="1867"/>
</LocList>
</BasicStmnt>
<BasicStmnt CovItemId="S13" CovItemPrefix="testing.TestUnitTestCase.java" Intrnl_Id="37">
<LocList>
<Loc EndOffset="1958" SrcFileId="1" StartOffset="1916"/>
</LocList>
</BasicStmnt>
<BasicStmnt CovItemId="S14" CovItemPrefix="testing.TestUnitTestCase.java" Intrnl_Id="38">
<LocList>
<Loc EndOffset="2008" SrcFileId="1" StartOffset="1962"/>
</LocList>
</BasicStmnt>
<BasicStmnt CovItemId="S15" CovItemPrefix="testing.TestUnitTestCase.java" Intrnl_Id="39">
<LocList>
<Loc EndOffset="2054" SrcFileId="1" StartOffset="2012"/>
</LocList>
</BasicStmnt>
</StmntSeq>
</HierarchyLvl>
<HierarchyLvl HierarchyLvlId="1031" HierarchyLvlTypeId="7" Intrnl_Id="40" Name="divideDeminatorZero">
<Header>
<Loc EndOffset="2162" SrcFileId="1" StartOffset="2077"/>
</Header>
<LocList>
<Loc EndOffset="2189" SrcFileId="1" StartOffset="2077"/>
</LocList>
<StmntSeq Intrnl_Id="41">
<LocList>
<Loc EndOffset="2185" SrcFileId="1" StartOffset="2170"/>
</LocList>
<BasicStmnt CovItemId="S16" CovItemPrefix="testing.TestUnitTestCase.java" Intrnl_Id="42">
<LocList>
<Loc EndOffset="2185" SrcFileId="1" StartOffset="2170"/>
</LocList>
</BasicStmnt>
</StmntSeq>
</HierarchyLvl>
<HierarchyLvl HierarchyLvlId="1032" HierarchyLvlTypeId="7" Intrnl_Id="43" Name="pyth">
<Header>
<Loc EndOffset="2233" SrcFileId="1" StartOffset="2207"/>
</Header>
<LocList>
<Loc EndOffset="2285" SrcFileId="1" StartOffset="2207"/>
</LocList>
<StmntSeq Intrnl_Id="44">
<LocList>
<Loc EndOffset="2281" SrcFileId="1" StartOffset="2241"/>
</LocList>
<BasicStmnt CovItemId="S17" CovItemPrefix="testing.TestUnitTestCase.java" Intrnl_Id="45">
<LocList>
<Loc EndOffset="2281" SrcFileId="1" StartOffset="2241"/>
</LocList>
</BasicStmnt>
</StmntSeq>
</HierarchyLvl>
<HierarchyLvl HierarchyLvlId="1033" HierarchyLvlTypeId="7" Intrnl_Id="46" Name="pythExeception">
<Header>
<Loc EndOffset="2374" SrcFileId="1" StartOffset="2304"/>
</Header>
<LocList>
<Loc EndOffset="2444" SrcFileId="1" StartOffset="2304"/>
</LocList>
<StmntSeq Intrnl_Id="47">
<LocList>
<Loc EndOffset="2440" SrcFileId="1" StartOffset="2382"/>
</LocList>
<BasicStmnt CovItemId="S18" CovItemPrefix="testing.TestUnitTestCase.java" Intrnl_Id="48">
<LocList>
<Loc EndOffset="2440" SrcFileId="1" StartOffset="2382"/>
</LocList>
</BasicStmnt>
</StmntSeq>
</HierarchyLvl>
<HierarchyLvl HierarchyLvlId="1034" HierarchyLvlTypeId="7" Intrnl_Id="49" Name="shouldMultiply">
<Header>
<Loc EndOffset="2523" SrcFileId="1" StartOffset="2487"/>
</Header>
<LocList>
<Loc EndOffset="2704" SrcFileId="1" StartOffset="2487"/>
</LocList>
<StmntSeq Intrnl_Id="50">
<LocList>
<Loc EndOffset="2545" SrcFileId="1" StartOffset="2528"/>
<Loc EndOffset="2596" SrcFileId="1" StartOffset="2549"/>
<Loc EndOffset="2649" SrcFileId="1" StartOffset="2600"/>
<Loc EndOffset="2700" SrcFileId="1" StartOffset="2653"/>
</LocList>
<BasicStmnt CovItemId="S19" CovItemPrefix="testing.TestUnitTestCase.java" Intrnl_Id="51">
<LocList>
<Loc EndOffset="2545" SrcFileId="1" StartOffset="2528"/>
</LocList>
</BasicStmnt>
<BasicStmnt CovItemId="S20" CovItemPrefix="testing.TestUnitTestCase.java" Intrnl_Id="52">
<LocList>
<Loc EndOffset="2596" SrcFileId="1" StartOffset="2549"/>
</LocList>
</BasicStmnt>
<BasicStmnt CovItemId="S21" CovItemPrefix="testing.TestUnitTestCase.java" Intrnl_Id="53">
<LocList>
<Loc EndOffset="2649" SrcFileId="1" StartOffset="2600"/>
</LocList>
</BasicStmnt>
<BasicStmnt CovItemId="S22" CovItemPrefix="testing.TestUnitTestCase.java" Intrnl_Id="54">
<LocList>
<Loc EndOffset="2700" SrcFileId="1" StartOffset="2653"/>
</LocList>
</BasicStmnt>
</StmntSeq>
</HierarchyLvl>
<HierarchyLvl HierarchyLvlId="1035" HierarchyLvlTypeId="7" Intrnl_Id="55" Name="shouldThrowExceptionMultiply">
<Header>
<Loc EndOffset="2815" SrcFileId="1" StartOffset="2730"/>
</Header>
<LocList>
<Loc EndOffset="2857" SrcFileId="1" StartOffset="2730"/>
</LocList>
<StmntSeq Intrnl_Id="56">
<LocList>
<Loc EndOffset="2853" SrcFileId="1" StartOffset="2820"/>
</LocList>
<BasicStmnt CovItemId="S23" CovItemPrefix="testing.TestUnitTestCase.java" Intrnl_Id="57">
<LocList>
<Loc EndOffset="2853" SrcFileId="1" StartOffset="2820"/>
</LocList>
</BasicStmnt>
</StmntSeq>
</HierarchyLvl>
<HierarchyLvl HierarchyLvlId="1036" HierarchyLvlTypeId="7" Intrnl_Id="58" Name="shouldSubstractPositive">
<Header>
<Loc EndOffset="2920" SrcFileId="1" StartOffset="2875"/>
</Header>
<LocList>
<Loc EndOffset="2993" SrcFileId="1" StartOffset="2875"/>
</LocList>
<StmntSeq Intrnl_Id="59">
<LocList>
<Loc EndOffset="2942" SrcFileId="1" StartOffset="2925"/>
<Loc EndOffset="2989" SrcFileId="1" StartOffset="2946"/>
</LocList>
<BasicStmnt CovItemId="S24" CovItemPrefix="testing.TestUnitTestCase.java" Intrnl_Id="60">
<LocList>
<Loc EndOffset="2942" SrcFileId="1" StartOffset="2925"/>
</LocList>
</BasicStmnt>
<BasicStmnt CovItemId="S25" CovItemPrefix="testing.TestUnitTestCase.java" Intrnl_Id="61">
<LocList>
<Loc EndOffset="2989" SrcFileId="1" StartOffset="2946"/>
</LocList>
</BasicStmnt>
</StmntSeq>
</HierarchyLvl>
<HierarchyLvl HierarchyLvlId="1037" HierarchyLvlTypeId="7" Intrnl_Id="62" Name="shouldSubstractNegative">
<Header>
<Loc EndOffset="3056" SrcFileId="1" StartOffset="3011"/>
</Header>
<LocList>
<Loc EndOffset="3130" SrcFileId="1" StartOffset="3011"/>
</LocList>
<StmntSeq Intrnl_Id="63">
<LocList>
<Loc EndOffset="3078" SrcFileId="1" StartOffset="3061"/>
<Loc EndOffset="3126" SrcFileId="1" StartOffset="3082"/>
</LocList>
<BasicStmnt CovItemId="S26" CovItemPrefix="testing.TestUnitTestCase.java" Intrnl_Id="64">
<LocList>
<Loc EndOffset="3078" SrcFileId="1" StartOffset="3061"/>
</LocList>
</BasicStmnt>
<BasicStmnt CovItemId="S27" CovItemPrefix="testing.TestUnitTestCase.java" Intrnl_Id="65">
<LocList>
<Loc EndOffset="3126" SrcFileId="1" StartOffset="3082"/>
</LocList>
</BasicStmnt>
</StmntSeq>
</HierarchyLvl>
<HierarchyLvl HierarchyLvlId="1038" HierarchyLvlTypeId="7" Intrnl_Id="66" Name="shouldThrowExceptionSub">
<Header>
<Loc EndOffset="3236" SrcFileId="1" StartOffset="3156"/>
</Header>
<LocList>
<Loc EndOffset="3294" SrcFileId="1" StartOffset="3156"/>
</LocList>
<StmntSeq Intrnl_Id="67">
<LocList>
<Loc EndOffset="3290" SrcFileId="1" StartOffset="3241"/>
</LocList>
<BasicStmnt CovItemId="S28" CovItemPrefix="testing.TestUnitTestCase.java" Intrnl_Id="68">
<LocList>
<Loc EndOffset="3290" SrcFileId="1" StartOffset="3241"/>
</LocList>
</BasicStmnt>
</StmntSeq>
</HierarchyLvl>
<HierarchyLvl HierarchyLvlId="1039" HierarchyLvlTypeId="7" Intrnl_Id="69" Name="testSaveResult">
<Header>
<Loc EndOffset="3397" SrcFileId="1" StartOffset="3344"/>
</Header>
<LocList>
<Loc EndOffset="3740" SrcFileId="1" StartOffset="3344"/>
</LocList>
<StmntSeq Intrnl_Id="70">
<LocList>
<Loc EndOffset="3452" SrcFileId="1" StartOffset="3422"/>
<Loc EndOffset="3505" SrcFileId="1" StartOffset="3462"/>
<Loc EndOffset="3587" SrcFileId="1" StartOffset="3515"/>
<Loc EndOffset="3619" SrcFileId="1" StartOffset="3597"/>
<Loc EndOffset="3656" SrcFileId="1" StartOffset="3629"/>
<Loc EndOffset="3693" SrcFileId="1" StartOffset="3670"/>
<Loc EndOffset="3734" SrcFileId="1" StartOffset="3703"/>
</LocList>
<BasicStmnt CovItemId="S29" CovItemPrefix="testing.TestUnitTestCase.java" Intrnl_Id="71">
<LocList>
<Loc EndOffset="3452" SrcFileId="1" StartOffset="3422"/>
</LocList>
</BasicStmnt>
<BasicStmnt CovItemId="S30" CovItemPrefix="testing.TestUnitTestCase.java" Intrnl_Id="72">
<LocList>
<Loc EndOffset="3505" SrcFileId="1" StartOffset="3462"/>
</LocList>
</BasicStmnt>
<BasicStmnt CovItemId="S31" CovItemPrefix="testing.TestUnitTestCase.java" Intrnl_Id="73">
<LocList>
<Loc EndOffset="3587" SrcFileId="1" StartOffset="3515"/>
</LocList>
</BasicStmnt>
<BasicStmnt CovItemId="S32" CovItemPrefix="testing.TestUnitTestCase.java" Intrnl_Id="74">
<LocList>
<Loc EndOffset="3619" SrcFileId="1" StartOffset="3597"/>
</LocList>
</BasicStmnt>
<BasicStmnt CovItemId="S33" CovItemPrefix="testing.TestUnitTestCase.java" Intrnl_Id="75">
<LocList>
<Loc EndOffset="3656" SrcFileId="1" StartOffset="3629"/>
</LocList>
</BasicStmnt>
<BasicStmnt CovItemId="S34" CovItemPrefix="testing.TestUnitTestCase.java" Intrnl_Id="76">
<LocList>
<Loc EndOffset="3693" SrcFileId="1" StartOffset="3670"/>
</LocList>
</BasicStmnt>
<BasicStmnt CovItemId="S35" CovItemPrefix="testing.TestUnitTestCase.java" Intrnl_Id="77">
<LocList>
<Loc EndOffset="3734" SrcFileId="1" StartOffset="3703"/>
</LocList>
</BasicStmnt>
</StmntSeq>
</HierarchyLvl>
<HierarchyLvl HierarchyLvlId="1040" HierarchyLvlTypeId="7" Intrnl_Id="78" Name="testSaveResultException">
<Header>
<Loc EndOffset="3808" SrcFileId="1" StartOffset="3746"/>
</Header>
<LocList>
<Loc EndOffset="4481" SrcFileId="1" StartOffset="3746"/>
</LocList>
<StmntSeq Intrnl_Id="79">
<LocList>
<Loc EndOffset="3913" SrcFileId="1" StartOffset="3823"/>
<Loc EndOffset="4003" SrcFileId="1" StartOffset="3923"/>
<Loc EndOffset="4052" SrcFileId="1" StartOffset="4013"/>
<Loc EndOffset="4132" SrcFileId="1" StartOffset="4062"/>
<Loc EndOffset="4193" SrcFileId="1" StartOffset="4163"/>
<Loc EndOffset="4246" SrcFileId="1" StartOffset="4203"/>
<Loc EndOffset="4328" SrcFileId="1" StartOffset="4256"/>
<Loc EndOffset="4360" SrcFileId="1" StartOffset="4338"/>
<Loc EndOffset="4397" SrcFileId="1" StartOffset="4370"/>
<Loc EndOffset="4434" SrcFileId="1" StartOffset="4411"/>
<Loc EndOffset="4475" SrcFileId="1" StartOffset="4444"/>
</LocList>
<BasicStmnt CovItemId="S36" CovItemPrefix="testing.TestUnitTestCase.java" Intrnl_Id="80">
<LocList>
<Loc EndOffset="3913" SrcFileId="1" StartOffset="3823"/>
</LocList>
</BasicStmnt>
<BasicStmnt CovItemId="S37" CovItemPrefix="testing.TestUnitTestCase.java" Intrnl_Id="81">
<LocList>
<Loc EndOffset="4003" SrcFileId="1" StartOffset="3923"/>
</LocList>
</BasicStmnt>
<BasicStmnt CovItemId="S38" CovItemPrefix="testing.TestUnitTestCase.java" Intrnl_Id="82">
<LocList>
<Loc EndOffset="4052" SrcFileId="1" StartOffset="4013"/>
</LocList>
</BasicStmnt>
<BasicStmnt CovItemId="S39" CovItemPrefix="testing.TestUnitTestCase.java" Intrnl_Id="83">
<LocList>
<Loc EndOffset="4132" SrcFileId="1" StartOffset="4062"/>
</LocList>
</BasicStmnt>
<BasicStmnt CovItemId="S40" CovItemPrefix="testing.TestUnitTestCase.java" Intrnl_Id="84">
<LocList>
<Loc EndOffset="4193" SrcFileId="1" StartOffset="4163"/>
</LocList>
</BasicStmnt>
<BasicStmnt CovItemId="S41" CovItemPrefix="testing.TestUnitTestCase.java" Intrnl_Id="85">
<LocList>
<Loc EndOffset="4246" SrcFileId="1" StartOffset="4203"/>
</LocList>
</BasicStmnt>
<BasicStmnt CovItemId="S42" CovItemPrefix="testing.TestUnitTestCase.java" Intrnl_Id="86">
<LocList>
<Loc EndOffset="4328" SrcFileId="1" StartOffset="4256"/>
</LocList>
</BasicStmnt>
<BasicStmnt CovItemId="S43" CovItemPrefix="testing.TestUnitTestCase.java" Intrnl_Id="87">
<LocList>
<Loc EndOffset="4360" SrcFileId="1" StartOffset="4338"/>
</LocList>
</BasicStmnt>
<BasicStmnt CovItemId="S44" CovItemPrefix="testing.TestUnitTestCase.java" Intrnl_Id="88">
<LocList>
<Loc EndOffset="4397" SrcFileId="1" StartOffset="4370"/>
</LocList>
</BasicStmnt>
<BasicStmnt CovItemId="S45" CovItemPrefix="testing.TestUnitTestCase.java" Intrnl_Id="89">
<LocList>
<Loc EndOffset="4434" SrcFileId="1" StartOffset="4411"/>
</LocList>
</BasicStmnt>
<BasicStmnt CovItemId="S46" CovItemPrefix="testing.TestUnitTestCase.java" Intrnl_Id="90">
<LocList>
<Loc EndOffset="4475" SrcFileId="1" StartOffset="4444"/>
</LocList>
</BasicStmnt>
</StmntSeq>
</HierarchyLvl>
<HierarchyLvl HierarchyLvlId="1041" HierarchyLvlTypeId="7" Intrnl_Id="91" Name="testCalculateException">
<Header>
<Loc EndOffset="5144" SrcFileId="1" StartOffset="5099"/>
</Header>
<LocList>
<Loc EndOffset="5184" SrcFileId="1" StartOffset="5099"/>
</LocList>
<StmntSeq Intrnl_Id="92">
<LocList>
<Loc EndOffset="5180" SrcFileId="1" StartOffset="5152"/>
</LocList>
<BasicStmnt CovItemId="S47" CovItemPrefix="testing.TestUnitTestCase.java" Intrnl_Id="93">
<LocList>
<Loc EndOffset="5180" SrcFileId="1" StartOffset="5152"/>
</LocList>
</BasicStmnt>
</StmntSeq>
</HierarchyLvl>
<HierarchyLvl HierarchyLvlId="1042" HierarchyLvlTypeId="7" Intrnl_Id="94" Name="testCalculateDivide">
<Header>
<Loc EndOffset="5249" SrcFileId="1" StartOffset="5190"/>
</Header>
<LocList>
<Loc EndOffset="5580" SrcFileId="1" StartOffset="5190"/>
</LocList>
<StmntSeq Intrnl_Id="95">
<LocList>
<Loc EndOffset="5315" SrcFileId="1" StartOffset="5257"/>
<Loc EndOffset="5344" SrcFileId="1" StartOffset="5319"/>
<Loc EndOffset="5370" SrcFileId="1" StartOffset="5348"/>
<Loc EndOffset="5432" SrcFileId="1" StartOffset="5374"/>
<Loc EndOffset="5461" SrcFileId="1" StartOffset="5436"/>
<Loc EndOffset="5487" SrcFileId="1" StartOffset="5465"/>
<Loc EndOffset="5545" SrcFileId="1" StartOffset="5491"/>
<Loc EndOffset="5576" SrcFileId="1" StartOffset="5549"/>
</LocList>
<BasicStmnt CovItemId="S48" CovItemPrefix="testing.TestUnitTestCase.java" Intrnl_Id="96">
<LocList>
<Loc EndOffset="5315" SrcFileId="1" StartOffset="5257"/>
</LocList>
</BasicStmnt>
<BasicStmnt CovItemId="S49" CovItemPrefix="testing.TestUnitTestCase.java" Intrnl_Id="97">
<LocList>
<Loc EndOffset="5344" SrcFileId="1" StartOffset="5319"/>
</LocList>
</BasicStmnt>
<BasicStmnt CovItemId="S50" CovItemPrefix="testing.TestUnitTestCase.java" Intrnl_Id="98">
<LocList>
<Loc EndOffset="5370" SrcFileId="1" StartOffset="5348"/>
</LocList>
</BasicStmnt>
<BasicStmnt CovItemId="S51" CovItemPrefix="testing.TestUnitTestCase.java" Intrnl_Id="99">
<LocList>
<Loc EndOffset="5432" SrcFileId="1" StartOffset="5374"/>
</LocList>
</BasicStmnt>
<BasicStmnt CovItemId="S52" CovItemPrefix="testing.TestUnitTestCase.java" Intrnl_Id="100">
<LocList>
<Loc EndOffset="5461" SrcFileId="1" StartOffset="5436"/>
</LocList>
</BasicStmnt>
<BasicStmnt CovItemId="S53" CovItemPrefix="testing.TestUnitTestCase.java" Intrnl_Id="101">
<LocList>
<Loc EndOffset="5487" SrcFileId="1" StartOffset="5465"/>
</LocList>
</BasicStmnt>
<BasicStmnt CovItemId="S54" CovItemPrefix="testing.TestUnitTestCase.java" Intrnl_Id="102">
<LocList>
<Loc EndOffset="5545" SrcFileId="1" StartOffset="5491"/>
</LocList>
</BasicStmnt>
<BasicStmnt CovItemId="S55" CovItemPrefix="testing.TestUnitTestCase.java" Intrnl_Id="103">
<LocList>
<Loc EndOffset="5576" SrcFileId="1" StartOffset="5549"/>
</LocList>
</BasicStmnt>
</StmntSeq>
</HierarchyLvl>
<HierarchyLvl HierarchyLvlId="1043" HierarchyLvlTypeId="7" Intrnl_Id="104" Name="testCalculateMultiply">
<Header>
<Loc EndOffset="5647" SrcFileId="1" StartOffset="5586"/>
</Header>
<LocList>
<Loc EndOffset="5980" SrcFileId="1" StartOffset="5586"/>
</LocList>
<StmntSeq Intrnl_Id="105">
<LocList>
<Loc EndOffset="5713" SrcFileId="1" StartOffset="5655"/>
<Loc EndOffset="5742" SrcFileId="1" StartOffset="5717"/>
<Loc EndOffset="5768" SrcFileId="1" StartOffset="5746"/>
<Loc EndOffset="5830" SrcFileId="1" StartOffset="5772"/>
<Loc EndOffset="5859" SrcFileId="1" StartOffset="5834"/>
<Loc EndOffset="5885" SrcFileId="1" StartOffset="5863"/>
<Loc EndOffset="5945" SrcFileId="1" StartOffset="5889"/>
<Loc EndOffset="5976" SrcFileId="1" StartOffset="5949"/>
</LocList>
<BasicStmnt CovItemId="S56" CovItemPrefix="testing.TestUnitTestCase.java" Intrnl_Id="106">
<LocList>
<Loc EndOffset="5713" SrcFileId="1" StartOffset="5655"/>
</LocList>
</BasicStmnt>
<BasicStmnt CovItemId="S57" CovItemPrefix="testing.TestUnitTestCase.java" Intrnl_Id="107">
<LocList>
<Loc EndOffset="5742" SrcFileId="1" StartOffset="5717"/>
</LocList>
</BasicStmnt>
<BasicStmnt CovItemId="S58" CovItemPrefix="testing.TestUnitTestCase.java" Intrnl_Id="108">
<LocList>
<Loc EndOffset="5768" SrcFileId="1" StartOffset="5746"/>
</LocList>
</BasicStmnt>
<BasicStmnt CovItemId="S59" CovItemPrefix="testing.TestUnitTestCase.java" Intrnl_Id="109">
<LocList>
<Loc EndOffset="5830" SrcFileId="1" StartOffset="5772"/>
</LocList>
</BasicStmnt>
<BasicStmnt CovItemId="S60" CovItemPrefix="testing.TestUnitTestCase.java" Intrnl_Id="110">
<LocList>
<Loc EndOffset="5859" SrcFileId="1" StartOffset="5834"/>
</LocList>
</BasicStmnt>
<BasicStmnt CovItemId="S61" CovItemPrefix="testing.TestUnitTestCase.java" Intrnl_Id="111">
<LocList>
<Loc EndOffset="5885" SrcFileId="1" StartOffset="5863"/>
</LocList>
</BasicStmnt>
<BasicStmnt CovItemId="S62" CovItemPrefix="testing.TestUnitTestCase.java" Intrnl_Id="112">
<LocList>
<Loc EndOffset="5945" SrcFileId="1" StartOffset="5889"/>
</LocList>
</BasicStmnt>
<BasicStmnt CovItemId="S63" CovItemPrefix="testing.TestUnitTestCase.java" Intrnl_Id="113">
<LocList>
<Loc EndOffset="5976" SrcFileId="1" StartOffset="5949"/>
</LocList>
</BasicStmnt>
</StmntSeq>
</HierarchyLvl>
<HierarchyLvl HierarchyLvlId="1044" HierarchyLvlTypeId="7" Intrnl_Id="114" Name="testCalculateAdd">
<Header>
<Loc EndOffset="6042" SrcFileId="1" StartOffset="5986"/>
</Header>
<LocList>
<Loc EndOffset="6370" SrcFileId="1" StartOffset="5986"/>
</LocList>
<StmntSeq Intrnl_Id="115">
<LocList>
<Loc EndOffset="6108" SrcFileId="1" StartOffset="6050"/>
<Loc EndOffset="6137" SrcFileId="1" StartOffset="6112"/>
<Loc EndOffset="6163" SrcFileId="1" StartOffset="6141"/>
<Loc EndOffset="6225" SrcFileId="1" StartOffset="6167"/>
<Loc EndOffset="6254" SrcFileId="1" StartOffset="6229"/>
<Loc EndOffset="6280" SrcFileId="1" StartOffset="6258"/>
<Loc EndOffset="6335" SrcFileId="1" StartOffset="6284"/>
<Loc EndOffset="6366" SrcFileId="1" StartOffset="6339"/>
</LocList>
<BasicStmnt CovItemId="S64" CovItemPrefix="testing.TestUnitTestCase.java" Intrnl_Id="116">
<LocList>
<Loc EndOffset="6108" SrcFileId="1" StartOffset="6050"/>
</LocList>
</BasicStmnt>
<BasicStmnt CovItemId="S65" CovItemPrefix="testing.TestUnitTestCase.java" Intrnl_Id="117">
<LocList>
<Loc EndOffset="6137" SrcFileId="1" StartOffset="6112"/>
</LocList>
</BasicStmnt>
<BasicStmnt CovItemId="S66" CovItemPrefix="testing.TestUnitTestCase.java" Intrnl_Id="118">
<LocList>
<Loc EndOffset="6163" SrcFileId="1" StartOffset="6141"/>
</LocList>
</BasicStmnt>
<BasicStmnt CovItemId="S67" CovItemPrefix="testing.TestUnitTestCase.java" Intrnl_Id="119">
<LocList>
<Loc EndOffset="6225" SrcFileId="1" StartOffset="6167"/>
</LocList>
</BasicStmnt>
<BasicStmnt CovItemId="S68" CovItemPrefix="testing.TestUnitTestCase.java" Intrnl_Id="120">
<LocList>
<Loc EndOffset="6254" SrcFileId="1" StartOffset="6229"/>
</LocList>
</BasicStmnt>
<BasicStmnt CovItemId="S69" CovItemPrefix="testing.TestUnitTestCase.java" Intrnl_Id="121">
<LocList>
<Loc EndOffset="6280" SrcFileId="1" StartOffset="6258"/>
</LocList>
</BasicStmnt>
<BasicStmnt CovItemId="S70" CovItemPrefix="testing.TestUnitTestCase.java" Intrnl_Id="122">
<LocList>
<Loc EndOffset="6335" SrcFileId="1" StartOffset="6284"/>
</LocList>
</BasicStmnt>
<BasicStmnt CovItemId="S71" CovItemPrefix="testing.TestUnitTestCase.java" Intrnl_Id="123">
<LocList>
<Loc EndOffset="6366" SrcFileId="1" StartOffset="6339"/>
</LocList>
</BasicStmnt>
</StmntSeq>
</HierarchyLvl>
<HierarchyLvl HierarchyLvlId="1045" HierarchyLvlTypeId="7" Intrnl_Id="124" Name="testCalculateSub">
<Header>
<Loc EndOffset="6432" SrcFileId="1" StartOffset="6376"/>
</Header>
<LocList>
<Loc EndOffset="6760" SrcFileId="1" StartOffset="6376"/>
</LocList>
<StmntSeq Intrnl_Id="125">
<LocList>
<Loc EndOffset="6498" SrcFileId="1" StartOffset="6440"/>
<Loc EndOffset="6527" SrcFileId="1" StartOffset="6502"/>
<Loc EndOffset="6553" SrcFileId="1" StartOffset="6531"/>
<Loc EndOffset="6615" SrcFileId="1" StartOffset="6557"/>
<Loc EndOffset="6644" SrcFileId="1" StartOffset="6619"/>
<Loc EndOffset="6670" SrcFileId="1" StartOffset="6648"/>
<Loc EndOffset="6725" SrcFileId="1" StartOffset="6674"/>
<Loc EndOffset="6756" SrcFileId="1" StartOffset="6729"/>
</LocList>
<BasicStmnt CovItemId="S72" CovItemPrefix="testing.TestUnitTestCase.java" Intrnl_Id="126">
<LocList>
<Loc EndOffset="6498" SrcFileId="1" StartOffset="6440"/>
</LocList>
</BasicStmnt>
<BasicStmnt CovItemId="S73" CovItemPrefix="testing.TestUnitTestCase.java" Intrnl_Id="127">
<LocList>
<Loc EndOffset="6527" SrcFileId="1" StartOffset="6502"/>
</LocList>
</BasicStmnt>
<BasicStmnt CovItemId="S74" CovItemPrefix="testing.TestUnitTestCase.java" Intrnl_Id="128">
<LocList>
<Loc EndOffset="6553" SrcFileId="1" StartOffset="6531"/>
</LocList>
</BasicStmnt>
<BasicStmnt CovItemId="S75" CovItemPrefix="testing.TestUnitTestCase.java" Intrnl_Id="129">
<LocList>
<Loc EndOffset="6615" SrcFileId="1" StartOffset="6557"/>
</LocList>
</BasicStmnt>
<BasicStmnt CovItemId="S76" CovItemPrefix="testing.TestUnitTestCase.java" Intrnl_Id="130">
<LocList>
<Loc EndOffset="6644" SrcFileId="1" StartOffset="6619"/>
</LocList>
</BasicStmnt>
<BasicStmnt CovItemId="S77" CovItemPrefix="testing.TestUnitTestCase.java" Intrnl_Id="131">
<LocList>
<Loc EndOffset="6670" SrcFileId="1" StartOffset="6648"/>
</LocList>
</BasicStmnt>
<BasicStmnt CovItemId="S78" CovItemPrefix="testing.TestUnitTestCase.java" Intrnl_Id="132">
<LocList>
<Loc EndOffset="6725" SrcFileId="1" StartOffset="6674"/>
</LocList>
</BasicStmnt>
<BasicStmnt CovItemId="S79" CovItemPrefix="testing.TestUnitTestCase.java" Intrnl_Id="133">
<LocList>
<Loc EndOffset="6756" SrcFileId="1" StartOffset="6729"/>
</LocList>
</BasicStmnt>
</StmntSeq>
</HierarchyLvl>
<HierarchyLvl HierarchyLvlId="1046" HierarchyLvlTypeId="7" Intrnl_Id="134" Name="testCalculatePyth">
<Header>
<Loc EndOffset="6823" SrcFileId="1" StartOffset="6766"/>
</Header>
<LocList>
<Loc EndOffset="7152" SrcFileId="1" StartOffset="6766"/>
</LocList>
<StmntSeq Intrnl_Id="135">
<LocList>
<Loc EndOffset="6889" SrcFileId="1" StartOffset="6831"/>
<Loc EndOffset="6918" SrcFileId="1" StartOffset="6893"/>
<Loc EndOffset="6944" SrcFileId="1" StartOffset="6922"/>
<Loc EndOffset="7006" SrcFileId="1" StartOffset="6948"/>
<Loc EndOffset="7035" SrcFileId="1" StartOffset="7010"/>
<Loc EndOffset="7061" SrcFileId="1" StartOffset="7039"/>
<Loc EndOffset="7117" SrcFileId="1" StartOffset="7065"/>
<Loc EndOffset="7148" SrcFileId="1" StartOffset="7121"/>
</LocList>
<BasicStmnt CovItemId="S80" CovItemPrefix="testing.TestUnitTestCase.java" Intrnl_Id="136">
<LocList>
<Loc EndOffset="6889" SrcFileId="1" StartOffset="6831"/>
</LocList>
</BasicStmnt>
<BasicStmnt CovItemId="S81" CovItemPrefix="testing.TestUnitTestCase.java" Intrnl_Id="137">
<LocList>
<Loc EndOffset="6918" SrcFileId="1" StartOffset="6893"/>
</LocList>
</BasicStmnt>
<BasicStmnt CovItemId="S82" CovItemPrefix="testing.TestUnitTestCase.java" Intrnl_Id="138">
<LocList>
<Loc EndOffset="6944" SrcFileId="1" StartOffset="6922"/>
</LocList>
</BasicStmnt>
<BasicStmnt CovItemId="S83" CovItemPrefix="testing.TestUnitTestCase.java" Intrnl_Id="139">
<LocList>
<Loc EndOffset="7006" SrcFileId="1" StartOffset="6948"/>
</LocList>
</BasicStmnt>
<BasicStmnt CovItemId="S84" CovItemPrefix="testing.TestUnitTestCase.java" Intrnl_Id="140">
<LocList>
<Loc EndOffset="7035" SrcFileId="1" StartOffset="7010"/>
</LocList>
</BasicStmnt>
<BasicStmnt CovItemId="S85" CovItemPrefix="testing.TestUnitTestCase.java" Intrnl_Id="141">
<LocList>
<Loc EndOffset="7061" SrcFileId="1" StartOffset="7039"/>
</LocList>
</BasicStmnt>
<BasicStmnt CovItemId="S86" CovItemPrefix="testing.TestUnitTestCase.java" Intrnl_Id="142">
<LocList>
<Loc EndOffset="7117" SrcFileId="1" StartOffset="7065"/>
</LocList>
</BasicStmnt>
<BasicStmnt CovItemId="S87" CovItemPrefix="testing.TestUnitTestCase.java" Intrnl_Id="143">
<LocList>
<Loc EndOffset="7148" SrcFileId="1" StartOffset="7121"/>
</LocList>
</BasicStmnt>
</StmntSeq>
</HierarchyLvl>
<HierarchyLvl HierarchyLvlId="1047" HierarchyLvlTypeId="7" Intrnl_Id="144" Name="shouldTestMockingAdd">
<Header>
<Loc EndOffset="7237" SrcFileId="1" StartOffset="7179"/>
</Header>
<LocList>
<Loc EndOffset="7899" SrcFileId="1" StartOffset="7179"/>
</LocList>
<StmntSeq Intrnl_Id="145">
<LocList>
<Loc EndOffset="7288" SrcFileId="1" StartOffset="7243"/>
<Loc EndOffset="7358" SrcFileId="1" StartOffset="7292"/>
<Loc EndOffset="7414" SrcFileId="1" StartOffset="7362"/>
<Loc EndOffset="7443" SrcFileId="1" StartOffset="7418"/>
<Loc EndOffset="7463" SrcFileId="1" StartOffset="7447"/>
<Loc EndOffset="7519" SrcFileId="1" StartOffset="7467"/>
<Loc EndOffset="7548" SrcFileId="1" StartOffset="7523"/>
<Loc EndOffset="7568" SrcFileId="1" StartOffset="7552"/>
<Loc EndOffset="7617" SrcFileId="1" StartOffset="7572"/>
<Loc EndOffset="7668" SrcFileId="1" StartOffset="7621"/>
<Loc EndOffset="7731" SrcFileId="1" StartOffset="7672"/>
<Loc EndOffset="7776" SrcFileId="1" StartOffset="7735"/>
<Loc EndOffset="7818" SrcFileId="1" StartOffset="7780"/>
<Loc EndOffset="7843" SrcFileId="1" StartOffset="7822"/>
<Loc EndOffset="7895" SrcFileId="1" StartOffset="7847"/>
</LocList>
<BasicStmnt CovItemId="S88" CovItemPrefix="testing.TestUnitTestCase.java" Intrnl_Id="146">
<LocList>
<Loc EndOffset="7288" SrcFileId="1" StartOffset="7243"/>
</LocList>
</BasicStmnt>
<BasicStmnt CovItemId="S89" CovItemPrefix="testing.TestUnitTestCase.java" Intrnl_Id="147">
<LocList>
<Loc EndOffset="7358" SrcFileId="1" StartOffset="7292"/>
</LocList>
</BasicStmnt>
<BasicStmnt CovItemId="S90" CovItemPrefix="testing.TestUnitTestCase.java" Intrnl_Id="148">
<LocList>
<Loc EndOffset="7414" SrcFileId="1" StartOffset="7362"/>
</LocList>
</BasicStmnt>
<BasicStmnt CovItemId="S91" CovItemPrefix="testing.TestUnitTestCase.java" Intrnl_Id="149">
<LocList>
<Loc EndOffset="7443" SrcFileId="1" StartOffset="7418"/>
</LocList>
</BasicStmnt>
<BasicStmnt CovItemId="S92" CovItemPrefix="testing.TestUnitTestCase.java" Intrnl_Id="150">
<LocList>
<Loc EndOffset="7463" SrcFileId="1" StartOffset="7447"/>
</LocList>
</BasicStmnt>
<BasicStmnt CovItemId="S93" CovItemPrefix="testing.TestUnitTestCase.java" Intrnl_Id="151">
<LocList>
<Loc EndOffset="7519" SrcFileId="1" StartOffset="7467"/>
</LocList>
</BasicStmnt>
<BasicStmnt CovItemId="S94" CovItemPrefix="testing.TestUnitTestCase.java" Intrnl_Id="152">
<LocList>
<Loc EndOffset="7548" SrcFileId="1" StartOffset="7523"/>
</LocList>
</BasicStmnt>
<BasicStmnt CovItemId="S95" CovItemPrefix="testing.TestUnitTestCase.java" Intrnl_Id="153">
<LocList>
<Loc EndOffset="7568" SrcFileId="1" StartOffset="7552"/>
</LocList>
</BasicStmnt>
<BasicStmnt CovItemId="S96" CovItemPrefix="testing.TestUnitTestCase.java" Intrnl_Id="154">
<LocList>
<Loc EndOffset="7617" SrcFileId="1" StartOffset="7572"/>
</LocList>
</BasicStmnt>
<BasicStmnt CovItemId="S97" CovItemPrefix="testing.TestUnitTestCase.java" Intrnl_Id="155">
<LocList>
<Loc EndOffset="7668" SrcFileId="1" StartOffset="7621"/>
</LocList>
</BasicStmnt>
<BasicStmnt CovItemId="S98" CovItemPrefix="testing.TestUnitTestCase.java" Intrnl_Id="156">
<LocList>
<Loc EndOffset="7731" SrcFileId="1" StartOffset="7672"/>
</LocList>
</BasicStmnt>
<BasicStmnt CovItemId="S99" CovItemPrefix="testing.TestUnitTestCase.java" Intrnl_Id="157">
<LocList>
<Loc EndOffset="7776" SrcFileId="1" StartOffset="7735"/>
</LocList>
</BasicStmnt>
<BasicStmnt CovItemId="S100" CovItemPrefix="testing.TestUnitTestCase.java" Intrnl_Id="158">
<LocList>
<Loc EndOffset="7818" SrcFileId="1" StartOffset="7780"/>
</LocList>
</BasicStmnt>
<BasicStmnt CovItemId="S101" CovItemPrefix="testing.TestUnitTestCase.java" Intrnl_Id="159">
<LocList>
<Loc EndOffset="7843" SrcFileId="1" StartOffset="7822"/>
</LocList>
</BasicStmnt>
<BasicStmnt CovItemId="S102" CovItemPrefix="testing.TestUnitTestCase.java" Intrnl_Id="160">
<LocList>
<Loc EndOffset="7895" SrcFileId="1" StartOffset="7847"/>
</LocList>
</BasicStmnt>
</StmntSeq>
</HierarchyLvl>
<HierarchyLvl HierarchyLvlId="1048" HierarchyLvlTypeId="7" Intrnl_Id="161" Name="shouldTestMockingSub">
<Header>
<Loc EndOffset="7963" SrcFileId="1" StartOffset="7905"/>
</Header>
<LocList>
<Loc EndOffset="8635" SrcFileId="1" StartOffset="7905"/>
</LocList>
<StmntSeq Intrnl_Id="162">
<LocList>
<Loc EndOffset="8014" SrcFileId="1" StartOffset="7969"/>
<Loc EndOffset="8084" SrcFileId="1" StartOffset="8018"/>
<Loc EndOffset="8140" SrcFileId="1" StartOffset="8088"/>
<Loc EndOffset="8169" SrcFileId="1" StartOffset="8144"/>
<Loc EndOffset="8189" SrcFileId="1" StartOffset="8173"/>
<Loc EndOffset="8245" SrcFileId="1" StartOffset="8193"/>
<Loc EndOffset="8274" SrcFileId="1" StartOffset="8249"/>
<Loc EndOffset="8294" SrcFileId="1" StartOffset="8278"/>
<Loc EndOffset="8343" SrcFileId="1" StartOffset="8298"/>
<Loc EndOffset="8394" SrcFileId="1" StartOffset="8347"/>
<Loc EndOffset="8457" SrcFileId="1" StartOffset="8398"/>
<Loc EndOffset="8502" SrcFileId="1" StartOffset="8461"/>
<Loc EndOffset="8554" SrcFileId="1" StartOffset="8506"/>
<Loc EndOffset="8579" SrcFileId="1" StartOffset="8558"/>
<Loc EndOffset="8631" SrcFileId="1" StartOffset="8583"/>
</LocList>
<BasicStmnt CovItemId="S103" CovItemPrefix="testing.TestUnitTestCase.java" Intrnl_Id="163">
<LocList>
<Loc EndOffset="8014" SrcFileId="1" StartOffset="7969"/>
</LocList>
</BasicStmnt>
<BasicStmnt CovItemId="S104" CovItemPrefix="testing.TestUnitTestCase.java" Intrnl_Id="164">
<LocList>
<Loc EndOffset="8084" SrcFileId="1" StartOffset="8018"/>
</LocList>
</BasicStmnt>
<BasicStmnt CovItemId="S105" CovItemPrefix="testing.TestUnitTestCase.java" Intrnl_Id="165">
<LocList>
<Loc EndOffset="8140" SrcFileId="1" StartOffset="8088"/>
</LocList>
</BasicStmnt>
<BasicStmnt CovItemId="S106" CovItemPrefix="testing.TestUnitTestCase.java" Intrnl_Id="166">
<LocList>
<Loc EndOffset="8169" SrcFileId="1" StartOffset="8144"/>
</LocList>
</BasicStmnt>
<BasicStmnt CovItemId="S107" CovItemPrefix="testing.TestUnitTestCase.java" Intrnl_Id="167">
<LocList>
<Loc EndOffset="8189" SrcFileId="1" StartOffset="8173"/>
</LocList>
</BasicStmnt>
<BasicStmnt CovItemId="S108" CovItemPrefix="testing.TestUnitTestCase.java" Intrnl_Id="168">
<LocList>
<Loc EndOffset="8245" SrcFileId="1" StartOffset="8193"/>
</LocList>
</BasicStmnt>
<BasicStmnt CovItemId="S109" CovItemPrefix="testing.TestUnitTestCase.java" Intrnl_Id="169">
<LocList>
<Loc EndOffset="8274" SrcFileId="1" StartOffset="8249"/>
</LocList>
</BasicStmnt>
<BasicStmnt CovItemId="S110" CovItemPrefix="testing.TestUnitTestCase.java" Intrnl_Id="170">
<LocList>
<Loc EndOffset="8294" SrcFileId="1" StartOffset="8278"/>
</LocList>
</BasicStmnt>
<BasicStmnt CovItemId="S111" CovItemPrefix="testing.TestUnitTestCase.java" Intrnl_Id="171">
<LocList>
<Loc EndOffset="8343" SrcFileId="1" StartOffset="8298"/>
</LocList>
</BasicStmnt>
<BasicStmnt CovItemId="S112" CovItemPrefix="testing.TestUnitTestCase.java" Intrnl_Id="172">
<LocList>
<Loc EndOffset="8394" SrcFileId="1" StartOffset="8347"/>
</LocList>
</BasicStmnt>
<BasicStmnt CovItemId="S113" CovItemPrefix="testing.TestUnitTestCase.java" Intrnl_Id="173">
<LocList>
<Loc EndOffset="8457" SrcFileId="1" StartOffset="8398"/>
</LocList>
</BasicStmnt>
<BasicStmnt CovItemId="S114" CovItemPrefix="testing.TestUnitTestCase.java" Intrnl_Id="174">
<LocList>
<Loc EndOffset="8502" SrcFileId="1" StartOffset="8461"/>
</LocList>
</BasicStmnt>
<BasicStmnt CovItemId="S115" CovItemPrefix="testing.TestUnitTestCase.java" Intrnl_Id="175">
<LocList>
<Loc EndOffset="8554" SrcFileId="1" StartOffset="8506"/>
</LocList>
</BasicStmnt>
<BasicStmnt CovItemId="S116" CovItemPrefix="testing.TestUnitTestCase.java" Intrnl_Id="176">
<LocList>
<Loc EndOffset="8579" SrcFileId="1" StartOffset="8558"/>
</LocList>
</BasicStmnt>
<BasicStmnt CovItemId="S117" CovItemPrefix="testing.TestUnitTestCase.java" Intrnl_Id="177">
<LocList>
<Loc EndOffset="8631" SrcFileId="1" StartOffset="8583"/>
</LocList>
</BasicStmnt>
</StmntSeq>
</HierarchyLvl>
<HierarchyLvl HierarchyLvlId="1049" HierarchyLvlTypeId="7" Intrnl_Id="178" Name="shouldTestMockingDivide">
<Header>
<Loc EndOffset="8702" SrcFileId="1" StartOffset="8641"/>
</Header>
<LocList>
<Loc EndOffset="9372" SrcFileId="1" StartOffset="8641"/>
</LocList>
<StmntSeq Intrnl_Id="179">
<LocList>
<Loc EndOffset="8753" SrcFileId="1" StartOffset="8708"/>
<Loc EndOffset="8823" SrcFileId="1" StartOffset="8757"/>
<Loc EndOffset="8879" SrcFileId="1" StartOffset="8827"/>
<Loc EndOffset="8908" SrcFileId="1" StartOffset="8883"/>
<Loc EndOffset="8929" SrcFileId="1" StartOffset="8912"/>
<Loc EndOffset="8985" SrcFileId="1" StartOffset="8933"/>
<Loc EndOffset="9014" SrcFileId="1" StartOffset="8989"/>
<Loc EndOffset="9034" SrcFileId="1" StartOffset="9018"/>
<Loc EndOffset="9086" SrcFileId="1" StartOffset="9038"/>
<Loc EndOffset="9137" SrcFileId="1" StartOffset="9090"/>
<Loc EndOffset="9200" SrcFileId="1" StartOffset="9141"/>
<Loc EndOffset="9245" SrcFileId="1" StartOffset="9204"/>
<Loc EndOffset="9291" SrcFileId="1" StartOffset="9249"/>
<Loc EndOffset="9316" SrcFileId="1" StartOffset="9295"/>
<Loc EndOffset="9368" SrcFileId="1" StartOffset="9320"/>
</LocList>
<BasicStmnt CovItemId="S118" CovItemPrefix="testing.TestUnitTestCase.java" Intrnl_Id="180">
<LocList>
<Loc EndOffset="8753" SrcFileId="1" StartOffset="8708"/>
</LocList>
</BasicStmnt>
<BasicStmnt CovItemId="S119" CovItemPrefix="testing.TestUnitTestCase.java" Intrnl_Id="181">
<LocList>
<Loc EndOffset="8823" SrcFileId="1" StartOffset="8757"/>
</LocList>
</BasicStmnt>
<BasicStmnt CovItemId="S120" CovItemPrefix="testing.TestUnitTestCase.java" Intrnl_Id="182">
<LocList>
<Loc EndOffset="8879" SrcFileId="1" StartOffset="8827"/>
</LocList>
</BasicStmnt>
<BasicStmnt CovItemId="S121" CovItemPrefix="testing.TestUnitTestCase.java" Intrnl_Id="183">
<LocList>
<Loc EndOffset="8908" SrcFileId="1" StartOffset="8883"/>
</LocList>
</BasicStmnt>
<BasicStmnt CovItemId="S122" CovItemPrefix="testing.TestUnitTestCase.java" Intrnl_Id="184">
<LocList>
<Loc EndOffset="8929" SrcFileId="1" StartOffset="8912"/>
</LocList>
</BasicStmnt>
<BasicStmnt CovItemId="S123" CovItemPrefix="testing.TestUnitTestCase.java" Intrnl_Id="185">
<LocList>
<Loc EndOffset="8985" SrcFileId="1" StartOffset="8933"/>
</LocList>
</BasicStmnt>
<BasicStmnt CovItemId="S124" CovItemPrefix="testing.TestUnitTestCase.java" Intrnl_Id="186">
<LocList>
<Loc EndOffset="9014" SrcFileId="1" StartOffset="8989"/>
</LocList>
</BasicStmnt>
<BasicStmnt CovItemId="S125" CovItemPrefix="testing.TestUnitTestCase.java" Intrnl_Id="187">
<LocList>
<Loc EndOffset="9034" SrcFileId="1" StartOffset="9018"/>
</LocList>
</BasicStmnt>
<BasicStmnt CovItemId="S126" CovItemPrefix="testing.TestUnitTestCase.java" Intrnl_Id="188">
<LocList>
<Loc EndOffset="9086" SrcFileId="1" StartOffset="9038"/>
</LocList>
</BasicStmnt>
<BasicStmnt CovItemId="S127" CovItemPrefix="testing.TestUnitTestCase.java" Intrnl_Id="189">
<LocList>
<Loc EndOffset="9137" SrcFileId="1" StartOffset="9090"/>
</LocList>
</BasicStmnt>
<BasicStmnt CovItemId="S128" CovItemPrefix="testing.TestUnitTestCase.java" Intrnl_Id="190">
<LocList>
<Loc EndOffset="9200" SrcFileId="1" StartOffset="9141"/>
</LocList>
</BasicStmnt>
<BasicStmnt CovItemId="S129" CovItemPrefix="testing.TestUnitTestCase.java" Intrnl_Id="191">
<LocList>
<Loc EndOffset="9245" SrcFileId="1" StartOffset="9204"/>
</LocList>
</BasicStmnt>
<BasicStmnt CovItemId="S130" CovItemPrefix="testing.TestUnitTestCase.java" Intrnl_Id="192">
<LocList>
<Loc EndOffset="9291" SrcFileId="1" StartOffset="9249"/>
</LocList>
</BasicStmnt>
<BasicStmnt CovItemId="S131" CovItemPrefix="testing.TestUnitTestCase.java" Intrnl_Id="193">
<LocList>
<Loc EndOffset="9316" SrcFileId="1" StartOffset="9295"/>
</LocList>
</BasicStmnt>
<BasicStmnt CovItemId="S132" CovItemPrefix="testing.TestUnitTestCase.java" Intrnl_Id="194">
<LocList>
<Loc EndOffset="9368" SrcFileId="1" StartOffset="9320"/>
</LocList>
</BasicStmnt>
</StmntSeq>
</HierarchyLvl>
<HierarchyLvl HierarchyLvlId="1050" HierarchyLvlTypeId="7" Intrnl_Id="195" Name="shouldTestMockingMultiply">
<Header>
<Loc EndOffset="9441" SrcFileId="1" StartOffset="9378"/>
</Header>
<LocList>
<Loc EndOffset="10116" SrcFileId="1" StartOffset="9378"/>
</LocList>
<StmntSeq Intrnl_Id="196">
<LocList>
<Loc EndOffset="9492" SrcFileId="1" StartOffset="9447"/>
<Loc EndOffset="9562" SrcFileId="1" StartOffset="9496"/>
<Loc EndOffset="9618" SrcFileId="1" StartOffset="9566"/>
<Loc EndOffset="9647" SrcFileId="1" StartOffset="9622"/>
<Loc EndOffset="9668" SrcFileId="1" StartOffset="9651"/>
<Loc EndOffset="9724" SrcFileId="1" StartOffset="9672"/>
<Loc EndOffset="9753" SrcFileId="1" StartOffset="9728"/>
<Loc EndOffset="9773" SrcFileId="1" StartOffset="9757"/>
<Loc EndOffset="9827" SrcFileId="1" StartOffset="9777"/>
<Loc EndOffset="9878" SrcFileId="1" StartOffset="9831"/>
<Loc EndOffset="9941" SrcFileId="1" StartOffset="9882"/>
<Loc EndOffset="9986" SrcFileId="1" StartOffset="9945"/>
<Loc EndOffset="10035" SrcFileId="1" StartOffset="9990"/>
<Loc EndOffset="10060" SrcFileId="1" StartOffset="10039"/>
<Loc EndOffset="10112" SrcFileId="1" StartOffset="10064"/>
</LocList>
<BasicStmnt CovItemId="S133" CovItemPrefix="testing.TestUnitTestCase.java" Intrnl_Id="197">
<LocList>
<Loc EndOffset="9492" SrcFileId="1" StartOffset="9447"/>
</LocList>
</BasicStmnt>
<BasicStmnt CovItemId="S134" CovItemPrefix="testing.TestUnitTestCase.java" Intrnl_Id="198">
<LocList>
<Loc EndOffset="9562" SrcFileId="1" StartOffset="9496"/>
</LocList>
</BasicStmnt>
<BasicStmnt CovItemId="S135" CovItemPrefix="testing.TestUnitTestCase.java" Intrnl_Id="199">
<LocList>
<Loc EndOffset="9618" SrcFileId="1" StartOffset="9566"/>
</LocList>
</BasicStmnt>
<BasicStmnt CovItemId="S136" CovItemPrefix="testing.TestUnitTestCase.java" Intrnl_Id="200">
<LocList>
<Loc EndOffset="9647" SrcFileId="1" StartOffset="9622"/>
</LocList>
</BasicStmnt>
<BasicStmnt CovItemId="S137" CovItemPrefix="testing.TestUnitTestCase.java" Intrnl_Id="201">
<LocList>
<Loc EndOffset="9668" SrcFileId="1" StartOffset="9651"/>
</LocList>
</BasicStmnt>
<BasicStmnt CovItemId="S138" CovItemPrefix="testing.TestUnitTestCase.java" Intrnl_Id="202">
<LocList>
<Loc EndOffset="9724" SrcFileId="1" StartOffset="9672"/>
</LocList>
</BasicStmnt>
<BasicStmnt CovItemId="S139" CovItemPrefix="testing.TestUnitTestCase.java" Intrnl_Id="203">
<LocList>
<Loc EndOffset="9753" SrcFileId="1" StartOffset="9728"/>
</LocList>
</BasicStmnt>
<BasicStmnt CovItemId="S140" CovItemPrefix="testing.TestUnitTestCase.java" Intrnl_Id="204">
<LocList>
<Loc EndOffset="9773" SrcFileId="1" StartOffset="9757"/>
</LocList>
</BasicStmnt>
<BasicStmnt CovItemId="S141" CovItemPrefix="testing.TestUnitTestCase.java" Intrnl_Id="205">
<LocList>
<Loc EndOffset="9827" SrcFileId="1" StartOffset="9777"/>
</LocList>
</BasicStmnt>
<BasicStmnt CovItemId="S142" CovItemPrefix="testing.TestUnitTestCase.java" Intrnl_Id="206">
<LocList>
<Loc EndOffset="9878" SrcFileId="1" StartOffset="9831"/>
</LocList>
</BasicStmnt>
<BasicStmnt CovItemId="S143" CovItemPrefix="testing.TestUnitTestCase.java" Intrnl_Id="207">
<LocList>
<Loc EndOffset="9941" SrcFileId="1" StartOffset="9882"/>
</LocList>
</BasicStmnt>
<BasicStmnt CovItemId="S144" CovItemPrefix="testing.TestUnitTestCase.java" Intrnl_Id="208">
<LocList>
<Loc EndOffset="9986" SrcFileId="1" StartOffset="9945"/>
</LocList>
</BasicStmnt>
<BasicStmnt CovItemId="S145" CovItemPrefix="testing.TestUnitTestCase.java" Intrnl_Id="209">
<LocList>
<Loc EndOffset="10035" SrcFileId="1" StartOffset="9990"/>
</LocList>
</BasicStmnt>
<BasicStmnt CovItemId="S146" CovItemPrefix="testing.TestUnitTestCase.java" Intrnl_Id="210">
<LocList>
<Loc EndOffset="10060" SrcFileId="1" StartOffset="10039"/>
</LocList>
</BasicStmnt>
<BasicStmnt CovItemId="S147" CovItemPrefix="testing.TestUnitTestCase.java" Intrnl_Id="211">
<LocList>
<Loc EndOffset="10112" SrcFileId="1" StartOffset="10064"/>
</LocList>
</BasicStmnt>
</StmntSeq>
</HierarchyLvl>
<HierarchyLvl HierarchyLvlId="1051" HierarchyLvlTypeId="7" Intrnl_Id="212" Name="shouldTestMockingPythagoras">
<Header>
<Loc EndOffset="10187" SrcFileId="1" StartOffset="10122"/>
</Header>
<LocList>
<Loc EndOffset="10857" SrcFileId="1" StartOffset="10122"/>
</LocList>
<StmntSeq Intrnl_Id="213">
<LocList>
<Loc EndOffset="10238" SrcFileId="1" StartOffset="10193"/>
<Loc EndOffset="10308" SrcFileId="1" StartOffset="10242"/>
<Loc EndOffset="10364" SrcFileId="1" StartOffset="10312"/>
<Loc EndOffset="10393" SrcFileId="1" StartOffset="10368"/>
<Loc EndOffset="10413" SrcFileId="1" StartOffset="10397"/>
<Loc EndOffset="10469" SrcFileId="1" StartOffset="10417"/>
<Loc EndOffset="10498" SrcFileId="1" StartOffset="10473"/>
<Loc EndOffset="10518" SrcFileId="1" StartOffset="10502"/>
<Loc EndOffset="10568" SrcFileId="1" StartOffset="10522"/>
<Loc EndOffset="10619" SrcFileId="1" StartOffset="10572"/>
<Loc EndOffset="10682" SrcFileId="1" StartOffset="10623"/>
<Loc EndOffset="10727" SrcFileId="1" StartOffset="10686"/>
<Loc EndOffset="10776" SrcFileId="1" StartOffset="10731"/>
<Loc EndOffset="10801" SrcFileId="1" StartOffset="10780"/>
<Loc EndOffset="10853" SrcFileId="1" StartOffset="10805"/>
</LocList>
<BasicStmnt CovItemId="S148" CovItemPrefix="testing.TestUnitTestCase.java" Intrnl_Id="214">
<LocList>
<Loc EndOffset="10238" SrcFileId="1" StartOffset="10193"/>
</LocList>
</BasicStmnt>
<BasicStmnt CovItemId="S149" CovItemPrefix="testing.TestUnitTestCase.java" Intrnl_Id="215">
<LocList>
<Loc EndOffset="10308" SrcFileId="1" StartOffset="10242"/>
</LocList>
</BasicStmnt>
<BasicStmnt CovItemId="S150" CovItemPrefix="testing.TestUnitTestCase.java" Intrnl_Id="216">
<LocList>
<Loc EndOffset="10364" SrcFileId="1" StartOffset="10312"/>
</LocList>
</BasicStmnt>
<BasicStmnt CovItemId="S151" CovItemPrefix="testing.TestUnitTestCase.java" Intrnl_Id="217">
<LocList>
<Loc EndOffset="10393" SrcFileId="1" StartOffset="10368"/>
</LocList>
</BasicStmnt>
<BasicStmnt CovItemId="S152" CovItemPrefix="testing.TestUnitTestCase.java" Intrnl_Id="218">
<LocList>
<Loc EndOffset="10413" SrcFileId="1" StartOffset="10397"/>
</LocList>
</BasicStmnt>
<BasicStmnt CovItemId="S153" CovItemPrefix="testing.TestUnitTestCase.java" Intrnl_Id="219">
<LocList>
<Loc EndOffset="10469" SrcFileId="1" StartOffset="10417"/>
</LocList>
</BasicStmnt>
<BasicStmnt CovItemId="S154" CovItemPrefix="testing.TestUnitTestCase.java" Intrnl_Id="220">
<LocList>
<Loc EndOffset="10498" SrcFileId="1" StartOffset="10473"/>
</LocList>
</BasicStmnt>
<BasicStmnt CovItemId="S155" CovItemPrefix="testing.TestUnitTestCase.java" Intrnl_Id="221">
<LocList>
<Loc EndOffset="10518" SrcFileId="1" StartOffset="10502"/>
</LocList>
</BasicStmnt>
<BasicStmnt CovItemId="S156" CovItemPrefix="testing.TestUnitTestCase.java" Intrnl_Id="222">
<LocList>
<Loc EndOffset="10568" SrcFileId="1" StartOffset="10522"/>
</LocList>
</BasicStmnt>
<BasicStmnt CovItemId="S157" CovItemPrefix="testing.TestUnitTestCase.java" Intrnl_Id="223">
<LocList>
<Loc EndOffset="10619" SrcFileId="1" StartOffset="10572"/>
</LocList>
</BasicStmnt>
<BasicStmnt CovItemId="S158" CovItemPrefix="testing.TestUnitTestCase.java" Intrnl_Id="224">
<LocList>
<Loc EndOffset="10682" SrcFileId="1" StartOffset="10623"/>
</LocList>
</BasicStmnt>
<BasicStmnt CovItemId="S159" CovItemPrefix="testing.TestUnitTestCase.java" Intrnl_Id="225">
<LocList>
<Loc EndOffset="10727" SrcFileId="1" StartOffset="10686"/>
</LocList>
</BasicStmnt>
<BasicStmnt CovItemId="S160" CovItemPrefix="testing.TestUnitTestCase.java" Intrnl_Id="226">
<LocList>
<Loc EndOffset="10776" SrcFileId="1" StartOffset="10731"/>
</LocList>
</BasicStmnt>
<BasicStmnt CovItemId="S161" CovItemPrefix="testing.TestUnitTestCase.java" Intrnl_Id="227">
<LocList>
<Loc EndOffset="10801" SrcFileId="1" StartOffset="10780"/>
</LocList>
</BasicStmnt>
<BasicStmnt CovItemId="S162" CovItemPrefix="testing.TestUnitTestCase.java" Intrnl_Id="228">
<LocList>
<Loc EndOffset="10853" SrcFileId="1" StartOffset="10805"/>
</LocList>
</BasicStmnt>
</StmntSeq>
</HierarchyLvl>
<HierarchyLvl HierarchyLvlId="1052" HierarchyLvlTypeId="7" Intrnl_Id="229" Name="shouldThrowSaveManagerError">
<Header>
<Loc EndOffset="10916" SrcFileId="1" StartOffset="10866"/>
</Header>
<LocList>
<Loc EndOffset="11104" SrcFileId="1" StartOffset="10866"/>
</LocList>
<StmntSeq Intrnl_Id="230">
<LocList>
<Loc EndOffset="10957" SrcFileId="1" StartOffset="10922"/>
<Loc EndOffset="11015" SrcFileId="1" StartOffset="10962"/>
<Loc EndOffset="11040" SrcFileId="1" StartOffset="11020"/>
<Loc EndOffset="11099" SrcFileId="1" StartOffset="11045"/>
</LocList>
<BasicStmnt CovItemId="S163" CovItemPrefix="testing.TestUnitTestCase.java" Intrnl_Id="231">
<LocList>
<Loc EndOffset="10957" SrcFileId="1" StartOffset="10922"/>
</LocList>
</BasicStmnt>
<BasicStmnt CovItemId="S164" CovItemPrefix="testing.TestUnitTestCase.java" Intrnl_Id="232">
<LocList>
<Loc EndOffset="11015" SrcFileId="1" StartOffset="10962"/>
</LocList>
</BasicStmnt>
<BasicStmnt CovItemId="S165" CovItemPrefix="testing.TestUnitTestCase.java" Intrnl_Id="233">
<LocList>
<Loc EndOffset="11040" SrcFileId="1" StartOffset="11020"/>
</LocList>
</BasicStmnt>
<BasicStmnt CovItemId="S166" CovItemPrefix="testing.TestUnitTestCase.java" Intrnl_Id="234">
<LocList>
<Loc EndOffset="11099" SrcFileId="1" StartOffset="11045"/>
</LocList>
</BasicStmnt>
</StmntSeq>
</HierarchyLvl>
<HierarchyLvl HierarchyLvlId="1053" HierarchyLvlTypeId="7" Intrnl_Id="235" Name="testChoices">
<Header>
<Loc EndOffset="11162" SrcFileId="1" StartOffset="11111"/>
</Header>
<LocList>
<Loc EndOffset="11491" SrcFileId="1" StartOffset="11111"/>
</LocList>
<StmntSeq Intrnl_Id="236">
<LocList>
<Loc EndOffset="11220" SrcFileId="1" StartOffset="11190"/>
<Loc EndOffset="11275" SrcFileId="1" StartOffset="11231"/>
<Loc EndOffset="11354" SrcFileId="1" StartOffset="11286"/>
<Loc EndOffset="11387" SrcFileId="1" StartOffset="11365"/>
<Loc EndOffset="11425" SrcFileId="1" StartOffset="11398"/>
<Loc EndOffset="11448" SrcFileId="1" StartOffset="11430"/>
<Loc EndOffset="11484" SrcFileId="1" StartOffset="11453"/>
</LocList>
<BasicStmnt CovItemId="S167" CovItemPrefix="testing.TestUnitTestCase.java" Intrnl_Id="237">
<LocList>
<Loc EndOffset="11220" SrcFileId="1" StartOffset="11190"/>
</LocList>
</BasicStmnt>
<BasicStmnt CovItemId="S168" CovItemPrefix="testing.TestUnitTestCase.java" Intrnl_Id="238">
<LocList>
<Loc EndOffset="11275" SrcFileId="1" StartOffset="11231"/>
</LocList>
</BasicStmnt>
<BasicStmnt CovItemId="S169" CovItemPrefix="testing.TestUnitTestCase.java" Intrnl_Id="239">
<LocList>
<Loc EndOffset="11354" SrcFileId="1" StartOffset="11286"/>
</LocList>
</BasicStmnt>
<BasicStmnt CovItemId="S170" CovItemPrefix="testing.TestUnitTestCase.java" Intrnl_Id="240">
<LocList>
<Loc EndOffset="11387" SrcFileId="1" StartOffset="11365"/>
</LocList>
</BasicStmnt>
<BasicStmnt CovItemId="S171" CovItemPrefix="testing.TestUnitTestCase.java" Intrnl_Id="241">
<LocList>
<Loc EndOffset="11425" SrcFileId="1" StartOffset="11398"/>
</LocList>
</BasicStmnt>
<BasicStmnt CovItemId="S172" CovItemPrefix="testing.TestUnitTestCase.java" Intrnl_Id="242">
<LocList>
<Loc EndOffset="11448" SrcFileId="1" StartOffset="11430"/>
</LocList>
</BasicStmnt>
<BasicStmnt CovItemId="S173" CovItemPrefix="testing.TestUnitTestCase.java" Intrnl_Id="243">
<LocList>
<Loc EndOffset="11484" SrcFileId="1" StartOffset="11453"/>
</LocList>
</BasicStmnt>
</StmntSeq>
</HierarchyLvl>
</HierarchyLvl>
</HierarchyLvl>
<HierarchyLvl HierarchyLvlId="1075" HierarchyLvlTypeId="6" Intrnl_Id="244" Name="calculator">
<Header/>
<LocList/>
<HierarchyLvl HierarchyLvlId="1058" HierarchyLvlTypeId="8" Intrnl_Id="245" Name="SaveManager">
<Header>
<Loc EndOffset="240" SrcFileId="2" StartOffset="216"/>
</Header>
<LocList>
<Loc EndOffset="1129" SrcFileId="2" StartOffset="216"/>
</LocList>
<HierarchyLvl HierarchyLvlId="1055" HierarchyLvlTypeId="7" Intrnl_Id="246" Name="SaveManager">
<Header>
<Loc EndOffset="302" SrcFileId="2" StartOffset="282"/>
</Header>
<LocList>
<Loc EndOffset="345" SrcFileId="2" StartOffset="282"/>
</LocList>
<StmntSeq Intrnl_Id="247">
<LocList>
<Loc EndOffset="341" SrcFileId="2" StartOffset="307"/>
</LocList>
<BasicStmnt CovItemId="S1" CovItemPrefix="calculator.SaveManager.java" Intrnl_Id="248">
<LocList>
<Loc EndOffset="341" SrcFileId="2" StartOffset="307"/>
</LocList>
</BasicStmnt>
</StmntSeq>
</HierarchyLvl>
<HierarchyLvl HierarchyLvlId="1056" HierarchyLvlTypeId="7" Intrnl_Id="249" Name="readFromDisk">
<Header>
<Loc EndOffset="443" SrcFileId="2" StartOffset="394"/>
</Header>
<LocList>
<Loc EndOffset="749" SrcFileId="2" StartOffset="394"/>
</LocList>
<StmntSeq Intrnl_Id="250">
<LocList>
<Loc EndOffset="541" SrcFileId="2" StartOffset="465"/>
<Loc EndOffset="587" SrcFileId="2" StartOffset="546"/>
<Loc EndOffset="606" SrcFileId="2" StartOffset="595"/>
<Loc EndOffset="629" SrcFileId="2" StartOffset="614"/>
<Loc EndOffset="726" SrcFileId="2" StartOffset="451"/>
<Loc EndOffset="745" SrcFileId="2" StartOffset="730"/>
</LocList>
<BasicStmnt CovItemId="S3" CovItemPrefix="calculator.SaveManager.java" Intrnl_Id="251">
<LocList>
<Loc EndOffset="541" SrcFileId="2" StartOffset="465"/>
</LocList>
</BasicStmnt>
<BasicStmnt CovItemId="S4" CovItemPrefix="calculator.SaveManager.java" Intrnl_Id="252">
<LocList>
<Loc EndOffset="587" SrcFileId="2" StartOffset="546"/>
</LocList>
</BasicStmnt>
<BasicStmnt CovItemId="S5" CovItemPrefix="calculator.SaveManager.java" Intrnl_Id="253">
<LocList>
<Loc EndOffset="606" SrcFileId="2" StartOffset="595"/>
</LocList>
</BasicStmnt>
<BasicStmnt CovItemId="S6" CovItemPrefix="calculator.SaveManager.java" Intrnl_Id="254">
<LocList>
<Loc EndOffset="629" SrcFileId="2" StartOffset="614"/>
</LocList>
</BasicStmnt>
<CondStmnt CovItemId="S2" CovItemPrefix="calculator.SaveManager.java" Intrnl_Id="255">
<Branch CovItemId="B1" CovItemPrefix="calculator.SaveManager.java" Implct="true" Intrnl_Id="256">
<Cond/>
<LocList/>
<StmntSeq Intrnl_Id="257">
<LocList/>
</StmntSeq>
</Branch>
<Branch CovItemId="B2" CovItemPrefix="calculator.SaveManager.java" Implct="false" Intrnl_Id="258">
<Cond>
<Loc EndOffset="661" SrcFileId="2" StartOffset="641"/>
</Cond>
<LocList>
<Loc EndOffset="726" SrcFileId="2" StartOffset="669"/>
</LocList>
<StmntSeq Intrnl_Id="259">
<LocList>
<Loc EndOffset="721" SrcFileId="2" StartOffset="675"/>
</LocList>
<BasicStmnt CovItemId="S7" CovItemPrefix="calculator.SaveManager.java" Intrnl_Id="260">
<LocList>
<Loc EndOffset="721" SrcFileId="2" StartOffset="675"/>
</LocList>
</BasicStmnt>
</StmntSeq>
</Branch>
<Keyword EndOffset="454" SrcFileId="2" StartOffset="451"/>
<LocList>
<Loc EndOffset="726" SrcFileId="2" StartOffset="451"/>
</LocList>
</CondStmnt>
<BasicStmnt CovItemId="S8" CovItemPrefix="calculator.SaveManager.java" Intrnl_Id="261">
<LocList>
<Loc EndOffset="745" SrcFileId="2" StartOffset="730"/>
</LocList>
</BasicStmnt>
</StmntSeq>
</HierarchyLvl>
<HierarchyLvl HierarchyLvlId="1057" HierarchyLvlTypeId="7" Intrnl_Id="262" Name="saveToDisk">
<Header>
<Loc EndOffset="872" SrcFileId="2" StartOffset="811"/>
</Header>
<LocList>
<Loc EndOffset="1123" SrcFileId="2" StartOffset="811"/>
</LocList>
<StmntSeq Intrnl_Id="263">
<LocList>
<Loc EndOffset="974" SrcFileId="2" StartOffset="894"/>
<Loc EndOffset="1007" SrcFileId="2" StartOffset="982"/>
<Loc EndOffset="1027" SrcFileId="2" StartOffset="1015"/>
<Loc EndOffset="1119" SrcFileId="2" StartOffset="880"/>
</LocList>
<BasicStmnt CovItemId="S10" CovItemPrefix="calculator.SaveManager.java" Intrnl_Id="264">
<LocList>
<Loc EndOffset="974" SrcFileId="2" StartOffset="894"/>
</LocList>
</BasicStmnt>
<BasicStmnt CovItemId="S11" CovItemPrefix="calculator.SaveManager.java" Intrnl_Id="265">
<LocList>
<Loc EndOffset="1007" SrcFileId="2" StartOffset="982"/>
</LocList>
</BasicStmnt>
<BasicStmnt CovItemId="S12" CovItemPrefix="calculator.SaveManager.java" Intrnl_Id="266">
<LocList>
<Loc EndOffset="1027" SrcFileId="2" StartOffset="1015"/>
</LocList>
</BasicStmnt>
<CondStmnt CovItemId="S9" CovItemPrefix="calculator.SaveManager.java" Intrnl_Id="267">
<Branch CovItemId="B3" CovItemPrefix="calculator.SaveManager.java" Implct="true" Intrnl_Id="268">
<Cond/>
<LocList/>
<StmntSeq Intrnl_Id="269">
<LocList/>
</StmntSeq>
</Branch>
<Branch CovItemId="B4" CovItemPrefix="calculator.SaveManager.java" Implct="false" Intrnl_Id="270">
<Cond>
<Loc EndOffset="1057" SrcFileId="2" StartOffset="1037"/>
</Cond>
<LocList>
<Loc EndOffset="1119" SrcFileId="2" StartOffset="1062"/>
</LocList>
<StmntSeq Intrnl_Id="271">
<LocList>
<Loc EndOffset="1114" SrcFileId="2" StartOffset="1068"/>
</LocList>
<BasicStmnt CovItemId="S13" CovItemPrefix="calculator.SaveManager.java" Intrnl_Id="272">
<LocList>
<Loc EndOffset="1114" SrcFileId="2" StartOffset="1068"/>
</LocList>
</BasicStmnt>
</StmntSeq>
</Branch>
<Keyword EndOffset="883" SrcFileId="2" StartOffset="880"/>
<LocList>
<Loc EndOffset="1119" SrcFileId="2" StartOffset="880"/>
</LocList>
</CondStmnt>
</StmntSeq>
</HierarchyLvl>
</HierarchyLvl>
<HierarchyLvl HierarchyLvlId="1067" HierarchyLvlTypeId="8" Intrnl_Id="273" Name="CalculatorManager">
<Header>
<Loc EndOffset="392" SrcFileId="3" StartOffset="362"/>
</Header>
<LocList>
<Loc EndOffset="5954" SrcFileId="3" StartOffset="362"/>
</LocList>
<HierarchyLvl HierarchyLvlId="1059" HierarchyLvlTypeId="7" Intrnl_Id="274" Name="CalculatorManager">
<Header>
<Loc EndOffset="629" SrcFileId="3" StartOffset="572"/>
</Header>
<LocList>
<Loc EndOffset="787" SrcFileId="3" StartOffset="572"/>
</LocList>
<StmntSeq Intrnl_Id="275">
<LocList>
<Loc EndOffset="650" SrcFileId="3" StartOffset="637"/>
<Loc EndOffset="679" SrcFileId="3" StartOffset="654"/>
<Loc EndOffset="707" SrcFileId="3" StartOffset="683"/>
<Loc EndOffset="720" SrcFileId="3" StartOffset="711"/>
<Loc EndOffset="733" SrcFileId="3" StartOffset="724"/>
<Loc EndOffset="783" SrcFileId="3" StartOffset="737"/>
</LocList>
<BasicStmnt CovItemId="S1" CovItemPrefix="calculator.CalculatorManager.java" Intrnl_Id="276">
<LocList>
<Loc EndOffset="650" SrcFileId="3" StartOffset="637"/>
</LocList>
</BasicStmnt>
<BasicStmnt CovItemId="S2" CovItemPrefix="calculator.CalculatorManager.java" Intrnl_Id="277">
<LocList>
<Loc EndOffset="679" SrcFileId="3" StartOffset="654"/>
</LocList>
</BasicStmnt>
<BasicStmnt CovItemId="S3" CovItemPrefix="calculator.CalculatorManager.java" Intrnl_Id="278">
<LocList>
<Loc EndOffset="707" SrcFileId="3" StartOffset="683"/>
</LocList>
</BasicStmnt>
<BasicStmnt CovItemId="S4" CovItemPrefix="calculator.CalculatorManager.java" Intrnl_Id="279">
<LocList>
<Loc EndOffset="720" SrcFileId="3" StartOffset="711"/>
</LocList>
</BasicStmnt>
<BasicStmnt CovItemId="S5" CovItemPrefix="calculator.CalculatorManager.java" Intrnl_Id="280">
<LocList>
<Loc EndOffset="733" SrcFileId="3" StartOffset="724"/>
</LocList>
</BasicStmnt>
<BasicStmnt CovItemId="S6" CovItemPrefix="calculator.CalculatorManager.java" Intrnl_Id="281">
<LocList>
<Loc EndOffset="783" SrcFileId="3" StartOffset="737"/>
</LocList>
</BasicStmnt>
</StmntSeq>
</HierarchyLvl>
<HierarchyLvl HierarchyLvlId="1060" HierarchyLvlTypeId="7" Intrnl_Id="282" Name="saveResult">
<Header>
<Loc EndOffset="925" SrcFileId="3" StartOffset="886"/>
</Header>
<LocList>
<Loc EndOffset="1140" SrcFileId="3" StartOffset="886"/>
</LocList>
<StmntSeq Intrnl_Id="283">
<LocList>
<Loc EndOffset="994" SrcFileId="3" StartOffset="966"/>
<Loc EndOffset="1058" SrcFileId="3" StartOffset="1037"/>
<Loc EndOffset="1136" SrcFileId="3" StartOffset="1093"/>
</LocList>
<BasicStmnt CovItemId="S7" CovItemPrefix="calculator.CalculatorManager.java" Intrnl_Id="284">
<LocList>
<Loc EndOffset="994" SrcFileId="3" StartOffset="966"/>
</LocList>
</BasicStmnt>
<BasicStmnt CovItemId="S8" CovItemPrefix="calculator.CalculatorManager.java" Intrnl_Id="285">
<LocList>
<Loc EndOffset="1058" SrcFileId="3" StartOffset="1037"/>
</LocList>
</BasicStmnt>
<BasicStmnt CovItemId="S9" CovItemPrefix="calculator.CalculatorManager.java" Intrnl_Id="286">
<LocList>
<Loc EndOffset="1136" SrcFileId="3" StartOffset="1093"/>
</LocList>
</BasicStmnt>
</StmntSeq>
</HierarchyLvl>
<HierarchyLvl HierarchyLvlId="1061" HierarchyLvlTypeId="7" Intrnl_Id="287" Name="calculate">
<Header>
<Loc EndOffset="1370" SrcFileId="3" StartOffset="1332"/>
</Header>
<LocList>
<Loc EndOffset="2378" SrcFileId="3" StartOffset="1332"/>
</LocList>
<StmntSeq Intrnl_Id="288">
<LocList>
<Loc EndOffset="1396" SrcFileId="3" StartOffset="1378"/>
<Loc EndOffset="2265" SrcFileId="3" StartOffset="1414"/>
<Loc EndOffset="2356" SrcFileId="3" StartOffset="1400"/>
<Loc EndOffset="2374" SrcFileId="3" StartOffset="2360"/>
</LocList>
<BasicStmnt CovItemId="S10" CovItemPrefix="calculator.CalculatorManager.java" Intrnl_Id="289">
<LocList>
<Loc EndOffset="1396" SrcFileId="3" StartOffset="1378"/>
</LocList>
</BasicStmnt>
<CondStmnt CovItemId="S12" CovItemPrefix="calculator.CalculatorManager.java" Intrnl_Id="290">
<Branch CovItemId="B2" CovItemPrefix="calculator.CalculatorManager.java" Implct="false" Intrnl_Id="291">
<Cond/>
<LocList>
<Loc EndOffset="1558" SrcFileId="3" StartOffset="1447"/>
</LocList>
<StmntSeq Intrnl_Id="292">
<LocList>
<Loc EndOffset="1487" SrcFileId="3" StartOffset="1454"/>
<Loc EndOffset="1552" SrcFileId="3" StartOffset="1493"/>
</LocList>
<BasicStmnt CovItemId="S13" CovItemPrefix="calculator.CalculatorManager.java" Intrnl_Id="293">
<LocList>
<Loc EndOffset="1487" SrcFileId="3" StartOffset="1454"/>
</LocList>
</BasicStmnt>
<BasicStmnt CovItemId="S14" CovItemPrefix="calculator.CalculatorManager.java" Intrnl_Id="294">
<LocList>
<Loc EndOffset="1552" SrcFileId="3" StartOffset="1493"/>
</LocList>
</BasicStmnt>
</StmntSeq>
</Branch>
<Branch CovItemId="B3" CovItemPrefix="calculator.CalculatorManager.java" Implct="false" Intrnl_Id="295">
<Cond>
<Loc EndOffset="1567" SrcFileId="3" StartOffset="1563"/>
</Cond>
<LocList>
<Loc EndOffset="2265" SrcFileId="3" StartOffset="1568"/>
</LocList>
<StmntSeq Intrnl_Id="296">
<LocList>
<Loc EndOffset="2265" SrcFileId="3" StartOffset="1568"/>
</LocList>
<CondStmnt CovItemId="S15" CovItemPrefix="calculator.CalculatorManager.java" Intrnl_Id="297">
<Branch CovItemId="B4" CovItemPrefix="calculator.CalculatorManager.java" Implct="false" Intrnl_Id="298">
<Cond/>
<LocList>
<Loc EndOffset="1718" SrcFileId="3" StartOffset="1603"/>
</LocList>
<StmntSeq Intrnl_Id="299">
<LocList>
<Loc EndOffset="1645" SrcFileId="3" StartOffset="1610"/>
<Loc EndOffset="1712" SrcFileId="3" StartOffset="1651"/>
</LocList>
<BasicStmnt CovItemId="S16" CovItemPrefix="calculator.CalculatorManager.java" Intrnl_Id="300">
<LocList>
<Loc EndOffset="1645" SrcFileId="3" StartOffset="1610"/>
</LocList>
</BasicStmnt>
<BasicStmnt CovItemId="S17" CovItemPrefix="calculator.CalculatorManager.java" Intrnl_Id="301">
<LocList>
<Loc EndOffset="1712" SrcFileId="3" StartOffset="1651"/>
</LocList>
</BasicStmnt>
</StmntSeq>
</Branch>
<Branch CovItemId="B5" CovItemPrefix="calculator.CalculatorManager.java" Implct="false" Intrnl_Id="302">
<Cond>
<Loc EndOffset="1727" SrcFileId="3" StartOffset="1723"/>
</Cond>
<LocList>
<Loc EndOffset="2265" SrcFileId="3" StartOffset="1728"/>
</LocList>
<StmntSeq Intrnl_Id="303">
<LocList>
<Loc EndOffset="2265" SrcFileId="3" StartOffset="1728"/>
</LocList>
<CondStmnt CovItemId="S18" CovItemPrefix="calculator.CalculatorManager.java" Intrnl_Id="304">
<Branch CovItemId="B6" CovItemPrefix="calculator.CalculatorManager.java" Implct="false" Intrnl_Id="305">
<Cond/>
<LocList>
<Loc EndOffset="1863" SrcFileId="3" StartOffset="1758"/>
</LocList>
<StmntSeq Intrnl_Id="306">
<LocList>
<Loc EndOffset="1795" SrcFileId="3" StartOffset="1765"/>
<Loc EndOffset="1857" SrcFileId="3" StartOffset="1801"/>
</LocList>
<BasicStmnt CovItemId="S19" CovItemPrefix="calculator.CalculatorManager.java" Intrnl_Id="307">
<LocList>
<Loc EndOffset="1795" SrcFileId="3" StartOffset="1765"/>
</LocList>
</BasicStmnt>
<BasicStmnt CovItemId="S20" CovItemPrefix="calculator.CalculatorManager.java" Intrnl_Id="308">
<LocList>
<Loc EndOffset="1857" SrcFileId="3" StartOffset="1801"/>
</LocList>
</BasicStmnt>
</StmntSeq>
</Branch>
<Branch CovItemId="B7" CovItemPrefix="calculator.CalculatorManager.java" Implct="false" Intrnl_Id="309">
<Cond>
<Loc EndOffset="1872" SrcFileId="3" StartOffset="1868"/>
</Cond>
<LocList>
<Loc EndOffset="2265" SrcFileId="3" StartOffset="1873"/>
</LocList>
<StmntSeq Intrnl_Id="310">
<LocList>
<Loc EndOffset="2265" SrcFileId="3" StartOffset="1873"/>
</LocList>
<CondStmnt CovItemId="S21" CovItemPrefix="calculator.CalculatorManager.java" Intrnl_Id="311">
<Branch CovItemId="B8" CovItemPrefix="calculator.CalculatorManager.java" Implct="false" Intrnl_Id="312">
<Cond/>
<LocList>
<Loc EndOffset="2017" SrcFileId="3" StartOffset="1903"/>
</LocList>
<StmntSeq Intrnl_Id="313">
<LocList>
<Loc EndOffset="1940" SrcFileId="3" StartOffset="1910"/>
<Loc EndOffset="2011" SrcFileId="3" StartOffset="1946"/>
</LocList>
<BasicStmnt CovItemId="S22" CovItemPrefix="calculator.CalculatorManager.java" Intrnl_Id="314">
<LocList>
<Loc EndOffset="1940" SrcFileId="3" StartOffset="1910"/>
</LocList>
</BasicStmnt>
<BasicStmnt CovItemId="S23" CovItemPrefix="calculator.CalculatorManager.java" Intrnl_Id="315">
<LocList>
<Loc EndOffset="2011" SrcFileId="3" StartOffset="1946"/>
</LocList>
</BasicStmnt>
</StmntSeq>
</Branch>
<Branch CovItemId="B9" CovItemPrefix="calculator.CalculatorManager.java" Implct="false" Intrnl_Id="316">
<Cond>
<Loc EndOffset="2026" SrcFileId="3" StartOffset="2022"/>
</Cond>
<LocList>
<Loc EndOffset="2265" SrcFileId="3" StartOffset="2027"/>
</LocList>
<StmntSeq Intrnl_Id="317">
<LocList>
<Loc EndOffset="2265" SrcFileId="3" StartOffset="2027"/>
</LocList>
<CondStmnt CovItemId="S24" CovItemPrefix="calculator.CalculatorManager.java" Intrnl_Id="318">
<Branch CovItemId="B10" CovItemPrefix="calculator.CalculatorManager.java" Implct="false" Intrnl_Id="319">
<Cond/>
<LocList>
<Loc EndOffset="2171" SrcFileId="3" StartOffset="2058"/>
</LocList>
<StmntSeq Intrnl_Id="320">
<LocList>
<Loc EndOffset="2096" SrcFileId="3" StartOffset="2065"/>
<Loc EndOffset="2165" SrcFileId="3" StartOffset="2102"/>
</LocList>
<BasicStmnt CovItemId="S25" CovItemPrefix="calculator.CalculatorManager.java" Intrnl_Id="321">
<LocList>
<Loc EndOffset="2096" SrcFileId="3" StartOffset="2065"/>
</LocList>
</BasicStmnt>
<BasicStmnt CovItemId="S26" CovItemPrefix="calculator.CalculatorManager.java" Intrnl_Id="322">
<LocList>
<Loc EndOffset="2165" SrcFileId="3" StartOffset="2102"/>
</LocList>
</BasicStmnt>
</StmntSeq>
</Branch>
<Branch CovItemId="B11" CovItemPrefix="calculator.CalculatorManager.java" Implct="false" Intrnl_Id="323">
<Cond>
<Loc EndOffset="2180" SrcFileId="3" StartOffset="2176"/>
</Cond>
<LocList>
<Loc EndOffset="2265" SrcFileId="3" StartOffset="2185"/>
</LocList>
<StmntSeq Intrnl_Id="324">
<LocList>
<Loc EndOffset="2259" SrcFileId="3" StartOffset="2192"/>
</LocList>
<BasicStmnt CovItemId="S27" CovItemPrefix="calculator.CalculatorManager.java" Intrnl_Id="325">
<LocList>
<Loc EndOffset="2259" SrcFileId="3" StartOffset="2192"/>
</LocList>
</BasicStmnt>
</StmntSeq>
</Branch>
<Keyword EndOffset="2029" SrcFileId="3" StartOffset="2027"/>
<LocList>
<Loc EndOffset="2265" SrcFileId="3" StartOffset="2027"/>
</LocList>
<RootTerm CovItemId="C5" CovItemPrefix="calculator.CalculatorManager.java" Intrnl_Id="326">
<BasicBoolTerm Intrnl_Id="327">
<LocList>
<Loc EndOffset="2052" SrcFileId="3" StartOffset="2031"/>
</LocList>
</BasicBoolTerm>
</RootTerm>
</CondStmnt>
</StmntSeq>
</Branch>
<Keyword EndOffset="1875" SrcFileId="3" StartOffset="1873"/>
<LocList>
<Loc EndOffset="2265" SrcFileId="3" StartOffset="1873"/>
</LocList>
<RootTerm CovItemId="C4" CovItemPrefix="calculator.CalculatorManager.java" Intrnl_Id="328">
<BasicBoolTerm Intrnl_Id="329">
<LocList>
<Loc EndOffset="1897" SrcFileId="3" StartOffset="1877"/>
</LocList>
</BasicBoolTerm>
</RootTerm>
</CondStmnt>
</StmntSeq>
</Branch>
<Keyword EndOffset="1730" SrcFileId="3" StartOffset="1728"/>
<LocList>
<Loc EndOffset="2265" SrcFileId="3" StartOffset="1728"/>
</LocList>
<RootTerm CovItemId="C3" CovItemPrefix="calculator.CalculatorManager.java" Intrnl_Id="330">
<BasicBoolTerm Intrnl_Id="331">
<LocList>
<Loc EndOffset="1752" SrcFileId="3" StartOffset="1732"/>
</LocList>
</BasicBoolTerm>
</RootTerm>
</CondStmnt>
</StmntSeq>
</Branch>
<Keyword EndOffset="1570" SrcFileId="3" StartOffset="1568"/>
<LocList>
<Loc EndOffset="2265" SrcFileId="3" StartOffset="1568"/>
</LocList>
<RootTerm CovItemId="C2" CovItemPrefix="calculator.CalculatorManager.java" Intrnl_Id="332">
<BasicBoolTerm Intrnl_Id="333">
<LocList>
<Loc EndOffset="1597" SrcFileId="3" StartOffset="1572"/>
</LocList>
</BasicBoolTerm>
</RootTerm>
</CondStmnt>
</StmntSeq>
</Branch>
<Keyword EndOffset="1416" SrcFileId="3" StartOffset="1414"/>
<LocList>
<Loc EndOffset="2265" SrcFileId="3" StartOffset="1414"/>
</LocList>
<RootTerm CovItemId="C1" CovItemPrefix="calculator.CalculatorManager.java" Intrnl_Id="334">
<BasicBoolTerm Intrnl_Id="335">
<LocList>
<Loc EndOffset="1441" SrcFileId="3" StartOffset="1418"/>
</LocList>
</BasicBoolTerm>
</RootTerm>
</CondStmnt>
<CondStmnt CovItemId="S11" CovItemPrefix="calculator.CalculatorManager.java" Intrnl_Id="336">
<Branch CovItemId="B1" CovItemPrefix="calculator.CalculatorManager.java" Implct="true" Intrnl_Id="337">
<Cond/>
<LocList/>
<StmntSeq Intrnl_Id="338">
<LocList/>
</StmntSeq>
</Branch>
<Branch CovItemId="B12" CovItemPrefix="calculator.CalculatorManager.java" Implct="false" Intrnl_Id="339">
<Cond>
<Loc EndOffset="2294" SrcFileId="3" StartOffset="2274"/>
</Cond>
<LocList>
<Loc EndOffset="2356" SrcFileId="3" StartOffset="2299"/>
</LocList>
<StmntSeq Intrnl_Id="340">
<LocList>
<Loc EndOffset="2351" SrcFileId="3" StartOffset="2305"/>
</LocList>
<BasicStmnt CovItemId="S28" CovItemPrefix="calculator.CalculatorManager.java" Intrnl_Id="341">
<LocList>
<Loc EndOffset="2351" SrcFileId="3" StartOffset="2305"/>
</LocList>
</BasicStmnt>
</StmntSeq>
</Branch>
<Keyword EndOffset="1403" SrcFileId="3" StartOffset="1400"/>
<LocList>
<Loc EndOffset="2356" SrcFileId="3" StartOffset="1400"/>
</LocList>
</CondStmnt>
<BasicStmnt CovItemId="S29" CovItemPrefix="calculator.CalculatorManager.java" Intrnl_Id="342">
<LocList>
<Loc EndOffset="2374" SrcFileId="3" StartOffset="2360"/>
</LocList>
</BasicStmnt>
</StmntSeq>
</HierarchyLvl>
<HierarchyLvl HierarchyLvlId="1062" HierarchyLvlTypeId="7" Intrnl_Id="343" Name="printInfo">
<Header>
<Loc EndOffset="2466" SrcFileId="3" StartOffset="2442"/>
</Header>
<LocList>
<Loc EndOffset="2798" SrcFileId="3" StartOffset="2442"/>
</LocList>
<StmntSeq Intrnl_Id="344">
<LocList>
<Loc EndOffset="2507" SrcFileId="3" StartOffset="2474"/>
<Loc EndOffset="2543" SrcFileId="3" StartOffset="2511"/>
<Loc EndOffset="2576" SrcFileId="3" StartOffset="2547"/>
<Loc EndOffset="2615" SrcFileId="3" StartOffset="2580"/>
<Loc EndOffset="2653" SrcFileId="3" StartOffset="2619"/>
<Loc EndOffset="2699" SrcFileId="3" StartOffset="2657"/>
<Loc EndOffset="2742" SrcFileId="3" StartOffset="2703"/>
<Loc EndOffset="2794" SrcFileId="3" StartOffset="2746"/>
</LocList>
<BasicStmnt CovItemId="S30" CovItemPrefix="calculator.CalculatorManager.java" Intrnl_Id="345">
<LocList>
<Loc EndOffset="2507" SrcFileId="3" StartOffset="2474"/>
</LocList>
</BasicStmnt>
<BasicStmnt CovItemId="S31" CovItemPrefix="calculator.CalculatorManager.java" Intrnl_Id="346">
<LocList>
<Loc EndOffset="2543" SrcFileId="3" StartOffset="2511"/>
</LocList>
</BasicStmnt>
<BasicStmnt CovItemId="S32" CovItemPrefix="calculator.CalculatorManager.java" Intrnl_Id="347">
<LocList>
<Loc EndOffset="2576" SrcFileId="3" StartOffset="2547"/>
</LocList>
</BasicStmnt>
<BasicStmnt CovItemId="S33" CovItemPrefix="calculator.CalculatorManager.java" Intrnl_Id="348">
<LocList>
<Loc EndOffset="2615" SrcFileId="3" StartOffset="2580"/>
</LocList>
</BasicStmnt>
<BasicStmnt CovItemId="S34" CovItemPrefix="calculator.CalculatorManager.java" Intrnl_Id="349">
<LocList>
<Loc EndOffset="2653" SrcFileId="3" StartOffset="2619"/>
</LocList>
</BasicStmnt>
<BasicStmnt CovItemId="S35" CovItemPrefix="calculator.CalculatorManager.java" Intrnl_Id="350">
<LocList>
<Loc EndOffset="2699" SrcFileId="3" StartOffset="2657"/>
</LocList>
</BasicStmnt>
<BasicStmnt CovItemId="S36" CovItemPrefix="calculator.CalculatorManager.java" Intrnl_Id="351">
<LocList>
<Loc EndOffset="2742" SrcFileId="3" StartOffset="2703"/>
</LocList>
</BasicStmnt>
<BasicStmnt CovItemId="S37" CovItemPrefix="calculator.CalculatorManager.java" Intrnl_Id="352">
<LocList>
<Loc EndOffset="2794" SrcFileId="3" StartOffset="2746"/>
</LocList>
</BasicStmnt>
</StmntSeq>
</HierarchyLvl>
<HierarchyLvl HierarchyLvlId="1063" HierarchyLvlTypeId="7" Intrnl_Id="353" Name="start">
<Header>
<Loc EndOffset="2841" SrcFileId="3" StartOffset="2807"/>
</Header>
<LocList>
<Loc EndOffset="3353" SrcFileId="3" StartOffset="2807"/>
</LocList>
<StmntSeq Intrnl_Id="354">
<LocList>
<Loc EndOffset="2865" SrcFileId="3" StartOffset="2849"/>
<Loc EndOffset="2881" SrcFileId="3" StartOffset="2869"/>
<Loc EndOffset="2917" SrcFileId="3" StartOffset="2885"/>
<Loc EndOffset="3225" SrcFileId="3" StartOffset="2925"/>
<Loc EndOffset="3288" SrcFileId="3" StartOffset="3267"/>
<Loc EndOffset="3349" SrcFileId="3" StartOffset="3333"/>
</LocList>
<BasicStmnt CovItemId="S38" CovItemPrefix="calculator.CalculatorManager.java" Intrnl_Id="355">
<LocList>
<Loc EndOffset="2865" SrcFileId="3" StartOffset="2849"/>
</LocList>
</BasicStmnt>
<BasicStmnt CovItemId="S39" CovItemPrefix="calculator.CalculatorManager.java" Intrnl_Id="356">
<LocList>
<Loc EndOffset="2881" SrcFileId="3" StartOffset="2869"/>
</LocList>
</BasicStmnt>
<BasicStmnt CovItemId="S40" CovItemPrefix="calculator.CalculatorManager.java" Intrnl_Id="357">
<LocList>
<Loc EndOffset="2917" SrcFileId="3" StartOffset="2885"/>
</LocList>
</BasicStmnt>
<CondStmnt CovItemId="S41" CovItemPrefix="calculator.CalculatorManager.java" Intrnl_Id="358">
<Branch CovItemId="B13" CovItemPrefix="calculator.CalculatorManager.java" Implct="false" Intrnl_Id="359">
<Cond/>
<LocList>
<Loc EndOffset="3097" SrcFileId="3" StartOffset="2964"/>
</LocList>
<StmntSeq Intrnl_Id="360">
<LocList>
<Loc EndOffset="3012" SrcFileId="3" StartOffset="2970"/>
<Loc EndOffset="3092" SrcFileId="3" StartOffset="3017"/>
</LocList>
<BasicStmnt CovItemId="S42" CovItemPrefix="calculator.CalculatorManager.java" Intrnl_Id="361">
<LocList>
<Loc EndOffset="3012" SrcFileId="3" StartOffset="2970"/>
</LocList>
</BasicStmnt>
<LoopStmnt CovItemId="S43" CovItemPrefix="calculator.CalculatorManager.java" Intrnl_Id="362" MltplExecId="L1-2" MltplExecPrefix="calculator.CalculatorManager.java" NvrExecId="L1-0" NvrExecPrefix="calculator.CalculatorManager.java" OnceExecutedId="L1-1" OnceExecutedPrefix="calculator.CalculatorManager.java" OptBodyExec="true">
<StmntSeq Intrnl_Id="363">
<LocList>
<Loc EndOffset="3086" SrcFileId="3" StartOffset="3059"/>
</LocList>
<BasicStmnt CovItemId="S44" CovItemPrefix="calculator.CalculatorManager.java" Intrnl_Id="364">
<LocList>
<Loc EndOffset="3086" SrcFileId="3" StartOffset="3059"/>
</LocList>
</BasicStmnt>
</StmntSeq>
<Keyword EndOffset="3020" SrcFileId="3" StartOffset="3017"/>
<LocList>
<Loc EndOffset="3092" SrcFileId="3" StartOffset="3017"/>
</LocList>
</LoopStmnt>
</StmntSeq>
</Branch>
<Branch CovItemId="B14" CovItemPrefix="calculator.CalculatorManager.java" Implct="false" Intrnl_Id="365">
<Cond>
<Loc EndOffset="3105" SrcFileId="3" StartOffset="3101"/>
</Cond>
<LocList>
<Loc EndOffset="3225" SrcFileId="3" StartOffset="3106"/>
</LocList>
<StmntSeq Intrnl_Id="366">
<LocList>
<Loc EndOffset="3225" SrcFileId="3" StartOffset="3106"/>
</LocList>
<CondStmnt CovItemId="S45" CovItemPrefix="calculator.CalculatorManager.java" Intrnl_Id="367">
<Branch CovItemId="B15" CovItemPrefix="calculator.CalculatorManager.java" Implct="false" Intrnl_Id="368">
<Cond/>
<LocList>
<Loc EndOffset="3163" SrcFileId="3" StartOffset="3145"/>
</LocList>
<StmntSeq Intrnl_Id="369">
<LocList>
<Loc EndOffset="3158" SrcFileId="3" StartOffset="3151"/>
</LocList>
<BasicStmnt CovItemId="S46" CovItemPrefix="calculator.CalculatorManager.java" Intrnl_Id="370">
<LocList>
<Loc EndOffset="3158" SrcFileId="3" StartOffset="3151"/>
</LocList>
</BasicStmnt>
</StmntSeq>
</Branch>
<Branch CovItemId="B16" CovItemPrefix="calculator.CalculatorManager.java" Implct="false" Intrnl_Id="371">
<Cond>
<Loc EndOffset="3171" SrcFileId="3" StartOffset="3167"/>
</Cond>
<LocList>
<Loc EndOffset="3225" SrcFileId="3" StartOffset="3176"/>
</LocList>
<StmntSeq Intrnl_Id="372">
<LocList>
<Loc EndOffset="3214" SrcFileId="3" StartOffset="3182"/>
</LocList>
<BasicStmnt CovItemId="S47" CovItemPrefix="calculator.CalculatorManager.java" Intrnl_Id="373">
<LocList>
<Loc EndOffset="3214" SrcFileId="3" StartOffset="3182"/>
</LocList>
</BasicStmnt>
</StmntSeq>
</Branch>
<Keyword EndOffset="3108" SrcFileId="3" StartOffset="3106"/>
<LocList>
<Loc EndOffset="3225" SrcFileId="3" StartOffset="3106"/>
</LocList>
<RootTerm CovItemId="C7" CovItemPrefix="calculator.CalculatorManager.java" Intrnl_Id="374">
<BasicBoolTerm Intrnl_Id="375">
<LocList>
<Loc EndOffset="3140" SrcFileId="3" StartOffset="3110"/>
</LocList>
</BasicBoolTerm>
</RootTerm>
</CondStmnt>
</StmntSeq>
</Branch>
<Keyword EndOffset="2927" SrcFileId="3" StartOffset="2925"/>
<LocList>
<Loc EndOffset="3225" SrcFileId="3" StartOffset="2925"/>
</LocList>
<RootTerm CovItemId="C6" CovItemPrefix="calculator.CalculatorManager.java" Intrnl_Id="376">
<BasicBoolTerm Intrnl_Id="377">
<LocList>
<Loc EndOffset="2959" SrcFileId="3" StartOffset="2929"/>
</LocList>
</BasicBoolTerm>
</RootTerm>
</CondStmnt>
<BasicStmnt CovItemId="S48" CovItemPrefix="calculator.CalculatorManager.java" Intrnl_Id="378">
<LocList>
<Loc EndOffset="3288" SrcFileId="3" StartOffset="3267"/>
</LocList>
</BasicStmnt>
<BasicStmnt CovItemId="S49" CovItemPrefix="calculator.CalculatorManager.java" Intrnl_Id="379">
<LocList>
<Loc EndOffset="3349" SrcFileId="3" StartOffset="3333"/>
</LocList>
</BasicStmnt>
</StmntSeq>
</HierarchyLvl>
<HierarchyLvl HierarchyLvlId="1064" HierarchyLvlTypeId="7" Intrnl_Id="380" Name="choice">
<Header>
<Loc EndOffset="3390" SrcFileId="3" StartOffset="3359"/>
</Header>
<LocList>
<Loc EndOffset="3659" SrcFileId="3" StartOffset="3359"/>
</LocList>
<StmntSeq Intrnl_Id="381">
<LocList>
<Loc EndOffset="3655" SrcFileId="3" StartOffset="3400"/>
</LocList>
<CondStmnt CovItemId="S50" CovItemPrefix="calculator.CalculatorManager.java" Intrnl_Id="382">
<Branch CovItemId="B17" CovItemPrefix="calculator.CalculatorManager.java" Implct="false" Intrnl_Id="383">
<Cond>
<Loc EndOffset="3427" SrcFileId="3" StartOffset="3421"/>
</Cond>
<LocList>
<Loc EndOffset="3464" SrcFileId="3" StartOffset="3433"/>
</LocList>
<StmntSeq Intrnl_Id="384">
<LocList>
<Loc EndOffset="3453" SrcFileId="3" StartOffset="3433"/>
<Loc EndOffset="3464" SrcFileId="3" StartOffset="3458"/>
</LocList>
<BasicStmnt CovItemId="S51" CovItemPrefix="calculator.CalculatorManager.java" Intrnl_Id="385">
<LocList>
<Loc EndOffset="3453" SrcFileId="3" StartOffset="3433"/>
</LocList>
</BasicStmnt>
<BasicStmnt CovItemId="S52" CovItemPrefix="calculator.CalculatorManager.java" Intrnl_Id="386">
<LocList>
<Loc EndOffset="3464" SrcFileId="3" StartOffset="3458"/>
</LocList>
</BasicStmnt>
</StmntSeq>
</Branch>
<Branch CovItemId="B18" CovItemPrefix="calculator.CalculatorManager.java" Implct="false" Intrnl_Id="387">
<Cond>
<Loc EndOffset="3474" SrcFileId="3" StartOffset="3468"/>
</Cond>
<LocList>
<Loc EndOffset="3508" SrcFileId="3" StartOffset="3480"/>
</LocList>
<StmntSeq Intrnl_Id="388">
<LocList>
<Loc EndOffset="3497" SrcFileId="3" StartOffset="3480"/>
<Loc EndOffset="3508" SrcFileId="3" StartOffset="3502"/>
</LocList>
<BasicStmnt CovItemId="S53" CovItemPrefix="calculator.CalculatorManager.java" Intrnl_Id="389">
<LocList>
<Loc EndOffset="3497" SrcFileId="3" StartOffset="3480"/>
</LocList>
</BasicStmnt>
<BasicStmnt CovItemId="S54" CovItemPrefix="calculator.CalculatorManager.java" Intrnl_Id="390">
<LocList>
<Loc EndOffset="3508" SrcFileId="3" StartOffset="3502"/>
</LocList>
</BasicStmnt>
</StmntSeq>
</Branch>
<Branch CovItemId="B19" CovItemPrefix="calculator.CalculatorManager.java" Implct="false" Intrnl_Id="391">
<Cond>
<Loc EndOffset="3518" SrcFileId="3" StartOffset="3512"/>
</Cond>
<LocList>
<Loc EndOffset="3552" SrcFileId="3" StartOffset="3524"/>
</LocList>
<StmntSeq Intrnl_Id="392">
<LocList>
<Loc EndOffset="3541" SrcFileId="3" StartOffset="3524"/>
<Loc EndOffset="3552" SrcFileId="3" StartOffset="3546"/>
</LocList>
<BasicStmnt CovItemId="S55" CovItemPrefix="calculator.CalculatorManager.java" Intrnl_Id="393">
<LocList>
<Loc EndOffset="3541" SrcFileId="3" StartOffset="3524"/>
</LocList>
</BasicStmnt>
<BasicStmnt CovItemId="S56" CovItemPrefix="calculator.CalculatorManager.java" Intrnl_Id="394">
<LocList>
<Loc EndOffset="3552" SrcFileId="3" StartOffset="3546"/>
</LocList>
</BasicStmnt>
</StmntSeq>
</Branch>
<Branch CovItemId="B20" CovItemPrefix="calculator.CalculatorManager.java" Implct="false" Intrnl_Id="395">
<Cond>
<Loc EndOffset="3562" SrcFileId="3" StartOffset="3556"/>
</Cond>
<LocList>
<Loc EndOffset="3604" SrcFileId="3" StartOffset="3571"/>
</LocList>
<StmntSeq Intrnl_Id="396">
<LocList>
<Loc EndOffset="3593" SrcFileId="3" StartOffset="3571"/>
<Loc EndOffset="3604" SrcFileId="3" StartOffset="3598"/>
</LocList>
<BasicStmnt CovItemId="S57" CovItemPrefix="calculator.CalculatorManager.java" Intrnl_Id="397">
<LocList>
<Loc EndOffset="3593" SrcFileId="3" StartOffset="3571"/>
</LocList>
</BasicStmnt>
<BasicStmnt CovItemId="S58" CovItemPrefix="calculator.CalculatorManager.java" Intrnl_Id="398">
<LocList>
<Loc EndOffset="3604" SrcFileId="3" StartOffset="3598"/>
</LocList>
</BasicStmnt>
</StmntSeq>
</Branch>
<Branch CovItemId="B21" CovItemPrefix="calculator.CalculatorManager.java" Implct="false" Intrnl_Id="399">
<Cond>
<Loc EndOffset="3614" SrcFileId="3" StartOffset="3608"/>
</Cond>
<LocList>
<Loc EndOffset="3650" SrcFileId="3" StartOffset="3621"/>
</LocList>
<StmntSeq Intrnl_Id="400">
<LocList>
<Loc EndOffset="3639" SrcFileId="3" StartOffset="3621"/>
<Loc EndOffset="3650" SrcFileId="3" StartOffset="3644"/>
</LocList>
<BasicStmnt CovItemId="S59" CovItemPrefix="calculator.CalculatorManager.java" Intrnl_Id="401">
<LocList>
<Loc EndOffset="3639" SrcFileId="3" StartOffset="3621"/>
</LocList>
</BasicStmnt>
<BasicStmnt CovItemId="S60" CovItemPrefix="calculator.CalculatorManager.java" Intrnl_Id="402">
<LocList>
<Loc EndOffset="3650" SrcFileId="3" StartOffset="3644"/>
</LocList>
</BasicStmnt>
</StmntSeq>
</Branch>
<Branch CovItemId="B22" CovItemPrefix="calculator.CalculatorManager.java" Implct="true" Intrnl_Id="403">
<Cond/>
<LocList/>
<StmntSeq Intrnl_Id="404">
<LocList/>
</StmntSeq>
</Branch>
<Keyword EndOffset="3406" SrcFileId="3" StartOffset="3400"/>
<LocList>
<Loc EndOffset="3655" SrcFileId="3" StartOffset="3400"/>
</LocList>
</CondStmnt>
</StmntSeq>
</HierarchyLvl>
<HierarchyLvl HierarchyLvlId="1065" HierarchyLvlTypeId="7" Intrnl_Id="405" Name="readNumbers">
<Header>
<Loc EndOffset="5404" SrcFileId="3" StartOffset="5363"/>
</Header>
<LocList>
<Loc EndOffset="5572" SrcFileId="3" StartOffset="5363"/>
</LocList>
<StmntSeq Intrnl_Id="406">
<LocList>
<Loc EndOffset="5458" SrcFileId="3" StartOffset="5413"/>
<Loc EndOffset="5488" SrcFileId="3" StartOffset="5462"/>
<Loc EndOffset="5537" SrcFileId="3" StartOffset="5496"/>
<Loc EndOffset="5567" SrcFileId="3" StartOffset="5541"/>
</LocList>
<BasicStmnt CovItemId="S61" CovItemPrefix="calculator.CalculatorManager.java" Intrnl_Id="407">
<LocList>
<Loc EndOffset="5458" SrcFileId="3" StartOffset="5413"/>
</LocList>
</BasicStmnt>
<BasicStmnt CovItemId="S62" CovItemPrefix="calculator.CalculatorManager.java" Intrnl_Id="408">
<LocList>
<Loc EndOffset="5488" SrcFileId="3" StartOffset="5462"/>
</LocList>
</BasicStmnt>
<BasicStmnt CovItemId="S63" CovItemPrefix="calculator.CalculatorManager.java" Intrnl_Id="409">
<LocList>
<Loc EndOffset="5537" SrcFileId="3" StartOffset="5496"/>
</LocList>
</BasicStmnt>
<BasicStmnt CovItemId="S64" CovItemPrefix="calculator.CalculatorManager.java" Intrnl_Id="410">
<LocList>
<Loc EndOffset="5567" SrcFileId="3" StartOffset="5541"/>
</LocList>
</BasicStmnt>
</StmntSeq>
</HierarchyLvl>
<HierarchyLvl HierarchyLvlId="1066" HierarchyLvlTypeId="7" Intrnl_Id="411" Name="getDouble">
<Header>
<Loc EndOffset="5619" SrcFileId="3" StartOffset="5578"/>
</Header>
<LocList>
<Loc EndOffset="5942" SrcFileId="3" StartOffset="5578"/>
</LocList>
<StmntSeq Intrnl_Id="412">
<LocList>
<Loc EndOffset="5639" SrcFileId="3" StartOffset="5625"/>
<Loc EndOffset="5668" SrcFileId="3" StartOffset="5643"/>
<Loc EndOffset="5924" SrcFileId="3" StartOffset="5672"/>
<Loc EndOffset="5938" SrcFileId="3" StartOffset="5928"/>
</LocList>
<BasicStmnt CovItemId="S65" CovItemPrefix="calculator.CalculatorManager.java" Intrnl_Id="413">
<LocList>
<Loc EndOffset="5639" SrcFileId="3" StartOffset="5625"/>
</LocList>
</BasicStmnt>
<BasicStmnt CovItemId="S66" CovItemPrefix="calculator.CalculatorManager.java" Intrnl_Id="414">
<LocList>
<Loc EndOffset="5668" SrcFileId="3" StartOffset="5643"/>
</LocList>
</BasicStmnt>
<LoopStmnt CovItemId="S67" CovItemPrefix="calculator.CalculatorManager.java" Intrnl_Id="415" MltplExecId="L2-2" MltplExecPrefix="calculator.CalculatorManager.java" NvrExecId="L2-0" NvrExecPrefix="calculator.CalculatorManager.java" OnceExecutedId="L2-1" OnceExecutedPrefix="calculator.CalculatorManager.java" OptBodyExec="true">
<StmntSeq Intrnl_Id="416">
<LocList>
<Loc EndOffset="5744" SrcFileId="3" StartOffset="5704"/>
<Loc EndOffset="5766" SrcFileId="3" StartOffset="5750"/>
<Loc EndOffset="5919" SrcFileId="3" StartOffset="5694"/>
</LocList>
<BasicStmnt CovItemId="S69" CovItemPrefix="calculator.CalculatorManager.java" Intrnl_Id="417">
<LocList>
<Loc EndOffset="5744" SrcFileId="3" StartOffset="5704"/>
</LocList>
</BasicStmnt>
<BasicStmnt CovItemId="S70" CovItemPrefix="calculator.CalculatorManager.java" Intrnl_Id="418">
<LocList>
<Loc EndOffset="5766" SrcFileId="3" StartOffset="5750"/>
</LocList>
</BasicStmnt>
<CondStmnt CovItemId="S68" CovItemPrefix="calculator.CalculatorManager.java" Intrnl_Id="419">
<Branch CovItemId="B23" CovItemPrefix="calculator.CalculatorManager.java" Implct="true" Intrnl_Id="420">
<Cond/>
<LocList/>
<StmntSeq Intrnl_Id="421">
<LocList/>
</StmntSeq>
</Branch>
<Branch CovItemId="B24" CovItemPrefix="calculator.CalculatorManager.java" Implct="false" Intrnl_Id="422">
<Cond>
<Loc EndOffset="5795" SrcFileId="3" StartOffset="5777"/>
</Cond>
<LocList>
<Loc EndOffset="5919" SrcFileId="3" StartOffset="5795"/>
</LocList>
<StmntSeq Intrnl_Id="423">
<LocList>
<Loc EndOffset="5809" SrcFileId="3" StartOffset="5802"/>
<Loc EndOffset="5862" SrcFileId="3" StartOffset="5815"/>
<Loc EndOffset="5913" SrcFileId="3" StartOffset="5868"/>
</LocList>
<BasicStmnt CovItemId="S71" CovItemPrefix="calculator.CalculatorManager.java" Intrnl_Id="424">
<LocList>
<Loc EndOffset="5809" SrcFileId="3" StartOffset="5802"/>
</LocList>
</BasicStmnt>
<BasicStmnt CovItemId="S72" CovItemPrefix="calculator.CalculatorManager.java" Intrnl_Id="425">
<LocList>
<Loc EndOffset="5862" SrcFileId="3" StartOffset="5815"/>
</LocList>
</BasicStmnt>
<BasicStmnt CovItemId="S73" CovItemPrefix="calculator.CalculatorManager.java" Intrnl_Id="426">
<LocList>
<Loc EndOffset="5913" SrcFileId="3" StartOffset="5868"/>
</LocList>
</BasicStmnt>
</StmntSeq>
</Branch>
<Keyword EndOffset="5697" SrcFileId="3" StartOffset="5694"/>
<LocList>
<Loc EndOffset="5919" SrcFileId="3" StartOffset="5694"/>
</LocList>
</CondStmnt>
</StmntSeq>
<Keyword EndOffset="5677" SrcFileId="3" StartOffset="5672"/>
<LocList>
<Loc EndOffset="5924" SrcFileId="3" StartOffset="5672"/>
</LocList>
<RootTerm CovItemId="C8" CovItemPrefix="calculator.CalculatorManager.java" Intrnl_Id="427">
<OpTerm BooleanOpId="5" Intrnl_Id="428">
<BasicBoolTerm Intrnl_Id="429">
<LocList>
<Loc EndOffset="5687" SrcFileId="3" StartOffset="5679"/>
</LocList>
</BasicBoolTerm>
<LocList>
<Loc EndOffset="5679" SrcFileId="3" StartOffset="5678"/>
</LocList>
</OpTerm>
</RootTerm>
</LoopStmnt>
<BasicStmnt CovItemId="S74" CovItemPrefix="calculator.CalculatorManager.java" Intrnl_Id="430">
<LocList>
<Loc EndOffset="5938" SrcFileId="3" StartOffset="5928"/>
</LocList>
</BasicStmnt>
</StmntSeq>
</HierarchyLvl>
</HierarchyLvl>
<HierarchyLvl HierarchyLvlId="1073" HierarchyLvlTypeId="8" Intrnl_Id="431" Name="Calculator">
<Header>
<Loc EndOffset="307" SrcFileId="4" StartOffset="284"/>
</Header>
<LocList>
<Loc EndOffset="1808" SrcFileId="4" StartOffset="284"/>
</LocList>
<HierarchyLvl HierarchyLvlId="1068" HierarchyLvlTypeId="7" Intrnl_Id="432" Name="add">
<Header>
<Loc EndOffset="541" SrcFileId="4" StartOffset="481"/>
</Header>
<LocList>
<Loc EndOffset="658" SrcFileId="4" StartOffset="481"/>
</LocList>
<StmntSeq Intrnl_Id="433">
<LocList>
<Loc EndOffset="620" SrcFileId="4" StartOffset="549"/>
<Loc EndOffset="654" SrcFileId="4" StartOffset="624"/>
</LocList>
<CondStmnt CovItemId="S1" CovItemPrefix="calculator.Calculator.java" Intrnl_Id="434">
<Branch CovItemId="B1" CovItemPrefix="calculator.Calculator.java" Implct="false" Intrnl_Id="435">
<Cond/>
<LocList>
<Loc EndOffset="620" SrcFileId="4" StartOffset="589"/>
</LocList>
<StmntSeq Intrnl_Id="436">
<LocList>
<Loc EndOffset="615" SrcFileId="4" StartOffset="596"/>
</LocList>
<BasicStmnt CovItemId="S2" CovItemPrefix="calculator.Calculator.java" Intrnl_Id="437">
<LocList>
<Loc EndOffset="615" SrcFileId="4" StartOffset="596"/>
</LocList>
</BasicStmnt>
</StmntSeq>
</Branch>
<Branch CovItemId="B2" CovItemPrefix="calculator.Calculator.java" Implct="true" Intrnl_Id="438">
<Cond/>
<LocList/>
<StmntSeq Intrnl_Id="439">
<LocList/>
</StmntSeq>
</Branch>
<Keyword EndOffset="551" SrcFileId="4" StartOffset="549"/>
<LocList>
<Loc EndOffset="620" SrcFileId="4" StartOffset="549"/>
</LocList>
<RootTerm CovItemId="C1" CovItemPrefix="calculator.Calculator.java" Intrnl_Id="440">
<OpTerm BooleanOpId="5" Intrnl_Id="441">
<BasicBoolTerm Intrnl_Id="442">
<LocList>
<Loc EndOffset="584" SrcFileId="4" StartOffset="554"/>
</LocList>
</BasicBoolTerm>
<LocList>
<Loc EndOffset="554" SrcFileId="4" StartOffset="553"/>
</LocList>
</OpTerm>
</RootTerm>
</CondStmnt>
<BasicStmnt CovItemId="S3" CovItemPrefix="calculator.Calculator.java" Intrnl_Id="443">
<LocList>
<Loc EndOffset="654" SrcFileId="4" StartOffset="624"/>
</LocList>
</BasicStmnt>
</StmntSeq>
</HierarchyLvl>
<HierarchyLvl HierarchyLvlId="1069" HierarchyLvlTypeId="7" Intrnl_Id="444" Name="divide">
<Header>
<Loc EndOffset="833" SrcFileId="4" StartOffset="775"/>
</Header>
<LocList>
<Loc EndOffset="1081" SrcFileId="4" StartOffset="775"/>
</LocList>
<StmntSeq Intrnl_Id="445">
<LocList>
<Loc EndOffset="945" SrcFileId="4" StartOffset="855"/>
<Loc EndOffset="979" SrcFileId="4" StartOffset="950"/>
<Loc EndOffset="1077" SrcFileId="4" StartOffset="841"/>
</LocList>
<CondStmnt CovItemId="S5" CovItemPrefix="calculator.Calculator.java" Intrnl_Id="446">
<Branch CovItemId="B4" CovItemPrefix="calculator.Calculator.java" Implct="false" Intrnl_Id="447">
<Cond/>
<LocList>
<Loc EndOffset="945" SrcFileId="4" StartOffset="881"/>
</LocList>
<StmntSeq Intrnl_Id="448">
<LocList>
<Loc EndOffset="939" SrcFileId="4" StartOffset="888"/>
</LocList>
<BasicStmnt CovItemId="S6" CovItemPrefix="calculator.Calculator.java" Intrnl_Id="449">
<LocList>
<Loc EndOffset="939" SrcFileId="4" StartOffset="888"/>
</LocList>
</BasicStmnt>
</StmntSeq>
</Branch>
<Branch CovItemId="B5" CovItemPrefix="calculator.Calculator.java" Implct="true" Intrnl_Id="450">
<Cond/>
<LocList/>
<StmntSeq Intrnl_Id="451">
<LocList/>
</StmntSeq>
</Branch>
<Keyword EndOffset="857" SrcFileId="4" StartOffset="855"/>
<LocList>
<Loc EndOffset="945" SrcFileId="4" StartOffset="855"/>
</LocList>
<RootTerm CovItemId="C2" CovItemPrefix="calculator.Calculator.java" Intrnl_Id="452">
<BasicBoolTerm Intrnl_Id="453">
<LocList>
<Loc EndOffset="875" SrcFileId="4" StartOffset="859"/>
</LocList>
</BasicBoolTerm>
</RootTerm>
</CondStmnt>
<BasicStmnt CovItemId="S7" CovItemPrefix="calculator.Calculator.java" Intrnl_Id="454">
<LocList>
<Loc EndOffset="979" SrcFileId="4" StartOffset="950"/>
</LocList>
</BasicStmnt>
<CondStmnt CovItemId="S4" CovItemPrefix="calculator.Calculator.java" Intrnl_Id="455">
<Branch CovItemId="B3" CovItemPrefix="calculator.Calculator.java" Implct="true" Intrnl_Id="456">
<Cond/>
<LocList/>
<StmntSeq Intrnl_Id="457">
<LocList/>
</StmntSeq>
</Branch>
<Branch CovItemId="B6" CovItemPrefix="calculator.Calculator.java" Implct="false" Intrnl_Id="458">
<Cond>
<Loc EndOffset="1008" SrcFileId="4" StartOffset="988"/>
</Cond>
<LocList>
<Loc EndOffset="1077" SrcFileId="4" StartOffset="1012"/>
</LocList>
<StmntSeq Intrnl_Id="459">
<LocList>
<Loc EndOffset="1072" SrcFileId="4" StartOffset="1018"/>
</LocList>
<BasicStmnt CovItemId="S8" CovItemPrefix="calculator.Calculator.java" Intrnl_Id="460">
<LocList>
<Loc EndOffset="1072" SrcFileId="4" StartOffset="1018"/>
</LocList>
</BasicStmnt>
</StmntSeq>
</Branch>
<Keyword EndOffset="844" SrcFileId="4" StartOffset="841"/>
<LocList>
<Loc EndOffset="1077" SrcFileId="4" StartOffset="841"/>
</LocList>
</CondStmnt>
</StmntSeq>
</HierarchyLvl>
<HierarchyLvl HierarchyLvlId="1070" HierarchyLvlTypeId="7" Intrnl_Id="461" Name="multiply">
<Header>
<Loc EndOffset="1144" SrcFileId="4" StartOffset="1102"/>
</Header>
<LocList>
<Loc EndOffset="1375" SrcFileId="4" StartOffset="1102"/>
</LocList>
<StmntSeq Intrnl_Id="462">
<LocList>
<Loc EndOffset="1285" SrcFileId="4" StartOffset="1159"/>
<Loc EndOffset="1369" SrcFileId="4" StartOffset="1149"/>
</LocList>
<CondStmnt CovItemId="S10" CovItemPrefix="calculator.Calculator.java" Intrnl_Id="463">
<Branch CovItemId="B8" CovItemPrefix="calculator.Calculator.java" Implct="false" Intrnl_Id="464">
<Cond/>
<LocList>
<Loc EndOffset="1214" SrcFileId="4" StartOffset="1188"/>
</LocList>
<StmntSeq Intrnl_Id="465">
<LocList>
<Loc EndOffset="1208" SrcFileId="4" StartOffset="1195"/>
</LocList>
<BasicStmnt CovItemId="S11" CovItemPrefix="calculator.Calculator.java" Intrnl_Id="466">
<LocList>
<Loc EndOffset="1208" SrcFileId="4" StartOffset="1195"/>
</LocList>
</BasicStmnt>
</StmntSeq>
</Branch>
<Branch CovItemId="B9" CovItemPrefix="calculator.Calculator.java" Implct="false" Intrnl_Id="467">
<Cond>
<Loc EndOffset="1223" SrcFileId="4" StartOffset="1219"/>
</Cond>
<LocList>
<Loc EndOffset="1285" SrcFileId="4" StartOffset="1223"/>
</LocList>
<StmntSeq Intrnl_Id="468">
<LocList>
<Loc EndOffset="1279" SrcFileId="4" StartOffset="1230"/>
</LocList>
<BasicStmnt CovItemId="S12" CovItemPrefix="calculator.Calculator.java" Intrnl_Id="469">
<LocList>
<Loc EndOffset="1279" SrcFileId="4" StartOffset="1230"/>
</LocList>
</BasicStmnt>
</StmntSeq>
</Branch>
<Keyword EndOffset="1161" SrcFileId="4" StartOffset="1159"/>
<LocList>
<Loc EndOffset="1285" SrcFileId="4" StartOffset="1159"/>
</LocList>
<RootTerm CovItemId="C3" CovItemPrefix="calculator.Calculator.java" Intrnl_Id="470">
<OpTerm BooleanOpId="5" Intrnl_Id="471">
<BasicBoolTerm Intrnl_Id="472">
<LocList>
<Loc EndOffset="1187" SrcFileId="4" StartOffset="1163"/>
</LocList>
</BasicBoolTerm>
<LocList>
<Loc EndOffset="1163" SrcFileId="4" StartOffset="1162"/>
</LocList>
</OpTerm>
</RootTerm>
</CondStmnt>
<CondStmnt CovItemId="S9" CovItemPrefix="calculator.Calculator.java" Intrnl_Id="473">
<Branch CovItemId="B7" CovItemPrefix="calculator.Calculator.java" Implct="true" Intrnl_Id="474">
<Cond/>
<LocList/>
<StmntSeq Intrnl_Id="475">
<LocList/>
</StmntSeq>
</Branch>
<Branch CovItemId="B10" CovItemPrefix="calculator.Calculator.java" Implct="false" Intrnl_Id="476">
<Cond>
<Loc EndOffset="1315" SrcFileId="4" StartOffset="1297"/>
</Cond>
<LocList>
<Loc EndOffset="1369" SrcFileId="4" StartOffset="1315"/>
</LocList>
<StmntSeq Intrnl_Id="477">
<LocList>
<Loc EndOffset="1364" SrcFileId="4" StartOffset="1321"/>
</LocList>
<BasicStmnt CovItemId="S13" CovItemPrefix="calculator.Calculator.java" Intrnl_Id="478">
<LocList>
<Loc EndOffset="1364" SrcFileId="4" StartOffset="1321"/>
</LocList>
</BasicStmnt>
</StmntSeq>
</Branch>
<Keyword EndOffset="1152" SrcFileId="4" StartOffset="1149"/>
<LocList>
<Loc EndOffset="1369" SrcFileId="4" StartOffset="1149"/>
</LocList>
</CondStmnt>
</StmntSeq>
</HierarchyLvl>
<HierarchyLvl HierarchyLvlId="1071" HierarchyLvlTypeId="7" Intrnl_Id="479" Name="sub">
<Header>
<Loc EndOffset="1429" SrcFileId="4" StartOffset="1392"/>
</Header>
<LocList>
<Loc EndOffset="1560" SrcFileId="4" StartOffset="1392"/>
</LocList>
<StmntSeq Intrnl_Id="480">
<LocList>
<Loc EndOffset="1556" SrcFileId="4" StartOffset="1435"/>
</LocList>
<CondStmnt CovItemId="S14" CovItemPrefix="calculator.Calculator.java" Intrnl_Id="481">
<Branch CovItemId="B11" CovItemPrefix="calculator.Calculator.java" Implct="false" Intrnl_Id="482">
<Cond/>
<LocList>
<Loc EndOffset="1488" SrcFileId="4" StartOffset="1464"/>
</LocList>
<StmntSeq Intrnl_Id="483">
<LocList>
<Loc EndOffset="1483" SrcFileId="4" StartOffset="1470"/>
</LocList>
<BasicStmnt CovItemId="S15" CovItemPrefix="calculator.Calculator.java" Intrnl_Id="484">
<LocList>
<Loc EndOffset="1483" SrcFileId="4" StartOffset="1470"/>
</LocList>
</BasicStmnt>
</StmntSeq>
</Branch>
<Branch CovItemId="B12" CovItemPrefix="calculator.Calculator.java" Implct="false" Intrnl_Id="485">
<Cond>
<Loc EndOffset="1496" SrcFileId="4" StartOffset="1492"/>
</Cond>
<LocList>
<Loc EndOffset="1556" SrcFileId="4" StartOffset="1496"/>
</LocList>
<StmntSeq Intrnl_Id="486">
<LocList>
<Loc EndOffset="1551" SrcFileId="4" StartOffset="1502"/>
</LocList>
<BasicStmnt CovItemId="S16" CovItemPrefix="calculator.Calculator.java" Intrnl_Id="487">
<LocList>
<Loc EndOffset="1551" SrcFileId="4" StartOffset="1502"/>
</LocList>
</BasicStmnt>
</StmntSeq>
</Branch>
<Keyword EndOffset="1437" SrcFileId="4" StartOffset="1435"/>
<LocList>
<Loc EndOffset="1556" SrcFileId="4" StartOffset="1435"/>
</LocList>
<RootTerm CovItemId="C4" CovItemPrefix="calculator.Calculator.java" Intrnl_Id="488">
<OpTerm BooleanOpId="5" Intrnl_Id="489">
<BasicBoolTerm Intrnl_Id="490">
<LocList>
<Loc EndOffset="1463" SrcFileId="4" StartOffset="1439"/>
</LocList>
</BasicBoolTerm>
<LocList>
<Loc EndOffset="1439" SrcFileId="4" StartOffset="1438"/>
</LocList>
</OpTerm>
</RootTerm>
</CondStmnt>
</StmntSeq>
</HierarchyLvl>
<HierarchyLvl HierarchyLvlId="1072" HierarchyLvlTypeId="7" Intrnl_Id="491" Name="pyth">
<Header>
<Loc EndOffset="1616" SrcFileId="4" StartOffset="1578"/>
</Header>
<LocList>
<Loc EndOffset="1805" SrcFileId="4" StartOffset="1578"/>
</LocList>
<StmntSeq Intrnl_Id="492">
<LocList>
<Loc EndOffset="1680" SrcFileId="4" StartOffset="1622"/>
<Loc EndOffset="1801" SrcFileId="4" StartOffset="1684"/>
</LocList>
<BasicStmnt CovItemId="S17" CovItemPrefix="calculator.Calculator.java" Intrnl_Id="493">
<LocList>
<Loc EndOffset="1680" SrcFileId="4" StartOffset="1622"/>
</LocList>
</BasicStmnt>
<CondStmnt CovItemId="S18" CovItemPrefix="calculator.Calculator.java" Intrnl_Id="494">
<Branch CovItemId="B13" CovItemPrefix="calculator.Calculator.java" Implct="false" Intrnl_Id="495">
<Cond/>
<LocList>
<Loc EndOffset="1733" SrcFileId="4" StartOffset="1711"/>
</LocList>
<StmntSeq Intrnl_Id="496">
<LocList>
<Loc EndOffset="1728" SrcFileId="4" StartOffset="1717"/>
</LocList>
<BasicStmnt CovItemId="S19" CovItemPrefix="calculator.Calculator.java" Intrnl_Id="497">
<LocList>
<Loc EndOffset="1728" SrcFileId="4" StartOffset="1717"/>
</LocList>
</BasicStmnt>
</StmntSeq>
</Branch>
<Branch CovItemId="B14" CovItemPrefix="calculator.Calculator.java" Implct="false" Intrnl_Id="498">
<Cond>
<Loc EndOffset="1741" SrcFileId="4" StartOffset="1737"/>
</Cond>
<LocList>
<Loc EndOffset="1801" SrcFileId="4" StartOffset="1741"/>
</LocList>
<StmntSeq Intrnl_Id="499">
<LocList>
<Loc EndOffset="1796" SrcFileId="4" StartOffset="1747"/>
</LocList>
<BasicStmnt CovItemId="S20" CovItemPrefix="calculator.Calculator.java" Intrnl_Id="500">
<LocList>
<Loc EndOffset="1796" SrcFileId="4" StartOffset="1747"/>
</LocList>
</BasicStmnt>
</StmntSeq>
</Branch>
<Keyword EndOffset="1686" SrcFileId="4" StartOffset="1684"/>
<LocList>
<Loc EndOffset="1801" SrcFileId="4" StartOffset="1684"/>
</LocList>
<RootTerm CovItemId="C5" CovItemPrefix="calculator.Calculator.java" Intrnl_Id="501">
<OpTerm BooleanOpId="5" Intrnl_Id="502">
<BasicBoolTerm Intrnl_Id="503">
<LocList>
<Loc EndOffset="1710" SrcFileId="4" StartOffset="1688"/>
</LocList>
</BasicBoolTerm>
<LocList>
<Loc EndOffset="1688" SrcFileId="4" StartOffset="1687"/>
</LocList>
</OpTerm>
</RootTerm>
</CondStmnt>
</StmntSeq>
</HierarchyLvl>
</HierarchyLvl>
</HierarchyLvl>
</HierarchyLvl>
</MASTRoot>
<TestSession Comment="" Date="1416924021352" Name="2014-nov-25 15:00:21">
<TestCase Comment="" Date="1416924020872" Name="testing.TestUnitTestCase:testCalculateException">
<CovList>
<CovPrefix CovItemPrefix="calculator.CalculatorManager.java">
<Cov CovItemId="B11" Value="1"/>
<Cov CovItemId="B12" Value="1"/>
<Cov CovItemId="B3" Value="1"/>
<Cov CovItemId="B5" Value="1"/>
<Cov CovItemId="B7" Value="1"/>
<Cov CovItemId="B9" Value="1"/>
<Cov CovItemId="S1" Value="1"/>
<Cov CovItemId="S10" Value="1"/>
<Cov CovItemId="S11" Value="1"/>
<Cov CovItemId="S12" Value="1"/>
<Cov CovItemId="S15" Value="1"/>
<Cov CovItemId="S18" Value="1"/>
<Cov CovItemId="S2" Value="1"/>
<Cov CovItemId="S21" Value="1"/>
<Cov CovItemId="S24" Value="1"/>
<Cov CovItemId="S27" Value="1"/>
<Cov CovItemId="S28" Value="1"/>
<Cov CovItemId="S29" Value="1"/>
<Cov CovItemId="S3" Value="1"/>
<Cov CovItemId="S4" Value="1"/>
<Cov CovItemId="S5" Value="1"/>
<Cov CovItemId="S6" Value="1"/>
</CovPrefix>
<CovPrefix CovItemPrefix="calculator.SaveManager.java">
<Cov CovItemId="B1" Value="1"/>
<Cov CovItemId="S1" Value="1"/>
<Cov CovItemId="S2" Value="1"/>
<Cov CovItemId="S3" Value="1"/>
<Cov CovItemId="S4" Value="1"/>
<Cov CovItemId="S5" Value="1"/>
<Cov CovItemId="S6" Value="1"/>
</CovPrefix>
<CovPrefix CovItemPrefix="testing.TestUnitTestCase.java">
<Cov CovItemId="S1" Value="1"/>
<Cov CovItemId="S2" Value="1"/>
<Cov CovItemId="S3" Value="1"/>
<Cov CovItemId="S4" Value="1"/>
<Cov CovItemId="S47" Value="1"/>
</CovPrefix>
</CovList>
<AssgnmntList>
<AssgnmntPrefix RootTermCovItemPrefix="calculator.CalculatorManager.java">
<AssgnmntListEntry Length="1" RootTermCovItemId="C1">
<MapEntry BoolAssgnmnt="0" Value="1"/>
</AssgnmntListEntry>
<AssgnmntListEntry Length="1" RootTermCovItemId="C2">
<MapEntry BoolAssgnmnt="0" Value="1"/>
</AssgnmntListEntry>
<AssgnmntListEntry Length="1" RootTermCovItemId="C3">
<MapEntry BoolAssgnmnt="0" Value="1"/>
</AssgnmntListEntry>
<AssgnmntListEntry Length="1" RootTermCovItemId="C4">
<MapEntry BoolAssgnmnt="0" Value="1"/>
</AssgnmntListEntry>
<AssgnmntListEntry Length="1" RootTermCovItemId="C5">
<MapEntry BoolAssgnmnt="0" Value="1"/>
</AssgnmntListEntry>
</AssgnmntPrefix>
</AssgnmntList>
<ObjMetaDataList/>
<MetaDataList/>
</TestCase>
<TestCase Comment="" Date="1416924020892" Name="testing.TestUnitTestCase:testSaveResultException">
<CovList>
<CovPrefix CovItemPrefix="calculator.CalculatorManager.java">
<Cov CovItemId="S1" Value="2"/>
<Cov CovItemId="S2" Value="2"/>
<Cov CovItemId="S3" Value="2"/>
<Cov CovItemId="S4" Value="2"/>
<Cov CovItemId="S5" Value="2"/>
<Cov CovItemId="S6" Value="2"/>
<Cov CovItemId="S7" Value="1"/>
<Cov CovItemId="S8" Value="1"/>
<Cov CovItemId="S9" Value="1"/>
</CovPrefix>
<CovPrefix CovItemPrefix="calculator.SaveManager.java">
<Cov CovItemId="B1" Value="1"/>
<Cov CovItemId="B2" Value="1"/>
<Cov CovItemId="B3" Value="1"/>
<Cov CovItemId="S1" Value="2"/>
<Cov CovItemId="S10" Value="1"/>
<Cov CovItemId="S11" Value="1"/>
<Cov CovItemId="S12" Value="1"/>
<Cov CovItemId="S2" Value="2"/>
<Cov CovItemId="S3" Value="2"/>
<Cov CovItemId="S4" Value="1"/>
<Cov CovItemId="S5" Value="1"/>
<Cov CovItemId="S6" Value="1"/>
<Cov CovItemId="S7" Value="1"/>
<Cov CovItemId="S8" Value="1"/>
<Cov CovItemId="S9" Value="1"/>
</CovPrefix>
<CovPrefix CovItemPrefix="testing.TestUnitTestCase.java">
<Cov CovItemId="S1" Value="1"/>
<Cov CovItemId="S2" Value="1"/>
<Cov CovItemId="S3" Value="1"/>
<Cov CovItemId="S36" Value="1"/>
<Cov CovItemId="S37" Value="1"/>
<Cov CovItemId="S38" Value="1"/>
<Cov CovItemId="S39" Value="1"/>
<Cov CovItemId="S4" Value="1"/>
<Cov CovItemId="S40" Value="1"/>
<Cov CovItemId="S41" Value="1"/>
<Cov CovItemId="S42" Value="1"/>
<Cov CovItemId="S43" Value="1"/>
<Cov CovItemId="S44" Value="1"/>
<Cov CovItemId="S45" Value="1"/>
<Cov CovItemId="S46" Value="1"/>
</CovPrefix>
</CovList>
<AssgnmntList/>
<ObjMetaDataList/>
<MetaDataList/>
</TestCase>
<TestCase Comment="" Date="1416924020912" Name="testing.TestUnitTestCase:addnumbers">
<CovList>
<CovPrefix CovItemPrefix="calculator.Calculator.java">
<Cov CovItemId="B1" Value="4"/>
<Cov CovItemId="S1" Value="4"/>
<Cov CovItemId="S2" Value="4"/>
</CovPrefix>
<CovPrefix CovItemPrefix="calculator.CalculatorManager.java">
<Cov CovItemId="S1" Value="1"/>
<Cov CovItemId="S2" Value="1"/>
<Cov CovItemId="S3" Value="1"/>
<Cov CovItemId="S4" Value="1"/>
<Cov CovItemId="S5" Value="1"/>
<Cov CovItemId="S6" Value="1"/>
</CovPrefix>
<CovPrefix CovItemPrefix="calculator.SaveManager.java">
<Cov CovItemId="B1" Value="1"/>
<Cov CovItemId="S1" Value="1"/>
<Cov CovItemId="S2" Value="1"/>
<Cov CovItemId="S3" Value="1"/>
<Cov CovItemId="S4" Value="1"/>
<Cov CovItemId="S5" Value="1"/>
<Cov CovItemId="S6" Value="1"/>
</CovPrefix>
<CovPrefix CovItemPrefix="testing.TestUnitTestCase.java">
<Cov CovItemId="S1" Value="1"/>
<Cov CovItemId="S10" Value="1"/>
<Cov CovItemId="S2" Value="1"/>
<Cov CovItemId="S3" Value="1"/>
<Cov CovItemId="S4" Value="1"/>
<Cov CovItemId="S7" Value="1"/>
<Cov CovItemId="S8" Value="1"/>
<Cov CovItemId="S9" Value="1"/>
</CovPrefix>
</CovList>
<AssgnmntList>
<AssgnmntPrefix RootTermCovItemPrefix="calculator.Calculator.java">
<AssgnmntListEntry Length="1" RootTermCovItemId="C1">
<MapEntry BoolAssgnmnt="0" Value="4"/>
</AssgnmntListEntry>
</AssgnmntPrefix>
</AssgnmntList>
<ObjMetaDataList/>
<MetaDataList/>
</TestCase>
<TestCase Comment="" Date="1416924020922" Name="testing.TestUnitTestCase:testCalculateDivide">
<CovList>
<CovPrefix CovItemPrefix="calculator.Calculator.java">
<Cov CovItemId="B3" Value="1"/>
<Cov CovItemId="B5" Value="1"/>
<Cov CovItemId="S4" Value="1"/>
<Cov CovItemId="S5" Value="1"/>
<Cov CovItemId="S7" Value="1"/>
</CovPrefix>
<CovPrefix CovItemPrefix="calculator.CalculatorManager.java">
<Cov CovItemId="B1" Value="1"/>
<Cov CovItemId="B2" Value="1"/>
<Cov CovItemId="S1" Value="1"/>
<Cov CovItemId="S10" Value="1"/>
<Cov CovItemId="S11" Value="1"/>
<Cov CovItemId="S12" Value="1"/>
<Cov CovItemId="S13" Value="1"/>
<Cov CovItemId="S14" Value="1"/>
<Cov CovItemId="S2" Value="1"/>
<Cov CovItemId="S29" Value="1"/>
<Cov CovItemId="S3" Value="1"/>
<Cov CovItemId="S4" Value="1"/>
<Cov CovItemId="S5" Value="1"/>
<Cov CovItemId="S6" Value="1"/>
<Cov CovItemId="S7" Value="1"/>
<Cov CovItemId="S8" Value="1"/>
<Cov CovItemId="S9" Value="1"/>
</CovPrefix>
<CovPrefix CovItemPrefix="calculator.SaveManager.java">
<Cov CovItemId="B1" Value="1"/>
<Cov CovItemId="B3" Value="1"/>
<Cov CovItemId="S1" Value="1"/>
<Cov CovItemId="S10" Value="1"/>
<Cov CovItemId="S11" Value="1"/>
<Cov CovItemId="S12" Value="1"/>
<Cov CovItemId="S2" Value="1"/>
<Cov CovItemId="S3" Value="1"/>
<Cov CovItemId="S4" Value="1"/>
<Cov CovItemId="S5" Value="1"/>
<Cov CovItemId="S6" Value="1"/>
<Cov CovItemId="S9" Value="1"/>
</CovPrefix>
<CovPrefix CovItemPrefix="testing.TestUnitTestCase.java">
<Cov CovItemId="S1" Value="1"/>
<Cov CovItemId="S2" Value="1"/>
<Cov CovItemId="S3" Value="1"/>
<Cov CovItemId="S4" Value="1"/>
<Cov CovItemId="S48" Value="1"/>
<Cov CovItemId="S49" Value="1"/>
<Cov CovItemId="S50" Value="1"/>
<Cov CovItemId="S51" Value="1"/>
<Cov CovItemId="S52" Value="1"/>
<Cov CovItemId="S53" Value="1"/>
<Cov CovItemId="S54" Value="1"/>
<Cov CovItemId="S55" Value="1"/>
</CovPrefix>
</CovList>
<AssgnmntList>
<AssgnmntPrefix RootTermCovItemPrefix="calculator.Calculator.java">
<AssgnmntListEntry Length="1" RootTermCovItemId="C2">
<MapEntry BoolAssgnmnt="0" Value="1"/>
</AssgnmntListEntry>
</AssgnmntPrefix>
<AssgnmntPrefix RootTermCovItemPrefix="calculator.CalculatorManager.java">
<AssgnmntListEntry Length="1" RootTermCovItemId="C1">
<MapEntry BoolAssgnmnt="1" Value="1"/>
</AssgnmntListEntry>
</AssgnmntPrefix>
</AssgnmntList>
<ObjMetaDataList/>
<MetaDataList/>
</TestCase>
<TestCase Comment="" Date="1416924020932" Name="testing.TestUnitTestCase:divideDeminatorZero">
<CovList>
<CovPrefix CovItemPrefix="calculator.Calculator.java">
<Cov CovItemId="B4" Value="1"/>
<Cov CovItemId="B6" Value="1"/>
<Cov CovItemId="S4" Value="1"/>
<Cov CovItemId="S5" Value="1"/>
<Cov CovItemId="S6" Value="1"/>
<Cov CovItemId="S8" Value="1"/>
</CovPrefix>
<CovPrefix CovItemPrefix="calculator.CalculatorManager.java">
<Cov CovItemId="S1" Value="1"/>
<Cov CovItemId="S2" Value="1"/>
<Cov CovItemId="S3" Value="1"/>
<Cov CovItemId="S4" Value="1"/>
<Cov CovItemId="S5" Value="1"/>
<Cov CovItemId="S6" Value="1"/>
</CovPrefix>
<CovPrefix CovItemPrefix="calculator.SaveManager.java">
<Cov CovItemId="B1" Value="1"/>
<Cov CovItemId="S1" Value="1"/>
<Cov CovItemId="S2" Value="1"/>
<Cov CovItemId="S3" Value="1"/>
<Cov CovItemId="S4" Value="1"/>
<Cov CovItemId="S5" Value="1"/>
<Cov CovItemId="S6" Value="1"/>
</CovPrefix>
<CovPrefix CovItemPrefix="testing.TestUnitTestCase.java">
<Cov CovItemId="S1" Value="1"/>
<Cov CovItemId="S16" Value="1"/>
<Cov CovItemId="S2" Value="1"/>
<Cov CovItemId="S3" Value="1"/>
<Cov CovItemId="S4" Value="1"/>
</CovPrefix>
</CovList>
<AssgnmntList>
<AssgnmntPrefix RootTermCovItemPrefix="calculator.Calculator.java">
<AssgnmntListEntry Length="1" RootTermCovItemId="C2">
<MapEntry BoolAssgnmnt="1" Value="1"/>
</AssgnmntListEntry>
</AssgnmntPrefix>
</AssgnmntList>
<ObjMetaDataList/>
<MetaDataList/>
</TestCase>
<TestCase Comment="" Date="1416924020942" Name="testing.TestUnitTestCase:shouldSubstractPositive">
<CovList>
<CovPrefix CovItemPrefix="calculator.Calculator.java">
<Cov CovItemId="B11" Value="1"/>
<Cov CovItemId="S14" Value="1"/>
<Cov CovItemId="S15" Value="1"/>
</CovPrefix>
<CovPrefix CovItemPrefix="calculator.CalculatorManager.java">
<Cov CovItemId="S1" Value="1"/>
<Cov CovItemId="S2" Value="1"/>
<Cov CovItemId="S3" Value="1"/>
<Cov CovItemId="S4" Value="1"/>
<Cov CovItemId="S5" Value="1"/>
<Cov CovItemId="S6" Value="1"/>
</CovPrefix>
<CovPrefix CovItemPrefix="calculator.SaveManager.java">
<Cov CovItemId="B1" Value="1"/>
<Cov CovItemId="S1" Value="1"/>
<Cov CovItemId="S2" Value="1"/>
<Cov CovItemId="S3" Value="1"/>
<Cov CovItemId="S4" Value="1"/>
<Cov CovItemId="S5" Value="1"/>
<Cov CovItemId="S6" Value="1"/>
</CovPrefix>
<CovPrefix CovItemPrefix="testing.TestUnitTestCase.java">
<Cov CovItemId="S1" Value="1"/>
<Cov CovItemId="S2" Value="1"/>
<Cov CovItemId="S24" Value="1"/>
<Cov CovItemId="S25" Value="1"/>
<Cov CovItemId="S3" Value="1"/>
<Cov CovItemId="S4" Value="1"/>
</CovPrefix>
</CovList>
<AssgnmntList>
<AssgnmntPrefix RootTermCovItemPrefix="calculator.Calculator.java">
<AssgnmntListEntry Length="1" RootTermCovItemId="C4">
<MapEntry BoolAssgnmnt="0" Value="1"/>
</AssgnmntListEntry>
</AssgnmntPrefix>
</AssgnmntList>
<ObjMetaDataList/>
<MetaDataList/>
</TestCase>
<TestCase Comment="" Date="1416924020942" Name="testing.TestUnitTestCase:shouldTestMockingPythagoras">
<CovList>
<CovPrefix CovItemPrefix="calculator.Calculator.java">
<Cov CovItemId="B13" Value="1"/>
<Cov CovItemId="S17" Value="1"/>
<Cov CovItemId="S18" Value="1"/>
<Cov CovItemId="S19" Value="1"/>
</CovPrefix>
<CovPrefix CovItemPrefix="calculator.CalculatorManager.java">
<Cov CovItemId="B1" Value="1"/>
<Cov CovItemId="B10" Value="1"/>
<Cov CovItemId="B3" Value="1"/>
<Cov CovItemId="B5" Value="1"/>
<Cov CovItemId="B7" Value="1"/>
<Cov CovItemId="B9" Value="1"/>
<Cov CovItemId="S1" Value="2"/>
<Cov CovItemId="S10" Value="1"/>
<Cov CovItemId="S11" Value="1"/>
<Cov CovItemId="S12" Value="1"/>
<Cov CovItemId="S15" Value="1"/>
<Cov CovItemId="S18" Value="1"/>
<Cov CovItemId="S2" Value="2"/>
<Cov CovItemId="S21" Value="1"/>
<Cov CovItemId="S24" Value="1"/>
<Cov CovItemId="S25" Value="1"/>
<Cov CovItemId="S26" Value="1"/>
<Cov CovItemId="S29" Value="1"/>
<Cov CovItemId="S3" Value="2"/>
<Cov CovItemId="S4" Value="2"/>
<Cov CovItemId="S5" Value="2"/>
<Cov CovItemId="S6" Value="2"/>
<Cov CovItemId="S7" Value="1"/>
<Cov CovItemId="S8" Value="1"/>
<Cov CovItemId="S9" Value="1"/>
</CovPrefix>
<CovPrefix CovItemPrefix="calculator.SaveManager.java">
<Cov CovItemId="B1" Value="1"/>
<Cov CovItemId="S1" Value="1"/>
<Cov CovItemId="S2" Value="1"/>
<Cov CovItemId="S3" Value="1"/>
<Cov CovItemId="S4" Value="1"/>
<Cov CovItemId="S5" Value="1"/>
<Cov CovItemId="S6" Value="1"/>
</CovPrefix>
<CovPrefix CovItemPrefix="testing.TestUnitTestCase.java">
<Cov CovItemId="S1" Value="1"/>
<Cov CovItemId="S148" Value="1"/>
<Cov CovItemId="S149" Value="1"/>
<Cov CovItemId="S150" Value="1"/>
<Cov CovItemId="S151" Value="1"/>
<Cov CovItemId="S152" Value="1"/>
<Cov CovItemId="S153" Value="1"/>
<Cov CovItemId="S154" Value="1"/>
<Cov CovItemId="S155" Value="1"/>
<Cov CovItemId="S156" Value="1"/>
<Cov CovItemId="S157" Value="1"/>
<Cov CovItemId="S158" Value="1"/>
<Cov CovItemId="S159" Value="1"/>
<Cov CovItemId="S160" Value="1"/>
<Cov CovItemId="S161" Value="1"/>
<Cov CovItemId="S162" Value="1"/>
<Cov CovItemId="S2" Value="1"/>
<Cov CovItemId="S3" Value="1"/>
<Cov CovItemId="S4" Value="1"/>
</CovPrefix>
</CovList>
<AssgnmntList>
<AssgnmntPrefix RootTermCovItemPrefix="calculator.Calculator.java">
<AssgnmntListEntry Length="1" RootTermCovItemId="C5">
<MapEntry BoolAssgnmnt="0" Value="1"/>
</AssgnmntListEntry>
</AssgnmntPrefix>
<AssgnmntPrefix RootTermCovItemPrefix="calculator.CalculatorManager.java">
<AssgnmntListEntry Length="1" RootTermCovItemId="C1">
<MapEntry BoolAssgnmnt="0" Value="1"/>
</AssgnmntListEntry>
<AssgnmntListEntry Length="1" RootTermCovItemId="C2">
<MapEntry BoolAssgnmnt="0" Value="1"/>
</AssgnmntListEntry>
<AssgnmntListEntry Length="1" RootTermCovItemId="C3">
<MapEntry BoolAssgnmnt="0" Value="1"/>
</AssgnmntListEntry>
<AssgnmntListEntry Length="1" RootTermCovItemId="C4">
<MapEntry BoolAssgnmnt="0" Value="1"/>
</AssgnmntListEntry>
<AssgnmntListEntry Length="1" RootTermCovItemId="C5">
<MapEntry BoolAssgnmnt="1" Value="1"/>
</AssgnmntListEntry>
</AssgnmntPrefix>
</AssgnmntList>
<ObjMetaDataList/>
<MetaDataList/>
</TestCase>
<TestCase Comment="" Date="1416924021142" Name="testing.TestUnitTestCase:shouldThrowExceptionSub">
<CovList>
<CovPrefix CovItemPrefix="calculator.Calculator.java">
<Cov CovItemId="B12" Value="1"/>
<Cov CovItemId="S14" Value="1"/>
<Cov CovItemId="S16" Value="1"/>
</CovPrefix>
<CovPrefix CovItemPrefix="calculator.CalculatorManager.java">
<Cov CovItemId="S1" Value="1"/>
<Cov CovItemId="S2" Value="1"/>
<Cov CovItemId="S3" Value="1"/>
<Cov CovItemId="S4" Value="1"/>
<Cov CovItemId="S5" Value="1"/>
<Cov CovItemId="S6" Value="1"/>
</CovPrefix>
<CovPrefix CovItemPrefix="calculator.SaveManager.java">
<Cov CovItemId="B1" Value="1"/>
<Cov CovItemId="S1" Value="1"/>
<Cov CovItemId="S2" Value="1"/>
<Cov CovItemId="S3" Value="1"/>
<Cov CovItemId="S4" Value="1"/>
<Cov CovItemId="S5" Value="1"/>
<Cov CovItemId="S6" Value="1"/>
</CovPrefix>
<CovPrefix CovItemPrefix="testing.TestUnitTestCase.java">
<Cov CovItemId="S1" Value="1"/>
<Cov CovItemId="S2" Value="1"/>
<Cov CovItemId="S28" Value="1"/>
<Cov CovItemId="S3" Value="1"/>
<Cov CovItemId="S4" Value="1"/>
</CovPrefix>
</CovList>
<AssgnmntList>
<AssgnmntPrefix RootTermCovItemPrefix="calculator.Calculator.java">
<AssgnmntListEntry Length="1" RootTermCovItemId="C4">
<MapEntry BoolAssgnmnt="1" Value="1"/>
</AssgnmntListEntry>
</AssgnmntPrefix>
</AssgnmntList>
<ObjMetaDataList/>
<MetaDataList/>
</TestCase>
<TestCase Comment="" Date="1416924021152" Name="testing.TestUnitTestCase:shouldSubstractNegative">
<CovList>
<CovPrefix CovItemPrefix="calculator.Calculator.java">
<Cov CovItemId="B11" Value="1"/>
<Cov CovItemId="S14" Value="1"/>
<Cov CovItemId="S15" Value="1"/>
</CovPrefix>
<CovPrefix CovItemPrefix="calculator.CalculatorManager.java">
<Cov CovItemId="S1" Value="1"/>
<Cov CovItemId="S2" Value="1"/>
<Cov CovItemId="S3" Value="1"/>
<Cov CovItemId="S4" Value="1"/>
<Cov CovItemId="S5" Value="1"/>
<Cov CovItemId="S6" Value="1"/>
</CovPrefix>
<CovPrefix CovItemPrefix="calculator.SaveManager.java">
<Cov CovItemId="B1" Value="1"/>
<Cov CovItemId="S1" Value="1"/>
<Cov CovItemId="S2" Value="1"/>
<Cov CovItemId="S3" Value="1"/>
<Cov CovItemId="S4" Value="1"/>
<Cov CovItemId="S5" Value="1"/>
<Cov CovItemId="S6" Value="1"/>
</CovPrefix>
<CovPrefix CovItemPrefix="testing.TestUnitTestCase.java">
<Cov CovItemId="S1" Value="1"/>
<Cov CovItemId="S2" Value="1"/>
<Cov CovItemId="S26" Value="1"/>
<Cov CovItemId="S27" Value="1"/>
<Cov CovItemId="S3" Value="1"/>
<Cov CovItemId="S4" Value="1"/>
</CovPrefix>
</CovList>
<AssgnmntList>
<AssgnmntPrefix RootTermCovItemPrefix="calculator.Calculator.java">
<AssgnmntListEntry Length="1" RootTermCovItemId="C4">
<MapEntry BoolAssgnmnt="0" Value="1"/>
</AssgnmntListEntry>
</AssgnmntPrefix>
</AssgnmntList>
<ObjMetaDataList/>
<MetaDataList/>
</TestCase>
<TestCase Comment="" Date="1416924021152" Name="testing.TestUnitTestCase:shouldTestMockingAdd">
<CovList>
<CovPrefix CovItemPrefix="calculator.Calculator.java">
<Cov CovItemId="B1" Value="1"/>
<Cov CovItemId="S1" Value="1"/>
<Cov CovItemId="S2" Value="1"/>
</CovPrefix>
<CovPrefix CovItemPrefix="calculator.CalculatorManager.java">
<Cov CovItemId="B1" Value="1"/>
<Cov CovItemId="B3" Value="1"/>
<Cov CovItemId="B5" Value="1"/>
<Cov CovItemId="B6" Value="1"/>
<Cov CovItemId="S1" Value="2"/>
<Cov CovItemId="S10" Value="1"/>
<Cov CovItemId="S11" Value="1"/>
<Cov CovItemId="S12" Value="1"/>
<Cov CovItemId="S15" Value="1"/>
<Cov CovItemId="S18" Value="1"/>
<Cov CovItemId="S19" Value="1"/>
<Cov CovItemId="S2" Value="2"/>
<Cov CovItemId="S20" Value="1"/>
<Cov CovItemId="S29" Value="1"/>
<Cov CovItemId="S3" Value="2"/>
<Cov CovItemId="S4" Value="2"/>
<Cov CovItemId="S5" Value="2"/>
<Cov CovItemId="S6" Value="2"/>
<Cov CovItemId="S7" Value="1"/>
<Cov CovItemId="S8" Value="1"/>
<Cov CovItemId="S9" Value="1"/>
</CovPrefix>
<CovPrefix CovItemPrefix="calculator.SaveManager.java">
<Cov CovItemId="B1" Value="1"/>
<Cov CovItemId="S1" Value="1"/>
<Cov CovItemId="S2" Value="1"/>
<Cov CovItemId="S3" Value="1"/>
<Cov CovItemId="S4" Value="1"/>
<Cov CovItemId="S5" Value="1"/>
<Cov CovItemId="S6" Value="1"/>
</CovPrefix>
<CovPrefix CovItemPrefix="testing.TestUnitTestCase.java">
<Cov CovItemId="S1" Value="1"/>
<Cov CovItemId="S100" Value="1"/>
<Cov CovItemId="S101" Value="1"/>
<Cov CovItemId="S102" Value="1"/>
<Cov CovItemId="S2" Value="1"/>
<Cov CovItemId="S3" Value="1"/>
<Cov CovItemId="S4" Value="1"/>
<Cov CovItemId="S88" Value="1"/>
<Cov CovItemId="S89" Value="1"/>
<Cov CovItemId="S90" Value="1"/>
<Cov CovItemId="S91" Value="1"/>
<Cov CovItemId="S92" Value="1"/>
<Cov CovItemId="S93" Value="1"/>
<Cov CovItemId="S94" Value="1"/>
<Cov CovItemId="S95" Value="1"/>
<Cov CovItemId="S96" Value="1"/>
<Cov CovItemId="S97" Value="1"/>
<Cov CovItemId="S98" Value="1"/>
<Cov CovItemId="S99" Value="1"/>
</CovPrefix>
</CovList>
<AssgnmntList>
<AssgnmntPrefix RootTermCovItemPrefix="calculator.Calculator.java">
<AssgnmntListEntry Length="1" RootTermCovItemId="C1">
<MapEntry BoolAssgnmnt="0" Value="1"/>
</AssgnmntListEntry>
</AssgnmntPrefix>
<AssgnmntPrefix RootTermCovItemPrefix="calculator.CalculatorManager.java">
<AssgnmntListEntry Length="1" RootTermCovItemId="C1">
<MapEntry BoolAssgnmnt="0" Value="1"/>
</AssgnmntListEntry>
<AssgnmntListEntry Length="1" RootTermCovItemId="C2">
<MapEntry BoolAssgnmnt="0" Value="1"/>
</AssgnmntListEntry>
<AssgnmntListEntry Length="1" RootTermCovItemId="C3">
<MapEntry BoolAssgnmnt="1" Value="1"/>
</AssgnmntListEntry>
</AssgnmntPrefix>
</AssgnmntList>
<ObjMetaDataList/>
<MetaDataList/>
</TestCase>
<TestCase Comment="" Date="1416924021162" Name="testing.TestUnitTestCase:shouldTestMockingSub">
<CovList>
<CovPrefix CovItemPrefix="calculator.Calculator.java">
<Cov CovItemId="B11" Value="1"/>
<Cov CovItemId="S14" Value="1"/>
<Cov CovItemId="S15" Value="1"/>
</CovPrefix>
<CovPrefix CovItemPrefix="calculator.CalculatorManager.java">
<Cov CovItemId="B1" Value="1"/>
<Cov CovItemId="B3" Value="1"/>
<Cov CovItemId="B5" Value="1"/>
<Cov CovItemId="B7" Value="1"/>
<Cov CovItemId="B8" Value="1"/>
<Cov CovItemId="S1" Value="2"/>
<Cov CovItemId="S10" Value="1"/>
<Cov CovItemId="S11" Value="1"/>
<Cov CovItemId="S12" Value="1"/>
<Cov CovItemId="S15" Value="1"/>
<Cov CovItemId="S18" Value="1"/>
<Cov CovItemId="S2" Value="2"/>
<Cov CovItemId="S21" Value="1"/>
<Cov CovItemId="S22" Value="1"/>
<Cov CovItemId="S23" Value="1"/>
<Cov CovItemId="S29" Value="1"/>
<Cov CovItemId="S3" Value="2"/>
<Cov CovItemId="S4" Value="2"/>
<Cov CovItemId="S5" Value="2"/>
<Cov CovItemId="S6" Value="2"/>
<Cov CovItemId="S7" Value="1"/>
<Cov CovItemId="S8" Value="1"/>
<Cov CovItemId="S9" Value="1"/>
</CovPrefix>
<CovPrefix CovItemPrefix="calculator.SaveManager.java">
<Cov CovItemId="B1" Value="1"/>
<Cov CovItemId="S1" Value="1"/>
<Cov CovItemId="S2" Value="1"/>
<Cov CovItemId="S3" Value="1"/>
<Cov CovItemId="S4" Value="1"/>
<Cov CovItemId="S5" Value="1"/>
<Cov CovItemId="S6" Value="1"/>
</CovPrefix>
<CovPrefix CovItemPrefix="testing.TestUnitTestCase.java">
<Cov CovItemId="S1" Value="1"/>
<Cov CovItemId="S103" Value="1"/>
<Cov CovItemId="S104" Value="1"/>
<Cov CovItemId="S105" Value="1"/>
<Cov CovItemId="S106" Value="1"/>
<Cov CovItemId="S107" Value="1"/>
<Cov CovItemId="S108" Value="1"/>
<Cov CovItemId="S109" Value="1"/>
<Cov CovItemId="S110" Value="1"/>
<Cov CovItemId="S111" Value="1"/>
<Cov CovItemId="S112" Value="1"/>
<Cov CovItemId="S113" Value="1"/>
<Cov CovItemId="S114" Value="1"/>
<Cov CovItemId="S115" Value="1"/>
<Cov CovItemId="S116" Value="1"/>
<Cov CovItemId="S117" Value="1"/>
<Cov CovItemId="S2" Value="1"/>
<Cov CovItemId="S3" Value="1"/>
<Cov CovItemId="S4" Value="1"/>
</CovPrefix>
</CovList>
<AssgnmntList>
<AssgnmntPrefix RootTermCovItemPrefix="calculator.Calculator.java">
<AssgnmntListEntry Length="1" RootTermCovItemId="C4">
<MapEntry BoolAssgnmnt="0" Value="1"/>
</AssgnmntListEntry>
</AssgnmntPrefix>
<AssgnmntPrefix RootTermCovItemPrefix="calculator.CalculatorManager.java">
<AssgnmntListEntry Length="1" RootTermCovItemId="C1">
<MapEntry BoolAssgnmnt="0" Value="1"/>
</AssgnmntListEntry>
<AssgnmntListEntry Length="1" RootTermCovItemId="C2">
<MapEntry BoolAssgnmnt="0" Value="1"/>
</AssgnmntListEntry>
<AssgnmntListEntry Length="1" RootTermCovItemId="C3">
<MapEntry BoolAssgnmnt="0" Value="1"/>
</AssgnmntListEntry>
<AssgnmntListEntry Length="1" RootTermCovItemId="C4">
<MapEntry BoolAssgnmnt="1" Value="1"/>
</AssgnmntListEntry>
</AssgnmntPrefix>
</AssgnmntList>
<ObjMetaDataList/>
<MetaDataList/>
</TestCase>
<TestCase Comment="" Date="1416924021162" Name="testing.TestUnitTestCase:shouldMultiply">
<CovList>
<CovPrefix CovItemPrefix="calculator.Calculator.java">
<Cov CovItemId="B7" Value="3"/>
<Cov CovItemId="B8" Value="3"/>
<Cov CovItemId="S10" Value="3"/>
<Cov CovItemId="S11" Value="3"/>
<Cov CovItemId="S9" Value="3"/>
</CovPrefix>
<CovPrefix CovItemPrefix="calculator.CalculatorManager.java">
<Cov CovItemId="S1" Value="1"/>
<Cov CovItemId="S2" Value="1"/>
<Cov CovItemId="S3" Value="1"/>
<Cov CovItemId="S4" Value="1"/>
<Cov CovItemId="S5" Value="1"/>
<Cov CovItemId="S6" Value="1"/>
</CovPrefix>
<CovPrefix CovItemPrefix="calculator.SaveManager.java">
<Cov CovItemId="B1" Value="1"/>
<Cov CovItemId="S1" Value="1"/>
<Cov CovItemId="S2" Value="1"/>
<Cov CovItemId="S3" Value="1"/>
<Cov CovItemId="S4" Value="1"/>
<Cov CovItemId="S5" Value="1"/>
<Cov CovItemId="S6" Value="1"/>
</CovPrefix>
<CovPrefix CovItemPrefix="testing.TestUnitTestCase.java">
<Cov CovItemId="S1" Value="1"/>
<Cov CovItemId="S19" Value="1"/>
<Cov CovItemId="S2" Value="1"/>
<Cov CovItemId="S20" Value="1"/>
<Cov CovItemId="S21" Value="1"/>
<Cov CovItemId="S22" Value="1"/>
<Cov CovItemId="S3" Value="1"/>
<Cov CovItemId="S4" Value="1"/>
</CovPrefix>
</CovList>
<AssgnmntList>
<AssgnmntPrefix RootTermCovItemPrefix="calculator.Calculator.java">
<AssgnmntListEntry Length="1" RootTermCovItemId="C3">
<MapEntry BoolAssgnmnt="0" Value="3"/>
</AssgnmntListEntry>
</AssgnmntPrefix>
</AssgnmntList>
<ObjMetaDataList/>
<MetaDataList/>
</TestCase>
<TestCase Comment="" Date="1416924021172" Name="testing.TestUnitTestCase:shouldTestMockingMultiply">
<CovList>
<CovPrefix CovItemPrefix="calculator.Calculator.java">
<Cov CovItemId="B7" Value="1"/>
<Cov CovItemId="B8" Value="1"/>
<Cov CovItemId="S10" Value="1"/>
<Cov CovItemId="S11" Value="1"/>
<Cov CovItemId="S9" Value="1"/>
</CovPrefix>
<CovPrefix CovItemPrefix="calculator.CalculatorManager.java">
<Cov CovItemId="B1" Value="1"/>
<Cov CovItemId="B3" Value="1"/>
<Cov CovItemId="B4" Value="1"/>
<Cov CovItemId="S1" Value="2"/>
<Cov CovItemId="S10" Value="1"/>
<Cov CovItemId="S11" Value="1"/>
<Cov CovItemId="S12" Value="1"/>
<Cov CovItemId="S15" Value="1"/>
<Cov CovItemId="S16" Value="1"/>
<Cov CovItemId="S17" Value="1"/>
<Cov CovItemId="S2" Value="2"/>
<Cov CovItemId="S29" Value="1"/>
<Cov CovItemId="S3" Value="2"/>
<Cov CovItemId="S4" Value="2"/>
<Cov CovItemId="S5" Value="2"/>
<Cov CovItemId="S6" Value="2"/>
<Cov CovItemId="S7" Value="1"/>
<Cov CovItemId="S8" Value="1"/>
<Cov CovItemId="S9" Value="1"/>
</CovPrefix>
<CovPrefix CovItemPrefix="calculator.SaveManager.java">
<Cov CovItemId="B1" Value="1"/>
<Cov CovItemId="S1" Value="1"/>
<Cov CovItemId="S2" Value="1"/>
<Cov CovItemId="S3" Value="1"/>
<Cov CovItemId="S4" Value="1"/>
<Cov CovItemId="S5" Value="1"/>
<Cov CovItemId="S6" Value="1"/>
</CovPrefix>
<CovPrefix CovItemPrefix="testing.TestUnitTestCase.java">
<Cov CovItemId="S1" Value="1"/>
<Cov CovItemId="S133" Value="1"/>
<Cov CovItemId="S134" Value="1"/>
<Cov CovItemId="S135" Value="1"/>
<Cov CovItemId="S136" Value="1"/>
<Cov CovItemId="S137" Value="1"/>
<Cov CovItemId="S138" Value="1"/>
<Cov CovItemId="S139" Value="1"/>
<Cov CovItemId="S140" Value="1"/>
<Cov CovItemId="S141" Value="1"/>
<Cov CovItemId="S142" Value="1"/>
<Cov CovItemId="S143" Value="1"/>
<Cov CovItemId="S144" Value="1"/>
<Cov CovItemId="S145" Value="1"/>
<Cov CovItemId="S146" Value="1"/>
<Cov CovItemId="S147" Value="1"/>
<Cov CovItemId="S2" Value="1"/>
<Cov CovItemId="S3" Value="1"/>
<Cov CovItemId="S4" Value="1"/>
</CovPrefix>
</CovList>
<AssgnmntList>
<AssgnmntPrefix RootTermCovItemPrefix="calculator.Calculator.java">
<AssgnmntListEntry Length="1" RootTermCovItemId="C3">
<MapEntry BoolAssgnmnt="0" Value="1"/>
</AssgnmntListEntry>
</AssgnmntPrefix>
<AssgnmntPrefix RootTermCovItemPrefix="calculator.CalculatorManager.java">
<AssgnmntListEntry Length="1" RootTermCovItemId="C1">
<MapEntry BoolAssgnmnt="0" Value="1"/>
</AssgnmntListEntry>
<AssgnmntListEntry Length="1" RootTermCovItemId="C2">
<MapEntry BoolAssgnmnt="1" Value="1"/>
</AssgnmntListEntry>
</AssgnmntPrefix>
</AssgnmntList>
<ObjMetaDataList/>
<MetaDataList/>
</TestCase>
<TestCase Comment="" Date="1416924021172" Name="testing.TestUnitTestCase:DivideTest">
<CovList>
<CovPrefix CovItemPrefix="calculator.Calculator.java">
<Cov CovItemId="B3" Value="4"/>
<Cov CovItemId="B5" Value="4"/>
<Cov CovItemId="S4" Value="4"/>
<Cov CovItemId="S5" Value="4"/>
<Cov CovItemId="S7" Value="4"/>
</CovPrefix>
<CovPrefix CovItemPrefix="calculator.CalculatorManager.java">
<Cov CovItemId="S1" Value="1"/>
<Cov CovItemId="S2" Value="1"/>
<Cov CovItemId="S3" Value="1"/>
<Cov CovItemId="S4" Value="1"/>
<Cov CovItemId="S5" Value="1"/>
<Cov CovItemId="S6" Value="1"/>
</CovPrefix>
<CovPrefix CovItemPrefix="calculator.SaveManager.java">
<Cov CovItemId="B1" Value="1"/>
<Cov CovItemId="S1" Value="1"/>
<Cov CovItemId="S2" Value="1"/>
<Cov CovItemId="S3" Value="1"/>
<Cov CovItemId="S4" Value="1"/>
<Cov CovItemId="S5" Value="1"/>
<Cov CovItemId="S6" Value="1"/>
</CovPrefix>
<CovPrefix CovItemPrefix="testing.TestUnitTestCase.java">
<Cov CovItemId="S1" Value="1"/>
<Cov CovItemId="S12" Value="1"/>
<Cov CovItemId="S13" Value="1"/>
<Cov CovItemId="S14" Value="1"/>
<Cov CovItemId="S15" Value="1"/>
<Cov CovItemId="S2" Value="1"/>
<Cov CovItemId="S3" Value="1"/>
<Cov CovItemId="S4" Value="1"/>
</CovPrefix>
</CovList>
<AssgnmntList>
<AssgnmntPrefix RootTermCovItemPrefix="calculator.Calculator.java">
<AssgnmntListEntry Length="1" RootTermCovItemId="C2">
<MapEntry BoolAssgnmnt="0" Value="4"/>
</AssgnmntListEntry>
</AssgnmntPrefix>
</AssgnmntList>
<ObjMetaDataList/>
<MetaDataList/>
</TestCase>
<TestCase Comment="" Date="1416924021172" Name="testing.TestUnitTestCase:shouldThrowExceptionMultiply">
<CovList>
<CovPrefix CovItemPrefix="calculator.Calculator.java">
<Cov CovItemId="B10" Value="1"/>
<Cov CovItemId="B9" Value="1"/>
<Cov CovItemId="S10" Value="1"/>
<Cov CovItemId="S12" Value="1"/>
<Cov CovItemId="S13" Value="1"/>
<Cov CovItemId="S9" Value="1"/>
</CovPrefix>
<CovPrefix CovItemPrefix="calculator.CalculatorManager.java">
<Cov CovItemId="S1" Value="1"/>
<Cov CovItemId="S2" Value="1"/>
<Cov CovItemId="S3" Value="1"/>
<Cov CovItemId="S4" Value="1"/>
<Cov CovItemId="S5" Value="1"/>
<Cov CovItemId="S6" Value="1"/>
</CovPrefix>
<CovPrefix CovItemPrefix="calculator.SaveManager.java">
<Cov CovItemId="B1" Value="1"/>
<Cov CovItemId="S1" Value="1"/>
<Cov CovItemId="S2" Value="1"/>
<Cov CovItemId="S3" Value="1"/>
<Cov CovItemId="S4" Value="1"/>
<Cov CovItemId="S5" Value="1"/>
<Cov CovItemId="S6" Value="1"/>
</CovPrefix>
<CovPrefix CovItemPrefix="testing.TestUnitTestCase.java">
<Cov CovItemId="S1" Value="1"/>
<Cov CovItemId="S2" Value="1"/>
<Cov CovItemId="S23" Value="1"/>
<Cov CovItemId="S3" Value="1"/>
<Cov CovItemId="S4" Value="1"/>
</CovPrefix>
</CovList>
<AssgnmntList>
<AssgnmntPrefix RootTermCovItemPrefix="calculator.Calculator.java">
<AssgnmntListEntry Length="1" RootTermCovItemId="C3">
<MapEntry BoolAssgnmnt="1" Value="1"/>
</AssgnmntListEntry>
</AssgnmntPrefix>
</AssgnmntList>
<ObjMetaDataList/>
<MetaDataList/>
</TestCase>
<TestCase Comment="" Date="1416924021182" Name="testing.TestUnitTestCase:overloadAdd">
<CovList>
<CovPrefix CovItemPrefix="calculator.Calculator.java">
<Cov CovItemId="B2" Value="1"/>
<Cov CovItemId="S1" Value="1"/>
<Cov CovItemId="S3" Value="1"/>
</CovPrefix>
<CovPrefix CovItemPrefix="calculator.CalculatorManager.java">
<Cov CovItemId="S1" Value="1"/>
<Cov CovItemId="S2" Value="1"/>
<Cov CovItemId="S3" Value="1"/>
<Cov CovItemId="S4" Value="1"/>
<Cov CovItemId="S5" Value="1"/>
<Cov CovItemId="S6" Value="1"/>
</CovPrefix>
<CovPrefix CovItemPrefix="calculator.SaveManager.java">
<Cov CovItemId="B1" Value="1"/>
<Cov CovItemId="S1" Value="1"/>
<Cov CovItemId="S2" Value="1"/>
<Cov CovItemId="S3" Value="1"/>
<Cov CovItemId="S4" Value="1"/>
<Cov CovItemId="S5" Value="1"/>
<Cov CovItemId="S6" Value="1"/>
</CovPrefix>
<CovPrefix CovItemPrefix="testing.TestUnitTestCase.java">
<Cov CovItemId="S1" Value="1"/>
<Cov CovItemId="S2" Value="1"/>
<Cov CovItemId="S3" Value="1"/>
<Cov CovItemId="S4" Value="1"/>
<Cov CovItemId="S6" Value="1"/>
</CovPrefix>
</CovList>
<AssgnmntList>
<AssgnmntPrefix RootTermCovItemPrefix="calculator.Calculator.java">
<AssgnmntListEntry Length="1" RootTermCovItemId="C1">
<MapEntry BoolAssgnmnt="1" Value="1"/>
</AssgnmntListEntry>
</AssgnmntPrefix>
</AssgnmntList>
<ObjMetaDataList/>
<MetaDataList/>
</TestCase>
<TestCase Comment="" Date="1416924021182" Name="testing.TestUnitTestCase:shouldTestMockingDivide">
<CovList>
<CovPrefix CovItemPrefix="calculator.Calculator.java">
<Cov CovItemId="B3" Value="1"/>
<Cov CovItemId="B5" Value="1"/>
<Cov CovItemId="S4" Value="1"/>
<Cov CovItemId="S5" Value="1"/>
<Cov CovItemId="S7" Value="1"/>
</CovPrefix>
<CovPrefix CovItemPrefix="calculator.CalculatorManager.java">
<Cov CovItemId="B1" Value="1"/>
<Cov CovItemId="B2" Value="1"/>
<Cov CovItemId="S1" Value="2"/>
<Cov CovItemId="S10" Value="1"/>
<Cov CovItemId="S11" Value="1"/>
<Cov CovItemId="S12" Value="1"/>
<Cov CovItemId="S13" Value="1"/>
<Cov CovItemId="S14" Value="1"/>
<Cov CovItemId="S2" Value="2"/>
<Cov CovItemId="S29" Value="1"/>
<Cov CovItemId="S3" Value="2"/>
<Cov CovItemId="S4" Value="2"/>
<Cov CovItemId="S5" Value="2"/>
<Cov CovItemId="S6" Value="2"/>
<Cov CovItemId="S7" Value="1"/>
<Cov CovItemId="S8" Value="1"/>
<Cov CovItemId="S9" Value="1"/>
</CovPrefix>
<CovPrefix CovItemPrefix="calculator.SaveManager.java">
<Cov CovItemId="B1" Value="1"/>
<Cov CovItemId="S1" Value="1"/>
<Cov CovItemId="S2" Value="1"/>
<Cov CovItemId="S3" Value="1"/>
<Cov CovItemId="S4" Value="1"/>
<Cov CovItemId="S5" Value="1"/>
<Cov CovItemId="S6" Value="1"/>
</CovPrefix>
<CovPrefix CovItemPrefix="testing.TestUnitTestCase.java">
<Cov CovItemId="S1" Value="1"/>
<Cov CovItemId="S118" Value="1"/>
<Cov CovItemId="S119" Value="1"/>
<Cov CovItemId="S120" Value="1"/>
<Cov CovItemId="S121" Value="1"/>
<Cov CovItemId="S122" Value="1"/>
<Cov CovItemId="S123" Value="1"/>
<Cov CovItemId="S124" Value="1"/>
<Cov CovItemId="S125" Value="1"/>
<Cov CovItemId="S126" Value="1"/>
<Cov CovItemId="S127" Value="1"/>
<Cov CovItemId="S128" Value="1"/>
<Cov CovItemId="S129" Value="1"/>
<Cov CovItemId="S130" Value="1"/>
<Cov CovItemId="S131" Value="1"/>
<Cov CovItemId="S132" Value="1"/>
<Cov CovItemId="S2" Value="1"/>
<Cov CovItemId="S3" Value="1"/>
<Cov CovItemId="S4" Value="1"/>
</CovPrefix>
</CovList>
<AssgnmntList>
<AssgnmntPrefix RootTermCovItemPrefix="calculator.Calculator.java">
<AssgnmntListEntry Length="1" RootTermCovItemId="C2">
<MapEntry BoolAssgnmnt="0" Value="1"/>
</AssgnmntListEntry>
</AssgnmntPrefix>
<AssgnmntPrefix RootTermCovItemPrefix="calculator.CalculatorManager.java">
<AssgnmntListEntry Length="1" RootTermCovItemId="C1">
<MapEntry BoolAssgnmnt="1" Value="1"/>
</AssgnmntListEntry>
</AssgnmntPrefix>
</AssgnmntList>
<ObjMetaDataList/>
<MetaDataList/>
</TestCase>
<TestCase Comment="" Date="1416924021192" Name="testing.TestUnitTestCase:pyth">
<CovList>
<CovPrefix CovItemPrefix="calculator.Calculator.java">
<Cov CovItemId="B13" Value="1"/>
<Cov CovItemId="S17" Value="1"/>
<Cov CovItemId="S18" Value="1"/>
<Cov CovItemId="S19" Value="1"/>
</CovPrefix>
<CovPrefix CovItemPrefix="calculator.CalculatorManager.java">
<Cov CovItemId="S1" Value="1"/>
<Cov CovItemId="S2" Value="1"/>
<Cov CovItemId="S3" Value="1"/>
<Cov CovItemId="S4" Value="1"/>
<Cov CovItemId="S5" Value="1"/>
<Cov CovItemId="S6" Value="1"/>
</CovPrefix>
<CovPrefix CovItemPrefix="calculator.SaveManager.java">
<Cov CovItemId="B1" Value="1"/>
<Cov CovItemId="S1" Value="1"/>
<Cov CovItemId="S2" Value="1"/>
<Cov CovItemId="S3" Value="1"/>
<Cov CovItemId="S4" Value="1"/>
<Cov CovItemId="S5" Value="1"/>
<Cov CovItemId="S6" Value="1"/>
</CovPrefix>
<CovPrefix CovItemPrefix="testing.TestUnitTestCase.java">
<Cov CovItemId="S1" Value="1"/>
<Cov CovItemId="S17" Value="1"/>
<Cov CovItemId="S2" Value="1"/>
<Cov CovItemId="S3" Value="1"/>
<Cov CovItemId="S4" Value="1"/>
</CovPrefix>
</CovList>
<AssgnmntList>
<AssgnmntPrefix RootTermCovItemPrefix="calculator.Calculator.java">
<AssgnmntListEntry Length="1" RootTermCovItemId="C5">
<MapEntry BoolAssgnmnt="0" Value="1"/>
</AssgnmntListEntry>
</AssgnmntPrefix>
</AssgnmntList>
<ObjMetaDataList/>
<MetaDataList/>
</TestCase>
<TestCase Comment="" Date="1416924021192" Name="testing.TestUnitTestCase:pythExeception">
<CovList>
<CovPrefix CovItemPrefix="calculator.Calculator.java">
<Cov CovItemId="B14" Value="1"/>
<Cov CovItemId="S17" Value="1"/>
<Cov CovItemId="S18" Value="1"/>
<Cov CovItemId="S20" Value="1"/>
</CovPrefix>
<CovPrefix CovItemPrefix="calculator.CalculatorManager.java">
<Cov CovItemId="S1" Value="1"/>
<Cov CovItemId="S2" Value="1"/>
<Cov CovItemId="S3" Value="1"/>
<Cov CovItemId="S4" Value="1"/>
<Cov CovItemId="S5" Value="1"/>
<Cov CovItemId="S6" Value="1"/>
</CovPrefix>
<CovPrefix CovItemPrefix="calculator.SaveManager.java">
<Cov CovItemId="B1" Value="1"/>
<Cov CovItemId="S1" Value="1"/>
<Cov CovItemId="S2" Value="1"/>
<Cov CovItemId="S3" Value="1"/>
<Cov CovItemId="S4" Value="1"/>
<Cov CovItemId="S5" Value="1"/>
<Cov CovItemId="S6" Value="1"/>
</CovPrefix>
<CovPrefix CovItemPrefix="testing.TestUnitTestCase.java">
<Cov CovItemId="S1" Value="1"/>
<Cov CovItemId="S18" Value="1"/>
<Cov CovItemId="S2" Value="1"/>
<Cov CovItemId="S3" Value="1"/>
<Cov CovItemId="S4" Value="1"/>
</CovPrefix>
</CovList>
<AssgnmntList>
<AssgnmntPrefix RootTermCovItemPrefix="calculator.Calculator.java">
<AssgnmntListEntry Length="1" RootTermCovItemId="C5">
<MapEntry BoolAssgnmnt="1" Value="1"/>
</AssgnmntListEntry>
</AssgnmntPrefix>
</AssgnmntList>
<ObjMetaDataList/>
<MetaDataList/>
</TestCase>
<TestCase Comment="" Date="1416924021192" Name="testing.TestUnitTestCase:testSaveResult">
<CovList>
<CovPrefix CovItemPrefix="calculator.CalculatorManager.java">
<Cov CovItemId="S1" Value="1"/>
<Cov CovItemId="S2" Value="1"/>
<Cov CovItemId="S3" Value="1"/>
<Cov CovItemId="S4" Value="1"/>
<Cov CovItemId="S5" Value="1"/>
<Cov CovItemId="S6" Value="1"/>
<Cov CovItemId="S7" Value="1"/>
<Cov CovItemId="S8" Value="1"/>
<Cov CovItemId="S9" Value="1"/>
</CovPrefix>
<CovPrefix CovItemPrefix="calculator.SaveManager.java">
<Cov CovItemId="B1" Value="1"/>
<Cov CovItemId="B3" Value="1"/>
<Cov CovItemId="S1" Value="1"/>
<Cov CovItemId="S10" Value="1"/>
<Cov CovItemId="S11" Value="1"/>
<Cov CovItemId="S12" Value="1"/>
<Cov CovItemId="S2" Value="1"/>
<Cov CovItemId="S3" Value="1"/>
<Cov CovItemId="S4" Value="1"/>
<Cov CovItemId="S5" Value="1"/>
<Cov CovItemId="S6" Value="1"/>
<Cov CovItemId="S9" Value="1"/>
</CovPrefix>
<CovPrefix CovItemPrefix="testing.TestUnitTestCase.java">
<Cov CovItemId="S1" Value="1"/>
<Cov CovItemId="S2" Value="1"/>
<Cov CovItemId="S29" Value="1"/>
<Cov CovItemId="S3" Value="1"/>
<Cov CovItemId="S30" Value="1"/>
<Cov CovItemId="S31" Value="1"/>
<Cov CovItemId="S32" Value="1"/>
<Cov CovItemId="S33" Value="1"/>
<Cov CovItemId="S34" Value="1"/>
<Cov CovItemId="S35" Value="1"/>
<Cov CovItemId="S4" Value="1"/>
</CovPrefix>
</CovList>
<AssgnmntList/>
<ObjMetaDataList/>
<MetaDataList/>
</TestCase>
<TestCase Comment="" Date="1416924021202" Name="testing.TestUnitTestCase:shouldCreateInstance">
<CovList>
<CovPrefix CovItemPrefix="calculator.CalculatorManager.java">
<Cov CovItemId="S1" Value="1"/>
<Cov CovItemId="S2" Value="1"/>
<Cov CovItemId="S3" Value="1"/>
<Cov CovItemId="S4" Value="1"/>
<Cov CovItemId="S5" Value="1"/>
<Cov CovItemId="S6" Value="1"/>
</CovPrefix>
<CovPrefix CovItemPrefix="calculator.SaveManager.java">
<Cov CovItemId="B1" Value="1"/>
<Cov CovItemId="S1" Value="1"/>
<Cov CovItemId="S2" Value="1"/>
<Cov CovItemId="S3" Value="1"/>
<Cov CovItemId="S4" Value="1"/>
<Cov CovItemId="S5" Value="1"/>
<Cov CovItemId="S6" Value="1"/>
</CovPrefix>
<CovPrefix CovItemPrefix="testing.TestUnitTestCase.java">
<Cov CovItemId="S1" Value="1"/>
<Cov CovItemId="S2" Value="1"/>
<Cov CovItemId="S3" Value="1"/>
<Cov CovItemId="S4" Value="1"/>
<Cov CovItemId="S5" Value="1"/>
</CovPrefix>
</CovList>
<AssgnmntList/>
<ObjMetaDataList/>
<MetaDataList/>
</TestCase>
<TestCase Comment="Error&#10;java.lang.NoSuchMethodException: calculator.CalculatorManager.choice(java.lang.Integer)&#13;&#10;&#9;at java.lang.Class.getDeclaredMethod(Unknown Source)&#13;&#10;&#9;at testing.TestUnitTestCase.testChoices(TestUnitTestCase.java:550)&#13;&#10;&#9;at sun.reflect.NativeMethodAccessorImpl.invoke0(Native Method)&#13;&#10;&#9;at sun.reflect.NativeMethodAccessorImpl.invoke(Unknown Source)&#13;&#10;&#9;at sun.reflect.DelegatingMethodAccessorImpl.invoke(Unknown Source)&#13;&#10;&#9;at java.lang.reflect.Method.invoke(Unknown Source)&#13;&#10;&#9;at org.junit.runners.model.FrameworkMethod$1.runReflectiveCall(FrameworkMethod.java:47)&#13;&#10;&#9;at org.junit.internal.runners.model.ReflectiveCallable.run(ReflectiveCallable.java:12)&#13;&#10;&#9;at org.junit.runners.model.FrameworkMethod.invokeExplosively(FrameworkMethod.java:44)&#13;&#10;&#9;at org.junit.internal.runners.statements.InvokeMethod.evaluate(InvokeMethod.java:17)&#13;&#10;&#9;at org.junit.internal.runners.statements.RunBefores.evaluate(RunBefores.java:26)&#13;&#10;&#9;at org.junit.runners.ParentRunner.runLeaf(ParentRunner.java:271)&#13;&#10;&#9;at org.junit.runners.BlockJUnit4ClassRunner.runChild(BlockJUnit4ClassRunner.java:70)&#13;&#10;&#9;at org.junit.runners.BlockJUnit4ClassRunner.runChild(BlockJUnit4ClassRunner.java:50)&#13;&#10;&#9;at org.junit.runners.ParentRunner$3.run(ParentRunner.java:238)&#13;&#10;&#9;at org.junit.runners.ParentRunner$1.schedule(ParentRunner.java:63)&#13;&#10;&#9;at org.junit.runners.ParentRunner.runChildren(ParentRunner.java:236)&#13;&#10;&#9;at org.junit.runners.ParentRunner.access$000(ParentRunner.java:53)&#13;&#10;&#9;at org.junit.runners.ParentRunner$2.evaluate(ParentRunner.java:229)&#13;&#10;&#9;at org.junit.runners.ParentRunner.run(ParentRunner.java:309)&#13;&#10;&#9;at org.eclipse.jdt.internal.junit4.runner.JUnit4TestReference.run(JUnit4TestReference.java:50)&#13;&#10;&#9;at org.eclipse.jdt.internal.junit.runner.TestExecution.run(TestExecution.java:38)&#13;&#10;&#9;at org.eclipse.jdt.internal.junit.runner.RemoteTestRunner.runTests(RemoteTestRunner.java:467)&#13;&#10;&#9;at org.eclipse.jdt.internal.junit.runner.RemoteTestRunner.runTests(RemoteTestRunner.java:683)&#13;&#10;&#9;at org.eclipse.jdt.internal.junit.runner.RemoteTestRunner.run(RemoteTestRunner.java:390)&#13;&#10;&#9;at org.codecover.juniteclipse.runner.EclipseTestRunner.main(EclipseTestRunner.java:40)" Date="1416924021202" Name="testing.TestUnitTestCase:testChoices">
<CovList>
<CovPrefix CovItemPrefix="calculator.CalculatorManager.java">
<Cov CovItemId="S1" Value="1"/>
<Cov CovItemId="S2" Value="1"/>
<Cov CovItemId="S3" Value="1"/>
<Cov CovItemId="S4" Value="1"/>
<Cov CovItemId="S5" Value="1"/>
<Cov CovItemId="S6" Value="1"/>
</CovPrefix>
<CovPrefix CovItemPrefix="calculator.SaveManager.java">
<Cov CovItemId="B1" Value="1"/>
<Cov CovItemId="S1" Value="1"/>
<Cov CovItemId="S2" Value="1"/>
<Cov CovItemId="S3" Value="1"/>
<Cov CovItemId="S4" Value="1"/>
<Cov CovItemId="S5" Value="1"/>
<Cov CovItemId="S6" Value="1"/>
</CovPrefix>
<CovPrefix CovItemPrefix="testing.TestUnitTestCase.java">
<Cov CovItemId="S1" Value="1"/>
<Cov CovItemId="S167" Value="1"/>
<Cov CovItemId="S168" Value="1"/>
<Cov CovItemId="S169" Value="1"/>
<Cov CovItemId="S2" Value="1"/>
<Cov CovItemId="S3" Value="1"/>
<Cov CovItemId="S4" Value="1"/>
</CovPrefix>
</CovList>
<AssgnmntList/>
<ObjMetaDataList/>
<MetaDataList/>
</TestCase>
<TestCase Comment="" Date="1416924021212" Name="testing.TestUnitTestCase:shouldThrowSaveManagerError">
<CovList>
<CovPrefix CovItemPrefix="calculator.Calculator.java">
<Cov CovItemId="B1" Value="1"/>
<Cov CovItemId="S1" Value="1"/>
<Cov CovItemId="S2" Value="1"/>
</CovPrefix>
<CovPrefix CovItemPrefix="calculator.CalculatorManager.java">
<Cov CovItemId="B1" Value="1"/>
<Cov CovItemId="B3" Value="1"/>
<Cov CovItemId="B5" Value="1"/>
<Cov CovItemId="B6" Value="1"/>
<Cov CovItemId="S1" Value="2"/>
<Cov CovItemId="S10" Value="1"/>
<Cov CovItemId="S11" Value="1"/>
<Cov CovItemId="S12" Value="1"/>
<Cov CovItemId="S15" Value="1"/>
<Cov CovItemId="S18" Value="1"/>
<Cov CovItemId="S19" Value="1"/>
<Cov CovItemId="S2" Value="2"/>
<Cov CovItemId="S20" Value="1"/>
<Cov CovItemId="S29" Value="1"/>
<Cov CovItemId="S3" Value="2"/>
<Cov CovItemId="S4" Value="2"/>
<Cov CovItemId="S5" Value="2"/>
<Cov CovItemId="S6" Value="2"/>
<Cov CovItemId="S7" Value="1"/>
<Cov CovItemId="S8" Value="1"/>
<Cov CovItemId="S9" Value="1"/>
</CovPrefix>
<CovPrefix CovItemPrefix="calculator.SaveManager.java">
<Cov CovItemId="B1" Value="1"/>
<Cov CovItemId="B2" Value="1"/>
<Cov CovItemId="B4" Value="1"/>
<Cov CovItemId="S1" Value="2"/>
<Cov CovItemId="S10" Value="1"/>
<Cov CovItemId="S13" Value="1"/>
<Cov CovItemId="S2" Value="2"/>
<Cov CovItemId="S3" Value="2"/>
<Cov CovItemId="S4" Value="1"/>
<Cov CovItemId="S5" Value="1"/>
<Cov CovItemId="S6" Value="1"/>
<Cov CovItemId="S7" Value="1"/>
<Cov CovItemId="S8" Value="1"/>
<Cov CovItemId="S9" Value="1"/>
</CovPrefix>
<CovPrefix CovItemPrefix="testing.TestUnitTestCase.java">
<Cov CovItemId="S1" Value="1"/>
<Cov CovItemId="S163" Value="1"/>
<Cov CovItemId="S164" Value="1"/>
<Cov CovItemId="S165" Value="1"/>
<Cov CovItemId="S166" Value="1"/>
<Cov CovItemId="S2" Value="1"/>
<Cov CovItemId="S3" Value="1"/>
<Cov CovItemId="S4" Value="1"/>
</CovPrefix>
</CovList>
<AssgnmntList>
<AssgnmntPrefix RootTermCovItemPrefix="calculator.Calculator.java">
<AssgnmntListEntry Length="1" RootTermCovItemId="C1">
<MapEntry BoolAssgnmnt="0" Value="1"/>
</AssgnmntListEntry>
</AssgnmntPrefix>
<AssgnmntPrefix RootTermCovItemPrefix="calculator.CalculatorManager.java">
<AssgnmntListEntry Length="1" RootTermCovItemId="C1">
<MapEntry BoolAssgnmnt="0" Value="1"/>
</AssgnmntListEntry>
<AssgnmntListEntry Length="1" RootTermCovItemId="C2">
<MapEntry BoolAssgnmnt="0" Value="1"/>
</AssgnmntListEntry>
<AssgnmntListEntry Length="1" RootTermCovItemId="C3">
<MapEntry BoolAssgnmnt="1" Value="1"/>
</AssgnmntListEntry>
</AssgnmntPrefix>
</AssgnmntList>
<ObjMetaDataList/>
<MetaDataList/>
</TestCase>
<TestCase Comment="" Date="1416924021212" Name="testing.TestUnitTestCase:testCalculatePyth">
<CovList>
<CovPrefix CovItemPrefix="calculator.Calculator.java">
<Cov CovItemId="B13" Value="1"/>
<Cov CovItemId="S17" Value="1"/>
<Cov CovItemId="S18" Value="1"/>
<Cov CovItemId="S19" Value="1"/>
</CovPrefix>
<CovPrefix CovItemPrefix="calculator.CalculatorManager.java">
<Cov CovItemId="B1" Value="1"/>
<Cov CovItemId="B10" Value="1"/>
<Cov CovItemId="B3" Value="1"/>
<Cov CovItemId="B5" Value="1"/>
<Cov CovItemId="B7" Value="1"/>
<Cov CovItemId="B9" Value="1"/>
<Cov CovItemId="S1" Value="1"/>
<Cov CovItemId="S10" Value="1"/>
<Cov CovItemId="S11" Value="1"/>
<Cov CovItemId="S12" Value="1"/>
<Cov CovItemId="S15" Value="1"/>
<Cov CovItemId="S18" Value="1"/>
<Cov CovItemId="S2" Value="1"/>
<Cov CovItemId="S21" Value="1"/>
<Cov CovItemId="S24" Value="1"/>
<Cov CovItemId="S25" Value="1"/>
<Cov CovItemId="S26" Value="1"/>
<Cov CovItemId="S29" Value="1"/>
<Cov CovItemId="S3" Value="1"/>
<Cov CovItemId="S4" Value="1"/>
<Cov CovItemId="S5" Value="1"/>
<Cov CovItemId="S6" Value="1"/>
<Cov CovItemId="S7" Value="1"/>
<Cov CovItemId="S8" Value="1"/>
<Cov CovItemId="S9" Value="1"/>
</CovPrefix>
<CovPrefix CovItemPrefix="calculator.SaveManager.java">
<Cov CovItemId="B1" Value="1"/>
<Cov CovItemId="B3" Value="1"/>
<Cov CovItemId="S1" Value="1"/>
<Cov CovItemId="S10" Value="1"/>
<Cov CovItemId="S11" Value="1"/>
<Cov CovItemId="S12" Value="1"/>
<Cov CovItemId="S2" Value="1"/>
<Cov CovItemId="S3" Value="1"/>
<Cov CovItemId="S4" Value="1"/>
<Cov CovItemId="S5" Value="1"/>
<Cov CovItemId="S6" Value="1"/>
<Cov CovItemId="S9" Value="1"/>
</CovPrefix>
<CovPrefix CovItemPrefix="testing.TestUnitTestCase.java">
<Cov CovItemId="S1" Value="1"/>
<Cov CovItemId="S2" Value="1"/>
<Cov CovItemId="S3" Value="1"/>
<Cov CovItemId="S4" Value="1"/>
<Cov CovItemId="S80" Value="1"/>
<Cov CovItemId="S81" Value="1"/>
<Cov CovItemId="S82" Value="1"/>
<Cov CovItemId="S83" Value="1"/>
<Cov CovItemId="S84" Value="1"/>
<Cov CovItemId="S85" Value="1"/>
<Cov CovItemId="S86" Value="1"/>
<Cov CovItemId="S87" Value="1"/>
</CovPrefix>
</CovList>
<AssgnmntList>
<AssgnmntPrefix RootTermCovItemPrefix="calculator.Calculator.java">
<AssgnmntListEntry Length="1" RootTermCovItemId="C5">
<MapEntry BoolAssgnmnt="0" Value="1"/>
</AssgnmntListEntry>
</AssgnmntPrefix>
<AssgnmntPrefix RootTermCovItemPrefix="calculator.CalculatorManager.java">
<AssgnmntListEntry Length="1" RootTermCovItemId="C1">
<MapEntry BoolAssgnmnt="0" Value="1"/>
</AssgnmntListEntry>
<AssgnmntListEntry Length="1" RootTermCovItemId="C2">
<MapEntry BoolAssgnmnt="0" Value="1"/>
</AssgnmntListEntry>
<AssgnmntListEntry Length="1" RootTermCovItemId="C3">
<MapEntry BoolAssgnmnt="0" Value="1"/>
</AssgnmntListEntry>
<AssgnmntListEntry Length="1" RootTermCovItemId="C4">
<MapEntry BoolAssgnmnt="0" Value="1"/>
</AssgnmntListEntry>
<AssgnmntListEntry Length="1" RootTermCovItemId="C5">
<MapEntry BoolAssgnmnt="1" Value="1"/>
</AssgnmntListEntry>
</AssgnmntPrefix>
</AssgnmntList>
<ObjMetaDataList/>
<MetaDataList/>
</TestCase>
<TestCase Comment="" Date="1416924021222" Name="testing.TestUnitTestCase:overloadSubtract">
<CovList>
<CovPrefix CovItemPrefix="calculator.Calculator.java">
<Cov CovItemId="B3" Value="1"/>
<Cov CovItemId="B5" Value="1"/>
<Cov CovItemId="S4" Value="1"/>
<Cov CovItemId="S5" Value="1"/>
<Cov CovItemId="S7" Value="1"/>
</CovPrefix>
<CovPrefix CovItemPrefix="calculator.CalculatorManager.java">
<Cov CovItemId="S1" Value="1"/>
<Cov CovItemId="S2" Value="1"/>
<Cov CovItemId="S3" Value="1"/>
<Cov CovItemId="S4" Value="1"/>
<Cov CovItemId="S5" Value="1"/>
<Cov CovItemId="S6" Value="1"/>
</CovPrefix>
<CovPrefix CovItemPrefix="calculator.SaveManager.java">
<Cov CovItemId="B1" Value="1"/>
<Cov CovItemId="S1" Value="1"/>
<Cov CovItemId="S2" Value="1"/>
<Cov CovItemId="S3" Value="1"/>
<Cov CovItemId="S4" Value="1"/>
<Cov CovItemId="S5" Value="1"/>
<Cov CovItemId="S6" Value="1"/>
</CovPrefix>
<CovPrefix CovItemPrefix="testing.TestUnitTestCase.java">
<Cov CovItemId="S1" Value="1"/>
<Cov CovItemId="S11" Value="1"/>
<Cov CovItemId="S2" Value="1"/>
<Cov CovItemId="S3" Value="1"/>
<Cov CovItemId="S4" Value="1"/>
</CovPrefix>
</CovList>
<AssgnmntList>
<AssgnmntPrefix RootTermCovItemPrefix="calculator.Calculator.java">
<AssgnmntListEntry Length="1" RootTermCovItemId="C2">
<MapEntry BoolAssgnmnt="0" Value="1"/>
</AssgnmntListEntry>
</AssgnmntPrefix>
</AssgnmntList>
<ObjMetaDataList/>
<MetaDataList/>
</TestCase>
<TestCase Comment="" Date="1416924021222" Name="testing.TestUnitTestCase:testCalculateMultiply">
<CovList>
<CovPrefix CovItemPrefix="calculator.Calculator.java">
<Cov CovItemId="B7" Value="1"/>
<Cov CovItemId="B8" Value="1"/>
<Cov CovItemId="S10" Value="1"/>
<Cov CovItemId="S11" Value="1"/>
<Cov CovItemId="S9" Value="1"/>
</CovPrefix>
<CovPrefix CovItemPrefix="calculator.CalculatorManager.java">
<Cov CovItemId="B1" Value="1"/>
<Cov CovItemId="B3" Value="1"/>
<Cov CovItemId="B4" Value="1"/>
<Cov CovItemId="S1" Value="1"/>
<Cov CovItemId="S10" Value="1"/>
<Cov CovItemId="S11" Value="1"/>
<Cov CovItemId="S12" Value="1"/>
<Cov CovItemId="S15" Value="1"/>
<Cov CovItemId="S16" Value="1"/>
<Cov CovItemId="S17" Value="1"/>
<Cov CovItemId="S2" Value="1"/>
<Cov CovItemId="S29" Value="1"/>
<Cov CovItemId="S3" Value="1"/>
<Cov CovItemId="S4" Value="1"/>
<Cov CovItemId="S5" Value="1"/>
<Cov CovItemId="S6" Value="1"/>
<Cov CovItemId="S7" Value="1"/>
<Cov CovItemId="S8" Value="1"/>
<Cov CovItemId="S9" Value="1"/>
</CovPrefix>
<CovPrefix CovItemPrefix="calculator.SaveManager.java">
<Cov CovItemId="B1" Value="1"/>
<Cov CovItemId="B3" Value="1"/>
<Cov CovItemId="S1" Value="1"/>
<Cov CovItemId="S10" Value="1"/>
<Cov CovItemId="S11" Value="1"/>
<Cov CovItemId="S12" Value="1"/>
<Cov CovItemId="S2" Value="1"/>
<Cov CovItemId="S3" Value="1"/>
<Cov CovItemId="S4" Value="1"/>
<Cov CovItemId="S5" Value="1"/>
<Cov CovItemId="S6" Value="1"/>
<Cov CovItemId="S9" Value="1"/>
</CovPrefix>
<CovPrefix CovItemPrefix="testing.TestUnitTestCase.java">
<Cov CovItemId="S1" Value="1"/>
<Cov CovItemId="S2" Value="1"/>
<Cov CovItemId="S3" Value="1"/>
<Cov CovItemId="S4" Value="1"/>
<Cov CovItemId="S56" Value="1"/>
<Cov CovItemId="S57" Value="1"/>
<Cov CovItemId="S58" Value="1"/>
<Cov CovItemId="S59" Value="1"/>
<Cov CovItemId="S60" Value="1"/>
<Cov CovItemId="S61" Value="1"/>
<Cov CovItemId="S62" Value="1"/>
<Cov CovItemId="S63" Value="1"/>
</CovPrefix>
</CovList>
<AssgnmntList>
<AssgnmntPrefix RootTermCovItemPrefix="calculator.Calculator.java">
<AssgnmntListEntry Length="1" RootTermCovItemId="C3">
<MapEntry BoolAssgnmnt="0" Value="1"/>
</AssgnmntListEntry>
</AssgnmntPrefix>
<AssgnmntPrefix RootTermCovItemPrefix="calculator.CalculatorManager.java">
<AssgnmntListEntry Length="1" RootTermCovItemId="C1">
<MapEntry BoolAssgnmnt="0" Value="1"/>
</AssgnmntListEntry>
<AssgnmntListEntry Length="1" RootTermCovItemId="C2">
<MapEntry BoolAssgnmnt="1" Value="1"/>
</AssgnmntListEntry>
</AssgnmntPrefix>
</AssgnmntList>
<ObjMetaDataList/>
<MetaDataList/>
</TestCase>
<TestCase Comment="" Date="1416924021232" Name="testing.TestUnitTestCase:testCalculateAdd">
<CovList>
<CovPrefix CovItemPrefix="calculator.Calculator.java">
<Cov CovItemId="B1" Value="1"/>
<Cov CovItemId="S1" Value="1"/>
<Cov CovItemId="S2" Value="1"/>
</CovPrefix>
<CovPrefix CovItemPrefix="calculator.CalculatorManager.java">
<Cov CovItemId="B1" Value="1"/>
<Cov CovItemId="B3" Value="1"/>
<Cov CovItemId="B5" Value="1"/>
<Cov CovItemId="B6" Value="1"/>
<Cov CovItemId="S1" Value="1"/>
<Cov CovItemId="S10" Value="1"/>
<Cov CovItemId="S11" Value="1"/>
<Cov CovItemId="S12" Value="1"/>
<Cov CovItemId="S15" Value="1"/>
<Cov CovItemId="S18" Value="1"/>
<Cov CovItemId="S19" Value="1"/>
<Cov CovItemId="S2" Value="1"/>
<Cov CovItemId="S20" Value="1"/>
<Cov CovItemId="S29" Value="1"/>
<Cov CovItemId="S3" Value="1"/>
<Cov CovItemId="S4" Value="1"/>
<Cov CovItemId="S5" Value="1"/>
<Cov CovItemId="S6" Value="1"/>
<Cov CovItemId="S7" Value="1"/>
<Cov CovItemId="S8" Value="1"/>
<Cov CovItemId="S9" Value="1"/>
</CovPrefix>
<CovPrefix CovItemPrefix="calculator.SaveManager.java">
<Cov CovItemId="B1" Value="1"/>
<Cov CovItemId="B3" Value="1"/>
<Cov CovItemId="S1" Value="1"/>
<Cov CovItemId="S10" Value="1"/>
<Cov CovItemId="S11" Value="1"/>
<Cov CovItemId="S12" Value="1"/>
<Cov CovItemId="S2" Value="1"/>
<Cov CovItemId="S3" Value="1"/>
<Cov CovItemId="S4" Value="1"/>
<Cov CovItemId="S5" Value="1"/>
<Cov CovItemId="S6" Value="1"/>
<Cov CovItemId="S9" Value="1"/>
</CovPrefix>
<CovPrefix CovItemPrefix="testing.TestUnitTestCase.java">
<Cov CovItemId="S1" Value="1"/>
<Cov CovItemId="S2" Value="1"/>
<Cov CovItemId="S3" Value="1"/>
<Cov CovItemId="S4" Value="1"/>
<Cov CovItemId="S64" Value="1"/>
<Cov CovItemId="S65" Value="1"/>
<Cov CovItemId="S66" Value="1"/>
<Cov CovItemId="S67" Value="1"/>
<Cov CovItemId="S68" Value="1"/>
<Cov CovItemId="S69" Value="1"/>
<Cov CovItemId="S70" Value="1"/>
<Cov CovItemId="S71" Value="1"/>
</CovPrefix>
</CovList>
<AssgnmntList>
<AssgnmntPrefix RootTermCovItemPrefix="calculator.Calculator.java">
<AssgnmntListEntry Length="1" RootTermCovItemId="C1">
<MapEntry BoolAssgnmnt="0" Value="1"/>
</AssgnmntListEntry>
</AssgnmntPrefix>
<AssgnmntPrefix RootTermCovItemPrefix="calculator.CalculatorManager.java">
<AssgnmntListEntry Length="1" RootTermCovItemId="C1">
<MapEntry BoolAssgnmnt="0" Value="1"/>
</AssgnmntListEntry>
<AssgnmntListEntry Length="1" RootTermCovItemId="C2">
<MapEntry BoolAssgnmnt="0" Value="1"/>
</AssgnmntListEntry>
<AssgnmntListEntry Length="1" RootTermCovItemId="C3">
<MapEntry BoolAssgnmnt="1" Value="1"/>
</AssgnmntListEntry>
</AssgnmntPrefix>
</AssgnmntList>
<ObjMetaDataList/>
<MetaDataList/>
</TestCase>
<TestCase Comment="" Date="1416924021242" Name="testing.TestUnitTestCase:testCalculateSub">
<CovList>
<CovPrefix CovItemPrefix="calculator.Calculator.java">
<Cov CovItemId="B11" Value="1"/>
<Cov CovItemId="S14" Value="1"/>
<Cov CovItemId="S15" Value="1"/>
</CovPrefix>
<CovPrefix CovItemPrefix="calculator.CalculatorManager.java">
<Cov CovItemId="B1" Value="1"/>
<Cov CovItemId="B3" Value="1"/>
<Cov CovItemId="B5" Value="1"/>
<Cov CovItemId="B7" Value="1"/>
<Cov CovItemId="B8" Value="1"/>
<Cov CovItemId="S1" Value="1"/>
<Cov CovItemId="S10" Value="1"/>
<Cov CovItemId="S11" Value="1"/>
<Cov CovItemId="S12" Value="1"/>
<Cov CovItemId="S15" Value="1"/>
<Cov CovItemId="S18" Value="1"/>
<Cov CovItemId="S2" Value="1"/>
<Cov CovItemId="S21" Value="1"/>
<Cov CovItemId="S22" Value="1"/>
<Cov CovItemId="S23" Value="1"/>
<Cov CovItemId="S29" Value="1"/>
<Cov CovItemId="S3" Value="1"/>
<Cov CovItemId="S4" Value="1"/>
<Cov CovItemId="S5" Value="1"/>
<Cov CovItemId="S6" Value="1"/>
<Cov CovItemId="S7" Value="1"/>
<Cov CovItemId="S8" Value="1"/>
<Cov CovItemId="S9" Value="1"/>
</CovPrefix>
<CovPrefix CovItemPrefix="calculator.SaveManager.java">
<Cov CovItemId="B1" Value="1"/>
<Cov CovItemId="B3" Value="1"/>
<Cov CovItemId="S1" Value="1"/>
<Cov CovItemId="S10" Value="1"/>
<Cov CovItemId="S11" Value="1"/>
<Cov CovItemId="S12" Value="1"/>
<Cov CovItemId="S2" Value="1"/>
<Cov CovItemId="S3" Value="1"/>
<Cov CovItemId="S4" Value="1"/>
<Cov CovItemId="S5" Value="1"/>
<Cov CovItemId="S6" Value="1"/>
<Cov CovItemId="S9" Value="1"/>
</CovPrefix>
<CovPrefix CovItemPrefix="testing.TestUnitTestCase.java">
<Cov CovItemId="S1" Value="1"/>
<Cov CovItemId="S2" Value="1"/>
<Cov CovItemId="S3" Value="1"/>
<Cov CovItemId="S4" Value="1"/>
<Cov CovItemId="S72" Value="1"/>
<Cov CovItemId="S73" Value="1"/>
<Cov CovItemId="S74" Value="1"/>
<Cov CovItemId="S75" Value="1"/>
<Cov CovItemId="S76" Value="1"/>
<Cov CovItemId="S77" Value="1"/>
<Cov CovItemId="S78" Value="1"/>
<Cov CovItemId="S79" Value="1"/>
</CovPrefix>
</CovList>
<AssgnmntList>
<AssgnmntPrefix RootTermCovItemPrefix="calculator.Calculator.java">
<AssgnmntListEntry Length="1" RootTermCovItemId="C4">
<MapEntry BoolAssgnmnt="0" Value="1"/>
</AssgnmntListEntry>
</AssgnmntPrefix>
<AssgnmntPrefix RootTermCovItemPrefix="calculator.CalculatorManager.java">
<AssgnmntListEntry Length="1" RootTermCovItemId="C1">
<MapEntry BoolAssgnmnt="0" Value="1"/>
</AssgnmntListEntry>
<AssgnmntListEntry Length="1" RootTermCovItemId="C2">
<MapEntry BoolAssgnmnt="0" Value="1"/>
</AssgnmntListEntry>
<AssgnmntListEntry Length="1" RootTermCovItemId="C3">
<MapEntry BoolAssgnmnt="0" Value="1"/>
</AssgnmntListEntry>
<AssgnmntListEntry Length="1" RootTermCovItemId="C4">
<MapEntry BoolAssgnmnt="1" Value="1"/>
</AssgnmntListEntry>
</AssgnmntPrefix>
</AssgnmntList>
<ObjMetaDataList/>
<MetaDataList/>
</TestCase>
<MetaDataList/>
</TestSession>
</TestSessionContainer>
